#
# There is insufficient memory for the Java Runtime Environment to continue.
# Native memory allocation (mmap) failed to map 32505856 bytes for G1 virtual space
# Possible reasons:
#   The system is out of physical RAM or swap space
#   The process is running with CompressedOops enabled, and the Java Heap may be blocking the growth of the native heap
# Possible solutions:
#   Reduce memory load on the system
#   Increase physical memory or swap space
#   Check if swap backing store is full
#   Decrease Java heap size (-Xmx/-Xms)
#   Decrease number of Java threads
#   Decrease Java thread stack sizes (-Xss)
#   Set larger code cache with -XX:ReservedCodeCacheSize=
#   JVM is running with Unscaled Compressed Oops mode in which the Java heap is
#     placed in the first 4GB address space. The Java Heap base address is the
#     maximum limit for the native heap growth. Please use -XX:HeapBaseMinAddress
#     to set the Java Heap base and to place the Java Heap above 4GB virtual address.
# This output file may be truncated or incomplete.
#
#  Out of Memory Error (os_windows.cpp:3769), pid=4312, tid=9044
#
# JRE version: OpenJDK Runtime Environment (17.0.6) (build 17.0.6+0-b2043.56-9586694)
# Java VM: OpenJDK 64-Bit Server VM (17.0.6+0-b2043.56-9586694, mixed mode, tiered, compressed oops, compressed class ptrs, g1 gc, windows-amd64)
# No core dump will be written. Minidumps are not enabled by default on client versions of Windows
#

---------------  S U M M A R Y ------------

Command Line: org.jetbrains.kotlin.cli.jvm.K2JVMCompiler @D:\BusinessTripApp\BusinessTripsApp\app\build\20230501_1643113001089235410.compiler.options

Host: AMD A4-9125 RADEON R3, 4 COMPUTE CORES 2C+2G   , 2 cores, 6G,  Windows 10 , 64 bit Build 19041 (10.0.19041.662)
Time: Mon May  1 15:35:20 2023 RTZ 2 (s 10 , 64 bit Build 19041 (10.0.19041.662) elapsed time: 54.571056 seconds (0d 0h 0m 54s)

---------------  T H R E A D  ---------------

Current thread (0x0000019248a73dd0):  VMThread "VM Thread" [stack: 0x00000091bc400000,0x00000091bc500000] [id=9044]

Stack: [0x00000091bc400000,0x00000091bc500000]
Native frames: (J=compiled Java code, j=interpreted, Vv=VM code, C=native code)
V  [jvm.dll+0x683b4a]
V  [jvm.dll+0x842654]
V  [jvm.dll+0x843dfe]
V  [jvm.dll+0x844463]
V  [jvm.dll+0x249b75]
V  [jvm.dll+0x680a19]
V  [jvm.dll+0x674f0a]
V  [jvm.dll+0x309acb]
V  [jvm.dll+0x310f86]
V  [jvm.dll+0x3608ee]
V  [jvm.dll+0x360b1f]
V  [jvm.dll+0x2dfbf8]
V  [jvm.dll+0x2ddec4]
V  [jvm.dll+0x2dd4cc]
V  [jvm.dll+0x321f3b]
V  [jvm.dll+0x84893b]
V  [jvm.dll+0x849674]
V  [jvm.dll+0x849b8d]
V  [jvm.dll+0x849f64]
V  [jvm.dll+0x84a030]
V  [jvm.dll+0x7f25fa]
V  [jvm.dll+0x682985]
C  [ucrtbase.dll+0x214c2]
C  [KERNEL32.DLL+0x17034]
C  [ntdll.dll+0x4d0d1]

VM_Operation (0x00000091bbefab30): G1CollectForAllocation, mode: safepoint, requested by thread 0x000001922e486360


---------------  P R O C E S S  ---------------

Threads class SMR info:
_java_thread_list=0x00000192496563e0, length=12, elements={
0x000001922e486360, 0x0000019248af2610, 0x0000019248af3480, 0x0000019248b2c020,
0x0000019248b2e9f0, 0x0000019248b2f2b0, 0x0000019248b2fb70, 0x0000019248b30810,
0x0000019249576560, 0x0000019249577210, 0x0000019249654be0, 0x000001924965b770
}

Java Threads: ( => current thread )
  0x000001922e486360 JavaThread "main" [_thread_blocked, id=5796, stack(0x00000091bbe00000,0x00000091bbf00000)]
  0x0000019248af2610 JavaThread "Reference Handler" daemon [_thread_blocked, id=9612, stack(0x00000091bc500000,0x00000091bc600000)]
  0x0000019248af3480 JavaThread "Finalizer" daemon [_thread_blocked, id=8448, stack(0x00000091bc600000,0x00000091bc700000)]
  0x0000019248b2c020 JavaThread "Signal Dispatcher" daemon [_thread_blocked, id=9608, stack(0x00000091bc700000,0x00000091bc800000)]
  0x0000019248b2e9f0 JavaThread "Attach Listener" daemon [_thread_blocked, id=7776, stack(0x00000091bc800000,0x00000091bc900000)]
  0x0000019248b2f2b0 JavaThread "Service Thread" daemon [_thread_blocked, id=8336, stack(0x00000091bc900000,0x00000091bca00000)]
  0x0000019248b2fb70 JavaThread "Monitor Deflation Thread" daemon [_thread_blocked, id=9204, stack(0x00000091bca00000,0x00000091bcb00000)]
  0x0000019248b30810 JavaThread "C2 CompilerThread0" daemon [_thread_blocked, id=9688, stack(0x00000091bcb00000,0x00000091bcc00000)]
  0x0000019249576560 JavaThread "C1 CompilerThread0" daemon [_thread_blocked, id=7976, stack(0x00000091bcc00000,0x00000091bcd00000)]
  0x0000019249577210 JavaThread "Sweeper thread" daemon [_thread_blocked, id=9680, stack(0x00000091bcd00000,0x00000091bce00000)]
  0x0000019249654be0 JavaThread "Notification Thread" daemon [_thread_blocked, id=3472, stack(0x00000091bce00000,0x00000091bcf00000)]
  0x000001924965b770 JavaThread "Common-Cleaner" daemon [_thread_blocked, id=7044, stack(0x00000091bd000000,0x00000091bd100000)]

Other Threads:
=>0x0000019248a73dd0 VMThread "VM Thread" [stack: 0x00000091bc400000,0x00000091bc500000] [id=9044]
  0x00000192496594d0 WatcherThread [stack: 0x00000091bcf00000,0x00000091bd000000] [id=1384]
  0x000001922e4db020 GCTaskThread "GC Thread#0" [stack: 0x00000091bbf00000,0x00000091bc000000] [id=8908]
  0x0000019249869aa0 GCTaskThread "GC Thread#1" [stack: 0x00000091bd100000,0x00000091bd200000] [id=7576]
  0x000001922e4e9be0 ConcurrentGCThread "G1 Main Marker" [stack: 0x00000091bc000000,0x00000091bc100000] [id=8380]
  0x000001922e4ea5f0 ConcurrentGCThread "G1 Conc#0" [stack: 0x00000091bc100000,0x00000091bc200000] [id=5820]
  0x000001922e545430 ConcurrentGCThread "G1 Refine#0" [stack: 0x00000091bc200000,0x00000091bc300000] [id=6924]
  0x000001924ba39cb0 ConcurrentGCThread "G1 Refine#1" [stack: 0x00000091bd200000,0x00000091bd300000] [id=5884]
  0x000001922e545e50 ConcurrentGCThread "G1 Service" [stack: 0x00000091bc300000,0x00000091bc400000] [id=9460]

Threads with active compile tasks:

VM state: at safepoint (normal execution)

VM Mutex/Monitor currently owned by a thread:  ([mutex/lock_event])
[0x000001922e480af0] Threads_lock - owner thread: 0x0000019248a73dd0
[0x000001922e480ca0] Heap_lock - owner thread: 0x000001922e486360

Heap address: 0x0000000091c00000, size: 1764 MB, Compressed Oops mode: 32-bit

CDS archive(s) not mapped
Compressed class space mapped at: 0x0000000100000000-0x0000000140000000, reserved size: 1073741824
Narrow klass base: 0x0000000000000000, Narrow klass shift: 3, Narrow klass range: 0x140000000

GC Precious Log:
 CPUs: 2 total, 2 available
 Memory: 7055M
 Large Page Support: Disabled
 NUMA Support: Disabled
 Compressed Oops: Enabled (32-bit)
 Heap Region Size: 1M
 Heap Min Capacity: 8M
 Heap Initial Capacity: 112M
 Heap Max Capacity: 1764M
 Pre-touch: Disabled
 Parallel Workers: 2
 Concurrent Workers: 1
 Concurrent Refinement Workers: 2
 Periodic GC: Disabled

Heap:
 garbage-first heap   total 83968K, used 39821K [0x0000000091c00000, 0x0000000100000000)
  region size 1024K, 2 young (2048K), 2 survivors (2048K)
 Metaspace       used 55445K, committed 55744K, reserved 1105920K
  class space    used 6598K, committed 6720K, reserved 1048576K

Heap Regions: E=young(eden), S=young(survivor), O=old, HS=humongous(starts), HC=humongous(continues), CS=collection set, F=free, OA=open archive, CA=closed archive, TAMS=top-at-mark-start (previous, next)
|   0|0x0000000091c00000, 0x0000000091d00000, 0x0000000091d00000|100%|HS|  |TAMS 0x0000000091d00000, 0x0000000091d00000| Complete 
|   1|0x0000000091d00000, 0x0000000091e00000, 0x0000000091e00000|100%|HC|  |TAMS 0x0000000091e00000, 0x0000000091e00000| Complete 
|   2|0x0000000091e00000, 0x0000000091f00000, 0x0000000091f00000|100%|HC|  |TAMS 0x0000000091f00000, 0x0000000091f00000| Complete 
|   3|0x0000000091f00000, 0x0000000092000000, 0x0000000092000000|100%|HC|  |TAMS 0x0000000092000000, 0x0000000092000000| Complete 
|   4|0x0000000092000000, 0x0000000092100000, 0x0000000092100000|100%| O|  |TAMS 0x0000000092100000, 0x0000000092100000| Untracked 
|   5|0x0000000092100000, 0x0000000092200000, 0x0000000092200000|100%| O|  |TAMS 0x0000000092200000, 0x0000000092200000| Untracked 
|   6|0x0000000092200000, 0x0000000092300000, 0x0000000092300000|100%| O|  |TAMS 0x0000000092300000, 0x0000000092300000| Untracked 
|   7|0x0000000092300000, 0x0000000092400000, 0x0000000092400000|100%|HS|  |TAMS 0x0000000092400000, 0x0000000092400000| Complete 
|   8|0x0000000092400000, 0x0000000092500000, 0x0000000092500000|100%|HC|  |TAMS 0x0000000092500000, 0x0000000092500000| Complete 
|   9|0x0000000092500000, 0x0000000092600000, 0x0000000092600000|100%|HC|  |TAMS 0x0000000092600000, 0x0000000092600000| Complete 
|  10|0x0000000092600000, 0x0000000092700000, 0x0000000092700000|100%|HC|  |TAMS 0x0000000092700000, 0x0000000092700000| Complete 
|  11|0x0000000092700000, 0x0000000092800000, 0x0000000092800000|100%| O|  |TAMS 0x0000000092800000, 0x0000000092800000| Untracked 
|  12|0x0000000092800000, 0x0000000092900000, 0x0000000092900000|100%| O|  |TAMS 0x0000000092900000, 0x0000000092900000| Untracked 
|  13|0x0000000092900000, 0x0000000092a00000, 0x0000000092a00000|100%| O|  |TAMS 0x0000000092a00000, 0x0000000092a00000| Untracked 
|  14|0x0000000092a00000, 0x0000000092b00000, 0x0000000092b00000|100%| O|  |TAMS 0x0000000092b00000, 0x0000000092b00000| Untracked 
|  15|0x0000000092b00000, 0x0000000092c00000, 0x0000000092c00000|100%| O|  |TAMS 0x0000000092c00000, 0x0000000092c00000| Untracked 
|  16|0x0000000092c00000, 0x0000000092d00000, 0x0000000092d00000|100%| O|  |TAMS 0x0000000092d00000, 0x0000000092d00000| Untracked 
|  17|0x0000000092d00000, 0x0000000092e00000, 0x0000000092e00000|100%| O|  |TAMS 0x0000000092e00000, 0x0000000092e00000| Untracked 
|  18|0x0000000092e00000, 0x0000000092f00000, 0x0000000092f00000|100%| O|  |TAMS 0x0000000092f00000, 0x0000000092f00000| Untracked 
|  19|0x0000000092f00000, 0x0000000093000000, 0x0000000093000000|100%| O|  |TAMS 0x0000000093000000, 0x0000000093000000| Untracked 
|  20|0x0000000093000000, 0x0000000093100000, 0x0000000093100000|100%| O|  |TAMS 0x0000000093100000, 0x0000000093100000| Untracked 
|  21|0x0000000093100000, 0x0000000093200000, 0x0000000093200000|100%| O|  |TAMS 0x0000000093200000, 0x0000000093200000| Untracked 
|  22|0x0000000093200000, 0x0000000093300000, 0x0000000093300000|100%| O|  |TAMS 0x0000000093300000, 0x0000000093300000| Untracked 
|  23|0x0000000093300000, 0x0000000093400000, 0x0000000093400000|100%| O|  |TAMS 0x0000000093400000, 0x0000000093400000| Untracked 
|  24|0x0000000093400000, 0x0000000093500000, 0x0000000093500000|100%| O|  |TAMS 0x0000000093500000, 0x0000000093500000| Untracked 
|  25|0x0000000093500000, 0x0000000093600000, 0x0000000093600000|100%| O|  |TAMS 0x0000000093600000, 0x0000000093600000| Untracked 
|  26|0x0000000093600000, 0x0000000093700000, 0x0000000093700000|100%| O|  |TAMS 0x0000000093700000, 0x0000000093700000| Untracked 
|  27|0x0000000093700000, 0x0000000093800000, 0x0000000093800000|100%| O|  |TAMS 0x0000000093800000, 0x0000000093800000| Untracked 
|  28|0x0000000093800000, 0x0000000093900000, 0x0000000093900000|100%|HS|  |TAMS 0x0000000093900000, 0x0000000093900000| Complete 
|  29|0x0000000093900000, 0x0000000093a00000, 0x0000000093a00000|100%|HC|  |TAMS 0x0000000093a00000, 0x0000000093a00000| Complete 
|  30|0x0000000093a00000, 0x0000000093b00000, 0x0000000093b00000|100%| O|  |TAMS 0x0000000093b00000, 0x0000000093b00000| Untracked 
|  31|0x0000000093b00000, 0x0000000093c00000, 0x0000000093c00000|100%| O|  |TAMS 0x0000000093c00000, 0x0000000093c00000| Untracked 
|  32|0x0000000093c00000, 0x0000000093d00000, 0x0000000093d00000|100%| O|  |TAMS 0x0000000093d00000, 0x0000000093d00000| Untracked 
|  33|0x0000000093d00000, 0x0000000093e00000, 0x0000000093e00000|100%| O|  |TAMS 0x0000000093d00000, 0x0000000093d00000| Untracked 
|  34|0x0000000093e00000, 0x0000000093f00000, 0x0000000093f00000|100%| O|  |TAMS 0x0000000093f00000, 0x0000000093f00000| Untracked 
|  35|0x0000000093f00000, 0x0000000094000000, 0x0000000094000000|100%| O|  |TAMS 0x0000000093fa0e00, 0x0000000093fa0e00| Untracked 
|  36|0x0000000094000000, 0x0000000094060200, 0x0000000094100000| 37%| O|  |TAMS 0x0000000094000000, 0x0000000094000000| Untracked 
|  37|0x0000000094100000, 0x0000000094100000, 0x0000000094200000|  0%| F|  |TAMS 0x0000000094100000, 0x0000000094100000| Untracked 
|  38|0x0000000094200000, 0x0000000094200000, 0x0000000094300000|  0%| F|  |TAMS 0x0000000094200000, 0x0000000094200000| Untracked 
|  39|0x0000000094300000, 0x0000000094300000, 0x0000000094400000|  0%| F|  |TAMS 0x0000000094300000, 0x0000000094300000| Untracked 
|  40|0x0000000094400000, 0x0000000094400000, 0x0000000094500000|  0%| F|  |TAMS 0x0000000094400000, 0x0000000094400000| Untracked 
|  41|0x0000000094500000, 0x0000000094500000, 0x0000000094600000|  0%| F|  |TAMS 0x0000000094500000, 0x0000000094500000| Untracked 
|  42|0x0000000094600000, 0x0000000094600000, 0x0000000094700000|  0%| F|  |TAMS 0x0000000094600000, 0x0000000094600000| Untracked 
|  43|0x0000000094700000, 0x0000000094700000, 0x0000000094800000|  0%| F|  |TAMS 0x0000000094700000, 0x0000000094700000| Untracked 
|  44|0x0000000094800000, 0x0000000094800000, 0x0000000094900000|  0%| F|  |TAMS 0x0000000094800000, 0x0000000094800000| Untracked 
|  45|0x0000000094900000, 0x0000000094900000, 0x0000000094a00000|  0%| F|  |TAMS 0x0000000094900000, 0x0000000094900000| Untracked 
|  46|0x0000000094a00000, 0x0000000094a833c0, 0x0000000094b00000| 51%| S|CS|TAMS 0x0000000094a00000, 0x0000000094a00000| Complete 
|  47|0x0000000094b00000, 0x0000000094c00000, 0x0000000094c00000|100%| S|CS|TAMS 0x0000000094b00000, 0x0000000094b00000| Complete 
|  48|0x0000000094c00000, 0x0000000094c00000, 0x0000000094d00000|  0%| F|  |TAMS 0x0000000094c00000, 0x0000000094c00000| Untracked 
|  49|0x0000000094d00000, 0x0000000094d00000, 0x0000000094e00000|  0%| F|  |TAMS 0x0000000094d00000, 0x0000000094d00000| Untracked 
|  50|0x0000000094e00000, 0x0000000094e00000, 0x0000000094f00000|  0%| F|  |TAMS 0x0000000094e00000, 0x0000000094e00000| Untracked 
|  51|0x0000000094f00000, 0x0000000094f00000, 0x0000000095000000|  0%| F|  |TAMS 0x0000000094f00000, 0x0000000094f00000| Untracked 
|  52|0x0000000095000000, 0x0000000095000000, 0x0000000095100000|  0%| F|  |TAMS 0x0000000095000000, 0x0000000095000000| Untracked 
|  53|0x0000000095100000, 0x0000000095100000, 0x0000000095200000|  0%| F|  |TAMS 0x0000000095100000, 0x0000000095100000| Untracked 
|  54|0x0000000095200000, 0x0000000095200000, 0x0000000095300000|  0%| F|  |TAMS 0x0000000095200000, 0x0000000095200000| Untracked 
|  55|0x0000000095300000, 0x0000000095300000, 0x0000000095400000|  0%| F|  |TAMS 0x0000000095300000, 0x0000000095300000| Untracked 
|  56|0x0000000095400000, 0x0000000095400000, 0x0000000095500000|  0%| F|  |TAMS 0x0000000095400000, 0x0000000095400000| Untracked 
|  57|0x0000000095500000, 0x0000000095500000, 0x0000000095600000|  0%| F|  |TAMS 0x0000000095500000, 0x0000000095500000| Untracked 
|  58|0x0000000095600000, 0x0000000095600000, 0x0000000095700000|  0%| F|  |TAMS 0x0000000095600000, 0x0000000095600000| Untracked 
|  59|0x0000000095700000, 0x0000000095700000, 0x0000000095800000|  0%| F|  |TAMS 0x0000000095700000, 0x0000000095700000| Untracked 
|  60|0x0000000095800000, 0x0000000095800000, 0x0000000095900000|  0%| F|  |TAMS 0x0000000095800000, 0x0000000095800000| Untracked 
|  61|0x0000000095900000, 0x0000000095900000, 0x0000000095a00000|  0%| F|  |TAMS 0x0000000095900000, 0x0000000095900000| Untracked 
|  62|0x0000000095a00000, 0x0000000095a00000, 0x0000000095b00000|  0%| F|  |TAMS 0x0000000095a00000, 0x0000000095a00000| Untracked 
|  63|0x0000000095b00000, 0x0000000095b00000, 0x0000000095c00000|  0%| F|  |TAMS 0x0000000095b00000, 0x0000000095b00000| Untracked 
|  64|0x0000000095c00000, 0x0000000095c00000, 0x0000000095d00000|  0%| F|  |TAMS 0x0000000095c00000, 0x0000000095c00000| Untracked 
|  65|0x0000000095d00000, 0x0000000095d00000, 0x0000000095e00000|  0%| F|  |TAMS 0x0000000095d00000, 0x0000000095d00000| Untracked 
|  66|0x0000000095e00000, 0x0000000095e00000, 0x0000000095f00000|  0%| F|  |TAMS 0x0000000095e00000, 0x0000000095e00000| Untracked 
|  67|0x0000000095f00000, 0x0000000095f00000, 0x0000000096000000|  0%| F|  |TAMS 0x0000000095f00000, 0x0000000095f00000| Untracked 
|  68|0x0000000096000000, 0x0000000096000000, 0x0000000096100000|  0%| F|  |TAMS 0x0000000096000000, 0x0000000096000000| Untracked 
|  69|0x0000000096100000, 0x0000000096100000, 0x0000000096200000|  0%| F|  |TAMS 0x0000000096100000, 0x0000000096100000| Untracked 
|  70|0x0000000096200000, 0x0000000096200000, 0x0000000096300000|  0%| F|  |TAMS 0x0000000096200000, 0x0000000096200000| Untracked 
|  71|0x0000000096300000, 0x0000000096300000, 0x0000000096400000|  0%| F|  |TAMS 0x0000000096300000, 0x0000000096300000| Untracked 
|  72|0x0000000096400000, 0x0000000096400000, 0x0000000096500000|  0%| F|  |TAMS 0x0000000096400000, 0x0000000096400000| Untracked 
|  73|0x0000000096500000, 0x0000000096500000, 0x0000000096600000|  0%| F|  |TAMS 0x0000000096500000, 0x0000000096500000| Untracked 
|  74|0x0000000096600000, 0x0000000096600000, 0x0000000096700000|  0%| F|  |TAMS 0x0000000096600000, 0x0000000096600000| Untracked 
|  75|0x0000000096700000, 0x0000000096700000, 0x0000000096800000|  0%| F|  |TAMS 0x0000000096700000, 0x0000000096700000| Untracked 
|  76|0x0000000096800000, 0x0000000096800000, 0x0000000096900000|  0%| F|  |TAMS 0x0000000096800000, 0x0000000096800000| Untracked 
|  77|0x0000000096900000, 0x0000000096900000, 0x0000000096a00000|  0%| F|  |TAMS 0x0000000096900000, 0x0000000096900000| Untracked 
|  78|0x0000000096a00000, 0x0000000096a00000, 0x0000000096b00000|  0%| F|  |TAMS 0x0000000096a00000, 0x0000000096a00000| Untracked 
|  79|0x0000000096b00000, 0x0000000096b00000, 0x0000000096c00000|  0%| F|  |TAMS 0x0000000096b00000, 0x0000000096b00000| Untracked 
| 111|0x0000000098b00000, 0x0000000098b00000, 0x0000000098c00000|  0%| F|  |TAMS 0x0000000098b00000, 0x0000000098b00000| Untracked 
|1763|0x00000000fff00000, 0x0000000100000000, 0x0000000100000000|100%| O|  |TAMS 0x0000000100000000, 0x0000000100000000| Untracked 

Card table byte_map: [0x00000192428c0000,0x0000019242c40000] _byte_map_base: 0x0000019242432000

Marking Bits (Prev, Next): (CMBitMap*) 0x000001922e4db630, (CMBitMap*) 0x000001922e4db670
 Prev Bits: [0x0000019242fc0000, 0x0000019244b50000)
 Next Bits: [0x0000019244b50000, 0x00000192466e0000)

Polling page: 0x000001922e560000

Metaspace:

Usage:
  Non-class:     47.70 MB used.
      Class:      6.44 MB used.
       Both:     54.15 MB used.

Virtual space:
  Non-class space:       56.00 MB reserved,      47.88 MB ( 85%) committed,  7 nodes.
      Class space:        1.00 GB reserved,       6.56 MB ( <1%) committed,  1 nodes.
             Both:        1.05 GB reserved,      54.44 MB (  5%) committed. 

Chunk freelists:
   Non-Class:  3.91 MB
       Class:  1.39 MB
        Both:  5.30 MB

MaxMetaspaceSize: unlimited
CompressedClassSpaceSize: 1.00 GB
Initial GC threshold: 21.00 MB
Current GC threshold: 83.69 MB
CDS: off
MetaspaceReclaimPolicy: balanced
 - commit_granule_bytes: 65536.
 - commit_granule_words: 8192.
 - virtual_space_node_default_size: 1048576.
 - enlarge_chunks_in_place: 1.
 - new_chunks_are_fully_committed: 0.
 - uncommit_free_chunks: 1.
 - use_allocation_guard: 0.
 - handle_deallocations: 1.


Internal statistics:

num_allocs_failed_limit: 3.
num_arena_births: 250.
num_arena_deaths: 0.
num_vsnodes_births: 8.
num_vsnodes_deaths: 0.
num_space_committed: 869.
num_space_uncommitted: 0.
num_chunks_returned_to_freelist: 3.
num_chunks_taken_from_freelist: 1862.
num_chunk_merges: 3.
num_chunk_splits: 1502.
num_chunks_enlarged: 1330.
num_purges: 0.
num_inconsistent_stats: 0.

CodeHeap 'non-profiled nmethods': size=120064Kb used=2330Kb max_used=2330Kb free=117733Kb
 bounds [0x000001923abf0000, 0x000001923ae60000, 0x0000019242130000]
CodeHeap 'profiled nmethods': size=120000Kb used=10700Kb max_used=10700Kb free=109299Kb
 bounds [0x0000019233130000, 0x0000019233bb0000, 0x000001923a660000]
CodeHeap 'non-nmethods': size=5696Kb used=1287Kb max_used=1316Kb free=4408Kb
 bounds [0x000001923a660000, 0x000001923a8d0000, 0x000001923abf0000]
 total_blobs=5527 nmethods=4918 adapters=522
 compilation: enabled
              stopped_count=0, restarted_count=0
 full_count=0

Compilation events (20 events):
Event: 54.469 Thread 0x0000019249576560 4930       3       kotlin.collections.EmptySet::size (5 bytes)
Event: 54.470 Thread 0x0000019249576560 nmethod 4930 0x0000019233ba1810 code [0x0000019233ba19a0, 0x0000019233ba1b18]
Event: 54.471 Thread 0x0000019248b30810 4931       4       org.jetbrains.kotlin.name.Name::hashCode (28 bytes)
Event: 54.485 Thread 0x0000019248b30810 nmethod 4931 0x000001923ae34f90 code [0x000001923ae35120, 0x000001923ae353a8]
Event: 54.485 Thread 0x0000019249576560 4932       3       java.util.LinkedHashMap$LinkedKeySet::size (8 bytes)
Event: 54.486 Thread 0x0000019249576560 nmethod 4932 0x0000019233ba1c10 code [0x0000019233ba1da0, 0x0000019233ba1eb8]
Event: 54.491 Thread 0x0000019248b30810 4933       4       org.jetbrains.kotlin.metadata.ProtoBuf$Type$1::parsePartialFrom (11 bytes)
Event: 54.493 Thread 0x0000019248b30810 nmethod 4933 0x000001923ae35590 code [0x000001923ae35720, 0x000001923ae35888]
Event: 54.493 Thread 0x0000019248b30810 4934       4       org.jetbrains.kotlin.metadata.ProtoBuf$Type$1::parsePartialFrom (7 bytes)
Event: 54.494 Thread 0x0000019248b30810 nmethod 4934 0x000001923ae35990 code [0x000001923ae35b20, 0x000001923ae35c88]
Event: 54.495 Thread 0x0000019248b30810 4935       4       org.jetbrains.kotlin.metadata.ProtoBuf$Type::<init> (7 bytes)
Event: 54.496 Thread 0x0000019248b30810 nmethod 4935 0x000001923ae35d90 code [0x000001923ae35f20, 0x000001923ae35fc8]
Event: 54.501 Thread 0x0000019248b30810 4936       4       gnu.trove.TObjectHash::insertionIndex (273 bytes)
Event: 54.510 Thread 0x0000019248b30810 nmethod 4936 0x000001923ae36090 code [0x000001923ae36240, 0x000001923ae365b8]
Event: 54.511 Thread 0x0000019249576560 4937       3       java.util.concurrent.atomic.AtomicInteger::decrementAndGet (14 bytes)
Event: 54.512 Thread 0x0000019249576560 nmethod 4937 0x0000019233ba1f90 code [0x0000019233ba2120, 0x0000019233ba2238]
Event: 54.512 Thread 0x0000019249576560 4938       3       org.jetbrains.kotlin.load.kotlin.header.ReadKotlinClassHeaderAnnotationVisitor$CollectStringArrayAnnotationVisitor::visit (22 bytes)
Event: 54.512 Thread 0x0000019249576560 nmethod 4938 0x0000019233ba2310 code [0x0000019233ba24c0, 0x0000019233ba28a8]
Event: 54.512 Thread 0x0000019249576560 4939       3       org.jetbrains.kotlin.load.kotlin.FileBasedKotlinClass$3$1::visit (52 bytes)
Event: 54.517 Thread 0x0000019249576560 nmethod 4939 0x0000019233ba2990 code [0x0000019233ba2b80, 0x0000019233ba3178]

GC Heap History (20 events):
Event: 36.648 GC heap after
{Heap after GC invocations=13 (full 0):
 garbage-first heap   total 54272K, used 26284K [0x0000000091c00000, 0x0000000100000000)
  region size 1024K, 2 young (2048K), 2 survivors (2048K)
 Metaspace       used 41351K, committed 41664K, reserved 1089536K
  class space    used 5016K, committed 5184K, reserved 1048576K
}
Event: 38.554 GC heap before
{Heap before GC invocations=13 (full 0):
 garbage-first heap   total 54272K, used 40620K [0x0000000091c00000, 0x0000000100000000)
  region size 1024K, 16 young (16384K), 2 survivors (2048K)
 Metaspace       used 44460K, committed 44736K, reserved 1089536K
  class space    used 5350K, committed 5504K, reserved 1048576K
}
Event: 38.592 GC heap after
{Heap after GC invocations=14 (full 0):
 garbage-first heap   total 54272K, used 27467K [0x0000000091c00000, 0x0000000100000000)
  region size 1024K, 2 young (2048K), 2 survivors (2048K)
 Metaspace       used 44460K, committed 44736K, reserved 1089536K
  class space    used 5350K, committed 5504K, reserved 1048576K
}
Event: 44.763 GC heap before
{Heap before GC invocations=15 (full 0):
 garbage-first heap   total 54272K, used 40779K [0x0000000091c00000, 0x0000000100000000)
  region size 1024K, 15 young (15360K), 2 survivors (2048K)
 Metaspace       used 48208K, committed 48448K, reserved 1097728K
  class space    used 5782K, committed 5888K, reserved 1048576K
}
Event: 44.778 GC heap after
{Heap after GC invocations=16 (full 0):
 garbage-first heap   total 54272K, used 29108K [0x0000000091c00000, 0x0000000100000000)
  region size 1024K, 2 young (2048K), 2 survivors (2048K)
 Metaspace       used 48208K, committed 48448K, reserved 1097728K
  class space    used 5782K, committed 5888K, reserved 1048576K
}
Event: 44.796 GC heap before
{Heap before GC invocations=16 (full 0):
 garbage-first heap   total 54272K, used 30132K [0x0000000091c00000, 0x0000000100000000)
  region size 1024K, 3 young (3072K), 2 survivors (2048K)
 Metaspace       used 48209K, committed 48448K, reserved 1097728K
  class space    used 5782K, committed 5888K, reserved 1048576K
}
Event: 44.812 GC heap after
{Heap after GC invocations=17 (full 0):
 garbage-first heap   total 54272K, used 29010K [0x0000000091c00000, 0x0000000100000000)
  region size 1024K, 1 young (1024K), 1 survivors (1024K)
 Metaspace       used 48209K, committed 48448K, reserved 1097728K
  class space    used 5782K, committed 5888K, reserved 1048576K
}
Event: 46.436 GC heap before
{Heap before GC invocations=17 (full 0):
 garbage-first heap   total 54272K, used 34130K [0x0000000091c00000, 0x0000000100000000)
  region size 1024K, 7 young (7168K), 1 survivors (1024K)
 Metaspace       used 49271K, committed 49600K, reserved 1097728K
  class space    used 5880K, committed 6016K, reserved 1048576K
}
Event: 46.458 GC heap after
{Heap after GC invocations=18 (full 0):
 garbage-first heap   total 54272K, used 29691K [0x0000000091c00000, 0x0000000100000000)
  region size 1024K, 2 young (2048K), 2 survivors (2048K)
 Metaspace       used 49271K, committed 49600K, reserved 1097728K
  class space    used 5880K, committed 6016K, reserved 1048576K
}
Event: 48.456 GC heap before
{Heap before GC invocations=19 (full 0):
 garbage-first heap   total 54272K, used 43003K [0x0000000091c00000, 0x0000000100000000)
  region size 1024K, 14 young (14336K), 2 survivors (2048K)
 Metaspace       used 50786K, committed 51008K, reserved 1097728K
  class space    used 6039K, committed 6144K, reserved 1048576K
}
Event: 48.503 GC heap after
{Heap after GC invocations=20 (full 0):
 garbage-first heap   total 54272K, used 34661K [0x0000000091c00000, 0x0000000100000000)
  region size 1024K, 2 young (2048K), 2 survivors (2048K)
 Metaspace       used 50786K, committed 51008K, reserved 1097728K
  class space    used 6039K, committed 6144K, reserved 1048576K
}
Event: 49.814 GC heap before
{Heap before GC invocations=20 (full 0):
 garbage-first heap   total 54272K, used 36709K [0x0000000091c00000, 0x0000000100000000)
  region size 1024K, 6 young (6144K), 2 survivors (2048K)
 Metaspace       used 50928K, committed 51200K, reserved 1097728K
  class space    used 6049K, committed 6208K, reserved 1048576K
}
Event: 49.830 GC heap after
{Heap after GC invocations=21 (full 0):
 garbage-first heap   total 54272K, used 35554K [0x0000000091c00000, 0x0000000100000000)
  region size 1024K, 1 young (1024K), 1 survivors (1024K)
 Metaspace       used 50928K, committed 51200K, reserved 1097728K
  class space    used 6049K, committed 6208K, reserved 1048576K
}
Event: 50.391 GC heap before
{Heap before GC invocations=22 (full 0):
 garbage-first heap   total 60416K, used 42722K [0x0000000091c00000, 0x0000000100000000)
  region size 1024K, 8 young (8192K), 1 survivors (1024K)
 Metaspace       used 50986K, committed 51328K, reserved 1097728K
  class space    used 6049K, committed 6208K, reserved 1048576K
}
Event: 50.403 GC heap after
{Heap after GC invocations=23 (full 0):
 garbage-first heap   total 60416K, used 37507K [0x0000000091c00000, 0x0000000100000000)
  region size 1024K, 1 young (1024K), 1 survivors (1024K)
 Metaspace       used 50986K, committed 51328K, reserved 1097728K
  class space    used 6049K, committed 6208K, reserved 1048576K
}
Event: 50.678 GC heap before
{Heap before GC invocations=23 (full 0):
 garbage-first heap   total 60416K, used 46723K [0x0000000091c00000, 0x0000000100000000)
  region size 1024K, 11 young (11264K), 1 survivors (1024K)
 Metaspace       used 51024K, committed 51392K, reserved 1097728K
  class space    used 6049K, committed 6208K, reserved 1048576K
}
Event: 50.694 GC heap after
{Heap after GC invocations=24 (full 0):
 garbage-first heap   total 60416K, used 37401K [0x0000000091c00000, 0x0000000100000000)
  region size 1024K, 1 young (1024K), 1 survivors (1024K)
 Metaspace       used 51024K, committed 51392K, reserved 1097728K
  class space    used 6049K, committed 6208K, reserved 1048576K
}
Event: 51.808 GC heap before
{Heap before GC invocations=25 (full 0):
 garbage-first heap   total 65536K, used 46617K [0x0000000091c00000, 0x0000000100000000)
  region size 1024K, 11 young (11264K), 1 survivors (1024K)
 Metaspace       used 51851K, committed 52160K, reserved 1097728K
  class space    used 6151K, committed 6272K, reserved 1048576K
}
Event: 51.823 GC heap after
{Heap after GC invocations=26 (full 0):
 garbage-first heap   total 65536K, used 38285K [0x0000000091c00000, 0x0000000100000000)
  region size 1024K, 2 young (2048K), 2 survivors (2048K)
 Metaspace       used 51851K, committed 52160K, reserved 1097728K
  class space    used 6151K, committed 6272K, reserved 1048576K
}
Event: 54.518 GC heap before
{Heap before GC invocations=26 (full 0):
 garbage-first heap   total 65536K, used 50573K [0x0000000091c00000, 0x0000000100000000)
  region size 1024K, 15 young (15360K), 2 survivors (2048K)
 Metaspace       used 55445K, committed 55744K, reserved 1105920K
  class space    used 6598K, committed 6720K, reserved 1048576K
}

Dll operation events (2 events):
Event: 0.022 Loaded shared library D:\AndroidStudio\jbr\bin\java.dll
Event: 10.065 Loaded shared library D:\AndroidStudio\jbr\bin\verify.dll

Deoptimization events (20 events):
Event: 53.489 Thread 0x000001922e486360 Uncommon trap: trap_request=0xffffffde fr.pc=0x000001923ad64234 relative=0x00000000000001f4
Event: 53.489 Thread 0x000001922e486360 Uncommon trap: reason=class_check action=maybe_recompile pc=0x000001923ad64234 method=gnu.trove.TIntObjectHashMap.index(I)I @ 28 c2
Event: 53.489 Thread 0x000001922e486360 DEOPT PACKING pc=0x000001923ad64234 sp=0x00000091bbefa5b0
Event: 53.489 Thread 0x000001922e486360 DEOPT UNPACKING pc=0x000001923a6b69a3 sp=0x00000091bbefa518 mode 2
Event: 53.842 Thread 0x000001922e486360 Uncommon trap: trap_request=0xffffffde fr.pc=0x000001923ad64234 relative=0x00000000000001f4
Event: 53.842 Thread 0x000001922e486360 Uncommon trap: reason=class_check action=maybe_recompile pc=0x000001923ad64234 method=gnu.trove.TIntObjectHashMap.index(I)I @ 28 c2
Event: 53.842 Thread 0x000001922e486360 DEOPT PACKING pc=0x000001923ad64234 sp=0x00000091bbef9d80
Event: 53.842 Thread 0x000001922e486360 DEOPT UNPACKING pc=0x000001923a6b69a3 sp=0x00000091bbef9ce8 mode 2
Event: 53.842 Thread 0x000001922e486360 Uncommon trap: trap_request=0xffffffde fr.pc=0x000001923ad64234 relative=0x00000000000001f4
Event: 53.842 Thread 0x000001922e486360 Uncommon trap: reason=class_check action=maybe_recompile pc=0x000001923ad64234 method=gnu.trove.TIntObjectHashMap.index(I)I @ 28 c2
Event: 53.842 Thread 0x000001922e486360 DEOPT PACKING pc=0x000001923ad64234 sp=0x00000091bbef9d80
Event: 53.842 Thread 0x000001922e486360 DEOPT UNPACKING pc=0x000001923a6b69a3 sp=0x00000091bbef9ce8 mode 2
Event: 54.114 Thread 0x000001922e486360 Uncommon trap: trap_request=0xffffff45 fr.pc=0x000001923ade3b30 relative=0x0000000000000210
Event: 54.114 Thread 0x000001922e486360 Uncommon trap: reason=unstable_if action=reinterpret pc=0x000001923ade3b30 method=org.jetbrains.kotlin.name.Name.hashCode()I @ 16 c2
Event: 54.114 Thread 0x000001922e486360 DEOPT PACKING pc=0x000001923ade3b30 sp=0x00000091bbefd700
Event: 54.114 Thread 0x000001922e486360 DEOPT UNPACKING pc=0x000001923a6b69a3 sp=0x00000091bbefd698 mode 2
Event: 54.314 Thread 0x000001922e486360 Uncommon trap: trap_request=0xffffff45 fr.pc=0x000001923adcba10 relative=0x0000000000000530
Event: 54.314 Thread 0x000001922e486360 Uncommon trap: reason=unstable_if action=reinterpret pc=0x000001923adcba10 method=java.util.HashMap.hash(Ljava/lang/Object;)I @ 1 c2
Event: 54.314 Thread 0x000001922e486360 DEOPT PACKING pc=0x000001923adcba10 sp=0x00000091bbefc560
Event: 54.314 Thread 0x000001922e486360 DEOPT UNPACKING pc=0x000001923a6b69a3 sp=0x00000091bbefc398 mode 2

Classes unloaded (0 events):
No events

Classes redefined (0 events):
No events

Internal exceptions (20 events):
Event: 13.603 Thread 0x000001922e486360 Exception <a 'java/lang/NoSuchMethodError'{0x0000000093ae96e8}: 'void java.lang.invoke.DirectMethodHandle$Holder.invokeSpecial(java.lang.Object, java.lang.Object, java.lang.Object)'> (0x0000000093ae96e8) 
thrown [s\src\hotspot\share\interpreter\linkResolver.cpp, line 771]
Event: 16.384 Thread 0x000001922e486360 Exception <a 'java/lang/NoSuchMethodError'{0x0000000092fdfd78}: 'void java.lang.invoke.DirectMethodHandle$Holder.invokeStatic(java.lang.Object, java.lang.Object, java.lang.Object, java.lang.Object)'> (0x0000000092fdfd78) 
thrown [s\src\hotspot\share\interpreter\linkResolver.cpp, line 771]
Event: 18.352 Thread 0x000001922e486360 Exception <a 'java/lang/NoSuchMethodError'{0x0000000098b863a8}: 'void java.lang.invoke.DirectMethodHandle$Holder.invokeStaticInit(java.lang.Object, java.lang.Object)'> (0x0000000098b863a8) 
thrown [s\src\hotspot\share\interpreter\linkResolver.cpp, line 771]
Event: 19.529 Thread 0x000001922e486360 Exception <a 'java/lang/NoSuchMethodError'{0x000000009674b200}: 'void java.lang.invoke.DirectMethodHandle$Holder.invokeVirtual(java.lang.Object, java.lang.Object)'> (0x000000009674b200) 
thrown [s\src\hotspot\share\interpreter\linkResolver.cpp, line 771]
Event: 19.570 Thread 0x000001922e486360 Exception <a 'java/lang/NoSuchMethodError'{0x000000009679b500}: 'int java.lang.invoke.DirectMethodHandle$Holder.invokeVirtual(java.lang.Object, java.lang.Object)'> (0x000000009679b500) 
thrown [s\src\hotspot\share\interpreter\linkResolver.cpp, line 771]
Event: 20.572 Thread 0x000001922e486360 Exception <a 'java/lang/NoSuchMethodError'{0x0000000093d40578}: 'java.lang.Object java.lang.invoke.Invokers$Holder.invokeExact_MT(java.lang.Object, java.lang.Object, java.lang.Object, java.lang.Object, java.lang.Object, java.lang.Object)'> (0x0000000093d40578) 
thrown [s\src\hotspot\share\interpreter\linkResolver.cpp, line 771]
Event: 32.199 Thread 0x000001922e486360 Exception <a 'java/lang/NoSuchMethodError'{0x00000000949c1f10}: 'java.lang.Object java.lang.invoke.DirectMethodHandle$Holder.invokeVirtual(java.lang.Object, java.lang.Object, java.lang.Object)'> (0x00000000949c1f10) 
thrown [s\src\hotspot\share\interpreter\linkResolver.cpp, line 771]
Event: 38.940 Thread 0x000001922e486360 Exception <a 'java/lang/NoSuchMethodError'{0x0000000096a8dd28}: 'java.lang.Object java.lang.invoke.DirectMethodHandle$Holder.newInvokeSpecial(java.lang.Object, java.lang.Object, int)'> (0x0000000096a8dd28) 
thrown [s\src\hotspot\share\interpreter\linkResolver.cpp, line 771]
Event: 39.794 Thread 0x000001922e486360 Implicit null exception at 0x000001923ad4c9e0 to 0x000001923ad4cd2c
Event: 39.794 Thread 0x000001922e486360 Implicit null exception at 0x000001923ad416cc to 0x000001923ad417a8
Event: 43.299 Thread 0x000001922e486360 Exception <a 'java/lang/NoSuchMethodError'{0x0000000094937fa8}: 'java.lang.Object java.lang.invoke.DirectMethodHandle$Holder.newInvokeSpecial(java.lang.Object, java.lang.Object, java.lang.Object, int)'> (0x0000000094937fa8) 
thrown [s\src\hotspot\share\interpreter\linkResolver.cpp, line 771]
Event: 43.309 Thread 0x000001922e486360 Exception <a 'java/lang/NoSuchMethodError'{0x000000009493c630}: 'java.lang.Object java.lang.invoke.DirectMethodHandle$Holder.invokeSpecial(java.lang.Object, java.lang.Object, java.lang.Object, java.lang.Object, int)'> (0x000000009493c630) 
thrown [s\src\hotspot\share\interpreter\linkResolver.cpp, line 771]
Event: 43.310 Thread 0x000001922e486360 Exception <a 'java/lang/NoSuchMethodError'{0x00000000949404a0}: 'java.lang.Object java.lang.invoke.Invokers$Holder.linkToTargetMethod(java.lang.Object, java.lang.Object, int, java.lang.Object)'> (0x00000000949404a0) 
thrown [s\src\hotspot\share\interpreter\linkResolver.cpp, line 771]
Event: 43.408 Thread 0x000001922e486360 Exception <a 'java/lang/NoSuchMethodError'{0x0000000094982330}: 'java.lang.Object java.lang.invoke.DirectMethodHandle$Holder.invokeInterface(java.lang.Object, java.lang.Object)'> (0x0000000094982330) 
thrown [s\src\hotspot\share\interpreter\linkResolver.cpp, line 771]
Event: 53.600 Thread 0x000001922e486360 Exception <a 'java/lang/NoSuchMethodError'{0x000000009533a2a0}: 'java.lang.Object java.lang.invoke.DirectMethodHandle$Holder.invokeStatic(java.lang.Object, java.lang.Object, java.lang.Object, java.lang.Object, int)'> (0x000000009533a2a0) 
thrown [s\src\hotspot\share\interpreter\linkResolver.cpp, line 771]
Event: 53.602 Thread 0x000001922e486360 Exception <a 'java/lang/NoSuchMethodError'{0x0000000095343ce0}: 'java.lang.Object java.lang.invoke.DirectMethodHandle$Holder.newInvokeSpecial(java.lang.Object, java.lang.Object, java.lang.Object, java.lang.Object, int)'> (0x0000000095343ce0) 
thrown [s\src\hotspot\share\interpreter\linkResolver.cpp, line 771]
Event: 53.603 Thread 0x000001922e486360 Exception <a 'java/lang/NoSuchMethodError'{0x0000000095348928}: 'java.lang.Object java.lang.invoke.DirectMethodHandle$Holder.invokeSpecial(java.lang.Object, java.lang.Object, java.lang.Object, java.lang.Object, java.lang.Object, int)'> (0x0000000095348928) 
thrown [s\src\hotspot\share\interpreter\linkResolver.cpp, line 771]
Event: 53.604 Thread 0x000001922e486360 Exception <a 'java/lang/NoSuchMethodError'{0x000000009534cb60}: 'java.lang.Object java.lang.invoke.Invokers$Holder.linkToTargetMethod(java.lang.Object, java.lang.Object, java.lang.Object, int, java.lang.Object)'> (0x000000009534cb60) 
thrown [s\src\hotspot\share\interpreter\linkResolver.cpp, line 771]
Event: 54.200 Thread 0x000001922e486360 Exception <a 'java/lang/NoSuchMethodError'{0x0000000094e85f98}: 'java.lang.Object java.lang.invoke.DirectMethodHandle$Holder.newInvokeSpecial(java.lang.Object, java.lang.Object, java.lang.Object, java.lang.Object, java.lang.Object, java.lang.Object)'> (0x0000000094e85f98) 
thrown [s\src\hotspot\share\interpreter\linkResolver.cpp, line 771]
Event: 54.314 Thread 0x000001922e486360 Implicit null exception at 0x000001923adcb54d to 0x000001923adcb9f4

VM Operations (20 events):
Event: 52.104 Executing VM operation: HandshakeAllThreads done
Event: 53.111 Executing VM operation: Cleanup
Event: 53.111 Executing VM operation: Cleanup done
Event: 53.333 Executing VM operation: HandshakeAllThreads
Event: 53.333 Executing VM operation: HandshakeAllThreads done
Event: 53.344 Executing VM operation: HandshakeAllThreads
Event: 53.344 Executing VM operation: HandshakeAllThreads done
Event: 53.452 Executing VM operation: HandshakeAllThreads
Event: 53.452 Executing VM operation: HandshakeAllThreads done
Event: 53.485 Executing VM operation: HandshakeAllThreads
Event: 53.485 Executing VM operation: HandshakeAllThreads done
Event: 53.853 Executing VM operation: HandshakeAllThreads
Event: 53.853 Executing VM operation: HandshakeAllThreads done
Event: 53.856 Executing VM operation: HandshakeAllThreads
Event: 53.856 Executing VM operation: HandshakeAllThreads done
Event: 54.341 Executing VM operation: HandshakeAllThreads
Event: 54.341 Executing VM operation: HandshakeAllThreads done
Event: 54.341 Executing VM operation: Cleanup
Event: 54.341 Executing VM operation: Cleanup done
Event: 54.518 Executing VM operation: G1CollectForAllocation

Events (20 events):
Event: 43.988 loading class java/security/CodeSigner
Event: 43.988 loading class java/security/CodeSigner done
Event: 44.100 loading class java/util/AbstractList$SubList$1
Event: 44.100 loading class java/util/AbstractList$SubList$1 done
Event: 44.100 loading class java/util/AbstractList$ListItr
Event: 44.100 loading class java/util/AbstractList$ListItr done
Event: 45.278 loading class java/util/AbstractList$RandomAccessSpliterator
Event: 45.278 loading class java/util/AbstractList$RandomAccessSpliterator done
Event: 45.284 loading class java/util/stream/ReferencePipeline$2
Event: 45.284 loading class java/util/stream/ReferencePipeline$2 done
Event: 45.293 loading class java/util/stream/ReferencePipeline$2$1
Event: 45.293 loading class java/util/stream/ReferencePipeline$2$1 done
Event: 46.733 loading class java/text/StringCharacterIterator
Event: 46.733 loading class java/text/CharacterIterator
Event: 46.734 loading class java/text/CharacterIterator done
Event: 46.734 loading class java/text/StringCharacterIterator done
Event: 48.588 loading class java/util/Collections$SingletonMap
Event: 48.588 loading class java/util/Collections$SingletonMap done
Event: 53.684 loading class java/util/function/ToIntFunction
Event: 53.684 loading class java/util/function/ToIntFunction done


Dynamic libraries:
0x00007ff719130000 - 0x00007ff71913a000 	D:\AndroidStudio\jbr\bin\java.exe
0x00007fffc0950000 - 0x00007fffc0b46000 	C:\Windows\SYSTEM32\ntdll.dll
0x00007fffbeae0000 - 0x00007fffbeb9d000 	C:\Windows\System32\KERNEL32.DLL
0x00007fffbe580000 - 0x00007fffbe849000 	C:\Windows\System32\KERNELBASE.dll
0x00007fffbe850000 - 0x00007fffbe950000 	C:\Windows\System32\ucrtbase.dll
0x00007fffadea0000 - 0x00007fffadeb7000 	D:\AndroidStudio\jbr\bin\jli.dll
0x00007fffade80000 - 0x00007fffade9b000 	D:\AndroidStudio\jbr\bin\VCRUNTIME140.dll
0x00007fffbf9c0000 - 0x00007fffbfb60000 	C:\Windows\System32\USER32.dll
0x00007fffbe4b0000 - 0x00007fffbe4d2000 	C:\Windows\System32\win32u.dll
0x00007fffbeaa0000 - 0x00007fffbeaca000 	C:\Windows\System32\GDI32.dll
0x00007fffbe110000 - 0x00007fffbe219000 	C:\Windows\System32\gdi32full.dll
0x00007fffaec30000 - 0x00007fffaeecb000 	C:\Windows\WinSxS\amd64_microsoft.windows.common-controls_6595b64144ccf1df_6.0.19041.488_none_ca04af081b815d21\COMCTL32.dll
0x00007fffbe4e0000 - 0x00007fffbe57d000 	C:\Windows\System32\msvcp_win.dll
0x00007fffbfbc0000 - 0x00007fffbfc5e000 	C:\Windows\System32\msvcrt.dll
0x00007fffc0060000 - 0x00007fffc0090000 	C:\Windows\System32\IMM32.DLL
0x00007fffb0600000 - 0x00007fffb060c000 	D:\AndroidStudio\jbr\bin\vcruntime140_1.dll
0x00007fffaddf0000 - 0x00007fffade7d000 	D:\AndroidStudio\jbr\bin\msvcp140.dll
0x00007fff97ba0000 - 0x00007fff9880d000 	D:\AndroidStudio\jbr\bin\server\jvm.dll
0x00007fffbeba0000 - 0x00007fffbec4c000 	C:\Windows\System32\ADVAPI32.dll
0x00007fffbffc0000 - 0x00007fffc005c000 	C:\Windows\System32\sechost.dll
0x00007fffc01b0000 - 0x00007fffc02db000 	C:\Windows\System32\RPCRT4.dll
0x00007fffa8530000 - 0x00007fffa8539000 	C:\Windows\SYSTEM32\WSOCK32.dll
0x00007fffbf830000 - 0x00007fffbf89b000 	C:\Windows\System32\WS2_32.dll
0x00007fffb5950000 - 0x00007fffb595a000 	C:\Windows\SYSTEM32\VERSION.dll
0x00007fffb5920000 - 0x00007fffb5947000 	C:\Windows\SYSTEM32\WINMM.dll
0x00007fffbbe60000 - 0x00007fffbbe72000 	C:\Windows\SYSTEM32\kernel.appcore.dll
0x00007fffb74c0000 - 0x00007fffb74ca000 	D:\AndroidStudio\jbr\bin\jimage.dll
0x00007fffaacf0000 - 0x00007fffaaed4000 	C:\Windows\SYSTEM32\DBGHELP.DLL
0x00007fffaa520000 - 0x00007fffaa54c000 	C:\Windows\SYSTEM32\dbgcore.DLL
0x00007fffbe430000 - 0x00007fffbe4b0000 	C:\Windows\System32\bcryptPrimitives.dll
0x00007fffae230000 - 0x00007fffae255000 	D:\AndroidStudio\jbr\bin\java.dll
0x00007fffb05b0000 - 0x00007fffb05c8000 	D:\AndroidStudio\jbr\bin\zip.dll
0x00007fffbf0e0000 - 0x00007fffbf822000 	C:\Windows\System32\SHELL32.dll
0x00007fffbc170000 - 0x00007fffbc905000 	C:\Windows\SYSTEM32\windows.storage.dll
0x00007fffbfc60000 - 0x00007fffbffb6000 	C:\Windows\System32\combase.dll
0x00007fffbd930000 - 0x00007fffbd95c000 	C:\Windows\SYSTEM32\Wldp.dll
0x00007fffbf910000 - 0x00007fffbf9be000 	C:\Windows\System32\SHCORE.dll
0x00007fffc0710000 - 0x00007fffc0765000 	C:\Windows\System32\shlwapi.dll
0x00007fffbdf90000 - 0x00007fffbdfb6000 	C:\Windows\SYSTEM32\profapi.dll
0x00007fffaeee0000 - 0x00007fffaeef9000 	D:\AndroidStudio\jbr\bin\net.dll
0x00007fffb2f90000 - 0x00007fffb3090000 	C:\Windows\SYSTEM32\WINHTTP.dll
0x00007fffbd720000 - 0x00007fffbd78a000 	C:\Windows\system32\mswsock.dll
0x00007fffae320000 - 0x00007fffae336000 	D:\AndroidStudio\jbr\bin\nio.dll
0x00007fffaebd0000 - 0x00007fffaebe0000 	D:\AndroidStudio\jbr\bin\verify.dll

dbghelp: loaded successfully - version: 4.0.5 - missing functions: none
symbol engine: initialized successfully - sym options: 0x614 - pdb path: .;D:\AndroidStudio\jbr\bin;C:\Windows\SYSTEM32;C:\Windows\WinSxS\amd64_microsoft.windows.common-controls_6595b64144ccf1df_6.0.19041.488_none_ca04af081b815d21;D:\AndroidStudio\jbr\bin\server

VM Arguments:
java_command: org.jetbrains.kotlin.cli.jvm.K2JVMCompiler @D:\BusinessTripApp\BusinessTripsApp\app\build\20230501_1643113001089235410.compiler.options
java_class_path (initial): D:\.gradle\caches\modules-2\files-2.1\org.jetbrains.kotlin\kotlin-compiler-embeddable\1.8.0\eb9118d4bcceaa2a94b2ae2a33a4ddba7c9a947f\kotlin-compiler-embeddable-1.8.0.jar;D:\.gradle\caches\modules-2\files-2.1\org.jetbrains.kotlin\kotlin-stdlib\1.8.0\1796921c7a3e2e2665a83e6c8d33399336cd39bc\kotlin-stdlib-1.8.0.jar;D:\.gradle\caches\modules-2\files-2.1\org.jetbrains.kotlin\kotlin-script-runtime\1.8.0\b2f7e760d283cb339974851c222a4c1d48f2d3d\kotlin-script-runtime-1.8.0.jar;D:\.gradle\caches\modules-2\files-2.1\org.jetbrains.kotlin\kotlin-reflect\1.6.10\1cbe9c92c12a94eea200d23c2bbaedaf3daf5132\kotlin-reflect-1.6.10.jar;D:\.gradle\caches\modules-2\files-2.1\org.jetbrains.kotlin\kotlin-daemon-embeddable\1.8.0\d255216c551685dc3a7e852b53617f5f01aaaa5c\kotlin-daemon-embeddable-1.8.0.jar;D:\.gradle\caches\modules-2\files-2.1\org.jetbrains.intellij.deps\trove4j\1.0.20200330\3afb14d5f9ceb459d724e907a21145e8ff394f02\trove4j-1.0.20200330.jar;D:\.gradle\caches\modules-2\files-2.1\net.java.dev.jna\jna\5.6.0\330f2244e9030119ab3030fc3fededc86713d9cc\jna-5.6.0.jar;D:\.gradle\caches\modules-2\files-2.1\org.jetbrains.kotlin\kotlin-stdlib-common\1.8.0\f7197e7cc76453ac59f8b0f8d5137cc600becd36\kotlin-stdlib-common-1.8.0.jar;D:\.gradle\caches\modules-2\files-2.1\org.jetbrains\annotations\13.0\919f0dfe192fb4e063e7dacadee7f8bb9a2672a9\annotations-13.0.jar
Launcher Type: SUN_STANDARD

[Global flags]
     intx CICompilerCount                          = 2                                         {product} {ergonomic}
     uint ConcGCThreads                            = 1                                         {product} {ergonomic}
     uint G1ConcRefinementThreads                  = 2                                         {product} {ergonomic}
   size_t G1HeapRegionSize                         = 1048576                                   {product} {ergonomic}
    uintx GCDrainStackTargetSize                   = 64                                        {product} {ergonomic}
   size_t InitialHeapSize                          = 117440512                                 {product} {ergonomic}
   size_t MarkStackSize                            = 4194304                                   {product} {ergonomic}
   size_t MaxHeapSize                              = 1849688064                                {product} {ergonomic}
   size_t MaxNewSize                               = 1109393408                                {product} {ergonomic}
   size_t MinHeapDeltaBytes                        = 1048576                                   {product} {ergonomic}
   size_t MinHeapSize                              = 8388608                                   {product} {ergonomic}
    uintx NonNMethodCodeHeapSize                   = 5826188                                {pd product} {ergonomic}
    uintx NonProfiledCodeHeapSize                  = 122916026                              {pd product} {ergonomic}
    uintx ProfiledCodeHeapSize                     = 122916026                              {pd product} {ergonomic}
    uintx ReservedCodeCacheSize                    = 251658240                              {pd product} {ergonomic}
     bool SegmentedCodeCache                       = true                                      {product} {ergonomic}
   size_t SoftMaxHeapSize                          = 1849688064                             {manageable} {ergonomic}
     bool UseCompressedClassPointers               = true                           {product lp64_product} {ergonomic}
     bool UseCompressedOops                        = true                           {product lp64_product} {ergonomic}
     bool UseG1GC                                  = true                                      {product} {ergonomic}
     bool UseLargePagesIndividualAllocation        = false                                  {pd product} {ergonomic}

Logging:
Log output configuration:
 #0: stdout all=warning uptime,level,tags
 #1: stderr all=off uptime,level,tags

Environment Variables:
PATH=C:\ProgramData\Oracle\Java\javapath;C:\Program Files\Common Files\Oracle\Java\javapath;C:\Windows\system32;C:\Windows;C:\Windows\System32\Wbem;C:\Windows\System32\WindowsPowerShell\v1.0\;C:\Program Files\Git\cmd;D:\mingv\bin;C:\Program Files\dotnet\;C:\Program Files (x86)\dotnet\;C:\Program Files\Microsoft SQL Server\150\Tools\Binn\;C:\Program Files (x86)\Microsoft SQL Server\100\Tools\Binn\;C:\Program Files\Microsoft SQL Server\100\Tools\Binn\;C:\Program Files\Microsoft SQL Server\100\DTS\Binn\;D:\nodejs\;C:\Program Files\Docker\Docker\resources\bin;D:\arc labs\toolchain\make-3.81\bin;C:\Users\Dmitry\AppData\Local\Microsoft\WindowsApps;D:\java\IntelliJ IDEA 2021.3.1\bin;;D:\VSCode\Microsoft VS Code\bin;C:\ghcup\bin;C:\Users\Dmitry\.dotnet\tools;C:\Users\Dmitry\AppData\Roaming\npm;D:\arc labs\toolchain;
USERNAME=Dmitry
OS=Windows_NT
PROCESSOR_IDENTIFIER=AMD64 Family 21 Model 112 Stepping 0, AuthenticAMD
TMP=C:\Temp
TEMP=C:\Temp



---------------  S Y S T E M  ---------------

OS:
 Windows 10 , 64 bit Build 19041 (10.0.19041.662)
OS uptime: 0 days 18:48 hours
Hyper-V role detected

CPU: total 2 (initial active 2) (2 cores per cpu, 1 threads per core) family 21 model 112 stepping 0 microcode 0x0, cx8, cmov, fxsr, mmx, 3dnowpref, sse, sse2, sse3, ssse3, sse4a, sse4.1, sse4.2, popcnt, lzcnt, tsc, tscinvbit, avx, avx2, aes, clmul, bmi1, bmi2, fma, vzeroupper, clflush, hv

Memory: 4k page, system-wide physical 7055M (54M free)
TotalPageFile size 10813M (AvailPageFile size 11M)
current process WorkingSet (physical memory assigned to process): 190M, peak: 190M
current process commit charge ("private bytes"): 233M, peak: 264M

vm_info: OpenJDK 64-Bit Server VM (17.0.6+0-b2043.56-9586694) for windows-amd64 JRE (17.0.6+0-b2043.56-9586694), built on Feb  9 2023 20:06:20 by "androidbuild" with MS VC++ 16.10 / 16.11 (VS2019)

END.
