#
# There is insufficient memory for the Java Runtime Environment to continue.
# Native memory allocation (malloc) failed to allocate 1438576 bytes for Chunk::new
# Possible reasons:
#   The system is out of physical RAM or swap space
#   The process is running with CompressedOops enabled, and the Java Heap may be blocking the growth of the native heap
# Possible solutions:
#   Reduce memory load on the system
#   Increase physical memory or swap space
#   Check if swap backing store is full
#   Decrease Java heap size (-Xmx/-Xms)
#   Decrease number of Java threads
#   Decrease Java thread stack sizes (-Xss)
#   Set larger code cache with -XX:ReservedCodeCacheSize=
#   JVM is running with Unscaled Compressed Oops mode in which the Java heap is
#     placed in the first 4GB address space. The Java Heap base address is the
#     maximum limit for the native heap growth. Please use -XX:HeapBaseMinAddress
#     to set the Java Heap base and to place the Java Heap above 4GB virtual address.
# This output file may be truncated or incomplete.
#
#  Out of Memory Error (arena.cpp:189), pid=6760, tid=8536
#
# JRE version: OpenJDK Runtime Environment (17.0.6) (build 17.0.6+0-b2043.56-9586694)
# Java VM: OpenJDK 64-Bit Server VM (17.0.6+0-b2043.56-9586694, mixed mode, tiered, compressed oops, compressed class ptrs, g1 gc, windows-amd64)
# No core dump will be written. Minidumps are not enabled by default on client versions of Windows
#

---------------  S U M M A R Y ------------

Command Line: --add-opens=java.base/java.util=ALL-UNNAMED --add-opens=java.base/java.lang=ALL-UNNAMED --add-opens=java.base/java.lang.invoke=ALL-UNNAMED --add-opens=java.prefs/java.util.prefs=ALL-UNNAMED --add-opens=java.base/java.nio.charset=ALL-UNNAMED --add-opens=java.base/java.net=ALL-UNNAMED --add-opens=java.base/java.util.concurrent.atomic=ALL-UNNAMED -Xmx2048m -Dfile.encoding=UTF-8 -Duser.country=RU -Duser.language=ru -Duser.variant org.gradle.launcher.daemon.bootstrap.GradleDaemon 8.0

Host: AMD A4-9125 RADEON R3, 4 COMPUTE CORES 2C+2G   , 2 cores, 6G,  Windows 10 , 64 bit Build 19041 (10.0.19041.662)
Time: Wed May  3 23:06:08 2023 RTZ 2 (s 10 , 64 bit Build 19041 (10.0.19041.662) elapsed time: 60.143589 seconds (0d 0h 1m 0s)

---------------  T H R E A D  ---------------

Current thread (0x000002137fafb4c0):  JavaThread "C2 CompilerThread0" daemon [_thread_in_native, id=8536, stack(0x0000007d32900000,0x0000007d32a00000)]


Current CompileTask:
C2:  60143 7006 %     4       org.gradle.internal.instantiation.generator.AbstractClassGenerator::inspectType @ 207 (560 bytes)

Stack: [0x0000007d32900000,0x0000007d32a00000]
Native frames: (J=compiled Java code, j=interpreted, Vv=VM code, C=native code)
V  [jvm.dll+0x683b4a]
V  [jvm.dll+0x842654]
V  [jvm.dll+0x843dfe]
V  [jvm.dll+0x844463]
V  [jvm.dll+0x249b75]
V  [jvm.dll+0xabcac]
V  [jvm.dll+0xac27c]
V  [jvm.dll+0x368802]
V  [jvm.dll+0x332f31]
V  [jvm.dll+0x3323da]
V  [jvm.dll+0x21c201]
V  [jvm.dll+0x21b621]
V  [jvm.dll+0x1a4fdd]
V  [jvm.dll+0x22b098]
V  [jvm.dll+0x229159]
V  [jvm.dll+0x7f809c]
V  [jvm.dll+0x7f25fa]
V  [jvm.dll+0x682985]
C  [ucrtbase.dll+0x214c2]
C  [KERNEL32.DLL+0x17034]
C  [ntdll.dll+0x4d0d1]


---------------  P R O C E S S  ---------------

Threads class SMR info:
_java_thread_list=0x000002131a3421e0, length=59, elements={
0x000002137983aa90, 0x000002137fab3560, 0x000002137fab50f0, 0x000002137fade490,
0x000002137faded50, 0x000002137fafa010, 0x000002137fafa8d0, 0x000002137fafb4c0,
0x000002137fb7e990, 0x000002137fb0da50, 0x000002137fc6ebc0, 0x000002137fc76d10,
0x000002131433f4d0, 0x0000021314d7b970, 0x000002131405e8e0, 0x000002137fdc0ab0,
0x000002137fdc0f80, 0x0000021313e7a4d0, 0x0000021315cfa040, 0x0000021314da5660,
0x0000021314da64d0, 0x0000021314da4320, 0x0000021314da6000, 0x0000021314da47f0,
0x0000021314da4cc0, 0x0000021314da7340, 0x0000021314da5190, 0x0000021314da5b30,
0x0000021314da69a0, 0x0000021314da6e70, 0x0000021314da7810, 0x0000021314da7ce0,
0x0000021313e820f0, 0x0000021313e7b240, 0x0000021313e825c0, 0x0000021313e7d3f0,
0x0000021313e7dd90, 0x0000021313e7d8c0, 0x0000021313e7bbe0, 0x0000021313e7ca50,
0x0000021313e7f5a0, 0x0000021313e81280, 0x0000021313e7c580, 0x0000021313e80db0,
0x0000021313e7e260, 0x0000021313e81750, 0x0000021313e7e730, 0x0000021313e81c20,
0x0000021313e7ec00, 0x0000021313e7f0d0, 0x0000021313e7ff40, 0x000002137fed8dd0,
0x000002137fedcc60, 0x000002137fed8900, 0x000002137fedc2c0, 0x000002137feda110,
0x000002137feddad0, 0x000002137fedf2e0, 0x000002137feda5e0
}

Java Threads: ( => current thread )
  0x000002137983aa90 JavaThread "main" [_thread_blocked, id=9596, stack(0x0000007d31c00000,0x0000007d31d00000)]
  0x000002137fab3560 JavaThread "Reference Handler" daemon [_thread_blocked, id=3868, stack(0x0000007d32300000,0x0000007d32400000)]
  0x000002137fab50f0 JavaThread "Finalizer" daemon [_thread_blocked, id=5852, stack(0x0000007d32400000,0x0000007d32500000)]
  0x000002137fade490 JavaThread "Signal Dispatcher" daemon [_thread_blocked, id=9404, stack(0x0000007d32500000,0x0000007d32600000)]
  0x000002137faded50 JavaThread "Attach Listener" daemon [_thread_blocked, id=8012, stack(0x0000007d32600000,0x0000007d32700000)]
  0x000002137fafa010 JavaThread "Service Thread" daemon [_thread_blocked, id=6900, stack(0x0000007d32700000,0x0000007d32800000)]
  0x000002137fafa8d0 JavaThread "Monitor Deflation Thread" daemon [_thread_blocked, id=9016, stack(0x0000007d32800000,0x0000007d32900000)]
=>0x000002137fafb4c0 JavaThread "C2 CompilerThread0" daemon [_thread_in_native, id=8536, stack(0x0000007d32900000,0x0000007d32a00000)]
  0x000002137fb7e990 JavaThread "C1 CompilerThread0" daemon [_thread_blocked, id=2920, stack(0x0000007d32a00000,0x0000007d32b00000)]
  0x000002137fb0da50 JavaThread "Sweeper thread" daemon [_thread_blocked, id=5324, stack(0x0000007d32b00000,0x0000007d32c00000)]
  0x000002137fc6ebc0 JavaThread "Common-Cleaner" daemon [_thread_blocked, id=8252, stack(0x0000007d32c00000,0x0000007d32d00000)]
  0x000002137fc76d10 JavaThread "Notification Thread" daemon [_thread_blocked, id=6812, stack(0x0000007d32d00000,0x0000007d32e00000)]
  0x000002131433f4d0 JavaThread "Daemon health stats" [_thread_blocked, id=5444, stack(0x0000007d33000000,0x0000007d33100000)]
  0x0000021314d7b970 JavaThread "Incoming local TCP Connector on port 50499" [_thread_in_native, id=5112, stack(0x0000007d33100000,0x0000007d33200000)]
  0x000002131405e8e0 JavaThread "Daemon periodic checks" [_thread_blocked, id=1196, stack(0x0000007d33200000,0x0000007d33300000)]
  0x000002137fdc0ab0 JavaThread "Daemon" [_thread_blocked, id=5700, stack(0x0000007d33300000,0x0000007d33400000)]
  0x000002137fdc0f80 JavaThread "Handler for socket connection from /127.0.0.1:50499 to /127.0.0.1:50501" [_thread_in_native, id=8864, stack(0x0000007d33400000,0x0000007d33500000)]
  0x0000021313e7a4d0 JavaThread "Cancel handler" [_thread_blocked, id=9244, stack(0x0000007d33500000,0x0000007d33600000)]
  0x0000021315cfa040 JavaThread "Daemon worker" [_thread_in_Java, id=1868, stack(0x0000007d33600000,0x0000007d33700000)]
  0x0000021314da5660 JavaThread "Asynchronous log dispatcher for DefaultDaemonConnection: socket connection from /127.0.0.1:50499 to /127.0.0.1:50501" [_thread_blocked, id=1104, stack(0x0000007d33700000,0x0000007d33800000)]
  0x0000021314da64d0 JavaThread "Stdin handler" [_thread_blocked, id=1736, stack(0x0000007d33800000,0x0000007d33900000)]
  0x0000021314da4320 JavaThread "Daemon client event forwarder" [_thread_blocked, id=4496, stack(0x0000007d33900000,0x0000007d33a00000)]
  0x0000021314da6000 JavaThread "Cache worker for journal cache (C:\Users\Dmitry\.gradle\caches\journal-1)" [_thread_blocked, id=7840, stack(0x0000007d33a00000,0x0000007d33b00000)]
  0x0000021314da47f0 JavaThread "File lock request listener" [_thread_in_native, id=2716, stack(0x0000007d33b00000,0x0000007d33c00000)]
  0x0000021314da4cc0 JavaThread "Cache worker for file hash cache (C:\Users\Dmitry\.gradle\caches\8.0\fileHashes)" [_thread_blocked, id=7416, stack(0x0000007d33c00000,0x0000007d33d00000)]
  0x0000021314da7340 JavaThread "File watcher server" daemon [_thread_in_native, id=5228, stack(0x0000007d33d00000,0x0000007d33e00000)]
  0x0000021314da5190 JavaThread "File watcher consumer" daemon [_thread_blocked, id=5572, stack(0x0000007d33e00000,0x0000007d33f00000)]
  0x0000021314da5b30 JavaThread "Cache worker for checksums cache (C:\Disk D\BusinessTripsApp\.gradle\8.0\checksums)" [_thread_blocked, id=6052, stack(0x0000007d33f00000,0x0000007d34000000)]
  0x0000021314da69a0 JavaThread "Cache worker for cache directory md-rule (C:\Users\Dmitry\.gradle\caches\8.0\md-rule)" [_thread_blocked, id=8648, stack(0x0000007d34000000,0x0000007d34100000)]
  0x0000021314da6e70 JavaThread "Cache worker for file content cache (C:\Users\Dmitry\.gradle\caches\8.0\fileContent)" [_thread_blocked, id=10000, stack(0x0000007d34100000,0x0000007d34200000)]
  0x0000021314da7810 JavaThread "Cache worker for file hash cache (C:\Disk D\BusinessTripsApp\.gradle\8.0\fileHashes)" [_thread_blocked, id=3336, stack(0x0000007d34200000,0x0000007d34300000)]
  0x0000021314da7ce0 JavaThread "Cache worker for cache directory md-supplier (C:\Users\Dmitry\.gradle\caches\8.0\md-supplier)" [_thread_blocked, id=2820, stack(0x0000007d34300000,0x0000007d34400000)]
  0x0000021313e820f0 JavaThread "Cache worker for execution history cache (C:\Users\Dmitry\.gradle\caches\8.0\executionHistory)" [_thread_blocked, id=304, stack(0x0000007d34400000,0x0000007d34500000)]
  0x0000021313e7b240 JavaThread "jar transforms" [_thread_blocked, id=7320, stack(0x0000007d34600000,0x0000007d34700000)]
  0x0000021313e825c0 JavaThread "jar transforms Thread 2" [_thread_blocked, id=4240, stack(0x0000007d34700000,0x0000007d34800000)]
  0x0000021313e7d3f0 JavaThread "Cache worker for dependencies-accessors (C:\Disk D\BusinessTripsApp\.gradle\8.0\dependencies-accessors)" [_thread_blocked, id=9584, stack(0x0000007d31900000,0x0000007d31a00000)]
  0x0000021313e7dd90 JavaThread "Cache worker for Build Output Cleanup Cache (C:\Disk D\BusinessTripsApp\.gradle\buildOutputCleanup)" [_thread_blocked, id=10156, stack(0x0000007d34800000,0x0000007d34900000)]
  0x0000021313e7d8c0 JavaThread "Unconstrained build operations" [_thread_blocked, id=2276, stack(0x0000007d34900000,0x0000007d34a00000)]
  0x0000021313e7bbe0 JavaThread "Unconstrained build operations Thread 2" [_thread_blocked, id=7460, stack(0x0000007d34a00000,0x0000007d34b00000)]
  0x0000021313e7ca50 JavaThread "Unconstrained build operations Thread 3" [_thread_blocked, id=7900, stack(0x0000007d34b00000,0x0000007d34c00000)]
  0x0000021313e7f5a0 JavaThread "Unconstrained build operations Thread 4" [_thread_blocked, id=6592, stack(0x0000007d34c00000,0x0000007d34d00000)]
  0x0000021313e81280 JavaThread "Unconstrained build operations Thread 5" [_thread_blocked, id=8400, stack(0x0000007d34d00000,0x0000007d34e00000)]
  0x0000021313e7c580 JavaThread "Unconstrained build operations Thread 6" [_thread_blocked, id=2544, stack(0x0000007d34e00000,0x0000007d34f00000)]
  0x0000021313e80db0 JavaThread "Unconstrained build operations Thread 7" [_thread_blocked, id=684, stack(0x0000007d34f00000,0x0000007d35000000)]
  0x0000021313e7e260 JavaThread "Unconstrained build operations Thread 8" [_thread_blocked, id=6680, stack(0x0000007d35000000,0x0000007d35100000)]
  0x0000021313e81750 JavaThread "Unconstrained build operations Thread 9" [_thread_blocked, id=9028, stack(0x0000007d35100000,0x0000007d35200000)]
  0x0000021313e7e730 JavaThread "Unconstrained build operations Thread 10" [_thread_blocked, id=2180, stack(0x0000007d35200000,0x0000007d35300000)]
  0x0000021313e81c20 JavaThread "Unconstrained build operations Thread 11" [_thread_blocked, id=6412, stack(0x0000007d35300000,0x0000007d35400000)]
  0x0000021313e7ec00 JavaThread "Unconstrained build operations Thread 12" [_thread_blocked, id=1208, stack(0x0000007d35400000,0x0000007d35500000)]
  0x0000021313e7f0d0 JavaThread "Unconstrained build operations Thread 13" [_thread_blocked, id=8316, stack(0x0000007d35500000,0x0000007d35600000)]
  0x0000021313e7ff40 JavaThread "Unconstrained build operations Thread 14" [_thread_blocked, id=6108, stack(0x0000007d35600000,0x0000007d35700000)]
  0x000002137fed8dd0 JavaThread "Unconstrained build operations Thread 15" [_thread_blocked, id=2204, stack(0x0000007d35700000,0x0000007d35800000)]
  0x000002137fedcc60 JavaThread "Unconstrained build operations Thread 16" [_thread_blocked, id=8064, stack(0x0000007d35800000,0x0000007d35900000)]
  0x000002137fed8900 JavaThread "Unconstrained build operations Thread 17" [_thread_blocked, id=1684, stack(0x0000007d35900000,0x0000007d35a00000)]
  0x000002137fedc2c0 JavaThread "Unconstrained build operations Thread 18" [_thread_blocked, id=2104, stack(0x0000007d35a00000,0x0000007d35b00000)]
  0x000002137feda110 JavaThread "Unconstrained build operations Thread 19" [_thread_blocked, id=8940, stack(0x0000007d35b00000,0x0000007d35c00000)]
  0x000002137feddad0 JavaThread "Unconstrained build operations Thread 20" [_thread_blocked, id=8600, stack(0x0000007d35c00000,0x0000007d35d00000)]
  0x000002137fedf2e0 JavaThread "build event listener" [_thread_blocked, id=7212, stack(0x0000007d35f00000,0x0000007d36000000)]
  0x000002137feda5e0 JavaThread "Memory manager" [_thread_blocked, id=6168, stack(0x0000007d36000000,0x0000007d36100000)]

Other Threads:
  0x000002137faaf720 VMThread "VM Thread" [stack: 0x0000007d32200000,0x0000007d32300000] [id=7648]
  0x000002137fa35820 WatcherThread [stack: 0x0000007d32e00000,0x0000007d32f00000] [id=5320]
  0x00000213798976e0 GCTaskThread "GC Thread#0" [stack: 0x0000007d31d00000,0x0000007d31e00000] [id=4724]
  0x000002137fd7cb70 GCTaskThread "GC Thread#1" [stack: 0x0000007d32f00000,0x0000007d33000000] [id=6480]
  0x00000213798a8430 ConcurrentGCThread "G1 Main Marker" [stack: 0x0000007d31e00000,0x0000007d31f00000] [id=6336]
  0x00000213798a8c50 ConcurrentGCThread "G1 Conc#0" [stack: 0x0000007d31f00000,0x0000007d32000000] [id=6736]
  0x0000021379900d60 ConcurrentGCThread "G1 Refine#0" [stack: 0x0000007d32000000,0x0000007d32100000] [id=8756]
  0x00000213158f8940 ConcurrentGCThread "G1 Refine#1" [stack: 0x0000007d34500000,0x0000007d34600000] [id=9100]
  0x00000213799039b0 ConcurrentGCThread "G1 Service" [stack: 0x0000007d32100000,0x0000007d32200000] [id=9892]

Threads with active compile tasks:
C2 CompilerThread0    60231 7006 %     4       org.gradle.internal.instantiation.generator.AbstractClassGenerator::inspectType @ 207 (560 bytes)

VM state: not at safepoint (normal execution)

VM Mutex/Monitor currently owned by a thread: None

Heap address: 0x0000000080000000, size: 2048 MB, Compressed Oops mode: 32-bit

CDS archive(s) not mapped
Compressed class space mapped at: 0x0000000100000000-0x0000000140000000, reserved size: 1073741824
Narrow klass base: 0x0000000000000000, Narrow klass shift: 3, Narrow klass range: 0x140000000

GC Precious Log:
 CPUs: 2 total, 2 available
 Memory: 7055M
 Large Page Support: Disabled
 NUMA Support: Disabled
 Compressed Oops: Enabled (32-bit)
 Heap Region Size: 1M
 Heap Min Capacity: 8M
 Heap Initial Capacity: 112M
 Heap Max Capacity: 2G
 Pre-touch: Disabled
 Parallel Workers: 2
 Concurrent Workers: 1
 Concurrent Refinement Workers: 2
 Periodic GC: Disabled

Heap:
 garbage-first heap   total 112640K, used 79034K [0x0000000080000000, 0x0000000100000000)
  region size 1024K, 20 young (20480K), 2 survivors (2048K)
 Metaspace       used 65886K, committed 66432K, reserved 1114112K
  class space    used 8645K, committed 8896K, reserved 1048576K

Heap Regions: E=young(eden), S=young(survivor), O=old, HS=humongous(starts), HC=humongous(continues), CS=collection set, F=free, OA=open archive, CA=closed archive, TAMS=top-at-mark-start (previous, next)
|   0|0x0000000080000000, 0x0000000080100000, 0x0000000080100000|100%| O|  |TAMS 0x0000000080100000, 0x0000000080000000| Untracked 
|   1|0x0000000080100000, 0x0000000080200000, 0x0000000080200000|100%| O|  |TAMS 0x0000000080200000, 0x0000000080100000| Untracked 
|   2|0x0000000080200000, 0x0000000080300000, 0x0000000080300000|100%| O|  |TAMS 0x0000000080300000, 0x0000000080200000| Untracked 
|   3|0x0000000080300000, 0x0000000080400000, 0x0000000080400000|100%|HS|  |TAMS 0x0000000080400000, 0x0000000080300000| Complete 
|   4|0x0000000080400000, 0x0000000080500000, 0x0000000080500000|100%|HC|  |TAMS 0x0000000080500000, 0x0000000080400000| Complete 
|   5|0x0000000080500000, 0x0000000080600000, 0x0000000080600000|100%|HC|  |TAMS 0x0000000080600000, 0x0000000080500000| Complete 
|   6|0x0000000080600000, 0x0000000080700000, 0x0000000080700000|100%|HC|  |TAMS 0x0000000080700000, 0x0000000080600000| Complete 
|   7|0x0000000080700000, 0x0000000080800000, 0x0000000080800000|100%| O|  |TAMS 0x0000000080800000, 0x0000000080700000| Untracked 
|   8|0x0000000080800000, 0x0000000080900000, 0x0000000080900000|100%| O|  |TAMS 0x0000000080900000, 0x0000000080800000| Untracked 
|   9|0x0000000080900000, 0x00000000809fd400, 0x0000000080a00000| 98%| O|  |TAMS 0x00000000809fd400, 0x0000000080900000| Untracked 
|  10|0x0000000080a00000, 0x0000000080b00000, 0x0000000080b00000|100%| O|  |TAMS 0x0000000080b00000, 0x0000000080a00000| Untracked 
|  11|0x0000000080b00000, 0x0000000080c00000, 0x0000000080c00000|100%| O|  |TAMS 0x0000000080c00000, 0x0000000080b00000| Untracked 
|  12|0x0000000080c00000, 0x0000000080d00000, 0x0000000080d00000|100%| O|  |TAMS 0x0000000080d00000, 0x0000000080c00000| Untracked 
|  13|0x0000000080d00000, 0x0000000080e00000, 0x0000000080e00000|100%| O|  |TAMS 0x0000000080e00000, 0x0000000080d00000| Untracked 
|  14|0x0000000080e00000, 0x0000000080f00000, 0x0000000080f00000|100%| O|  |TAMS 0x0000000080f00000, 0x0000000080e00000| Untracked 
|  15|0x0000000080f00000, 0x0000000081000000, 0x0000000081000000|100%| O|  |TAMS 0x0000000081000000, 0x0000000080f00000| Untracked 
|  16|0x0000000081000000, 0x0000000081100000, 0x0000000081100000|100%| O|  |TAMS 0x0000000081100000, 0x0000000081000000| Untracked 
|  17|0x0000000081100000, 0x0000000081200000, 0x0000000081200000|100%| O|  |TAMS 0x0000000081200000, 0x0000000081100000| Untracked 
|  18|0x0000000081200000, 0x0000000081300000, 0x0000000081300000|100%| O|  |TAMS 0x0000000081300000, 0x0000000081200000| Untracked 
|  19|0x0000000081300000, 0x0000000081400000, 0x0000000081400000|100%| O|  |TAMS 0x0000000081400000, 0x0000000081300000| Untracked 
|  20|0x0000000081400000, 0x0000000081500000, 0x0000000081500000|100%| O|  |TAMS 0x0000000081500000, 0x0000000081400000| Untracked 
|  21|0x0000000081500000, 0x0000000081600000, 0x0000000081600000|100%| O|  |TAMS 0x0000000081600000, 0x0000000081500000| Untracked 
|  22|0x0000000081600000, 0x0000000081700000, 0x0000000081700000|100%| O|  |TAMS 0x0000000081700000, 0x0000000081600000| Untracked 
|  23|0x0000000081700000, 0x0000000081800000, 0x0000000081800000|100%| O|  |TAMS 0x0000000081800000, 0x0000000081700000| Untracked 
|  24|0x0000000081800000, 0x0000000081900000, 0x0000000081900000|100%| O|  |TAMS 0x0000000081900000, 0x0000000081800000| Untracked 
|  25|0x0000000081900000, 0x0000000081a00000, 0x0000000081a00000|100%| O|  |TAMS 0x0000000081a00000, 0x0000000081900000| Untracked 
|  26|0x0000000081a00000, 0x0000000081b00000, 0x0000000081b00000|100%| O|  |TAMS 0x0000000081b00000, 0x0000000081a00000| Untracked 
|  27|0x0000000081b00000, 0x0000000081c00000, 0x0000000081c00000|100%| O|  |TAMS 0x0000000081c00000, 0x0000000081b00000| Untracked 
|  28|0x0000000081c00000, 0x0000000081d00000, 0x0000000081d00000|100%| O|  |TAMS 0x0000000081d00000, 0x0000000081c00000| Untracked 
|  29|0x0000000081d00000, 0x0000000081e00000, 0x0000000081e00000|100%| O|  |TAMS 0x0000000081e00000, 0x0000000081d00000| Untracked 
|  30|0x0000000081e00000, 0x0000000081f00000, 0x0000000081f00000|100%| O|  |TAMS 0x0000000081f00000, 0x0000000081e00000| Untracked 
|  31|0x0000000081f00000, 0x0000000082000000, 0x0000000082000000|100%| O|  |TAMS 0x0000000082000000, 0x0000000081f00000| Untracked 
|  32|0x0000000082000000, 0x0000000082100000, 0x0000000082100000|100%| O|  |TAMS 0x0000000082100000, 0x0000000082000000| Untracked 
|  33|0x0000000082100000, 0x0000000082200000, 0x0000000082200000|100%| O|  |TAMS 0x0000000082200000, 0x0000000082100000| Untracked 
|  34|0x0000000082200000, 0x0000000082300000, 0x0000000082300000|100%| O|  |TAMS 0x0000000082300000, 0x0000000082200000| Untracked 
|  35|0x0000000082300000, 0x0000000082400000, 0x0000000082400000|100%| O|  |TAMS 0x0000000082400000, 0x0000000082300000| Untracked 
|  36|0x0000000082400000, 0x0000000082500000, 0x0000000082500000|100%|HS|  |TAMS 0x0000000082500000, 0x0000000082400000| Complete 
|  37|0x0000000082500000, 0x0000000082600000, 0x0000000082600000|100%|HS|  |TAMS 0x0000000082600000, 0x0000000082500000| Complete 
|  38|0x0000000082600000, 0x0000000082700000, 0x0000000082700000|100%|HC|  |TAMS 0x0000000082700000, 0x0000000082600000| Complete 
|  39|0x0000000082700000, 0x0000000082800000, 0x0000000082800000|100%|HS|  |TAMS 0x0000000082800000, 0x0000000082700000| Complete 
|  40|0x0000000082800000, 0x0000000082900000, 0x0000000082900000|100%| O|  |TAMS 0x0000000082900000, 0x0000000082800000| Untracked 
|  41|0x0000000082900000, 0x0000000082a00000, 0x0000000082a00000|100%| O|  |TAMS 0x0000000082a00000, 0x0000000082900000| Untracked 
|  42|0x0000000082a00000, 0x0000000082b00000, 0x0000000082b00000|100%|HS|  |TAMS 0x0000000082b00000, 0x0000000082a00000| Complete 
|  43|0x0000000082b00000, 0x0000000082c00000, 0x0000000082c00000|100%|HC|  |TAMS 0x0000000082c00000, 0x0000000082b00000| Complete 
|  44|0x0000000082c00000, 0x0000000082d00000, 0x0000000082d00000|100%|HC|  |TAMS 0x0000000082d00000, 0x0000000082c00000| Complete 
|  45|0x0000000082d00000, 0x0000000082e00000, 0x0000000082e00000|100%|HC|  |TAMS 0x0000000082e00000, 0x0000000082d00000| Complete 
|  46|0x0000000082e00000, 0x0000000082f00000, 0x0000000082f00000|100%| O|  |TAMS 0x0000000082f00000, 0x0000000082e00000| Untracked 
|  47|0x0000000082f00000, 0x0000000083000000, 0x0000000083000000|100%| O|  |TAMS 0x0000000083000000, 0x0000000082f00000| Untracked 
|  48|0x0000000083000000, 0x0000000083100000, 0x0000000083100000|100%| O|  |TAMS 0x0000000083100000, 0x0000000083000000| Untracked 
|  49|0x0000000083100000, 0x0000000083200000, 0x0000000083200000|100%| O|  |TAMS 0x0000000083200000, 0x0000000083100000| Untracked 
|  50|0x0000000083200000, 0x0000000083300000, 0x0000000083300000|100%| O|  |TAMS 0x0000000083300000, 0x0000000083200000| Untracked 
|  51|0x0000000083300000, 0x0000000083400000, 0x0000000083400000|100%| O|  |TAMS 0x0000000083400000, 0x0000000083300000| Untracked 
|  52|0x0000000083400000, 0x0000000083400000, 0x0000000083500000|  0%| F|  |TAMS 0x0000000083400000, 0x0000000083400000| Untracked 
|  53|0x0000000083500000, 0x0000000083600000, 0x0000000083600000|100%| O|  |TAMS 0x00000000835e4800, 0x0000000083500000| Untracked 
|  54|0x0000000083600000, 0x0000000083600000, 0x0000000083700000|  0%| F|  |TAMS 0x0000000083600000, 0x0000000083600000| Untracked 
|  55|0x0000000083700000, 0x0000000083800000, 0x0000000083800000|100%|HS|  |TAMS 0x0000000083800000, 0x0000000083700000| Complete 
|  56|0x0000000083800000, 0x0000000083900000, 0x0000000083900000|100%|HS|  |TAMS 0x0000000083900000, 0x0000000083800000| Complete 
|  57|0x0000000083900000, 0x0000000083a00000, 0x0000000083a00000|100%| O|  |TAMS 0x0000000083900000, 0x0000000083900000| Untracked 
|  58|0x0000000083a00000, 0x0000000083b00000, 0x0000000083b00000|100%| O|  |TAMS 0x0000000083a00000, 0x0000000083a00000| Untracked 
|  59|0x0000000083b00000, 0x0000000083bcbe00, 0x0000000083c00000| 79%| O|  |TAMS 0x0000000083b00000, 0x0000000083b00000| Untracked 
|  60|0x0000000083c00000, 0x0000000083d00000, 0x0000000083d00000|100%|HS|  |TAMS 0x0000000083c00000, 0x0000000083c00000| Complete 
|  61|0x0000000083d00000, 0x0000000083d00000, 0x0000000083e00000|  0%| F|  |TAMS 0x0000000083d00000, 0x0000000083d00000| Untracked 
|  62|0x0000000083e00000, 0x0000000083e00000, 0x0000000083f00000|  0%| F|  |TAMS 0x0000000083e00000, 0x0000000083e00000| Untracked 
|  63|0x0000000083f00000, 0x0000000083f00000, 0x0000000084000000|  0%| F|  |TAMS 0x0000000083f00000, 0x0000000083f00000| Untracked 
|  64|0x0000000084000000, 0x0000000084000000, 0x0000000084100000|  0%| F|  |TAMS 0x0000000084000000, 0x0000000084000000| Untracked 
|  65|0x0000000084100000, 0x0000000084100000, 0x0000000084200000|  0%| F|  |TAMS 0x0000000084100000, 0x0000000084100000| Untracked 
|  66|0x0000000084200000, 0x0000000084200000, 0x0000000084300000|  0%| F|  |TAMS 0x0000000084200000, 0x0000000084200000| Untracked 
|  67|0x0000000084300000, 0x0000000084300000, 0x0000000084400000|  0%| F|  |TAMS 0x0000000084300000, 0x0000000084300000| Untracked 
|  68|0x0000000084400000, 0x0000000084400000, 0x0000000084500000|  0%| F|  |TAMS 0x0000000084400000, 0x0000000084400000| Untracked 
|  69|0x0000000084500000, 0x0000000084500000, 0x0000000084600000|  0%| F|  |TAMS 0x0000000084500000, 0x0000000084500000| Untracked 
|  70|0x0000000084600000, 0x0000000084600000, 0x0000000084700000|  0%| F|  |TAMS 0x0000000084600000, 0x0000000084600000| Untracked 
|  71|0x0000000084700000, 0x0000000084700000, 0x0000000084800000|  0%| F|  |TAMS 0x0000000084700000, 0x0000000084700000| Untracked 
|  72|0x0000000084800000, 0x0000000084800000, 0x0000000084900000|  0%| F|  |TAMS 0x0000000084800000, 0x0000000084800000| Untracked 
|  73|0x0000000084900000, 0x0000000084900000, 0x0000000084a00000|  0%| F|  |TAMS 0x0000000084900000, 0x0000000084900000| Untracked 
|  74|0x0000000084a00000, 0x0000000084a00000, 0x0000000084b00000|  0%| F|  |TAMS 0x0000000084a00000, 0x0000000084a00000| Untracked 
|  75|0x0000000084b00000, 0x0000000084b00000, 0x0000000084c00000|  0%| F|  |TAMS 0x0000000084b00000, 0x0000000084b00000| Untracked 
|  76|0x0000000084c00000, 0x0000000084c00000, 0x0000000084d00000|  0%| F|  |TAMS 0x0000000084c00000, 0x0000000084c00000| Untracked 
|  77|0x0000000084d00000, 0x0000000084d00000, 0x0000000084e00000|  0%| F|  |TAMS 0x0000000084d00000, 0x0000000084d00000| Untracked 
|  78|0x0000000084e00000, 0x0000000084e00000, 0x0000000084f00000|  0%| F|  |TAMS 0x0000000084e00000, 0x0000000084e00000| Untracked 
|  79|0x0000000084f00000, 0x0000000084f00000, 0x0000000085000000|  0%| F|  |TAMS 0x0000000084f00000, 0x0000000084f00000| Untracked 
|  80|0x0000000085000000, 0x0000000085000000, 0x0000000085100000|  0%| F|  |TAMS 0x0000000085000000, 0x0000000085000000| Untracked 
|  81|0x0000000085100000, 0x0000000085100000, 0x0000000085200000|  0%| F|  |TAMS 0x0000000085100000, 0x0000000085100000| Untracked 
|  82|0x0000000085200000, 0x0000000085200000, 0x0000000085300000|  0%| F|  |TAMS 0x0000000085200000, 0x0000000085200000| Untracked 
|  83|0x0000000085300000, 0x0000000085300000, 0x0000000085400000|  0%| F|  |TAMS 0x0000000085300000, 0x0000000085300000| Untracked 
|  84|0x0000000085400000, 0x0000000085400000, 0x0000000085500000|  0%| F|  |TAMS 0x0000000085400000, 0x0000000085400000| Untracked 
|  85|0x0000000085500000, 0x0000000085500000, 0x0000000085600000|  0%| F|  |TAMS 0x0000000085500000, 0x0000000085500000| Untracked 
|  86|0x0000000085600000, 0x0000000085600000, 0x0000000085700000|  0%| F|  |TAMS 0x0000000085600000, 0x0000000085600000| Untracked 
|  87|0x0000000085700000, 0x0000000085700000, 0x0000000085800000|  0%| F|  |TAMS 0x0000000085700000, 0x0000000085700000| Untracked 
|  88|0x0000000085800000, 0x0000000085800000, 0x0000000085900000|  0%| F|  |TAMS 0x0000000085800000, 0x0000000085800000| Untracked 
|  89|0x0000000085900000, 0x0000000085900000, 0x0000000085a00000|  0%| F|  |TAMS 0x0000000085900000, 0x0000000085900000| Untracked 
|  90|0x0000000085a00000, 0x0000000085b00000, 0x0000000085b00000|100%| E|  |TAMS 0x0000000085a00000, 0x0000000085a00000| Complete 
|  91|0x0000000085b00000, 0x0000000085b65710, 0x0000000085c00000| 39%| S|CS|TAMS 0x0000000085b00000, 0x0000000085b00000| Complete 
|  92|0x0000000085c00000, 0x0000000085d00000, 0x0000000085d00000|100%| S|CS|TAMS 0x0000000085c00000, 0x0000000085c00000| Complete 
|  93|0x0000000085d00000, 0x0000000085e00000, 0x0000000085e00000|100%| E|CS|TAMS 0x0000000085d00000, 0x0000000085d00000| Complete 
|  94|0x0000000085e00000, 0x0000000085f00000, 0x0000000085f00000|100%| E|CS|TAMS 0x0000000085e00000, 0x0000000085e00000| Complete 
|  95|0x0000000085f00000, 0x0000000086000000, 0x0000000086000000|100%| E|CS|TAMS 0x0000000085f00000, 0x0000000085f00000| Complete 
|  96|0x0000000086000000, 0x0000000086100000, 0x0000000086100000|100%| E|CS|TAMS 0x0000000086000000, 0x0000000086000000| Complete 
|  97|0x0000000086100000, 0x0000000086200000, 0x0000000086200000|100%| E|CS|TAMS 0x0000000086100000, 0x0000000086100000| Complete 
|  98|0x0000000086200000, 0x0000000086300000, 0x0000000086300000|100%| E|CS|TAMS 0x0000000086200000, 0x0000000086200000| Complete 
|  99|0x0000000086300000, 0x0000000086400000, 0x0000000086400000|100%| E|CS|TAMS 0x0000000086300000, 0x0000000086300000| Complete 
| 100|0x0000000086400000, 0x0000000086500000, 0x0000000086500000|100%| E|CS|TAMS 0x0000000086400000, 0x0000000086400000| Complete 
| 101|0x0000000086500000, 0x0000000086600000, 0x0000000086600000|100%| E|CS|TAMS 0x0000000086500000, 0x0000000086500000| Complete 
| 102|0x0000000086600000, 0x0000000086700000, 0x0000000086700000|100%| E|CS|TAMS 0x0000000086600000, 0x0000000086600000| Complete 
| 103|0x0000000086700000, 0x0000000086800000, 0x0000000086800000|100%| E|CS|TAMS 0x0000000086700000, 0x0000000086700000| Complete 
| 104|0x0000000086800000, 0x0000000086900000, 0x0000000086900000|100%| E|CS|TAMS 0x0000000086800000, 0x0000000086800000| Complete 
| 105|0x0000000086900000, 0x0000000086a00000, 0x0000000086a00000|100%| E|CS|TAMS 0x0000000086900000, 0x0000000086900000| Complete 
| 106|0x0000000086a00000, 0x0000000086b00000, 0x0000000086b00000|100%| E|CS|TAMS 0x0000000086a00000, 0x0000000086a00000| Complete 
| 107|0x0000000086b00000, 0x0000000086c00000, 0x0000000086c00000|100%| E|CS|TAMS 0x0000000086b00000, 0x0000000086b00000| Complete 
| 108|0x0000000086c00000, 0x0000000086d00000, 0x0000000086d00000|100%| E|CS|TAMS 0x0000000086c00000, 0x0000000086c00000| Complete 
| 109|0x0000000086d00000, 0x0000000086e00000, 0x0000000086e00000|100%| E|CS|TAMS 0x0000000086d00000, 0x0000000086d00000| Complete 

Card table byte_map: [0x000002137d110000,0x000002137d510000] _byte_map_base: 0x000002137cd10000

Marking Bits (Prev, Next): (CMBitMap*) 0x0000021379897b00, (CMBitMap*) 0x0000021379897b40
 Prev Bits: [0x000002137d910000, 0x000002137f910000)
 Next Bits: [0x000002130f000000, 0x0000021311000000)

Polling page: 0x0000021379010000

Metaspace:

Usage:
  Non-class:     55.90 MB used.
      Class:      8.44 MB used.
       Both:     64.35 MB used.

Virtual space:
  Non-class space:       64.00 MB reserved,      56.19 MB ( 88%) committed,  8 nodes.
      Class space:        1.00 GB reserved,       8.69 MB ( <1%) committed,  1 nodes.
             Both:        1.06 GB reserved,      64.88 MB (  6%) committed. 

Chunk freelists:
   Non-Class:  3.73 MB
       Class:  3.25 MB
        Both:  6.98 MB

MaxMetaspaceSize: unlimited
CompressedClassSpaceSize: 1.00 GB
Initial GC threshold: 21.00 MB
Current GC threshold: 103.56 MB
CDS: off
MetaspaceReclaimPolicy: balanced
 - commit_granule_bytes: 65536.
 - commit_granule_words: 8192.
 - virtual_space_node_default_size: 1048576.
 - enlarge_chunks_in_place: 1.
 - new_chunks_are_fully_committed: 0.
 - uncommit_free_chunks: 1.
 - use_allocation_guard: 0.
 - handle_deallocations: 1.


Internal statistics:

num_allocs_failed_limit: 6.
num_arena_births: 612.
num_arena_deaths: 0.
num_vsnodes_births: 9.
num_vsnodes_deaths: 0.
num_space_committed: 1038.
num_space_uncommitted: 0.
num_chunks_returned_to_freelist: 6.
num_chunks_taken_from_freelist: 2744.
num_chunk_merges: 6.
num_chunk_splits: 1830.
num_chunks_enlarged: 1258.
num_purges: 0.
num_inconsistent_stats: 0.

CodeHeap 'non-profiled nmethods': size=120064Kb used=3281Kb max_used=3301Kb free=116782Kb
 bounds [0x0000021307ac0000, 0x0000021307e00000, 0x000002130f000000]
CodeHeap 'profiled nmethods': size=120000Kb used=12004Kb max_used=12314Kb free=107996Kb
 bounds [0x0000021300000000, 0x0000021300c10000, 0x0000021307530000]
CodeHeap 'non-nmethods': size=5696Kb used=2342Kb max_used=2381Kb free=3353Kb
 bounds [0x0000021307530000, 0x00000213077a0000, 0x0000021307ac0000]
 total_blobs=7059 nmethods=6189 adapters=783
 compilation: enabled
              stopped_count=0, restarted_count=0
 full_count=0

Compilation events (20 events):
Event: 59.861 Thread 0x000002137fb7e990 7008       3       sun.reflect.generics.tree.SimpleClassTypeSignature::accept (8 bytes)
Event: 59.861 Thread 0x000002137fb7e990 nmethod 7008 0x0000021300424f10 code [0x00000213004250e0, 0x00000213004253c8]
Event: 59.862 Thread 0x000002137fb7e990 7009       3       sun.reflect.generics.visitor.Reifier::visitSimpleClassTypeSignature (18 bytes)
Event: 59.862 Thread 0x000002137fb7e990 nmethod 7009 0x0000021300424a10 code [0x0000021300424bc0, 0x0000021300424de8]
Event: 59.869 Thread 0x000002137fb7e990 7010       3       com.sun.beans.introspect.PropertyInfo::isConstrained (101 bytes)
Event: 59.870 Thread 0x000002137fb7e990 nmethod 7010 0x0000021300424410 code [0x00000213004245e0, 0x00000213004248b8]
Event: 59.874 Thread 0x000002137fb7e990 7011       3       java.beans.MethodDescriptor::resolve (32 bytes)
Event: 59.874 Thread 0x000002137fb7e990 nmethod 7011 0x0000021300423b10 code [0x0000021300423d00, 0x0000021300424278]
Event: 59.876 Thread 0x000002137fb7e990 7012       3       java.util.Hashtable$EntrySet::iterator (9 bytes)
Event: 59.877 Thread 0x000002137fb7e990 nmethod 7012 0x0000021300423710 code [0x00000213004238c0, 0x0000021300423a08]
Event: 59.877 Thread 0x000002137fb7e990 7013       3       java.beans.PropertyDescriptor::getPropertyEditorClass (22 bytes)
Event: 59.877 Thread 0x000002137fb7e990 nmethod 7013 0x0000021300423110 code [0x00000213004232c0, 0x00000213004235e8]
Event: 59.878 Thread 0x000002137fb7e990 7014   !   3       java.beans.PropertyDescriptor::findPropertyType (145 bytes)
Event: 59.884 Thread 0x000002137fb7e990 nmethod 7014 0x00000213005fa890 code [0x00000213005faec0, 0x00000213005fe208]
Event: 60.005 Thread 0x000002137fb7e990 7015       3       org.codehaus.groovy.reflection.CachedClass::<init> (247 bytes)
Event: 60.008 Thread 0x000002137fb7e990 nmethod 7015 0x000002130001cc90 code [0x000002130001d160, 0x000002130001fec8]
Event: 60.011 Thread 0x000002137fb7e990 7016       3       groovy.lang.MetaClassImpl::addMetaBeanProperty (119 bytes)
Event: 60.013 Thread 0x000002137fb7e990 nmethod 7016 0x0000021300391690 code [0x0000021300391940, 0x0000021300392fc8]
Event: 60.014 Thread 0x000002137fb7e990 7017       3       groovy.lang.MetaClassImpl$$Lambda$442/0x000000010052a600::apply (12 bytes)
Event: 60.015 Thread 0x000002137fb7e990 nmethod 7017 0x0000021300390a90 code [0x0000021300390cc0, 0x0000021300391398]

GC Heap History (20 events):
Event: 44.962 GC heap before
{Heap before GC invocations=33 (full 0):
 garbage-first heap   total 83968K, used 48551K [0x0000000080000000, 0x0000000100000000)
  region size 1024K, 4 young (4096K), 2 survivors (2048K)
 Metaspace       used 52316K, committed 52800K, reserved 1097728K
  class space    used 6878K, committed 7104K, reserved 1048576K
}
Event: 44.966 GC heap after
{Heap after GC invocations=34 (full 0):
 garbage-first heap   total 83968K, used 50350K [0x0000000080000000, 0x0000000100000000)
  region size 1024K, 2 young (2048K), 2 survivors (2048K)
 Metaspace       used 52316K, committed 52800K, reserved 1097728K
  class space    used 6878K, committed 7104K, reserved 1048576K
}
Event: 45.900 GC heap before
{Heap before GC invocations=35 (full 0):
 garbage-first heap   total 89088K, used 58542K [0x0000000080000000, 0x0000000100000000)
  region size 1024K, 10 young (10240K), 2 survivors (2048K)
 Metaspace       used 53172K, committed 53568K, reserved 1097728K
  class space    used 6980K, committed 7168K, reserved 1048576K
}
Event: 45.912 GC heap after
{Heap after GC invocations=36 (full 0):
 garbage-first heap   total 89088K, used 52044K [0x0000000080000000, 0x0000000100000000)
  region size 1024K, 2 young (2048K), 2 survivors (2048K)
 Metaspace       used 53172K, committed 53568K, reserved 1097728K
  class space    used 6980K, committed 7168K, reserved 1048576K
}
Event: 46.999 GC heap before
{Heap before GC invocations=36 (full 0):
 garbage-first heap   total 89088K, used 61260K [0x0000000080000000, 0x0000000100000000)
  region size 1024K, 12 young (12288K), 2 survivors (2048K)
 Metaspace       used 54465K, committed 54912K, reserved 1097728K
  class space    used 7168K, committed 7360K, reserved 1048576K
}
Event: 47.005 GC heap after
{Heap after GC invocations=37 (full 0):
 garbage-first heap   total 89088K, used 52367K [0x0000000080000000, 0x0000000100000000)
  region size 1024K, 1 young (1024K), 1 survivors (1024K)
 Metaspace       used 54465K, committed 54912K, reserved 1097728K
  class space    used 7168K, committed 7360K, reserved 1048576K
}
Event: 49.291 GC heap before
{Heap before GC invocations=38 (full 0):
 garbage-first heap   total 91136K, used 62607K [0x0000000080000000, 0x0000000100000000)
  region size 1024K, 12 young (12288K), 1 survivors (1024K)
 Metaspace       used 56004K, committed 56512K, reserved 1105920K
  class space    used 7395K, committed 7616K, reserved 1048576K
}
Event: 49.298 GC heap after
{Heap after GC invocations=39 (full 0):
 garbage-first heap   total 91136K, used 52880K [0x0000000080000000, 0x0000000100000000)
  region size 1024K, 1 young (1024K), 1 survivors (1024K)
 Metaspace       used 56004K, committed 56512K, reserved 1105920K
  class space    used 7395K, committed 7616K, reserved 1048576K
}
Event: 50.752 GC heap before
{Heap before GC invocations=39 (full 0):
 garbage-first heap   total 91136K, used 66192K [0x0000000080000000, 0x0000000100000000)
  region size 1024K, 14 young (14336K), 1 survivors (1024K)
 Metaspace       used 58495K, committed 58880K, reserved 1105920K
  class space    used 7684K, committed 7872K, reserved 1048576K
}
Event: 50.759 GC heap after
{Heap after GC invocations=40 (full 0):
 garbage-first heap   total 91136K, used 53179K [0x0000000080000000, 0x0000000100000000)
  region size 1024K, 2 young (2048K), 2 survivors (2048K)
 Metaspace       used 58495K, committed 58880K, reserved 1105920K
  class space    used 7684K, committed 7872K, reserved 1048576K
}
Event: 54.355 GC heap before
{Heap before GC invocations=41 (full 0):
 garbage-first heap   total 92160K, used 67515K [0x0000000080000000, 0x0000000100000000)
  region size 1024K, 16 young (16384K), 2 survivors (2048K)
 Metaspace       used 61020K, committed 61504K, reserved 1105920K
  class space    used 8045K, committed 8256K, reserved 1048576K
}
Event: 54.367 GC heap after
{Heap after GC invocations=42 (full 0):
 garbage-first heap   total 92160K, used 54197K [0x0000000080000000, 0x0000000100000000)
  region size 1024K, 2 young (2048K), 2 survivors (2048K)
 Metaspace       used 61020K, committed 61504K, reserved 1105920K
  class space    used 8045K, committed 8256K, reserved 1048576K
}
Event: 55.926 GC heap before
{Heap before GC invocations=42 (full 0):
 garbage-first heap   total 92160K, used 63413K [0x0000000080000000, 0x0000000100000000)
  region size 1024K, 12 young (12288K), 2 survivors (2048K)
 Metaspace       used 63047K, committed 63616K, reserved 1105920K
  class space    used 8294K, committed 8576K, reserved 1048576K
}
Event: 55.936 GC heap after
{Heap after GC invocations=43 (full 0):
 garbage-first heap   total 92160K, used 55667K [0x0000000080000000, 0x0000000100000000)
  region size 1024K, 3 young (3072K), 3 survivors (3072K)
 Metaspace       used 63047K, committed 63616K, reserved 1105920K
  class space    used 8294K, committed 8576K, reserved 1048576K
}
Event: 56.108 GC heap before
{Heap before GC invocations=44 (full 0):
 garbage-first heap   total 94208K, used 59763K [0x0000000080000000, 0x0000000100000000)
  region size 1024K, 7 young (7168K), 3 survivors (3072K)
 Metaspace       used 63047K, committed 63616K, reserved 1105920K
  class space    used 8294K, committed 8576K, reserved 1048576K
}
Event: 56.120 GC heap after
{Heap after GC invocations=45 (full 0):
 garbage-first heap   total 94208K, used 58247K [0x0000000080000000, 0x0000000100000000)
  region size 1024K, 3 young (3072K), 3 survivors (3072K)
 Metaspace       used 63047K, committed 63616K, reserved 1105920K
  class space    used 8294K, committed 8576K, reserved 1048576K
}
Event: 56.373 GC heap before
{Heap before GC invocations=46 (full 0):
 garbage-first heap   total 106496K, used 66439K [0x0000000080000000, 0x0000000100000000)
  region size 1024K, 9 young (9216K), 3 survivors (3072K)
 Metaspace       used 63051K, committed 63616K, reserved 1105920K
  class space    used 8294K, committed 8576K, reserved 1048576K
}
Event: 56.384 GC heap after
{Heap after GC invocations=47 (full 0):
 garbage-first heap   total 106496K, used 61839K [0x0000000080000000, 0x0000000100000000)
  region size 1024K, 2 young (2048K), 2 survivors (2048K)
 Metaspace       used 63051K, committed 63616K, reserved 1105920K
  class space    used 8294K, committed 8576K, reserved 1048576K
}
Event: 58.433 GC heap before
{Heap before GC invocations=48 (full 0):
 garbage-first heap   total 112640K, used 79247K [0x0000000080000000, 0x0000000100000000)
  region size 1024K, 17 young (17408K), 2 survivors (2048K)
 Metaspace       used 64705K, committed 65216K, reserved 1105920K
  class space    used 8497K, committed 8768K, reserved 1048576K
}
Event: 58.440 GC heap after
{Heap after GC invocations=49 (full 0):
 garbage-first heap   total 112640K, used 61626K [0x0000000080000000, 0x0000000100000000)
  region size 1024K, 2 young (2048K), 2 survivors (2048K)
 Metaspace       used 64705K, committed 65216K, reserved 1105920K
  class space    used 8497K, committed 8768K, reserved 1048576K
}

Dll operation events (2 events):
Event: 0.050 Loaded shared library C:\Program Files\Android\Android Studio\jbr\bin\java.dll
Event: 3.490 Loaded shared library C:\Program Files\Android\Android Studio\jbr\bin\verify.dll

Deoptimization events (20 events):
Event: 56.580 Thread 0x0000021315cfa040 DEOPT PACKING pc=0x000002130019e930 sp=0x0000007d336f25d0
Event: 56.580 Thread 0x0000021315cfa040 DEOPT UNPACKING pc=0x0000021307587143 sp=0x0000007d336f1a68 mode 0
Event: 56.583 Thread 0x0000021315cfa040 DEOPT PACKING pc=0x000002130019e930 sp=0x0000007d336f25d0
Event: 56.583 Thread 0x0000021315cfa040 DEOPT UNPACKING pc=0x0000021307587143 sp=0x0000007d336f1a68 mode 0
Event: 56.585 Thread 0x0000021315cfa040 DEOPT PACKING pc=0x000002130019e930 sp=0x0000007d336f25d0
Event: 56.585 Thread 0x0000021315cfa040 DEOPT UNPACKING pc=0x0000021307587143 sp=0x0000007d336f1a68 mode 0
Event: 56.586 Thread 0x0000021315cfa040 DEOPT PACKING pc=0x000002130019e930 sp=0x0000007d336f25d0
Event: 56.586 Thread 0x0000021315cfa040 DEOPT UNPACKING pc=0x0000021307587143 sp=0x0000007d336f1a68 mode 0
Event: 56.603 Thread 0x0000021315cfa040 Uncommon trap: trap_request=0xffffff45 fr.pc=0x0000021307cf2370 relative=0x00000000000014b0
Event: 56.603 Thread 0x0000021315cfa040 Uncommon trap: reason=unstable_if action=reinterpret pc=0x0000021307cf2370 method=java.security.CodeSource.matchCerts(Ljava/security/CodeSource;Z)Z @ 11 c2
Event: 56.603 Thread 0x0000021315cfa040 DEOPT PACKING pc=0x0000021307cf2370 sp=0x0000007d336f16d0
Event: 56.603 Thread 0x0000021315cfa040 DEOPT UNPACKING pc=0x00000213075869a3 sp=0x0000007d336f1540 mode 2
Event: 57.697 Thread 0x0000021315cfa040 Uncommon trap: trap_request=0xffffff45 fr.pc=0x0000021307d135d8 relative=0x0000000000002ad8
Event: 57.697 Thread 0x0000021315cfa040 Uncommon trap: reason=unstable_if action=reinterpret pc=0x0000021307d135d8 method=java.util.regex.Pattern.has(I)Z @ 6 c2
Event: 57.697 Thread 0x0000021315cfa040 DEOPT PACKING pc=0x0000021307d135d8 sp=0x0000007d336f60e0
Event: 57.697 Thread 0x0000021315cfa040 DEOPT UNPACKING pc=0x00000213075869a3 sp=0x0000007d336f6060 mode 2
Event: 58.486 Thread 0x0000021315cfa040 Uncommon trap: trap_request=0xffffffdc fr.pc=0x0000021307b37004 relative=0x0000000000000264
Event: 58.486 Thread 0x0000021315cfa040 Uncommon trap: reason=class_check action=make_not_entrant pc=0x0000021307b37004 method=java.util.ArrayList.toArray([Ljava/lang/Object;)[Ljava/lang/Object; @ 21 c2
Event: 58.486 Thread 0x0000021315cfa040 DEOPT PACKING pc=0x0000021307b37004 sp=0x0000007d336f6a40
Event: 58.486 Thread 0x0000021315cfa040 DEOPT UNPACKING pc=0x00000213075869a3 sp=0x0000007d336f6a10 mode 2

Classes unloaded (0 events):
No events

Classes redefined (0 events):
No events

Internal exceptions (20 events):
Event: 45.501 Thread 0x0000021315cfa040 Exception <a 'java/lang/ClassNotFoundException'{0x0000000085468010}: org/gradle/api/internal/plugins/DefaultObjectConfigurationActionCustomizer> (0x0000000085468010) 
thrown [s\src\hotspot\share\classfile\systemDictionary.cpp, line 256]
Event: 46.410 Thread 0x0000021315cfa040 Exception <a 'java/lang/NoSuchMethodError'{0x00000000850238f8}: 'java.lang.Object java.lang.invoke.DirectMethodHandle$Holder.newInvokeSpecial(java.lang.Object, java.lang.Object, java.lang.Object, java.lang.Object, int)'> (0x00000000850238f8) 
thrown [s\src\hotspot\share\interpreter\linkResolver.cpp, line 771]
Event: 46.411 Thread 0x0000021315cfa040 Exception <a 'java/lang/NoSuchMethodError'{0x0000000085028a98}: 'java.lang.Object java.lang.invoke.DirectMethodHandle$Holder.invokeSpecial(java.lang.Object, java.lang.Object, java.lang.Object, java.lang.Object, java.lang.Object, int)'> (0x0000000085028a98) 
thrown [s\src\hotspot\share\interpreter\linkResolver.cpp, line 771]
Event: 46.412 Thread 0x0000021315cfa040 Exception <a 'java/lang/NoSuchMethodError'{0x000000008502d7d0}: 'java.lang.Object java.lang.invoke.Invokers$Holder.linkToTargetMethod(java.lang.Object, java.lang.Object, java.lang.Object, int, java.lang.Object)'> (0x000000008502d7d0) 
thrown [s\src\hotspot\share\interpreter\linkResolver.cpp, line 771]
Event: 49.220 Thread 0x0000021315cfa040 Exception <a 'java/lang/NoSuchMethodError'{0x0000000084e26ea8}: 'int java.lang.invoke.DirectMethodHandle$Holder.invokeInterface(java.lang.Object, java.lang.Object, java.lang.Object, java.lang.Object)'> (0x0000000084e26ea8) 
thrown [s\src\hotspot\share\interpreter\linkResolver.cpp, line 771]
Event: 53.886 Thread 0x0000021315cfa040 Exception <a 'java/lang/IncompatibleClassChangeError'{0x0000000084f7e3a0}: Found class java.lang.Object, but interface was expected> (0x0000000084f7e3a0) 
thrown [s\src\hotspot\share\interpreter\linkResolver.cpp, line 838]
Event: 54.172 Thread 0x0000021315cfa040 Implicit null exception at 0x0000021307ca3759 to 0x0000021307ca38f4
Event: 54.173 Thread 0x0000021315cfa040 Implicit null exception at 0x0000021307d169ba to 0x0000021307d18400
Event: 55.536 Thread 0x0000021315cfa040 Implicit null exception at 0x0000021307c66a0c to 0x0000021307c66b3e
Event: 57.004 Thread 0x0000021315cfa040 Exception <a 'sun/nio/fs/WindowsException'{0x0000000086c5f410}> (0x0000000086c5f410) 
thrown [s\src\hotspot\share\prims\jni.cpp, line 517]
Event: 59.855 Thread 0x0000021315cfa040 Exception <a 'java/lang/ClassNotFoundException'{0x00000000860fef50}: org/gradle/api/internal/project/DefaultProject_DecoratedBeanInfo> (0x00000000860fef50) 
thrown [s\src\hotspot\share\classfile\systemDictionary.cpp, line 256]
Event: 59.857 Thread 0x0000021315cfa040 Exception <a 'java/lang/ClassNotFoundException'{0x0000000085f16b20}: org/gradle/api/internal/project/DefaultProjectBeanInfo> (0x0000000085f16b20) 
thrown [s\src\hotspot\share\classfile\systemDictionary.cpp, line 256]
Event: 59.858 Thread 0x0000021315cfa040 Exception <a 'java/lang/ClassNotFoundException'{0x0000000085f2e5a8}: org/gradle/api/internal/project/DefaultProjectCustomizer> (0x0000000085f2e5a8) 
thrown [s\src\hotspot\share\classfile\systemDictionary.cpp, line 256]
Event: 59.873 Thread 0x0000021315cfa040 Exception <a 'java/lang/ClassNotFoundException'{0x0000000085fe2568}: org/gradle/api/internal/project/DefaultProject_DecoratedCustomizer> (0x0000000085fe2568) 
thrown [s\src\hotspot\share\classfile\systemDictionary.cpp, line 256]
Event: 60.021 Thread 0x0000021315cfa040 Exception <a 'java/lang/ClassNotFoundException'{0x0000000085ec51b8}: org/gradle/api/plugins/internal/DefaultBasePluginConvention_DecoratedBeanInfo> (0x0000000085ec51b8) 
thrown [s\src\hotspot\share\classfile\systemDictionary.cpp, line 256]
Event: 60.024 Thread 0x0000021315cfa040 Exception <a 'java/lang/ClassNotFoundException'{0x0000000085ee0710}: org/gradle/api/plugins/internal/DefaultBasePluginConventionBeanInfo> (0x0000000085ee0710) 
thrown [s\src\hotspot\share\classfile\systemDictionary.cpp, line 256]
Event: 60.027 Thread 0x0000021315cfa040 Exception <a 'java/lang/ClassNotFoundException'{0x0000000085efb058}: org/gradle/api/plugins/BasePluginConventionBeanInfo> (0x0000000085efb058) 
thrown [s\src\hotspot\share\classfile\systemDictionary.cpp, line 256]
Event: 60.029 Thread 0x0000021315cfa040 Exception <a 'java/lang/ClassNotFoundException'{0x0000000085d15e20}: org/gradle/api/plugins/BasePluginConventionCustomizer> (0x0000000085d15e20) 
thrown [s\src\hotspot\share\classfile\systemDictionary.cpp, line 256]
Event: 60.033 Thread 0x0000021315cfa040 Exception <a 'java/lang/ClassNotFoundException'{0x0000000085d3b210}: org/gradle/api/plugins/internal/DefaultBasePluginConventionCustomizer> (0x0000000085d3b210) 
thrown [s\src\hotspot\share\classfile\systemDictionary.cpp, line 256]
Event: 60.036 Thread 0x0000021315cfa040 Exception <a 'java/lang/ClassNotFoundException'{0x0000000085d68fa0}: org/gradle/api/plugins/internal/DefaultBasePluginConvention_DecoratedCustomizer> (0x0000000085d68fa0) 
thrown [s\src\hotspot\share\classfile\systemDictionary.cpp, line 256]

VM Operations (20 events):
Event: 56.100 Executing VM operation: G1Concurrent
Event: 56.102 Executing VM operation: G1Concurrent done
Event: 56.108 Executing VM operation: G1TryInitiateConcMark
Event: 56.120 Executing VM operation: G1TryInitiateConcMark done
Event: 56.228 Executing VM operation: G1Concurrent
Event: 56.236 Executing VM operation: G1Concurrent done
Event: 56.283 Executing VM operation: G1Concurrent
Event: 56.285 Executing VM operation: G1Concurrent done
Event: 56.373 Executing VM operation: G1TryInitiateConcMark
Event: 56.397 Executing VM operation: G1TryInitiateConcMark done
Event: 56.498 Executing VM operation: G1Concurrent
Event: 56.508 Executing VM operation: G1Concurrent done
Event: 56.566 Executing VM operation: G1Concurrent
Event: 56.579 Executing VM operation: G1Concurrent done
Event: 57.594 Executing VM operation: Cleanup
Event: 57.612 Executing VM operation: Cleanup done
Event: 58.433 Executing VM operation: G1CollectForAllocation
Event: 58.440 Executing VM operation: G1CollectForAllocation done
Event: 59.452 Executing VM operation: Cleanup
Event: 59.454 Executing VM operation: Cleanup done

Events (20 events):
Event: 55.854 loading class java/util/Base64$Decoder
Event: 55.855 loading class java/util/Base64$Decoder done
Event: 55.855 loading class java/util/Base64$Encoder
Event: 55.855 loading class java/util/Base64$Encoder done
Event: 55.902 loading class java/util/jar/JarVerifier$VerifierStream
Event: 55.903 loading class java/util/jar/JarVerifier$VerifierStream done
Event: 55.903 loading class sun/security/util/ManifestEntryVerifier$SunProviderHolder
Event: 55.903 loading class sun/security/util/ManifestEntryVerifier$SunProviderHolder done
Event: 57.004 loading class sun/nio/fs/WindowsException
Event: 57.004 loading class sun/nio/fs/WindowsException done
Event: 59.274 loading class java/security/KeyStore
Event: 59.288 loading class java/security/KeyStore done
Event: 59.288 loading class java/security/KeyStore$1
Event: 59.289 loading class java/security/KeyStore$1 done
Event: 59.947 loading class org/xml/sax/SAXParseException
Event: 59.983 loading class org/xml/sax/SAXParseException done
Event: 59.985 loading class org/xml/sax/Attributes
Event: 59.996 loading class org/xml/sax/Attributes done
Event: 59.997 loading class org/xml/sax/Locator
Event: 59.997 loading class org/xml/sax/Locator done


Dynamic libraries:
0x00007ff601600000 - 0x00007ff60160a000 	C:\Program Files\Android\Android Studio\jbr\bin\java.exe
0x00007fffc0950000 - 0x00007fffc0b46000 	C:\Windows\SYSTEM32\ntdll.dll
0x00007fffbeae0000 - 0x00007fffbeb9d000 	C:\Windows\System32\KERNEL32.DLL
0x00007fffbe580000 - 0x00007fffbe849000 	C:\Windows\System32\KERNELBASE.dll
0x00007fffbe850000 - 0x00007fffbe950000 	C:\Windows\System32\ucrtbase.dll
0x00007fffa5db0000 - 0x00007fffa5dc7000 	C:\Program Files\Android\Android Studio\jbr\bin\jli.dll
0x00007fffbf9c0000 - 0x00007fffbfb60000 	C:\Windows\System32\USER32.dll
0x00007fffbe4b0000 - 0x00007fffbe4d2000 	C:\Windows\System32\win32u.dll
0x00007fffbeaa0000 - 0x00007fffbeaca000 	C:\Windows\System32\GDI32.dll
0x00007fffbe110000 - 0x00007fffbe219000 	C:\Windows\System32\gdi32full.dll
0x00007fffbe4e0000 - 0x00007fffbe57d000 	C:\Windows\System32\msvcp_win.dll
0x00007fffa3a70000 - 0x00007fffa3a8b000 	C:\Program Files\Android\Android Studio\jbr\bin\VCRUNTIME140.dll
0x00007fffaec30000 - 0x00007fffaeecb000 	C:\Windows\WinSxS\amd64_microsoft.windows.common-controls_6595b64144ccf1df_6.0.19041.488_none_ca04af081b815d21\COMCTL32.dll
0x00007fffbfbc0000 - 0x00007fffbfc5e000 	C:\Windows\System32\msvcrt.dll
0x00007fffc0060000 - 0x00007fffc0090000 	C:\Windows\System32\IMM32.DLL
0x00007fffa8530000 - 0x00007fffa853c000 	C:\Program Files\Android\Android Studio\jbr\bin\vcruntime140_1.dll
0x00007fff96220000 - 0x00007fff962ad000 	C:\Program Files\Android\Android Studio\jbr\bin\msvcp140.dll
0x00007fff80140000 - 0x00007fff80dad000 	C:\Program Files\Android\Android Studio\jbr\bin\server\jvm.dll
0x00007fffbeba0000 - 0x00007fffbec4c000 	C:\Windows\System32\ADVAPI32.dll
0x00007fffbffc0000 - 0x00007fffc005c000 	C:\Windows\System32\sechost.dll
0x00007fffc01b0000 - 0x00007fffc02db000 	C:\Windows\System32\RPCRT4.dll
0x00007fffb6c40000 - 0x00007fffb6c49000 	C:\Windows\SYSTEM32\WSOCK32.dll
0x00007fffbf830000 - 0x00007fffbf89b000 	C:\Windows\System32\WS2_32.dll
0x00007fffb5950000 - 0x00007fffb595a000 	C:\Windows\SYSTEM32\VERSION.dll
0x00007fffb5920000 - 0x00007fffb5947000 	C:\Windows\SYSTEM32\WINMM.dll
0x00007fffbbe60000 - 0x00007fffbbe72000 	C:\Windows\SYSTEM32\kernel.appcore.dll
0x00007fffb3d50000 - 0x00007fffb3d5a000 	C:\Program Files\Android\Android Studio\jbr\bin\jimage.dll
0x00007fffaacf0000 - 0x00007fffaaed4000 	C:\Windows\SYSTEM32\DBGHELP.DLL
0x00007fffaa520000 - 0x00007fffaa54c000 	C:\Windows\SYSTEM32\dbgcore.DLL
0x00007fffbe430000 - 0x00007fffbe4b0000 	C:\Windows\System32\bcryptPrimitives.dll
0x00007fffb05e0000 - 0x00007fffb0605000 	C:\Program Files\Android\Android Studio\jbr\bin\java.dll
0x00007fffaeee0000 - 0x00007fffaeef8000 	C:\Program Files\Android\Android Studio\jbr\bin\zip.dll
0x00007fffbf0e0000 - 0x00007fffbf822000 	C:\Windows\System32\SHELL32.dll
0x00007fffbc170000 - 0x00007fffbc905000 	C:\Windows\SYSTEM32\windows.storage.dll
0x00007fffbfc60000 - 0x00007fffbffb6000 	C:\Windows\System32\combase.dll
0x00007fffbd930000 - 0x00007fffbd95c000 	C:\Windows\SYSTEM32\Wldp.dll
0x00007fffbf910000 - 0x00007fffbf9be000 	C:\Windows\System32\SHCORE.dll
0x00007fffc0710000 - 0x00007fffc0765000 	C:\Windows\System32\shlwapi.dll
0x00007fffbdf90000 - 0x00007fffbdfb6000 	C:\Windows\SYSTEM32\profapi.dll
0x00007fffaec10000 - 0x00007fffaec29000 	C:\Program Files\Android\Android Studio\jbr\bin\net.dll
0x00007fffb2f90000 - 0x00007fffb3090000 	C:\Windows\SYSTEM32\WINHTTP.dll
0x00007fffbd720000 - 0x00007fffbd78a000 	C:\Windows\system32\mswsock.dll
0x00007fffae800000 - 0x00007fffae816000 	C:\Program Files\Android\Android Studio\jbr\bin\nio.dll
0x00007fffaebd0000 - 0x00007fffaebe0000 	C:\Program Files\Android\Android Studio\jbr\bin\verify.dll
0x00007fffa5e10000 - 0x00007fffa5e37000 	C:\Users\Dmitry\.gradle\native\68d5fa5c4cc2d200863cafc0d521ce42e7d3e7ee720ec0a83991735586a16f82\windows-amd64\native-platform.dll
0x00007fff8b2f0000 - 0x00007fff8b434000 	C:\Users\Dmitry\.gradle\native\e376f236ea51e6404a007f0833ffe2c6e607c4080706a723a18a27aeea778392\windows-amd64\native-platform-file-events.dll
0x00007fffb05d0000 - 0x00007fffb05d9000 	C:\Program Files\Android\Android Studio\jbr\bin\management.dll
0x00007fffb05b0000 - 0x00007fffb05bb000 	C:\Program Files\Android\Android Studio\jbr\bin\management_ext.dll
0x00007fffbead0000 - 0x00007fffbead8000 	C:\Windows\System32\PSAPI.DLL
0x00007fffbd970000 - 0x00007fffbd988000 	C:\Windows\SYSTEM32\CRYPTSP.dll
0x00007fffbd0d0000 - 0x00007fffbd104000 	C:\Windows\system32\rsaenh.dll
0x00007fffbe950000 - 0x00007fffbe977000 	C:\Windows\System32\bcrypt.dll
0x00007fffbdf50000 - 0x00007fffbdf7e000 	C:\Windows\SYSTEM32\USERENV.dll
0x00007fffbd8a0000 - 0x00007fffbd8ac000 	C:\Windows\SYSTEM32\CRYPTBASE.dll
0x00007fffbd430000 - 0x00007fffbd46b000 	C:\Windows\SYSTEM32\IPHLPAPI.DLL
0x00007fffbe980000 - 0x00007fffbe988000 	C:\Windows\System32\NSI.dll
0x00007fffb3fc0000 - 0x00007fffb3fd7000 	C:\Windows\SYSTEM32\dhcpcsvc6.DLL
0x00007fffb3fa0000 - 0x00007fffb3fbd000 	C:\Windows\SYSTEM32\dhcpcsvc.DLL
0x00007fffbd470000 - 0x00007fffbd53b000 	C:\Windows\SYSTEM32\DNSAPI.dll
0x00007fffaeb90000 - 0x00007fffaeb97000 	C:\Windows\system32\wshunix.dll

dbghelp: loaded successfully - version: 4.0.5 - missing functions: none
symbol engine: initialized successfully - sym options: 0x614 - pdb path: .;C:\Program Files\Android\Android Studio\jbr\bin;C:\Windows\SYSTEM32;C:\Windows\WinSxS\amd64_microsoft.windows.common-controls_6595b64144ccf1df_6.0.19041.488_none_ca04af081b815d21;C:\Program Files\Android\Android Studio\jbr\bin\server;C:\Users\Dmitry\.gradle\native\68d5fa5c4cc2d200863cafc0d521ce42e7d3e7ee720ec0a83991735586a16f82\windows-amd64;C:\Users\Dmitry\.gradle\native\e376f236ea51e6404a007f0833ffe2c6e607c4080706a723a18a27aeea778392\windows-amd64

VM Arguments:
jvm_args: --add-opens=java.base/java.util=ALL-UNNAMED --add-opens=java.base/java.lang=ALL-UNNAMED --add-opens=java.base/java.lang.invoke=ALL-UNNAMED --add-opens=java.prefs/java.util.prefs=ALL-UNNAMED --add-opens=java.base/java.nio.charset=ALL-UNNAMED --add-opens=java.base/java.net=ALL-UNNAMED --add-opens=java.base/java.util.concurrent.atomic=ALL-UNNAMED -Xmx2048m -Dfile.encoding=UTF-8 -Duser.country=RU -Duser.language=ru -Duser.variant 
java_command: org.gradle.launcher.daemon.bootstrap.GradleDaemon 8.0
java_class_path (initial): C:\Users\Dmitry\.gradle\wrapper\dists\gradle-8.0-bin\ca5e32bp14vu59qr306oxotwh\gradle-8.0\lib\gradle-launcher-8.0.jar
Launcher Type: SUN_STANDARD

[Global flags]
     intx CICompilerCount                          = 2                                         {product} {ergonomic}
     uint ConcGCThreads                            = 1                                         {product} {ergonomic}
     uint G1ConcRefinementThreads                  = 2                                         {product} {ergonomic}
   size_t G1HeapRegionSize                         = 1048576                                   {product} {ergonomic}
    uintx GCDrainStackTargetSize                   = 64                                        {product} {ergonomic}
   size_t InitialHeapSize                          = 117440512                                 {product} {ergonomic}
   size_t MarkStackSize                            = 4194304                                   {product} {ergonomic}
   size_t MaxHeapSize                              = 2147483648                                {product} {command line}
   size_t MaxNewSize                               = 1287651328                                {product} {ergonomic}
   size_t MinHeapDeltaBytes                        = 1048576                                   {product} {ergonomic}
   size_t MinHeapSize                              = 8388608                                   {product} {ergonomic}
    uintx NonNMethodCodeHeapSize                   = 5826188                                {pd product} {ergonomic}
    uintx NonProfiledCodeHeapSize                  = 122916026                              {pd product} {ergonomic}
    uintx ProfiledCodeHeapSize                     = 122916026                              {pd product} {ergonomic}
    uintx ReservedCodeCacheSize                    = 251658240                              {pd product} {ergonomic}
     bool SegmentedCodeCache                       = true                                      {product} {ergonomic}
   size_t SoftMaxHeapSize                          = 2147483648                             {manageable} {ergonomic}
     bool UseCompressedClassPointers               = true                           {product lp64_product} {ergonomic}
     bool UseCompressedOops                        = true                           {product lp64_product} {ergonomic}
     bool UseG1GC                                  = true                                      {product} {ergonomic}
     bool UseLargePagesIndividualAllocation        = false                                  {pd product} {ergonomic}

Logging:
Log output configuration:
 #0: stdout all=warning uptime,level,tags
 #1: stderr all=off uptime,level,tags

Environment Variables:
PATH=C:\ProgramData\Oracle\Java\javapath;C:\Program Files\Common Files\Oracle\Java\javapath;C:\Windows\system32;C:\Windows;C:\Windows\System32\Wbem;C:\Windows\System32\WindowsPowerShell\v1.0\;C:\Program Files\Git\cmd;D:\mingv\bin;C:\Program Files\dotnet\;C:\Program Files (x86)\dotnet\;C:\Program Files\Microsoft SQL Server\150\Tools\Binn\;C:\Program Files (x86)\Microsoft SQL Server\100\Tools\Binn\;C:\Program Files\Microsoft SQL Server\100\Tools\Binn\;C:\Program Files\Microsoft SQL Server\100\DTS\Binn\;D:\nodejs\;D:\arc labs\toolchain\make-3.81\bin;;C:\Program Files\Docker\Docker\resources\bin;C:\Users\Dmitry\AppData\Local\Microsoft\WindowsApps;D:\java\IntelliJ IDEA 2021.3.1\bin;;D:\VSCode\Microsoft VS Code\bin;C:\ghcup\bin;C:\Users\Dmitry\.dotnet\tools;C:\Users\Dmitry\AppData\Roaming\npm;D:\arc labs\toolchain;
USERNAME=Dmitry
OS=Windows_NT
PROCESSOR_IDENTIFIER=AMD64 Family 21 Model 112 Stepping 0, AuthenticAMD
TMP=C:\Temp
TEMP=C:\Temp



---------------  S Y S T E M  ---------------

OS:
 Windows 10 , 64 bit Build 19041 (10.0.19041.662)
OS uptime: 3 days 2:19 hours
Hyper-V role detected

CPU: total 2 (initial active 2) (2 cores per cpu, 1 threads per core) family 21 model 112 stepping 0 microcode 0x0, cx8, cmov, fxsr, mmx, 3dnowpref, sse, sse2, sse3, ssse3, sse4a, sse4.1, sse4.2, popcnt, lzcnt, tsc, tscinvbit, avx, avx2, aes, clmul, bmi1, bmi2, fma, vzeroupper, clflush, hv

Memory: 4k page, system-wide physical 7055M (348M free)
TotalPageFile size 12161M (AvailPageFile size 5M)
current process WorkingSet (physical memory assigned to process): 286M, peak: 286M
current process commit charge ("private bytes"): 312M, peak: 314M

vm_info: OpenJDK 64-Bit Server VM (17.0.6+0-b2043.56-9586694) for windows-amd64 JRE (17.0.6+0-b2043.56-9586694), built on Feb  9 2023 20:06:20 by "androidbuild" with MS VC++ 16.10 / 16.11 (VS2019)

END.
