#
# There is insufficient memory for the Java Runtime Environment to continue.
# Native memory allocation (mmap) failed to map 146800640 bytes for G1 virtual space
# Possible reasons:
#   The system is out of physical RAM or swap space
#   The process is running with CompressedOops enabled, and the Java Heap may be blocking the growth of the native heap
# Possible solutions:
#   Reduce memory load on the system
#   Increase physical memory or swap space
#   Check if swap backing store is full
#   Decrease Java heap size (-Xmx/-Xms)
#   Decrease number of Java threads
#   Decrease Java thread stack sizes (-Xss)
#   Set larger code cache with -XX:ReservedCodeCacheSize=
#   JVM is running with Unscaled Compressed Oops mode in which the Java heap is
#     placed in the first 4GB address space. The Java Heap base address is the
#     maximum limit for the native heap growth. Please use -XX:HeapBaseMinAddress
#     to set the Java Heap base and to place the Java Heap above 4GB virtual address.
# This output file may be truncated or incomplete.
#
#  Out of Memory Error (os_windows.cpp:3769), pid=5932, tid=3064
#
# JRE version: OpenJDK Runtime Environment (17.0.6) (build 17.0.6+0-b2043.56-9586694)
# Java VM: OpenJDK 64-Bit Server VM (17.0.6+0-b2043.56-9586694, mixed mode, tiered, compressed oops, compressed class ptrs, g1 gc, windows-amd64)
# No core dump will be written. Minidumps are not enabled by default on client versions of Windows
#

---------------  S U M M A R Y ------------

Command Line: --add-opens=java.base/java.util=ALL-UNNAMED --add-opens=java.base/java.lang=ALL-UNNAMED --add-opens=java.base/java.lang.invoke=ALL-UNNAMED --add-opens=java.prefs/java.util.prefs=ALL-UNNAMED --add-opens=java.base/java.nio.charset=ALL-UNNAMED --add-opens=java.base/java.net=ALL-UNNAMED --add-opens=java.base/java.util.concurrent.atomic=ALL-UNNAMED -Xmx2048m -Dfile.encoding=UTF-8 -Duser.country=RU -Duser.language=ru -Duser.variant org.gradle.launcher.daemon.bootstrap.GradleDaemon 8.0

Host: AMD A4-9125 RADEON R3, 4 COMPUTE CORES 2C+2G   , 2 cores, 6G,  Windows 10 , 64 bit Build 19041 (10.0.19041.662)
Time: Wed May  3 23:11:28 2023 RTZ 2 (s 10 , 64 bit Build 19041 (10.0.19041.662) elapsed time: 103.074130 seconds (0d 0h 1m 43s)

---------------  T H R E A D  ---------------

Current thread (0x000001792c91f2f0):  VMThread "VM Thread" [stack: 0x0000002feb400000,0x0000002feb500000] [id=3064]

Stack: [0x0000002feb400000,0x0000002feb500000]
Native frames: (J=compiled Java code, j=interpreted, Vv=VM code, C=native code)
V  [jvm.dll+0x683b4a]
V  [jvm.dll+0x842654]
V  [jvm.dll+0x843dfe]
V  [jvm.dll+0x844463]
V  [jvm.dll+0x249b75]
V  [jvm.dll+0x680a19]
V  [jvm.dll+0x674f0a]
V  [jvm.dll+0x309acb]
V  [jvm.dll+0x310f86]
V  [jvm.dll+0x3608ee]
V  [jvm.dll+0x360b1f]
V  [jvm.dll+0x2dfbf8]
V  [jvm.dll+0x2ddec4]
V  [jvm.dll+0x2dd4cc]
V  [jvm.dll+0x321f3b]
V  [jvm.dll+0x84893b]
V  [jvm.dll+0x849674]
V  [jvm.dll+0x849b8d]
V  [jvm.dll+0x849f64]
V  [jvm.dll+0x84a030]
V  [jvm.dll+0x7f25fa]
V  [jvm.dll+0x682985]
C  [ucrtbase.dll+0x214c2]
C  [KERNEL32.DLL+0x17034]
C  [ntdll.dll+0x4d0d1]

VM_Operation (0x0000002fec8f7020): G1CollectForAllocation, mode: safepoint, requested by thread 0x000001792d9d82c0


---------------  P R O C E S S  ---------------

Threads class SMR info:
_java_thread_list=0x0000017931eb3440, length=58, elements={
0x000001791186d7e0, 0x000001792c942620, 0x000001792c945260, 0x000001792c92e590,
0x000001792c92ee50, 0x000001792c968400, 0x000001792c968cc0, 0x000001792c9698b0,
0x000001792d46e990, 0x000001792c97e8e0, 0x000001792d584020, 0x000001792d588d20,
0x000001792ec64fb0, 0x000001792d9dac30, 0x000001792ee5ca20, 0x000001792d5d3800,
0x000001792ee99f60, 0x000001792d9d7020, 0x000001792d9d82c0, 0x000001792dc73480,
0x000001792dc73950, 0x000001792dc742f0, 0x000001792dc74c90, 0x000001792e205f20,
0x000001792e2098e0, 0x000001792e202a30, 0x000001792e206d90, 0x000001792e204710,
0x000001792e205a50, 0x000001792e207260, 0x000001792e207c00, 0x000001792e2080d0,
0x000001792e2085a0, 0x000001792e208f40, 0x000001792e20a280, 0x000001792e204be0,
0x000001792e203d70, 0x000001792da39210, 0x000001792da38870, 0x000001792da37530,
0x000001792da3a080, 0x000001792da37ed0, 0x000001792da383a0, 0x000001792da38d40,
0x000001792da3aa20, 0x000001792da39bb0, 0x000001792da396e0, 0x000001792da3a550,
0x000001792da37060, 0x000001792da37a00, 0x00000179315e3490, 0x00000179315dec60,
0x00000179315df130, 0x00000179315dd920, 0x00000179315de2c0, 0x00000179315e12e0,
0x00000179315e0940, 0x00000179315e4300
}

Java Threads: ( => current thread )
  0x000001791186d7e0 JavaThread "main" [_thread_blocked, id=9296, stack(0x0000002feae00000,0x0000002feaf00000)]
  0x000001792c942620 JavaThread "Reference Handler" daemon [_thread_blocked, id=9960, stack(0x0000002feb500000,0x0000002feb600000)]
  0x000001792c945260 JavaThread "Finalizer" daemon [_thread_blocked, id=5580, stack(0x0000002feb600000,0x0000002feb700000)]
  0x000001792c92e590 JavaThread "Signal Dispatcher" daemon [_thread_blocked, id=3684, stack(0x0000002feb700000,0x0000002feb800000)]
  0x000001792c92ee50 JavaThread "Attach Listener" daemon [_thread_blocked, id=1540, stack(0x0000002feb800000,0x0000002feb900000)]
  0x000001792c968400 JavaThread "Service Thread" daemon [_thread_blocked, id=7028, stack(0x0000002feb900000,0x0000002feba00000)]
  0x000001792c968cc0 JavaThread "Monitor Deflation Thread" daemon [_thread_blocked, id=2536, stack(0x0000002feba00000,0x0000002febb00000)]
  0x000001792c9698b0 JavaThread "C2 CompilerThread0" daemon [_thread_blocked, id=5224, stack(0x0000002febb00000,0x0000002febc00000)]
  0x000001792d46e990 JavaThread "C1 CompilerThread0" daemon [_thread_blocked, id=1700, stack(0x0000002febc00000,0x0000002febd00000)]
  0x000001792c97e8e0 JavaThread "Sweeper thread" daemon [_thread_blocked, id=10204, stack(0x0000002febd00000,0x0000002febe00000)]
  0x000001792d584020 JavaThread "Common-Cleaner" daemon [_thread_blocked, id=2328, stack(0x0000002febe00000,0x0000002febf00000)]
  0x000001792d588d20 JavaThread "Notification Thread" daemon [_thread_blocked, id=8396, stack(0x0000002febf00000,0x0000002fec000000)]
  0x000001792ec64fb0 JavaThread "Daemon health stats" [_thread_blocked, id=1480, stack(0x0000002fec200000,0x0000002fec300000)]
  0x000001792d9dac30 JavaThread "Incoming local TCP Connector on port 50875" [_thread_in_native, id=716, stack(0x0000002fec300000,0x0000002fec400000)]
  0x000001792ee5ca20 JavaThread "Daemon periodic checks" [_thread_blocked, id=9688, stack(0x0000002fec400000,0x0000002fec500000)]
  0x000001792d5d3800 JavaThread "Daemon" [_thread_blocked, id=6012, stack(0x0000002fec500000,0x0000002fec600000)]
  0x000001792ee99f60 JavaThread "Handler for socket connection from /127.0.0.1:50875 to /127.0.0.1:50876" [_thread_in_native, id=3504, stack(0x0000002fec600000,0x0000002fec700000)]
  0x000001792d9d7020 JavaThread "Cancel handler" [_thread_blocked, id=7864, stack(0x0000002fec700000,0x0000002fec800000)]
  0x000001792d9d82c0 JavaThread "Daemon worker" [_thread_blocked, id=2672, stack(0x0000002fec800000,0x0000002fec900000)]
  0x000001792dc73480 JavaThread "Asynchronous log dispatcher for DefaultDaemonConnection: socket connection from /127.0.0.1:50875 to /127.0.0.1:50876" [_thread_blocked, id=8332, stack(0x0000002fec900000,0x0000002feca00000)]
  0x000001792dc73950 JavaThread "Daemon client event forwarder" [_thread_blocked, id=7520, stack(0x0000002fecb00000,0x0000002fecc00000)]
  0x000001792dc742f0 JavaThread "Cache worker for journal cache (C:\Users\Dmitry\.gradle\caches\journal-1)" [_thread_blocked, id=6432, stack(0x0000002fecc00000,0x0000002fecd00000)]
  0x000001792dc74c90 JavaThread "File lock request listener" [_thread_in_native, id=1168, stack(0x0000002fecd00000,0x0000002fece00000)]
  0x000001792e205f20 JavaThread "Cache worker for file hash cache (C:\Users\Dmitry\.gradle\caches\8.0\fileHashes)" [_thread_blocked, id=1944, stack(0x0000002fece00000,0x0000002fecf00000)]
  0x000001792e2098e0 JavaThread "File watcher server" daemon [_thread_in_native, id=4808, stack(0x0000002fecf00000,0x0000002fed000000)]
  0x000001792e202a30 JavaThread "File watcher consumer" daemon [_thread_blocked, id=2688, stack(0x0000002fed000000,0x0000002fed100000)]
  0x000001792e206d90 JavaThread "Cache worker for checksums cache (C:\Disk D\BusinessTripsApp\.gradle\8.0\checksums)" [_thread_blocked, id=8768, stack(0x0000002fed100000,0x0000002fed200000)]
  0x000001792e204710 JavaThread "Cache worker for cache directory md-rule (C:\Users\Dmitry\.gradle\caches\8.0\md-rule)" [_thread_blocked, id=2444, stack(0x0000002fed200000,0x0000002fed300000)]
  0x000001792e205a50 JavaThread "Cache worker for file content cache (C:\Users\Dmitry\.gradle\caches\8.0\fileContent)" [_thread_blocked, id=1632, stack(0x0000002fed300000,0x0000002fed400000)]
  0x000001792e207260 JavaThread "Cache worker for file hash cache (C:\Disk D\BusinessTripsApp\.gradle\8.0\fileHashes)" [_thread_blocked, id=9504, stack(0x0000002fed400000,0x0000002fed500000)]
  0x000001792e207c00 JavaThread "Cache worker for cache directory md-supplier (C:\Users\Dmitry\.gradle\caches\8.0\md-supplier)" [_thread_blocked, id=1760, stack(0x0000002fed500000,0x0000002fed600000)]
  0x000001792e2080d0 JavaThread "Cache worker for execution history cache (C:\Users\Dmitry\.gradle\caches\8.0\executionHistory)" [_thread_blocked, id=10012, stack(0x0000002fed600000,0x0000002fed700000)]
  0x000001792e2085a0 JavaThread "jar transforms" [_thread_blocked, id=8004, stack(0x0000002fed800000,0x0000002fed900000)]
  0x000001792e208f40 JavaThread "jar transforms Thread 2" [_thread_blocked, id=9968, stack(0x0000002fed900000,0x0000002feda00000)]
  0x000001792e20a280 JavaThread "Cache worker for dependencies-accessors (C:\Disk D\BusinessTripsApp\.gradle\8.0\dependencies-accessors)" [_thread_blocked, id=400, stack(0x0000002feda00000,0x0000002fedb00000)]
  0x000001792e204be0 JavaThread "Cache worker for Build Output Cleanup Cache (C:\Disk D\BusinessTripsApp\.gradle\buildOutputCleanup)" [_thread_blocked, id=6960, stack(0x0000002fedb00000,0x0000002fedc00000)]
  0x000001792e203d70 JavaThread "Unconstrained build operations" [_thread_blocked, id=8588, stack(0x0000002fede00000,0x0000002fedf00000)]
  0x000001792da39210 JavaThread "Unconstrained build operations Thread 2" [_thread_blocked, id=1156, stack(0x0000002fedf00000,0x0000002fee000000)]
  0x000001792da38870 JavaThread "Unconstrained build operations Thread 3" [_thread_blocked, id=9400, stack(0x0000002fee000000,0x0000002fee100000)]
  0x000001792da37530 JavaThread "Unconstrained build operations Thread 4" [_thread_blocked, id=7188, stack(0x0000002fee100000,0x0000002fee200000)]
  0x000001792da3a080 JavaThread "Unconstrained build operations Thread 5" [_thread_blocked, id=7464, stack(0x0000002fee200000,0x0000002fee300000)]
  0x000001792da37ed0 JavaThread "Unconstrained build operations Thread 6" [_thread_blocked, id=6684, stack(0x0000002fee300000,0x0000002fee400000)]
  0x000001792da383a0 JavaThread "Unconstrained build operations Thread 7" [_thread_blocked, id=2100, stack(0x0000002fee400000,0x0000002fee500000)]
  0x000001792da38d40 JavaThread "Unconstrained build operations Thread 8" [_thread_blocked, id=6360, stack(0x0000002fee500000,0x0000002fee600000)]
  0x000001792da3aa20 JavaThread "Unconstrained build operations Thread 9" [_thread_blocked, id=1364, stack(0x0000002fee600000,0x0000002fee700000)]
  0x000001792da39bb0 JavaThread "Unconstrained build operations Thread 10" [_thread_blocked, id=2948, stack(0x0000002fee700000,0x0000002fee800000)]
  0x000001792da396e0 JavaThread "Unconstrained build operations Thread 11" [_thread_blocked, id=8180, stack(0x0000002fee800000,0x0000002fee900000)]
  0x000001792da3a550 JavaThread "Unconstrained build operations Thread 12" [_thread_blocked, id=8276, stack(0x0000002fee900000,0x0000002feea00000)]
  0x000001792da37060 JavaThread "Unconstrained build operations Thread 13" [_thread_blocked, id=7356, stack(0x0000002feea00000,0x0000002feeb00000)]
  0x000001792da37a00 JavaThread "Unconstrained build operations Thread 14" [_thread_blocked, id=7820, stack(0x0000002feeb00000,0x0000002feec00000)]
  0x00000179315e3490 JavaThread "Unconstrained build operations Thread 15" [_thread_blocked, id=9044, stack(0x0000002feec00000,0x0000002feed00000)]
  0x00000179315dec60 JavaThread "Unconstrained build operations Thread 16" [_thread_blocked, id=8420, stack(0x0000002feed00000,0x0000002feee00000)]
  0x00000179315df130 JavaThread "Unconstrained build operations Thread 17" [_thread_blocked, id=8344, stack(0x0000002feee00000,0x0000002feef00000)]
  0x00000179315dd920 JavaThread "Unconstrained build operations Thread 18" [_thread_blocked, id=5024, stack(0x0000002feef00000,0x0000002fef000000)]
  0x00000179315de2c0 JavaThread "Unconstrained build operations Thread 19" [_thread_blocked, id=9820, stack(0x0000002fef000000,0x0000002fef100000)]
  0x00000179315e12e0 JavaThread "Unconstrained build operations Thread 20" [_thread_blocked, id=9916, stack(0x0000002fef100000,0x0000002fef200000)]
  0x00000179315e0940 JavaThread "build event listener" [_thread_blocked, id=2728, stack(0x0000002feac00000,0x0000002fead00000)]
  0x00000179315e4300 JavaThread "Memory manager" [_thread_blocked, id=8868, stack(0x0000002fead00000,0x0000002feae00000)]

Other Threads:
=>0x000001792c91f2f0 VMThread "VM Thread" [stack: 0x0000002feb400000,0x0000002feb500000] [id=3064]
  0x000001792d5891f0 WatcherThread [stack: 0x0000002fec000000,0x0000002fec100000] [id=10056]
  0x00000179138964e0 GCTaskThread "GC Thread#0" [stack: 0x0000002feaf00000,0x0000002feb000000] [id=8920]
  0x000001792d611700 GCTaskThread "GC Thread#1" [stack: 0x0000002fec100000,0x0000002fec200000] [id=5268]
  0x00000179138a7330 ConcurrentGCThread "G1 Main Marker" [stack: 0x0000002feb000000,0x0000002feb100000] [id=4880]
  0x00000179138a7c50 ConcurrentGCThread "G1 Conc#0" [stack: 0x0000002feb100000,0x0000002feb200000] [id=7496]
  0x0000017913900020 ConcurrentGCThread "G1 Refine#0" [stack: 0x0000002feb200000,0x0000002feb300000] [id=8236]
  0x000001792fee8a00 ConcurrentGCThread "G1 Refine#1" [stack: 0x0000002fed700000,0x0000002fed800000] [id=6164]
  0x0000017913902d70 ConcurrentGCThread "G1 Service" [stack: 0x0000002feb300000,0x0000002feb400000] [id=1636]

Threads with active compile tasks:
C2 CompilerThread0   103133 9313       4       org.codehaus.groovy.reflection.stdclasses.CachedSAMClass::getAbstractMethods (122 bytes)

VM state: at safepoint (normal execution)

VM Mutex/Monitor currently owned by a thread:  ([mutex/lock_event])
[0x000001791383a7f0] Threads_lock - owner thread: 0x000001792c91f2f0
[0x0000017913838e10] Heap_lock - owner thread: 0x000001792d9d82c0

Heap address: 0x0000000080000000, size: 2048 MB, Compressed Oops mode: 32-bit

CDS archive(s) not mapped
Compressed class space mapped at: 0x0000000100000000-0x0000000140000000, reserved size: 1073741824
Narrow klass base: 0x0000000000000000, Narrow klass shift: 3, Narrow klass range: 0x140000000

GC Precious Log:
 CPUs: 2 total, 2 available
 Memory: 7055M
 Large Page Support: Disabled
 NUMA Support: Disabled
 Compressed Oops: Enabled (32-bit)
 Heap Region Size: 1M
 Heap Min Capacity: 8M
 Heap Initial Capacity: 112M
 Heap Max Capacity: 2G
 Pre-touch: Disabled
 Parallel Workers: 2
 Concurrent Workers: 1
 Concurrent Refinement Workers: 2
 Periodic GC: Disabled

Heap:
 garbage-first heap   total 132096K, used 83968K [0x0000000080000000, 0x0000000100000000)
  region size 1024K, 4 young (4096K), 4 survivors (4096K)
 Metaspace       used 87244K, committed 87808K, reserved 1130496K
  class space    used 11827K, committed 12096K, reserved 1048576K

Heap Regions: E=young(eden), S=young(survivor), O=old, HS=humongous(starts), HC=humongous(continues), CS=collection set, F=free, OA=open archive, CA=closed archive, TAMS=top-at-mark-start (previous, next)
|   0|0x0000000080000000, 0x0000000080100000, 0x0000000080100000|100%| O|  |TAMS 0x0000000080100000, 0x0000000080100000| Untracked 
|   1|0x0000000080100000, 0x0000000080200000, 0x0000000080200000|100%| O|  |TAMS 0x0000000080200000, 0x0000000080200000| Untracked 
|   2|0x0000000080200000, 0x0000000080300000, 0x0000000080300000|100%| O|  |TAMS 0x0000000080300000, 0x0000000080300000| Untracked 
|   3|0x0000000080300000, 0x0000000080400000, 0x0000000080400000|100%|HS|  |TAMS 0x0000000080400000, 0x0000000080400000| Complete 
|   4|0x0000000080400000, 0x0000000080500000, 0x0000000080500000|100%|HC|  |TAMS 0x0000000080500000, 0x0000000080500000| Complete 
|   5|0x0000000080500000, 0x0000000080600000, 0x0000000080600000|100%|HC|  |TAMS 0x0000000080600000, 0x0000000080600000| Complete 
|   6|0x0000000080600000, 0x0000000080700000, 0x0000000080700000|100%|HC|  |TAMS 0x0000000080700000, 0x0000000080700000| Complete 
|   7|0x0000000080700000, 0x0000000080800000, 0x0000000080800000|100%| O|  |TAMS 0x0000000080800000, 0x0000000080800000| Untracked 
|   8|0x0000000080800000, 0x0000000080900000, 0x0000000080900000|100%| O|  |TAMS 0x0000000080900000, 0x0000000080900000| Untracked 
|   9|0x0000000080900000, 0x0000000080a00000, 0x0000000080a00000|100%| O|  |TAMS 0x0000000080a00000, 0x0000000080a00000| Untracked 
|  10|0x0000000080a00000, 0x0000000080b00000, 0x0000000080b00000|100%| O|  |TAMS 0x0000000080b00000, 0x0000000080b00000| Untracked 
|  11|0x0000000080b00000, 0x0000000080c00000, 0x0000000080c00000|100%| O|  |TAMS 0x0000000080c00000, 0x0000000080c00000| Untracked 
|  12|0x0000000080c00000, 0x0000000080d00000, 0x0000000080d00000|100%| O|  |TAMS 0x0000000080d00000, 0x0000000080d00000| Untracked 
|  13|0x0000000080d00000, 0x0000000080e00000, 0x0000000080e00000|100%| O|  |TAMS 0x0000000080e00000, 0x0000000080e00000| Untracked 
|  14|0x0000000080e00000, 0x0000000080f00000, 0x0000000080f00000|100%| O|  |TAMS 0x0000000080f00000, 0x0000000080f00000| Untracked 
|  15|0x0000000080f00000, 0x0000000081000000, 0x0000000081000000|100%| O|  |TAMS 0x0000000081000000, 0x0000000081000000| Untracked 
|  16|0x0000000081000000, 0x0000000081100000, 0x0000000081100000|100%| O|  |TAMS 0x0000000081100000, 0x0000000081100000| Untracked 
|  17|0x0000000081100000, 0x0000000081200000, 0x0000000081200000|100%| O|  |TAMS 0x0000000081200000, 0x0000000081200000| Untracked 
|  18|0x0000000081200000, 0x0000000081300000, 0x0000000081300000|100%| O|  |TAMS 0x0000000081300000, 0x0000000081300000| Untracked 
|  19|0x0000000081300000, 0x0000000081400000, 0x0000000081400000|100%| O|  |TAMS 0x0000000081400000, 0x0000000081400000| Untracked 
|  20|0x0000000081400000, 0x0000000081500000, 0x0000000081500000|100%| O|  |TAMS 0x0000000081500000, 0x0000000081500000| Untracked 
|  21|0x0000000081500000, 0x0000000081600000, 0x0000000081600000|100%| O|  |TAMS 0x0000000081600000, 0x0000000081600000| Untracked 
|  22|0x0000000081600000, 0x0000000081700000, 0x0000000081700000|100%| O|  |TAMS 0x0000000081600000, 0x0000000081700000| Untracked 
|  23|0x0000000081700000, 0x0000000081800000, 0x0000000081800000|100%| O|  |TAMS 0x0000000081800000, 0x0000000081800000| Untracked 
|  24|0x0000000081800000, 0x0000000081900000, 0x0000000081900000|100%| O|  |TAMS 0x0000000081800000, 0x0000000081800000| Untracked 
|  25|0x0000000081900000, 0x0000000081a00000, 0x0000000081a00000|100%| O|  |TAMS 0x0000000081a00000, 0x0000000081a00000| Untracked 
|  26|0x0000000081a00000, 0x0000000081b00000, 0x0000000081b00000|100%| O|  |TAMS 0x0000000081b00000, 0x0000000081b00000| Untracked 
|  27|0x0000000081b00000, 0x0000000081c00000, 0x0000000081c00000|100%| O|  |TAMS 0x0000000081c00000, 0x0000000081c00000| Untracked 
|  28|0x0000000081c00000, 0x0000000081d00000, 0x0000000081d00000|100%| O|  |TAMS 0x0000000081d00000, 0x0000000081d00000| Untracked 
|  29|0x0000000081d00000, 0x0000000081e00000, 0x0000000081e00000|100%| O|  |TAMS 0x0000000081e00000, 0x0000000081e00000| Untracked 
|  30|0x0000000081e00000, 0x0000000081f00000, 0x0000000081f00000|100%| O|  |TAMS 0x0000000081f00000, 0x0000000081f00000| Untracked 
|  31|0x0000000081f00000, 0x0000000082000000, 0x0000000082000000|100%| O|  |TAMS 0x0000000082000000, 0x0000000082000000| Untracked 
|  32|0x0000000082000000, 0x0000000082100000, 0x0000000082100000|100%| O|  |TAMS 0x0000000082100000, 0x0000000082100000| Untracked 
|  33|0x0000000082100000, 0x0000000082200000, 0x0000000082200000|100%| O|  |TAMS 0x0000000082200000, 0x0000000082200000| Untracked 
|  34|0x0000000082200000, 0x0000000082300000, 0x0000000082300000|100%| O|  |TAMS 0x0000000082300000, 0x0000000082300000| Untracked 
|  35|0x0000000082300000, 0x0000000082400000, 0x0000000082400000|100%| O|  |TAMS 0x0000000082400000, 0x0000000082400000| Untracked 
|  36|0x0000000082400000, 0x0000000082500000, 0x0000000082500000|100%|HS|  |TAMS 0x0000000082500000, 0x0000000082500000| Complete 
|  37|0x0000000082500000, 0x0000000082600000, 0x0000000082600000|100%|HS|  |TAMS 0x0000000082600000, 0x0000000082600000| Complete 
|  38|0x0000000082600000, 0x0000000082700000, 0x0000000082700000|100%|HC|  |TAMS 0x0000000082700000, 0x0000000082700000| Complete 
|  39|0x0000000082700000, 0x0000000082800000, 0x0000000082800000|100%| O|  |TAMS 0x0000000082800000, 0x0000000082800000| Untracked 
|  40|0x0000000082800000, 0x0000000082900000, 0x0000000082900000|100%|HS|  |TAMS 0x0000000082900000, 0x0000000082900000| Complete 
|  41|0x0000000082900000, 0x0000000082a00000, 0x0000000082a00000|100%| O|  |TAMS 0x0000000082a00000, 0x0000000082a00000| Untracked 
|  42|0x0000000082a00000, 0x0000000082b00000, 0x0000000082b00000|100%|HS|  |TAMS 0x0000000082b00000, 0x0000000082b00000| Complete 
|  43|0x0000000082b00000, 0x0000000082c00000, 0x0000000082c00000|100%|HC|  |TAMS 0x0000000082c00000, 0x0000000082c00000| Complete 
|  44|0x0000000082c00000, 0x0000000082d00000, 0x0000000082d00000|100%|HC|  |TAMS 0x0000000082d00000, 0x0000000082d00000| Complete 
|  45|0x0000000082d00000, 0x0000000082e00000, 0x0000000082e00000|100%|HC|  |TAMS 0x0000000082e00000, 0x0000000082e00000| Complete 
|  46|0x0000000082e00000, 0x0000000082f00000, 0x0000000082f00000|100%| O|  |TAMS 0x0000000082f00000, 0x0000000082f00000| Untracked 
|  47|0x0000000082f00000, 0x0000000083000000, 0x0000000083000000|100%| O|  |TAMS 0x0000000083000000, 0x0000000083000000| Untracked 
|  48|0x0000000083000000, 0x0000000083100000, 0x0000000083100000|100%| O|  |TAMS 0x0000000083100000, 0x0000000083100000| Untracked 
|  49|0x0000000083100000, 0x0000000083200000, 0x0000000083200000|100%| O|  |TAMS 0x0000000083200000, 0x0000000083200000| Untracked 
|  50|0x0000000083200000, 0x0000000083300000, 0x0000000083300000|100%| O|  |TAMS 0x0000000083300000, 0x0000000083300000| Untracked 
|  51|0x0000000083300000, 0x0000000083400000, 0x0000000083400000|100%| O|  |TAMS 0x0000000083400000, 0x0000000083400000| Untracked 
|  52|0x0000000083400000, 0x0000000083500000, 0x0000000083500000|100%| O|  |TAMS 0x0000000083500000, 0x0000000083500000| Untracked 
|  53|0x0000000083500000, 0x0000000083600000, 0x0000000083600000|100%| O|  |TAMS 0x0000000083600000, 0x0000000083600000| Untracked 
|  54|0x0000000083600000, 0x0000000083700000, 0x0000000083700000|100%| O|  |TAMS 0x0000000083700000, 0x0000000083700000| Untracked 
|  55|0x0000000083700000, 0x0000000083800000, 0x0000000083800000|100%| O|  |TAMS 0x0000000083800000, 0x0000000083800000| Untracked 
|  56|0x0000000083800000, 0x0000000083900000, 0x0000000083900000|100%| O|  |TAMS 0x0000000083900000, 0x0000000083900000| Untracked 
|  57|0x0000000083900000, 0x0000000083a00000, 0x0000000083a00000|100%| O|  |TAMS 0x0000000083a00000, 0x0000000083a00000| Untracked 
|  58|0x0000000083a00000, 0x0000000083b00000, 0x0000000083b00000|100%| O|  |TAMS 0x0000000083b00000, 0x0000000083b00000| Untracked 
|  59|0x0000000083b00000, 0x0000000083c00000, 0x0000000083c00000|100%| O|  |TAMS 0x0000000083c00000, 0x0000000083c00000| Untracked 
|  60|0x0000000083c00000, 0x0000000083d00000, 0x0000000083d00000|100%| O|  |TAMS 0x0000000083d00000, 0x0000000083d00000| Untracked 
|  61|0x0000000083d00000, 0x0000000083e00000, 0x0000000083e00000|100%| O|  |TAMS 0x0000000083e00000, 0x0000000083e00000| Untracked 
|  62|0x0000000083e00000, 0x0000000083f00000, 0x0000000083f00000|100%| O|  |TAMS 0x0000000083f00000, 0x0000000083f00000| Untracked 
|  63|0x0000000083f00000, 0x0000000084000000, 0x0000000084000000|100%| O|  |TAMS 0x0000000084000000, 0x0000000084000000| Untracked 
|  64|0x0000000084000000, 0x0000000084100000, 0x0000000084100000|100%| O|  |TAMS 0x0000000084100000, 0x0000000084100000| Untracked 
|  65|0x0000000084100000, 0x0000000084200000, 0x0000000084200000|100%| O|  |TAMS 0x0000000084200000, 0x0000000084200000| Untracked 
|  66|0x0000000084200000, 0x0000000084300000, 0x0000000084300000|100%| O|  |TAMS 0x0000000084300000, 0x0000000084300000| Untracked 
|  67|0x0000000084300000, 0x0000000084400000, 0x0000000084400000|100%| O|  |TAMS 0x0000000084400000, 0x0000000084400000| Untracked 
|  68|0x0000000084400000, 0x0000000084500000, 0x0000000084500000|100%| O|  |TAMS 0x0000000084500000, 0x0000000084500000| Untracked 
|  69|0x0000000084500000, 0x0000000084600000, 0x0000000084600000|100%| O|  |TAMS 0x0000000084600000, 0x0000000084600000| Untracked 
|  70|0x0000000084600000, 0x0000000084700000, 0x0000000084700000|100%| O|  |TAMS 0x0000000084700000, 0x0000000084700000| Untracked 
|  71|0x0000000084700000, 0x0000000084800000, 0x0000000084800000|100%| O|  |TAMS 0x0000000084741400, 0x0000000084800000| Untracked 
|  72|0x0000000084800000, 0x0000000084900000, 0x0000000084900000|100%| O|  |TAMS 0x0000000084800000, 0x0000000084900000| Untracked 
|  73|0x0000000084900000, 0x0000000084a00000, 0x0000000084a00000|100%| O|  |TAMS 0x0000000084900000, 0x0000000084a00000| Untracked 
|  74|0x0000000084a00000, 0x0000000084b00000, 0x0000000084b00000|100%| O|  |TAMS 0x0000000084a00000, 0x0000000084b00000| Untracked 
|  75|0x0000000084b00000, 0x0000000084c00000, 0x0000000084c00000|100%| O|  |TAMS 0x0000000084b00000, 0x0000000084c00000| Untracked 
|  76|0x0000000084c00000, 0x0000000084d00000, 0x0000000084d00000|100%| O|  |TAMS 0x0000000084c00000, 0x0000000084d00000| Untracked 
|  77|0x0000000084d00000, 0x0000000084e00000, 0x0000000084e00000|100%| O|  |TAMS 0x0000000084d00000, 0x0000000084d75e00| Untracked 
|  78|0x0000000084e00000, 0x0000000084e00000, 0x0000000084f00000|  0%| F|  |TAMS 0x0000000084e00000, 0x0000000084e00000| Untracked 
|  79|0x0000000084f00000, 0x0000000084f00000, 0x0000000085000000|  0%| F|  |TAMS 0x0000000084f00000, 0x0000000084f00000| Untracked 
|  80|0x0000000085000000, 0x0000000085000000, 0x0000000085100000|  0%| F|  |TAMS 0x0000000085000000, 0x0000000085000000| Untracked 
|  81|0x0000000085100000, 0x0000000085100000, 0x0000000085200000|  0%| F|  |TAMS 0x0000000085100000, 0x0000000085100000| Untracked 
|  82|0x0000000085200000, 0x0000000085200000, 0x0000000085300000|  0%| F|  |TAMS 0x0000000085200000, 0x0000000085200000| Untracked 
|  83|0x0000000085300000, 0x0000000085300000, 0x0000000085400000|  0%| F|  |TAMS 0x0000000085300000, 0x0000000085300000| Untracked 
|  84|0x0000000085400000, 0x0000000085400000, 0x0000000085500000|  0%| F|  |TAMS 0x0000000085400000, 0x0000000085400000| Untracked 
|  85|0x0000000085500000, 0x0000000085500000, 0x0000000085600000|  0%| F|  |TAMS 0x0000000085500000, 0x0000000085500000| Untracked 
|  86|0x0000000085600000, 0x0000000085600000, 0x0000000085700000|  0%| F|  |TAMS 0x0000000085600000, 0x0000000085600000| Untracked 
|  87|0x0000000085700000, 0x0000000085700000, 0x0000000085800000|  0%| F|  |TAMS 0x0000000085700000, 0x0000000085700000| Untracked 
|  88|0x0000000085800000, 0x0000000085800000, 0x0000000085900000|  0%| F|  |TAMS 0x0000000085800000, 0x0000000085800000| Untracked 
|  89|0x0000000085900000, 0x0000000085900000, 0x0000000085a00000|  0%| F|  |TAMS 0x0000000085900000, 0x0000000085900000| Untracked 
|  90|0x0000000085a00000, 0x0000000085a00000, 0x0000000085b00000|  0%| F|  |TAMS 0x0000000085a00000, 0x0000000085a00000| Untracked 
|  91|0x0000000085b00000, 0x0000000085b00000, 0x0000000085c00000|  0%| F|  |TAMS 0x0000000085b00000, 0x0000000085b00000| Untracked 
|  92|0x0000000085c00000, 0x0000000085c00000, 0x0000000085d00000|  0%| F|  |TAMS 0x0000000085c00000, 0x0000000085c00000| Untracked 
|  93|0x0000000085d00000, 0x0000000085d00000, 0x0000000085e00000|  0%| F|  |TAMS 0x0000000085d00000, 0x0000000085d00000| Untracked 
|  94|0x0000000085e00000, 0x0000000085e00000, 0x0000000085f00000|  0%| F|  |TAMS 0x0000000085e00000, 0x0000000085e00000| Untracked 
|  95|0x0000000085f00000, 0x0000000086000000, 0x0000000086000000|100%| S|CS|TAMS 0x0000000085f00000, 0x0000000085f00000| Complete 
|  96|0x0000000086000000, 0x0000000086100000, 0x0000000086100000|100%| S|CS|TAMS 0x0000000086000000, 0x0000000086000000| Complete 
|  97|0x0000000086100000, 0x0000000086200000, 0x0000000086200000|100%| S|CS|TAMS 0x0000000086100000, 0x0000000086100000| Complete 
|  98|0x0000000086200000, 0x0000000086300000, 0x0000000086300000|100%| S|CS|TAMS 0x0000000086200000, 0x0000000086200000| Complete 
|  99|0x0000000086300000, 0x0000000086300000, 0x0000000086400000|  0%| F|  |TAMS 0x0000000086300000, 0x0000000086300000| Untracked 
| 100|0x0000000086400000, 0x0000000086400000, 0x0000000086500000|  0%| F|  |TAMS 0x0000000086400000, 0x0000000086400000| Untracked 
| 101|0x0000000086500000, 0x0000000086500000, 0x0000000086600000|  0%| F|  |TAMS 0x0000000086500000, 0x0000000086500000| Untracked 
| 102|0x0000000086600000, 0x0000000086600000, 0x0000000086700000|  0%| F|  |TAMS 0x0000000086600000, 0x0000000086600000| Untracked 
| 103|0x0000000086700000, 0x0000000086700000, 0x0000000086800000|  0%| F|  |TAMS 0x0000000086700000, 0x0000000086700000| Untracked 
| 104|0x0000000086800000, 0x0000000086800000, 0x0000000086900000|  0%| F|  |TAMS 0x0000000086800000, 0x0000000086800000| Untracked 
| 105|0x0000000086900000, 0x0000000086900000, 0x0000000086a00000|  0%| F|  |TAMS 0x0000000086900000, 0x0000000086900000| Untracked 
| 106|0x0000000086a00000, 0x0000000086a00000, 0x0000000086b00000|  0%| F|  |TAMS 0x0000000086a00000, 0x0000000086a00000| Untracked 
| 107|0x0000000086b00000, 0x0000000086b00000, 0x0000000086c00000|  0%| F|  |TAMS 0x0000000086b00000, 0x0000000086b00000| Untracked 
| 108|0x0000000086c00000, 0x0000000086c00000, 0x0000000086d00000|  0%| F|  |TAMS 0x0000000086c00000, 0x0000000086c00000| Untracked 
| 109|0x0000000086d00000, 0x0000000086d00000, 0x0000000086e00000|  0%| F|  |TAMS 0x0000000086d00000, 0x0000000086d00000| Untracked 
| 110|0x0000000086e00000, 0x0000000086e00000, 0x0000000086f00000|  0%| F|  |TAMS 0x0000000086e00000, 0x0000000086e00000| Untracked 
| 111|0x0000000086f00000, 0x0000000086f00000, 0x0000000087000000|  0%| F|  |TAMS 0x0000000086f00000, 0x0000000086f00000| Untracked 
| 112|0x0000000087000000, 0x0000000087000000, 0x0000000087100000|  0%| F|  |TAMS 0x0000000087000000, 0x0000000087000000| Untracked 
| 113|0x0000000087100000, 0x0000000087100000, 0x0000000087200000|  0%| F|  |TAMS 0x0000000087100000, 0x0000000087100000| Untracked 
| 114|0x0000000087200000, 0x0000000087200000, 0x0000000087300000|  0%| F|  |TAMS 0x0000000087200000, 0x0000000087200000| Untracked 
| 115|0x0000000087300000, 0x0000000087300000, 0x0000000087400000|  0%| F|  |TAMS 0x0000000087300000, 0x0000000087300000| Untracked 
| 116|0x0000000087400000, 0x0000000087400000, 0x0000000087500000|  0%| F|  |TAMS 0x0000000087400000, 0x0000000087400000| Untracked 
| 117|0x0000000087500000, 0x0000000087500000, 0x0000000087600000|  0%| F|  |TAMS 0x0000000087500000, 0x0000000087500000| Untracked 
| 118|0x0000000087600000, 0x0000000087600000, 0x0000000087700000|  0%| F|  |TAMS 0x0000000087600000, 0x0000000087600000| Untracked 
| 119|0x0000000087700000, 0x0000000087700000, 0x0000000087800000|  0%| F|  |TAMS 0x0000000087700000, 0x0000000087700000| Untracked 
| 120|0x0000000087800000, 0x0000000087800000, 0x0000000087900000|  0%| F|  |TAMS 0x0000000087800000, 0x0000000087800000| Untracked 
| 121|0x0000000087900000, 0x0000000087900000, 0x0000000087a00000|  0%| F|  |TAMS 0x0000000087900000, 0x0000000087900000| Untracked 
| 122|0x0000000087a00000, 0x0000000087a00000, 0x0000000087b00000|  0%| F|  |TAMS 0x0000000087a00000, 0x0000000087a00000| Untracked 
| 123|0x0000000087b00000, 0x0000000087b00000, 0x0000000087c00000|  0%| F|  |TAMS 0x0000000087b00000, 0x0000000087b00000| Untracked 
| 124|0x0000000087c00000, 0x0000000087c00000, 0x0000000087d00000|  0%| F|  |TAMS 0x0000000087c00000, 0x0000000087c00000| Untracked 
| 125|0x0000000087d00000, 0x0000000087d00000, 0x0000000087e00000|  0%| F|  |TAMS 0x0000000087d00000, 0x0000000087d00000| Untracked 
| 126|0x0000000087e00000, 0x0000000087e00000, 0x0000000087f00000|  0%| F|  |TAMS 0x0000000087e00000, 0x0000000087e00000| Untracked 
| 127|0x0000000087f00000, 0x0000000087f00000, 0x0000000088000000|  0%| F|  |TAMS 0x0000000087f00000, 0x0000000087f00000| Untracked 
| 128|0x0000000088000000, 0x0000000088000000, 0x0000000088100000|  0%| F|  |TAMS 0x0000000088000000, 0x0000000088000000| Untracked 

Card table byte_map: [0x0000017925d10000,0x0000017926110000] _byte_map_base: 0x0000017925910000

Marking Bits (Prev, Next): (CMBitMap*) 0x0000017913896a00, (CMBitMap*) 0x0000017913896a40
 Prev Bits: [0x0000017926510000, 0x0000017928510000)
 Next Bits: [0x0000017928510000, 0x000001792a510000)

Polling page: 0x0000017911710000

Metaspace:

Usage:
  Non-class:     73.65 MB used.
      Class:     11.55 MB used.
       Both:     85.20 MB used.

Virtual space:
  Non-class space:       80.00 MB reserved,      73.94 MB ( 92%) committed,  10 nodes.
      Class space:        1.00 GB reserved,      11.81 MB (  1%) committed,  1 nodes.
             Both:        1.08 GB reserved,      85.75 MB (  8%) committed. 

Chunk freelists:
   Non-Class:  1.89 MB
       Class:  166.00 KB
        Both:  2.05 MB

MaxMetaspaceSize: unlimited
CompressedClassSpaceSize: 1.00 GB
Initial GC threshold: 21.00 MB
Current GC threshold: 140.44 MB
CDS: off
MetaspaceReclaimPolicy: balanced
 - commit_granule_bytes: 65536.
 - commit_granule_words: 8192.
 - virtual_space_node_default_size: 1048576.
 - enlarge_chunks_in_place: 1.
 - new_chunks_are_fully_committed: 0.
 - uncommit_free_chunks: 1.
 - use_allocation_guard: 0.
 - handle_deallocations: 1.


Internal statistics:

num_allocs_failed_limit: 6.
num_arena_births: 760.
num_arena_deaths: 0.
num_vsnodes_births: 11.
num_vsnodes_deaths: 0.
num_space_committed: 1372.
num_space_uncommitted: 0.
num_chunks_returned_to_freelist: 6.
num_chunks_taken_from_freelist: 3910.
num_chunk_merges: 6.
num_chunk_splits: 2573.
num_chunks_enlarged: 1714.
num_purges: 0.
num_inconsistent_stats: 0.

CodeHeap 'non-profiled nmethods': size=120064Kb used=5338Kb max_used=5338Kb free=114725Kb
 bounds [0x000001791e7d0000, 0x000001791ed10000, 0x0000017925d10000]
CodeHeap 'profiled nmethods': size=120000Kb used=17063Kb max_used=17063Kb free=102936Kb
 bounds [0x0000017916d10000, 0x0000017917dc0000, 0x000001791e240000]
CodeHeap 'non-nmethods': size=5696Kb used=2364Kb max_used=2413Kb free=3331Kb
 bounds [0x000001791e240000, 0x000001791e4b0000, 0x000001791e7d0000]
 total_blobs=9335 nmethods=8439 adapters=808
 compilation: enabled
              stopped_count=0, restarted_count=0
 full_count=0

Compilation events (20 events):
Event: 102.832 Thread 0x000001792d46e990 9324       2       java.beans.Introspector::getBeanInfo (58 bytes)
Event: 102.833 Thread 0x000001792d46e990 nmethod 9324 0x0000017917db4590 code [0x0000017917db4800, 0x0000017917db4fa8]
Event: 102.854 Thread 0x000001792d46e990 9325       2       java.util.ComparableTimSort::mergeCollapse (134 bytes)
Event: 102.854 Thread 0x000001792d46e990 nmethod 9325 0x0000017917db5390 code [0x0000017917db5560, 0x0000017917db58e8]
Event: 102.911 Thread 0x000001792d46e990 9326       2       java.beans.Introspector::getTargetPropertyInfo (293 bytes)
Event: 102.913 Thread 0x000001792d46e990 nmethod 9326 0x0000017917db5b90 code [0x0000017917db5ee0, 0x0000017917db6ab8]
Event: 102.943 Thread 0x000001792d46e990 9327 %     3       org.codehaus.groovy.runtime.metaclass.MetaMethodIndex::copyMethodsToSuper @ 29 (91 bytes)
Event: 102.944 Thread 0x000001792d46e990 nmethod 9327% 0x0000017917db7190 code [0x0000017917db7380, 0x0000017917db79e8]
Event: 102.944 Thread 0x000001792d46e990 9328       3       org.codehaus.groovy.runtime.metaclass.MetaMethodIndex::copyMethodsToSuper (91 bytes)
Event: 102.944 Thread 0x000001792d46e990 nmethod 9328 0x0000017917db7c10 code [0x0000017917db7de0, 0x0000017917db83a8]
Event: 103.012 Thread 0x000001792c9698b0 nmethod 9309 0x000001791ecfa490 code [0x000001791ecfad00, 0x000001791ed02678]
Event: 103.013 Thread 0x000001792c9698b0 9321       4       groovy.lang.MetaMethod::isStatic (16 bytes)
Event: 103.013 Thread 0x000001792c9698b0 nmethod 9321 0x000001791ed06890 code [0x000001791ed06a00, 0x000001791ed06a98]
Event: 103.013 Thread 0x000001792c9698b0 9313       4       org.codehaus.groovy.reflection.stdclasses.CachedSAMClass::getAbstractMethods (122 bytes)
Event: 103.036 Thread 0x000001792d46e990 9329       3       java.util.TimSort::<init> (181 bytes)
Event: 103.037 Thread 0x000001792d46e990 nmethod 9329 0x0000017917db8590 code [0x0000017917db87a0, 0x0000017917db9178]
Event: 103.037 Thread 0x000001792d46e990 9330       3       java.util.TimSort::minRunLength (43 bytes)
Event: 103.037 Thread 0x000001792d46e990 nmethod 9330 0x0000017917db9410 code [0x0000017917db95a0, 0x0000017917db9758]
Event: 103.038 Thread 0x000001792d46e990 9331       3       java.util.TimSort::mergeForceCollapse (50 bytes)
Event: 103.038 Thread 0x000001792d46e990 nmethod 9331 0x0000017917db9810 code [0x0000017917db99c0, 0x0000017917db9c88]

GC Heap History (20 events):
Event: 77.193 GC heap after
{Heap after GC invocations=51 (full 0):
 garbage-first heap   total 132096K, used 63339K [0x0000000080000000, 0x0000000100000000)
  region size 1024K, 2 young (2048K), 2 survivors (2048K)
 Metaspace       used 68587K, committed 69056K, reserved 1114112K
  class space    used 9004K, committed 9216K, reserved 1048576K
}
Event: 77.602 GC heap before
{Heap before GC invocations=51 (full 0):
 garbage-first heap   total 132096K, used 67435K [0x0000000080000000, 0x0000000100000000)
  region size 1024K, 6 young (6144K), 2 survivors (2048K)
 Metaspace       used 68879K, committed 69376K, reserved 1114112K
  class space    used 9057K, committed 9280K, reserved 1048576K
}
Event: 77.609 GC heap after
{Heap after GC invocations=52 (full 0):
 garbage-first heap   total 132096K, used 62606K [0x0000000080000000, 0x0000000100000000)
  region size 1024K, 1 young (1024K), 1 survivors (1024K)
 Metaspace       used 68879K, committed 69376K, reserved 1114112K
  class space    used 9057K, committed 9280K, reserved 1048576K
}
Event: 81.589 GC heap before
{Heap before GC invocations=52 (full 0):
 garbage-first heap   total 132096K, used 98446K [0x0000000080000000, 0x0000000100000000)
  region size 1024K, 36 young (36864K), 1 survivors (1024K)
 Metaspace       used 71058K, committed 71616K, reserved 1114112K
  class space    used 9348K, committed 9600K, reserved 1048576K
}
Event: 81.608 GC heap after
{Heap after GC invocations=53 (full 0):
 garbage-first heap   total 132096K, used 64946K [0x0000000080000000, 0x0000000100000000)
  region size 1024K, 3 young (3072K), 3 survivors (3072K)
 Metaspace       used 71058K, committed 71616K, reserved 1114112K
  class space    used 9348K, committed 9600K, reserved 1048576K
}
Event: 85.264 GC heap before
{Heap before GC invocations=54 (full 0):
 garbage-first heap   total 132096K, used 100786K [0x0000000080000000, 0x0000000100000000)
  region size 1024K, 39 young (39936K), 3 survivors (3072K)
 Metaspace       used 73196K, committed 73728K, reserved 1114112K
  class space    used 9670K, committed 9920K, reserved 1048576K
}
Event: 85.288 GC heap after
{Heap after GC invocations=55 (full 0):
 garbage-first heap   total 132096K, used 66872K [0x0000000080000000, 0x0000000100000000)
  region size 1024K, 5 young (5120K), 5 survivors (5120K)
 Metaspace       used 73196K, committed 73728K, reserved 1114112K
  class space    used 9670K, committed 9920K, reserved 1048576K
}
Event: 89.073 GC heap before
{Heap before GC invocations=55 (full 0):
 garbage-first heap   total 132096K, used 103736K [0x0000000080000000, 0x0000000100000000)
  region size 1024K, 41 young (41984K), 5 survivors (5120K)
 Metaspace       used 77491K, committed 78080K, reserved 1122304K
  class space    used 10450K, committed 10688K, reserved 1048576K
}
Event: 89.104 GC heap after
{Heap after GC invocations=56 (full 0):
 garbage-first heap   total 132096K, used 69259K [0x0000000080000000, 0x0000000100000000)
  region size 1024K, 5 young (5120K), 5 survivors (5120K)
 Metaspace       used 77491K, committed 78080K, reserved 1122304K
  class space    used 10450K, committed 10688K, reserved 1048576K
}
Event: 94.174 GC heap before
{Heap before GC invocations=57 (full 0):
 garbage-first heap   total 132096K, used 105099K [0x0000000080000000, 0x0000000100000000)
  region size 1024K, 40 young (40960K), 5 survivors (5120K)
 Metaspace       used 80712K, committed 81280K, reserved 1122304K
  class space    used 10904K, committed 11136K, reserved 1048576K
}
Event: 94.223 GC heap after
{Heap after GC invocations=58 (full 0):
 garbage-first heap   total 132096K, used 72409K [0x0000000080000000, 0x0000000100000000)
  region size 1024K, 5 young (5120K), 5 survivors (5120K)
 Metaspace       used 80712K, committed 81280K, reserved 1122304K
  class space    used 10904K, committed 11136K, reserved 1048576K
}
Event: 94.335 GC heap before
{Heap before GC invocations=58 (full 0):
 garbage-first heap   total 132096K, used 72409K [0x0000000080000000, 0x0000000100000000)
  region size 1024K, 6 young (6144K), 5 survivors (5120K)
 Metaspace       used 80875K, committed 81472K, reserved 1122304K
  class space    used 10928K, committed 11200K, reserved 1048576K
}
Event: 94.366 GC heap after
{Heap after GC invocations=59 (full 0):
 garbage-first heap   total 132096K, used 72946K [0x0000000080000000, 0x0000000100000000)
  region size 1024K, 1 young (1024K), 1 survivors (1024K)
 Metaspace       used 80875K, committed 81472K, reserved 1122304K
  class space    used 10928K, committed 11200K, reserved 1048576K
}
Event: 98.924 GC heap before
{Heap before GC invocations=59 (full 0):
 garbage-first heap   total 132096K, used 106738K [0x0000000080000000, 0x0000000100000000)
  region size 1024K, 34 young (34816K), 1 survivors (1024K)
 Metaspace       used 85628K, committed 86208K, reserved 1130496K
  class space    used 11609K, committed 11904K, reserved 1048576K
}
Event: 98.945 GC heap after
{Heap after GC invocations=60 (full 0):
 garbage-first heap   total 132096K, used 75140K [0x0000000080000000, 0x0000000100000000)
  region size 1024K, 4 young (4096K), 4 survivors (4096K)
 Metaspace       used 85628K, committed 86208K, reserved 1130496K
  class space    used 11609K, committed 11904K, reserved 1048576K
}
Event: 101.651 GC heap before
{Heap before GC invocations=61 (full 0):
 garbage-first heap   total 132096K, used 106884K [0x0000000080000000, 0x0000000100000000)
  region size 1024K, 35 young (35840K), 4 survivors (4096K)
 Metaspace       used 87169K, committed 87744K, reserved 1130496K
  class space    used 11821K, committed 12096K, reserved 1048576K
}
Event: 101.675 GC heap after
{Heap after GC invocations=62 (full 0):
 garbage-first heap   total 132096K, used 78546K [0x0000000080000000, 0x0000000100000000)
  region size 1024K, 4 young (4096K), 4 survivors (4096K)
 Metaspace       used 87169K, committed 87744K, reserved 1130496K
  class space    used 11821K, committed 12096K, reserved 1048576K
}
Event: 101.710 GC heap before
{Heap before GC invocations=62 (full 0):
 garbage-first heap   total 132096K, used 80594K [0x0000000080000000, 0x0000000100000000)
  region size 1024K, 6 young (6144K), 4 survivors (4096K)
 Metaspace       used 87170K, committed 87744K, reserved 1130496K
  class space    used 11821K, committed 12096K, reserved 1048576K
}
Event: 101.727 GC heap after
{Heap after GC invocations=63 (full 0):
 garbage-first heap   total 132096K, used 78907K [0x0000000080000000, 0x0000000100000000)
  region size 1024K, 1 young (1024K), 1 survivors (1024K)
 Metaspace       used 87170K, committed 87744K, reserved 1130496K
  class space    used 11821K, committed 12096K, reserved 1048576K
}
Event: 103.052 GC heap before
{Heap before GC invocations=63 (full 0):
 garbage-first heap   total 132096K, used 108603K [0x0000000080000000, 0x0000000100000000)
  region size 1024K, 30 young (30720K), 1 survivors (1024K)
 Metaspace       used 87244K, committed 87808K, reserved 1130496K
  class space    used 11827K, committed 12096K, reserved 1048576K
}

Dll operation events (2 events):
Event: 0.128 Loaded shared library C:\Program Files\Android\Android Studio\jbr\bin\java.dll
Event: 5.282 Loaded shared library C:\Program Files\Android\Android Studio\jbr\bin\verify.dll

Deoptimization events (20 events):
Event: 100.739 Thread 0x000001792d9d82c0 Uncommon trap: trap_request=0xffffffc6 fr.pc=0x000001791ecb05b8 relative=0x0000000000000538
Event: 100.739 Thread 0x000001792d9d82c0 Uncommon trap: reason=bimorphic_or_optimized_type_check action=maybe_recompile pc=0x000001791ecb05b8 method=com.google.common.collect.AbstractMapBasedMultimap.createCollection(Ljava/lang/Object;)Ljava/util/Collection; @ 1 c2
Event: 100.739 Thread 0x000001792d9d82c0 DEOPT PACKING pc=0x000001791ecb05b8 sp=0x0000002fec8fb690
Event: 100.739 Thread 0x000001792d9d82c0 DEOPT UNPACKING pc=0x000001791e2969a3 sp=0x0000002fec8fb660 mode 2
Event: 100.753 Thread 0x000001792d9d82c0 Uncommon trap: trap_request=0xffffffc6 fr.pc=0x000001791e961240 relative=0x0000000000000440
Event: 100.753 Thread 0x000001792d9d82c0 Uncommon trap: reason=bimorphic_or_optimized_type_check action=maybe_recompile pc=0x000001791e961240 method=java.util.Spliterators$IteratorSpliterator.tryAdvance(Ljava/util/function/Consumer;)Z @ 50 c2
Event: 100.753 Thread 0x000001792d9d82c0 DEOPT PACKING pc=0x000001791e961240 sp=0x0000002fec8fb3c0
Event: 100.753 Thread 0x000001792d9d82c0 DEOPT UNPACKING pc=0x000001791e2969a3 sp=0x0000002fec8fb360 mode 2
Event: 100.819 Thread 0x000001792d9d82c0 Uncommon trap: trap_request=0xffffff45 fr.pc=0x000001791e85b720 relative=0x00000000000005e0
Event: 100.819 Thread 0x000001792d9d82c0 Uncommon trap: reason=unstable_if action=reinterpret pc=0x000001791e85b720 method=java.util.HashMap$HashIterator.<init>(Ljava/util/HashMap;)V @ 45 c2
Event: 100.819 Thread 0x000001792d9d82c0 DEOPT PACKING pc=0x000001791e85b720 sp=0x0000002fec8fbb90
Event: 100.819 Thread 0x000001792d9d82c0 DEOPT UNPACKING pc=0x000001791e2969a3 sp=0x0000002fec8fba20 mode 2
Event: 101.476 Thread 0x000001792d9d82c0 Uncommon trap: trap_request=0xffffff45 fr.pc=0x000001791e81ece0 relative=0x0000000000000d20
Event: 101.476 Thread 0x000001792d9d82c0 Uncommon trap: reason=unstable_if action=reinterpret pc=0x000001791e81ece0 method=java.lang.ClassLoader.checkCerts(Ljava/lang/String;Ljava/security/CodeSource;)V @ 30 c2
Event: 101.476 Thread 0x000001792d9d82c0 DEOPT PACKING pc=0x000001791e81ece0 sp=0x0000002fec8f7760
Event: 101.476 Thread 0x000001792d9d82c0 DEOPT UNPACKING pc=0x000001791e2969a3 sp=0x0000002fec8f7728 mode 2
Event: 101.477 Thread 0x000001792d9d82c0 Uncommon trap: trap_request=0xffffff45 fr.pc=0x000001791eae8ffc relative=0x0000000000000a7c
Event: 101.477 Thread 0x000001792d9d82c0 Uncommon trap: reason=unstable_if action=reinterpret pc=0x000001791eae8ffc method=java.lang.ClassLoader.loadClass(Ljava/lang/String;Z)Ljava/lang/Class; @ 29 c2
Event: 101.477 Thread 0x000001792d9d82c0 DEOPT PACKING pc=0x000001791eae8ffc sp=0x0000002fec8f3880
Event: 101.477 Thread 0x000001792d9d82c0 DEOPT UNPACKING pc=0x000001791e2969a3 sp=0x0000002fec8f3848 mode 2

Classes unloaded (0 events):
No events

Classes redefined (0 events):
No events

Internal exceptions (20 events):
Event: 102.859 Thread 0x000001792d9d82c0 Exception <a 'java/lang/ClassNotFoundException'{0x0000000086637dd0}: com/android/build/gradle/internal/tasks/MergeJavaResourceTask_DecoratedBeanInfo> (0x0000000086637dd0) 
thrown [s\src\hotspot\share\classfile\systemDictionary.cpp, line 256]
Event: 102.860 Thread 0x000001792d9d82c0 Exception <a 'java/lang/ClassNotFoundException'{0x00000000866439d8}: com/android/build/gradle/internal/tasks/MergeJavaResourceTaskBeanInfo> (0x00000000866439d8) 
thrown [s\src\hotspot\share\classfile\systemDictionary.cpp, line 256]
Event: 102.861 Thread 0x000001792d9d82c0 Exception <a 'java/lang/ClassNotFoundException'{0x000000008664f370}: com/android/build/gradle/internal/tasks/MergeJavaResourceTaskCustomizer> (0x000000008664f370) 
thrown [s\src\hotspot\share\classfile\systemDictionary.cpp, line 256]
Event: 102.864 Thread 0x000001792d9d82c0 Exception <a 'java/lang/ClassNotFoundException'{0x0000000086681430}: com/android/build/gradle/internal/tasks/MergeJavaResourceTask_DecoratedCustomizer> (0x0000000086681430) 
thrown [s\src\hotspot\share\classfile\systemDictionary.cpp, line 256]
Event: 102.920 Thread 0x000001792d9d82c0 Exception <a 'java/lang/ClassNotFoundException'{0x0000000086518670}: com/android/build/gradle/internal/tasks/CheckDuplicateClassesTask_DecoratedBeanInfo> (0x0000000086518670) 
thrown [s\src\hotspot\share\classfile\systemDictionary.cpp, line 256]
Event: 102.921 Thread 0x000001792d9d82c0 Exception <a 'java/lang/ClassNotFoundException'{0x0000000086524348}: com/android/build/gradle/internal/tasks/CheckDuplicateClassesTaskBeanInfo> (0x0000000086524348) 
thrown [s\src\hotspot\share\classfile\systemDictionary.cpp, line 256]
Event: 102.922 Thread 0x000001792d9d82c0 Exception <a 'java/lang/ClassNotFoundException'{0x000000008652fd58}: com/android/build/gradle/internal/tasks/CheckDuplicateClassesTaskCustomizer> (0x000000008652fd58) 
thrown [s\src\hotspot\share\classfile\systemDictionary.cpp, line 256]
Event: 102.924 Thread 0x000001792d9d82c0 Exception <a 'java/lang/ClassNotFoundException'{0x000000008654d678}: com/android/build/gradle/internal/tasks/CheckDuplicateClassesTask_DecoratedCustomizer> (0x000000008654d678) 
thrown [s\src\hotspot\share\classfile\systemDictionary.cpp, line 256]
Event: 102.931 Thread 0x000001792d9d82c0 Exception <a 'java/lang/ClassNotFoundException'{0x00000000865d52b0}: com/android/build/gradle/internal/tasks/DexFileDependenciesTask_DecoratedBeanInfo> (0x00000000865d52b0) 
thrown [s\src\hotspot\share\classfile\systemDictionary.cpp, line 256]
Event: 102.933 Thread 0x000001792d9d82c0 Exception <a 'java/lang/ClassNotFoundException'{0x00000000865e0f30}: com/android/build/gradle/internal/tasks/DexFileDependenciesTaskBeanInfo> (0x00000000865e0f30) 
thrown [s\src\hotspot\share\classfile\systemDictionary.cpp, line 256]
Event: 102.934 Thread 0x000001792d9d82c0 Exception <a 'java/lang/ClassNotFoundException'{0x00000000865ec920}: com/android/build/gradle/internal/tasks/DexFileDependenciesTaskCustomizer> (0x00000000865ec920) 
thrown [s\src\hotspot\share\classfile\systemDictionary.cpp, line 256]
Event: 102.937 Thread 0x000001792d9d82c0 Exception <a 'java/lang/ClassNotFoundException'{0x0000000086414908}: com/android/build/gradle/internal/tasks/DexFileDependenciesTask_DecoratedCustomizer> (0x0000000086414908) 
thrown [s\src\hotspot\share\classfile\systemDictionary.cpp, line 256]
Event: 102.947 Thread 0x000001792d9d82c0 Exception <a 'java/lang/ClassNotFoundException'{0x00000000864aa700}: com/android/build/gradle/internal/tasks/DexMergingTask_DecoratedBeanInfo> (0x00000000864aa700) 
thrown [s\src\hotspot\share\classfile\systemDictionary.cpp, line 256]
Event: 102.948 Thread 0x000001792d9d82c0 Exception <a 'java/lang/ClassNotFoundException'{0x00000000864b6230}: com/android/build/gradle/internal/tasks/DexMergingTaskBeanInfo> (0x00000000864b6230) 
thrown [s\src\hotspot\share\classfile\systemDictionary.cpp, line 256]
Event: 102.949 Thread 0x000001792d9d82c0 Exception <a 'java/lang/ClassNotFoundException'{0x00000000864c1ae0}: com/android/build/gradle/internal/tasks/DexMergingTaskCustomizer> (0x00000000864c1ae0) 
thrown [s\src\hotspot\share\classfile\systemDictionary.cpp, line 256]
Event: 103.035 Thread 0x000001792d9d82c0 Exception <a 'java/lang/ClassNotFoundException'{0x00000000864e92b8}: com/android/build/gradle/internal/tasks/DexMergingTask_DecoratedCustomizer> (0x00000000864e92b8) 
thrown [s\src\hotspot\share\classfile\systemDictionary.cpp, line 256]
Event: 103.046 Thread 0x000001792d9d82c0 Exception <a 'java/lang/ClassNotFoundException'{0x00000000863803d0}: com/android/build/gradle/internal/tasks/DexArchiveBuilderTask_DecoratedBeanInfo> (0x00000000863803d0) 
thrown [s\src\hotspot\share\classfile\systemDictionary.cpp, line 256]
Event: 103.047 Thread 0x000001792d9d82c0 Exception <a 'java/lang/ClassNotFoundException'{0x000000008638c248}: com/android/build/gradle/internal/tasks/DexArchiveBuilderTaskBeanInfo> (0x000000008638c248) 
thrown [s\src\hotspot\share\classfile\systemDictionary.cpp, line 256]
Event: 103.048 Thread 0x000001792d9d82c0 Exception <a 'java/lang/ClassNotFoundException'{0x0000000086397be0}: com/android/build/gradle/internal/tasks/DexArchiveBuilderTaskCustomizer> (0x0000000086397be0) 
thrown [s\src\hotspot\share\classfile\systemDictionary.cpp, line 256]
Event: 103.051 Thread 0x000001792d9d82c0 Exception <a 'java/lang/ClassNotFoundException'{0x00000000863c86c0}: com/android/build/gradle/internal/tasks/DexArchiveBuilderTask_DecoratedCustomizer> (0x00000000863c86c0) 
thrown [s\src\hotspot\share\classfile\systemDictionary.cpp, line 256]

VM Operations (20 events):
Event: 98.099 Executing VM operation: Cleanup done
Event: 98.924 Executing VM operation: G1CollectForAllocation
Event: 98.951 Executing VM operation: G1CollectForAllocation done
Event: 99.137 Executing VM operation: G1Concurrent
Event: 99.152 Executing VM operation: G1Concurrent done
Event: 99.233 Executing VM operation: G1Concurrent
Event: 99.258 Executing VM operation: G1Concurrent done
Event: 99.382 Executing VM operation: HandshakeAllThreads
Event: 99.382 Executing VM operation: HandshakeAllThreads done
Event: 100.396 Executing VM operation: Cleanup
Event: 100.398 Executing VM operation: Cleanup done
Event: 100.941 Executing VM operation: HandshakeAllThreads
Event: 100.942 Executing VM operation: HandshakeAllThreads done
Event: 101.650 Executing VM operation: G1CollectForAllocation
Event: 101.675 Executing VM operation: G1CollectForAllocation done
Event: 101.710 Executing VM operation: G1CollectForAllocation
Event: 101.728 Executing VM operation: G1CollectForAllocation done
Event: 102.739 Executing VM operation: Cleanup
Event: 102.739 Executing VM operation: Cleanup done
Event: 103.052 Executing VM operation: G1CollectForAllocation

Events (20 events):
Event: 97.807 loading class sun/net/InetAddressCachePolicy$2
Event: 97.808 loading class sun/net/InetAddressCachePolicy$2 done
Event: 97.808 loading class java/net/InetAddress$CachedAddresses
Event: 97.808 loading class java/net/InetAddress$CachedAddresses done
Event: 97.808 loading class java/net/InetAddress$CachedLocalHost
Event: 97.808 loading class java/net/InetAddress$CachedLocalHost done
Event: 100.764 loading class java/util/IdentityHashMap$KeyIterator
Event: 100.764 loading class java/util/IdentityHashMap$IdentityHashMapIterator
Event: 100.765 loading class java/util/IdentityHashMap$IdentityHashMapIterator done
Event: 100.765 loading class java/util/IdentityHashMap$KeyIterator done
Event: 101.418 loading class java/lang/ClassBeanInfo
Event: 101.418 loading class java/lang/ClassBeanInfo done
Event: 101.419 loading class java/lang/ClassBeanInfo
Event: 101.419 loading class java/lang/ClassBeanInfo done
Event: 101.421 loading class java/lang/ClassCustomizer
Event: 101.421 loading class java/lang/ClassCustomizer done
Event: 101.421 loading class java/lang/ClassCustomizer
Event: 101.421 loading class java/lang/ClassCustomizer done
Event: 102.840 loading class java/io/FilterReader
Event: 102.841 loading class java/io/FilterReader done


Dynamic libraries:
0x00007ff75b890000 - 0x00007ff75b89a000 	C:\Program Files\Android\Android Studio\jbr\bin\java.exe
0x00007fffc0950000 - 0x00007fffc0b46000 	C:\Windows\SYSTEM32\ntdll.dll
0x00007fffbeae0000 - 0x00007fffbeb9d000 	C:\Windows\System32\KERNEL32.DLL
0x00007fffbe580000 - 0x00007fffbe849000 	C:\Windows\System32\KERNELBASE.dll
0x00007fffbe850000 - 0x00007fffbe950000 	C:\Windows\System32\ucrtbase.dll
0x00007fffa5db0000 - 0x00007fffa5dc7000 	C:\Program Files\Android\Android Studio\jbr\bin\jli.dll
0x00007fffbf9c0000 - 0x00007fffbfb60000 	C:\Windows\System32\USER32.dll
0x00007fffbe4b0000 - 0x00007fffbe4d2000 	C:\Windows\System32\win32u.dll
0x00007fffbeaa0000 - 0x00007fffbeaca000 	C:\Windows\System32\GDI32.dll
0x00007fffbe110000 - 0x00007fffbe219000 	C:\Windows\System32\gdi32full.dll
0x00007fffbe4e0000 - 0x00007fffbe57d000 	C:\Windows\System32\msvcp_win.dll
0x00007fffa3a70000 - 0x00007fffa3a8b000 	C:\Program Files\Android\Android Studio\jbr\bin\VCRUNTIME140.dll
0x00007fffaec30000 - 0x00007fffaeecb000 	C:\Windows\WinSxS\amd64_microsoft.windows.common-controls_6595b64144ccf1df_6.0.19041.488_none_ca04af081b815d21\COMCTL32.dll
0x00007fffbfbc0000 - 0x00007fffbfc5e000 	C:\Windows\System32\msvcrt.dll
0x00007fffc0060000 - 0x00007fffc0090000 	C:\Windows\System32\IMM32.DLL
0x00007fffa8530000 - 0x00007fffa853c000 	C:\Program Files\Android\Android Studio\jbr\bin\vcruntime140_1.dll
0x00007fff980f0000 - 0x00007fff9817d000 	C:\Program Files\Android\Android Studio\jbr\bin\msvcp140.dll
0x00007fff80140000 - 0x00007fff80dad000 	C:\Program Files\Android\Android Studio\jbr\bin\server\jvm.dll
0x00007fffbeba0000 - 0x00007fffbec4c000 	C:\Windows\System32\ADVAPI32.dll
0x00007fffbffc0000 - 0x00007fffc005c000 	C:\Windows\System32\sechost.dll
0x00007fffc01b0000 - 0x00007fffc02db000 	C:\Windows\System32\RPCRT4.dll
0x00007fffb6c40000 - 0x00007fffb6c49000 	C:\Windows\SYSTEM32\WSOCK32.dll
0x00007fffbf830000 - 0x00007fffbf89b000 	C:\Windows\System32\WS2_32.dll
0x00007fffb5920000 - 0x00007fffb5947000 	C:\Windows\SYSTEM32\WINMM.dll
0x00007fffb5950000 - 0x00007fffb595a000 	C:\Windows\SYSTEM32\VERSION.dll
0x00007fffbbe60000 - 0x00007fffbbe72000 	C:\Windows\SYSTEM32\kernel.appcore.dll
0x00007fffb3d50000 - 0x00007fffb3d5a000 	C:\Program Files\Android\Android Studio\jbr\bin\jimage.dll
0x00007fffaacf0000 - 0x00007fffaaed4000 	C:\Windows\SYSTEM32\DBGHELP.DLL
0x00007fffaa520000 - 0x00007fffaa54c000 	C:\Windows\SYSTEM32\dbgcore.DLL
0x00007fffbe430000 - 0x00007fffbe4b0000 	C:\Windows\System32\bcryptPrimitives.dll
0x00007fffb05e0000 - 0x00007fffb0605000 	C:\Program Files\Android\Android Studio\jbr\bin\java.dll
0x00007fffaeee0000 - 0x00007fffaeef8000 	C:\Program Files\Android\Android Studio\jbr\bin\zip.dll
0x00007fffbf0e0000 - 0x00007fffbf822000 	C:\Windows\System32\SHELL32.dll
0x00007fffbc170000 - 0x00007fffbc905000 	C:\Windows\SYSTEM32\windows.storage.dll
0x00007fffbfc60000 - 0x00007fffbffb6000 	C:\Windows\System32\combase.dll
0x00007fffbd930000 - 0x00007fffbd95c000 	C:\Windows\SYSTEM32\Wldp.dll
0x00007fffbf910000 - 0x00007fffbf9be000 	C:\Windows\System32\SHCORE.dll
0x00007fffc0710000 - 0x00007fffc0765000 	C:\Windows\System32\shlwapi.dll
0x00007fffbdf90000 - 0x00007fffbdfb6000 	C:\Windows\SYSTEM32\profapi.dll
0x00007fffaec10000 - 0x00007fffaec29000 	C:\Program Files\Android\Android Studio\jbr\bin\net.dll
0x00007fffb2f90000 - 0x00007fffb3090000 	C:\Windows\SYSTEM32\WINHTTP.dll
0x00007fffbd720000 - 0x00007fffbd78a000 	C:\Windows\system32\mswsock.dll
0x00007fffae800000 - 0x00007fffae816000 	C:\Program Files\Android\Android Studio\jbr\bin\nio.dll
0x00007fffaebd0000 - 0x00007fffaebe0000 	C:\Program Files\Android\Android Studio\jbr\bin\verify.dll
0x00007fffa5e10000 - 0x00007fffa5e37000 	C:\Users\Dmitry\.gradle\native\68d5fa5c4cc2d200863cafc0d521ce42e7d3e7ee720ec0a83991735586a16f82\windows-amd64\native-platform.dll
0x00007fff89590000 - 0x00007fff896d4000 	C:\Users\Dmitry\.gradle\native\e376f236ea51e6404a007f0833ffe2c6e607c4080706a723a18a27aeea778392\windows-amd64\native-platform-file-events.dll
0x00007fffb05d0000 - 0x00007fffb05d9000 	C:\Program Files\Android\Android Studio\jbr\bin\management.dll
0x00007fffb05b0000 - 0x00007fffb05bb000 	C:\Program Files\Android\Android Studio\jbr\bin\management_ext.dll
0x00007fffbead0000 - 0x00007fffbead8000 	C:\Windows\System32\PSAPI.DLL
0x00007fffbd970000 - 0x00007fffbd988000 	C:\Windows\SYSTEM32\CRYPTSP.dll
0x00007fffbd0d0000 - 0x00007fffbd104000 	C:\Windows\system32\rsaenh.dll
0x00007fffbe950000 - 0x00007fffbe977000 	C:\Windows\System32\bcrypt.dll
0x00007fffbdf50000 - 0x00007fffbdf7e000 	C:\Windows\SYSTEM32\USERENV.dll
0x00007fffbd8a0000 - 0x00007fffbd8ac000 	C:\Windows\SYSTEM32\CRYPTBASE.dll
0x00007fffbd430000 - 0x00007fffbd46b000 	C:\Windows\SYSTEM32\IPHLPAPI.DLL
0x00007fffbe980000 - 0x00007fffbe988000 	C:\Windows\System32\NSI.dll
0x00007fffb3fc0000 - 0x00007fffb3fd7000 	C:\Windows\SYSTEM32\dhcpcsvc6.DLL
0x00007fffb3fa0000 - 0x00007fffb3fbd000 	C:\Windows\SYSTEM32\dhcpcsvc.DLL
0x00007fffbd470000 - 0x00007fffbd53b000 	C:\Windows\SYSTEM32\DNSAPI.dll
0x00007fffaeb90000 - 0x00007fffaeb97000 	C:\Windows\system32\wshunix.dll
0x00007fffa5d90000 - 0x00007fffa5da7000 	C:\Windows\system32\napinsp.dll
0x00007fffa55d0000 - 0x00007fffa55eb000 	C:\Windows\system32\pnrpnsp.dll
0x00007fffb8770000 - 0x00007fffb8785000 	C:\Windows\system32\wshbth.dll
0x00007fffb9a80000 - 0x00007fffb9a9d000 	C:\Windows\system32\NLAapi.dll
0x00007fff868a0000 - 0x00007fff868b2000 	C:\Windows\System32\winrnr.dll
0x00007fffaf360000 - 0x00007fffaf36a000 	C:\Windows\System32\rasadhlp.dll
0x00007fffaf490000 - 0x00007fffaf50f000 	C:\Windows\System32\fwpuclnt.dll

dbghelp: loaded successfully - version: 4.0.5 - missing functions: none
symbol engine: initialized successfully - sym options: 0x614 - pdb path: .;C:\Program Files\Android\Android Studio\jbr\bin;C:\Windows\SYSTEM32;C:\Windows\WinSxS\amd64_microsoft.windows.common-controls_6595b64144ccf1df_6.0.19041.488_none_ca04af081b815d21;C:\Program Files\Android\Android Studio\jbr\bin\server;C:\Users\Dmitry\.gradle\native\68d5fa5c4cc2d200863cafc0d521ce42e7d3e7ee720ec0a83991735586a16f82\windows-amd64;C:\Users\Dmitry\.gradle\native\e376f236ea51e6404a007f0833ffe2c6e607c4080706a723a18a27aeea778392\windows-amd64

VM Arguments:
jvm_args: --add-opens=java.base/java.util=ALL-UNNAMED --add-opens=java.base/java.lang=ALL-UNNAMED --add-opens=java.base/java.lang.invoke=ALL-UNNAMED --add-opens=java.prefs/java.util.prefs=ALL-UNNAMED --add-opens=java.base/java.nio.charset=ALL-UNNAMED --add-opens=java.base/java.net=ALL-UNNAMED --add-opens=java.base/java.util.concurrent.atomic=ALL-UNNAMED -Xmx2048m -Dfile.encoding=UTF-8 -Duser.country=RU -Duser.language=ru -Duser.variant 
java_command: org.gradle.launcher.daemon.bootstrap.GradleDaemon 8.0
java_class_path (initial): C:\Users\Dmitry\.gradle\wrapper\dists\gradle-8.0-bin\ca5e32bp14vu59qr306oxotwh\gradle-8.0\lib\gradle-launcher-8.0.jar
Launcher Type: SUN_STANDARD

[Global flags]
     intx CICompilerCount                          = 2                                         {product} {ergonomic}
     uint ConcGCThreads                            = 1                                         {product} {ergonomic}
     uint G1ConcRefinementThreads                  = 2                                         {product} {ergonomic}
   size_t G1HeapRegionSize                         = 1048576                                   {product} {ergonomic}
    uintx GCDrainStackTargetSize                   = 64                                        {product} {ergonomic}
   size_t InitialHeapSize                          = 117440512                                 {product} {ergonomic}
   size_t MarkStackSize                            = 4194304                                   {product} {ergonomic}
   size_t MaxHeapSize                              = 2147483648                                {product} {command line}
   size_t MaxNewSize                               = 1287651328                                {product} {ergonomic}
   size_t MinHeapDeltaBytes                        = 1048576                                   {product} {ergonomic}
   size_t MinHeapSize                              = 8388608                                   {product} {ergonomic}
    uintx NonNMethodCodeHeapSize                   = 5826188                                {pd product} {ergonomic}
    uintx NonProfiledCodeHeapSize                  = 122916026                              {pd product} {ergonomic}
    uintx ProfiledCodeHeapSize                     = 122916026                              {pd product} {ergonomic}
    uintx ReservedCodeCacheSize                    = 251658240                              {pd product} {ergonomic}
     bool SegmentedCodeCache                       = true                                      {product} {ergonomic}
   size_t SoftMaxHeapSize                          = 2147483648                             {manageable} {ergonomic}
     bool UseCompressedClassPointers               = true                           {product lp64_product} {ergonomic}
     bool UseCompressedOops                        = true                           {product lp64_product} {ergonomic}
     bool UseG1GC                                  = true                                      {product} {ergonomic}
     bool UseLargePagesIndividualAllocation        = false                                  {pd product} {ergonomic}

Logging:
Log output configuration:
 #0: stdout all=warning uptime,level,tags
 #1: stderr all=off uptime,level,tags

Environment Variables:
PATH=C:\ProgramData\Oracle\Java\javapath;C:\Program Files\Common Files\Oracle\Java\javapath;C:\Windows\system32;C:\Windows;C:\Windows\System32\Wbem;C:\Windows\System32\WindowsPowerShell\v1.0\;C:\Program Files\Git\cmd;D:\mingv\bin;C:\Program Files\dotnet\;C:\Program Files (x86)\dotnet\;C:\Program Files\Microsoft SQL Server\150\Tools\Binn\;C:\Program Files (x86)\Microsoft SQL Server\100\Tools\Binn\;C:\Program Files\Microsoft SQL Server\100\Tools\Binn\;C:\Program Files\Microsoft SQL Server\100\DTS\Binn\;D:\nodejs\;D:\arc labs\toolchain\make-3.81\bin;;C:\Program Files\Docker\Docker\resources\bin;C:\Users\Dmitry\AppData\Local\Microsoft\WindowsApps;D:\java\IntelliJ IDEA 2021.3.1\bin;;D:\VSCode\Microsoft VS Code\bin;C:\ghcup\bin;C:\Users\Dmitry\.dotnet\tools;C:\Users\Dmitry\AppData\Roaming\npm;D:\arc labs\toolchain;
USERNAME=Dmitry
OS=Windows_NT
PROCESSOR_IDENTIFIER=AMD64 Family 21 Model 112 Stepping 0, AuthenticAMD
TMP=C:\Temp
TEMP=C:\Temp



---------------  S Y S T E M  ---------------

OS:
 Windows 10 , 64 bit Build 19041 (10.0.19041.662)
OS uptime: 3 days 2:24 hours
Hyper-V role detected

CPU: total 2 (initial active 2) (2 cores per cpu, 1 threads per core) family 21 model 112 stepping 0 microcode 0x0, cx8, cmov, fxsr, mmx, 3dnowpref, sse, sse2, sse3, ssse3, sse4a, sse4.1, sse4.2, popcnt, lzcnt, tsc, tscinvbit, avx, avx2, aes, clmul, bmi1, bmi2, fma, vzeroupper, clflush, hv

Memory: 4k page, system-wide physical 7055M (73M free)
TotalPageFile size 12161M (AvailPageFile size 74M)
current process WorkingSet (physical memory assigned to process): 347M, peak: 349M
current process commit charge ("private bytes"): 370M, peak: 510M

vm_info: OpenJDK 64-Bit Server VM (17.0.6+0-b2043.56-9586694) for windows-amd64 JRE (17.0.6+0-b2043.56-9586694), built on Feb  9 2023 20:06:20 by "androidbuild" with MS VC++ 16.10 / 16.11 (VS2019)

END.
