#
# There is insufficient memory for the Java Runtime Environment to continue.
# Native memory allocation (malloc) failed to allocate 32744 bytes for ChunkPool::allocate
# Possible reasons:
#   The system is out of physical RAM or swap space
#   The process is running with CompressedOops enabled, and the Java Heap may be blocking the growth of the native heap
# Possible solutions:
#   Reduce memory load on the system
#   Increase physical memory or swap space
#   Check if swap backing store is full
#   Decrease Java heap size (-Xmx/-Xms)
#   Decrease number of Java threads
#   Decrease Java thread stack sizes (-Xss)
#   Set larger code cache with -XX:ReservedCodeCacheSize=
#   JVM is running with Unscaled Compressed Oops mode in which the Java heap is
#     placed in the first 4GB address space. The Java Heap base address is the
#     maximum limit for the native heap growth. Please use -XX:HeapBaseMinAddress
#     to set the Java Heap base and to place the Java Heap above 4GB virtual address.
# This output file may be truncated or incomplete.
#
#  Out of Memory Error (arena.cpp:78), pid=9432, tid=996
#
# JRE version: OpenJDK Runtime Environment (17.0.6) (build 17.0.6+0-b2043.56-9586694)
# Java VM: OpenJDK 64-Bit Server VM (17.0.6+0-b2043.56-9586694, mixed mode, tiered, compressed oops, compressed class ptrs, g1 gc, windows-amd64)
# No core dump will be written. Minidumps are not enabled by default on client versions of Windows
#

---------------  S U M M A R Y ------------

Command Line: --add-opens=java.base/java.util=ALL-UNNAMED --add-opens=java.base/java.lang=ALL-UNNAMED --add-opens=java.base/java.lang.invoke=ALL-UNNAMED --add-opens=java.prefs/java.util.prefs=ALL-UNNAMED --add-opens=java.base/java.nio.charset=ALL-UNNAMED --add-opens=java.base/java.net=ALL-UNNAMED --add-opens=java.base/java.util.concurrent.atomic=ALL-UNNAMED -Xmx2048m -Dfile.encoding=UTF-8 -Duser.country=RU -Duser.language=ru -Duser.variant org.gradle.launcher.daemon.bootstrap.GradleDaemon 8.0

Host: AMD A4-9125 RADEON R3, 4 COMPUTE CORES 2C+2G   , 2 cores, 6G,  Windows 10 , 64 bit Build 19041 (10.0.19041.662)
Time: Fri Apr 21 18:36:58 2023 RTZ 2 (s 10 , 64 bit Build 19041 (10.0.19041.662) elapsed time: 92.307017 seconds (0d 0h 1m 32s)

---------------  T H R E A D  ---------------

Current thread (0x00000198a40468b0):  JavaThread "C2 CompilerThread0" daemon [_thread_in_native, id=996, stack(0x0000000140d00000,0x0000000140e00000)]


Current CompileTask:
C2:  92307 11132       4       org.gradle.internal.instantiation.generator.DependencyInjectingInstantiator::newInstance (8 bytes)

Stack: [0x0000000140d00000,0x0000000140e00000]
Native frames: (J=compiled Java code, j=interpreted, Vv=VM code, C=native code)
V  [jvm.dll+0x683b4a]
V  [jvm.dll+0x842654]
V  [jvm.dll+0x843dfe]
V  [jvm.dll+0x844463]
V  [jvm.dll+0x249b75]
V  [jvm.dll+0xabecc]
V  [jvm.dll+0xac27c]
V  [jvm.dll+0x60f060]
V  [jvm.dll+0x614dc7]
V  [jvm.dll+0x615c42]
V  [jvm.dll+0x6141a4]
V  [jvm.dll+0x21c078]
V  [jvm.dll+0x21b621]
V  [jvm.dll+0x1a4fdd]
V  [jvm.dll+0x22b098]
V  [jvm.dll+0x229159]
V  [jvm.dll+0x7f809c]
V  [jvm.dll+0x7f25fa]
V  [jvm.dll+0x682985]
C  [ucrtbase.dll+0x214c2]
C  [KERNEL32.DLL+0x17034]
C  [ntdll.dll+0x4d0d1]


---------------  P R O C E S S  ---------------

Threads class SMR info:
_java_thread_list=0x00000198edee68e0, length=61, elements={
0x0000019888f498b0, 0x00000198a40009c0, 0x00000198a4003600, 0x00000198a405e7a0,
0x00000198a405f260, 0x00000198a40457f0, 0x00000198a4045cc0, 0x00000198a40468b0,
0x00000198a4049270, 0x00000198e4c7eb80, 0x00000198e4cf5840, 0x00000198e4cf5d10,
0x00000198e5794ae0, 0x00000198e5ed2f10, 0x00000198e5ff4b00, 0x00000198e67259b0,
0x00000198e7045ae0, 0x00000198e50eb8b0, 0x00000198e50ec520, 0x00000198e588fa00,
0x00000198e588fed0, 0x00000198e58903a0, 0x00000198e588f530, 0x00000198e5890870,
0x00000198e4eacb10, 0x00000198e4eaa960, 0x00000198e4ea6fa0, 0x00000198e4ead4b0,
0x00000198e4ea87b0, 0x00000198e4eabca0, 0x00000198e4eaae30, 0x00000198e4ea7470,
0x00000198e4ea6ad0, 0x00000198e4ea9af0, 0x00000198e4ea7e10, 0x00000198e4ea9620,
0x00000198e4eac640, 0x00000198e4eacfe0, 0x00000198e4ea9fc0, 0x00000198e4eaa490,
0x00000198e4eab7d0, 0x00000198e4eac170, 0x00000198e4ea6130, 0x00000198e4ea6600,
0x00000198e753e1b0, 0x00000198e7539e50, 0x00000198e753c000, 0x00000198e7538b10,
0x00000198e753b660, 0x00000198e753b190, 0x00000198e753a320, 0x00000198e7538fe0,
0x00000198e753bb30, 0x00000198e753f4f0, 0x00000198e753c4d0, 0x00000198e753a7f0,
0x00000198e753f020, 0x00000198e753acc0, 0x00000198e753ce70, 0x00000198e753d340,
0x00000198e753f9c0
}

Java Threads: ( => current thread )
  0x0000019888f498b0 JavaThread "main" [_thread_blocked, id=8484, stack(0x0000000140000000,0x0000000140100000)]
  0x00000198a40009c0 JavaThread "Reference Handler" daemon [_thread_blocked, id=7960, stack(0x0000000140700000,0x0000000140800000)]
  0x00000198a4003600 JavaThread "Finalizer" daemon [_thread_blocked, id=1700, stack(0x0000000140800000,0x0000000140900000)]
  0x00000198a405e7a0 JavaThread "Signal Dispatcher" daemon [_thread_blocked, id=7604, stack(0x0000000140900000,0x0000000140a00000)]
  0x00000198a405f260 JavaThread "Attach Listener" daemon [_thread_blocked, id=10124, stack(0x0000000140a00000,0x0000000140b00000)]
  0x00000198a40457f0 JavaThread "Service Thread" daemon [_thread_blocked, id=6304, stack(0x0000000140b00000,0x0000000140c00000)]
  0x00000198a4045cc0 JavaThread "Monitor Deflation Thread" daemon [_thread_blocked, id=10164, stack(0x0000000140c00000,0x0000000140d00000)]
=>0x00000198a40468b0 JavaThread "C2 CompilerThread0" daemon [_thread_in_native, id=996, stack(0x0000000140d00000,0x0000000140e00000)]
  0x00000198a4049270 JavaThread "C1 CompilerThread0" daemon [_thread_blocked, id=1188, stack(0x0000000140e00000,0x0000000140f00000)]
  0x00000198e4c7eb80 JavaThread "Sweeper thread" daemon [_thread_blocked, id=8004, stack(0x0000000140f00000,0x0000000141000000)]
  0x00000198e4cf5840 JavaThread "Common-Cleaner" daemon [_thread_blocked, id=8696, stack(0x0000000141000000,0x0000000141100000)]
  0x00000198e4cf5d10 JavaThread "Notification Thread" daemon [_thread_blocked, id=9564, stack(0x0000000141100000,0x0000000141200000)]
  0x00000198e5794ae0 JavaThread "Daemon health stats" [_thread_blocked, id=7240, stack(0x0000000141400000,0x0000000141500000)]
  0x00000198e5ed2f10 JavaThread "Incoming local TCP Connector on port 56342" [_thread_in_native, id=5020, stack(0x0000000141500000,0x0000000141600000)]
  0x00000198e5ff4b00 JavaThread "Daemon periodic checks" [_thread_blocked, id=9436, stack(0x0000000141600000,0x0000000141700000)]
  0x00000198e67259b0 JavaThread "Daemon" [_thread_blocked, id=3648, stack(0x0000000141700000,0x0000000141800000)]
  0x00000198e7045ae0 JavaThread "Handler for socket connection from /127.0.0.1:56342 to /127.0.0.1:56343" [_thread_in_native, id=5188, stack(0x0000000141800000,0x0000000141900000)]
  0x00000198e50eb8b0 JavaThread "Cancel handler" [_thread_blocked, id=9444, stack(0x0000000141900000,0x0000000141a00000)]
  0x00000198e50ec520 JavaThread "Daemon worker" [_thread_blocked, id=8304, stack(0x0000000141a00000,0x0000000141b00000)]
  0x00000198e588fa00 JavaThread "Asynchronous log dispatcher for DefaultDaemonConnection: socket connection from /127.0.0.1:56342 to /127.0.0.1:56343" [_thread_blocked, id=1796, stack(0x0000000141b00000,0x0000000141c00000)]
  0x00000198e588fed0 JavaThread "Daemon client event forwarder" [_thread_blocked, id=7288, stack(0x0000000141d00000,0x0000000141e00000)]
  0x00000198e58903a0 JavaThread "Cache worker for journal cache (D:\.gradle\caches\journal-1)" [_thread_blocked, id=5380, stack(0x0000000141e00000,0x0000000141f00000)]
  0x00000198e588f530 JavaThread "File lock request listener" [_thread_in_native, id=8580, stack(0x0000000141f00000,0x0000000142000000)]
  0x00000198e5890870 JavaThread "Cache worker for file hash cache (D:\.gradle\caches\8.0\fileHashes)" [_thread_blocked, id=9428, stack(0x0000000142000000,0x0000000142100000)]
  0x00000198e4eacb10 JavaThread "File watcher server" daemon [_thread_in_native, id=1980, stack(0x0000000142100000,0x0000000142200000)]
  0x00000198e4eaa960 JavaThread "File watcher consumer" daemon [_thread_blocked, id=7440, stack(0x0000000142200000,0x0000000142300000)]
  0x00000198e4ea6fa0 JavaThread "Cache worker for checksums cache (D:\BusinessTripApp\BusinessTripsApp\.gradle\8.0\checksums)" [_thread_blocked, id=4316, stack(0x0000000142300000,0x0000000142400000)]
  0x00000198e4ead4b0 JavaThread "Cache worker for cache directory md-rule (D:\.gradle\caches\8.0\md-rule)" [_thread_blocked, id=8556, stack(0x0000000142400000,0x0000000142500000)]
  0x00000198e4ea87b0 JavaThread "Cache worker for file content cache (D:\.gradle\caches\8.0\fileContent)" [_thread_blocked, id=9792, stack(0x0000000142500000,0x0000000142600000)]
  0x00000198e4eabca0 JavaThread "Cache worker for file hash cache (D:\BusinessTripApp\BusinessTripsApp\.gradle\8.0\fileHashes)" [_thread_blocked, id=9880, stack(0x0000000142600000,0x0000000142700000)]
  0x00000198e4eaae30 JavaThread "Cache worker for cache directory md-supplier (D:\.gradle\caches\8.0\md-supplier)" [_thread_blocked, id=6808, stack(0x0000000142700000,0x0000000142800000)]
  0x00000198e4ea7470 JavaThread "Cache worker for execution history cache (D:\.gradle\caches\8.0\executionHistory)" [_thread_blocked, id=4952, stack(0x0000000142800000,0x0000000142900000)]
  0x00000198e4ea6ad0 JavaThread "jar transforms" [_thread_blocked, id=9028, stack(0x0000000142900000,0x0000000142a00000)]
  0x00000198e4ea9af0 JavaThread "jar transforms Thread 2" [_thread_blocked, id=6380, stack(0x0000000142a00000,0x0000000142b00000)]
  0x00000198e4ea7e10 JavaThread "Cache worker for dependencies-accessors (D:\BusinessTripApp\BusinessTripsApp\.gradle\8.0\dependencies-accessors)" [_thread_blocked, id=9888, stack(0x0000000142c00000,0x0000000142d00000)]
  0x00000198e4ea9620 JavaThread "Cache worker for Build Output Cleanup Cache (D:\BusinessTripApp\BusinessTripsApp\.gradle\buildOutputCleanup)" [_thread_blocked, id=4740, stack(0x0000000142d00000,0x0000000142e00000)]
  0x00000198e4eac640 JavaThread "Unconstrained build operations" [_thread_in_native, id=8388, stack(0x000000013fd00000,0x000000013fe00000)]
  0x00000198e4eacfe0 JavaThread "Unconstrained build operations Thread 2" [_thread_blocked, id=9848, stack(0x0000000142e00000,0x0000000142f00000)]
  0x00000198e4ea9fc0 JavaThread "Unconstrained build operations Thread 3" [_thread_blocked, id=5892, stack(0x0000000142f00000,0x0000000143000000)]
  0x00000198e4eaa490 JavaThread "Unconstrained build operations Thread 4" [_thread_blocked, id=9912, stack(0x0000000143000000,0x0000000143100000)]
  0x00000198e4eab7d0 JavaThread "Unconstrained build operations Thread 5" [_thread_blocked, id=9264, stack(0x0000000143100000,0x0000000143200000)]
  0x00000198e4eac170 JavaThread "Unconstrained build operations Thread 6" [_thread_blocked, id=6504, stack(0x0000000143200000,0x0000000143300000)]
  0x00000198e4ea6130 JavaThread "Unconstrained build operations Thread 7" [_thread_blocked, id=6828, stack(0x0000000143300000,0x0000000143400000)]
  0x00000198e4ea6600 JavaThread "Unconstrained build operations Thread 8" [_thread_blocked, id=3484, stack(0x0000000143400000,0x0000000143500000)]
  0x00000198e753e1b0 JavaThread "Unconstrained build operations Thread 9" [_thread_blocked, id=8776, stack(0x0000000143500000,0x0000000143600000)]
  0x00000198e7539e50 JavaThread "Unconstrained build operations Thread 10" [_thread_blocked, id=5212, stack(0x0000000143600000,0x0000000143700000)]
  0x00000198e753c000 JavaThread "Unconstrained build operations Thread 11" [_thread_blocked, id=8872, stack(0x0000000143700000,0x0000000143800000)]
  0x00000198e7538b10 JavaThread "Unconstrained build operations Thread 12" [_thread_blocked, id=9312, stack(0x0000000143800000,0x0000000143900000)]
  0x00000198e753b660 JavaThread "Unconstrained build operations Thread 13" [_thread_blocked, id=7012, stack(0x0000000143900000,0x0000000143a00000)]
  0x00000198e753b190 JavaThread "Unconstrained build operations Thread 14" [_thread_blocked, id=9392, stack(0x0000000143a00000,0x0000000143b00000)]
  0x00000198e753a320 JavaThread "Unconstrained build operations Thread 15" [_thread_blocked, id=8264, stack(0x0000000143b00000,0x0000000143c00000)]
  0x00000198e7538fe0 JavaThread "Unconstrained build operations Thread 16" [_thread_blocked, id=9600, stack(0x0000000143c00000,0x0000000143d00000)]
  0x00000198e753bb30 JavaThread "Unconstrained build operations Thread 17" [_thread_blocked, id=10104, stack(0x0000000143d00000,0x0000000143e00000)]
  0x00000198e753f4f0 JavaThread "Unconstrained build operations Thread 18" [_thread_blocked, id=6688, stack(0x0000000143e00000,0x0000000143f00000)]
  0x00000198e753c4d0 JavaThread "Unconstrained build operations Thread 19" [_thread_blocked, id=9804, stack(0x0000000143f00000,0x0000000144000000)]
  0x00000198e753a7f0 JavaThread "Unconstrained build operations Thread 20" [_thread_blocked, id=3900, stack(0x0000000144000000,0x0000000144100000)]
  0x00000198e753f020 JavaThread "build event listener" [_thread_blocked, id=7472, stack(0x0000000144300000,0x0000000144400000)]
  0x00000198e753acc0 JavaThread "Memory manager" [_thread_blocked, id=9980, stack(0x0000000144400000,0x0000000144500000)]
  0x00000198e753ce70 JavaThread "included builds" [_thread_blocked, id=7044, stack(0x000000013fe00000,0x000000013ff00000)]
  0x00000198e753d340 JavaThread "Execution worker" [_thread_in_native, id=2600, stack(0x000000013ff00000,0x0000000140000000)]
  0x00000198e753f9c0 JavaThread "Cache worker for execution history cache (D:\BusinessTripApp\BusinessTripsApp\.gradle\8.0\executionHistory)" [_thread_blocked, id=6996, stack(0x0000000141c00000,0x0000000141d00000)]

Other Threads:
  0x00000198a3ffdda0 VMThread "VM Thread" [stack: 0x0000000140600000,0x0000000140700000] [id=3756]
  0x00000198a3f96850 WatcherThread [stack: 0x0000000141200000,0x0000000141300000] [id=9184]
  0x0000019888fa5110 GCTaskThread "GC Thread#0" [stack: 0x0000000140100000,0x0000000140200000] [id=10200]
  0x00000198e4f50600 GCTaskThread "GC Thread#1" [stack: 0x0000000141300000,0x0000000141400000] [id=1808]
  0x0000019888fb5f60 ConcurrentGCThread "G1 Main Marker" [stack: 0x0000000140200000,0x0000000140300000] [id=1824]
  0x0000019888fb6880 ConcurrentGCThread "G1 Conc#0" [stack: 0x0000000140300000,0x0000000140400000] [id=9872]
  0x000001988900e390 ConcurrentGCThread "G1 Refine#0" [stack: 0x0000000140400000,0x0000000140500000] [id=10220]
  0x00000198e78473c0 ConcurrentGCThread "G1 Refine#1" [stack: 0x0000000142b00000,0x0000000142c00000] [id=6508]
  0x000001988900fcd0 ConcurrentGCThread "G1 Service" [stack: 0x0000000140500000,0x0000000140600000] [id=9408]

Threads with active compile tasks:
C2 CompilerThread0    92397 11132       4       org.gradle.internal.instantiation.generator.DependencyInjectingInstantiator::newInstance (8 bytes)

VM state: not at safepoint (normal execution)

VM Mutex/Monitor currently owned by a thread: None

Heap address: 0x0000000080000000, size: 2048 MB, Compressed Oops mode: 32-bit

CDS archive(s) not mapped
Compressed class space mapped at: 0x00000198a4400000-0x00000198e4400000, reserved size: 1073741824
Narrow klass base: 0x00000198a4400000, Narrow klass shift: 0, Narrow klass range: 0x40000000

GC Precious Log:
 CPUs: 2 total, 2 available
 Memory: 7055M
 Large Page Support: Disabled
 NUMA Support: Disabled
 Compressed Oops: Enabled (32-bit)
 Heap Region Size: 1M
 Heap Min Capacity: 8M
 Heap Initial Capacity: 112M
 Heap Max Capacity: 2G
 Pre-touch: Disabled
 Parallel Workers: 2
 Concurrent Workers: 1
 Concurrent Refinement Workers: 2
 Periodic GC: Disabled

Heap:
 garbage-first heap   total 245760K, used 139577K [0x0000000080000000, 0x0000000100000000)
  region size 1024K, 52 young (53248K), 1 survivors (1024K)
 Metaspace       used 90282K, committed 90944K, reserved 1130496K
  class space    used 12268K, committed 12544K, reserved 1048576K

Heap Regions: E=young(eden), S=young(survivor), O=old, HS=humongous(starts), HC=humongous(continues), CS=collection set, F=free, OA=open archive, CA=closed archive, TAMS=top-at-mark-start (previous, next)
|   0|0x0000000080000000, 0x0000000080100000, 0x0000000080100000|100%| O|  |TAMS 0x0000000080100000, 0x0000000080000000| Untracked 
|   1|0x0000000080100000, 0x0000000080200000, 0x0000000080200000|100%| O|  |TAMS 0x0000000080200000, 0x0000000080100000| Untracked 
|   2|0x0000000080200000, 0x0000000080300000, 0x0000000080300000|100%| O|  |TAMS 0x0000000080300000, 0x0000000080200000| Untracked 
|   3|0x0000000080300000, 0x0000000080400000, 0x0000000080400000|100%|HS|  |TAMS 0x0000000080400000, 0x0000000080300000| Complete 
|   4|0x0000000080400000, 0x0000000080500000, 0x0000000080500000|100%|HC|  |TAMS 0x0000000080500000, 0x0000000080400000| Complete 
|   5|0x0000000080500000, 0x0000000080600000, 0x0000000080600000|100%|HC|  |TAMS 0x0000000080600000, 0x0000000080500000| Complete 
|   6|0x0000000080600000, 0x0000000080700000, 0x0000000080700000|100%|HC|  |TAMS 0x0000000080700000, 0x0000000080600000| Complete 
|   7|0x0000000080700000, 0x0000000080800000, 0x0000000080800000|100%| O|  |TAMS 0x0000000080800000, 0x0000000080700000| Untracked 
|   8|0x0000000080800000, 0x0000000080900000, 0x0000000080900000|100%| O|  |TAMS 0x0000000080900000, 0x0000000080800000| Untracked 
|   9|0x0000000080900000, 0x0000000080a00000, 0x0000000080a00000|100%| O|  |TAMS 0x0000000080a00000, 0x0000000080900000| Untracked 
|  10|0x0000000080a00000, 0x0000000080b00000, 0x0000000080b00000|100%| O|  |TAMS 0x0000000080b00000, 0x0000000080a00000| Untracked 
|  11|0x0000000080b00000, 0x0000000080c00000, 0x0000000080c00000|100%| O|  |TAMS 0x0000000080c00000, 0x0000000080b00000| Untracked 
|  12|0x0000000080c00000, 0x0000000080d00000, 0x0000000080d00000|100%| O|  |TAMS 0x0000000080d00000, 0x0000000080c00000| Untracked 
|  13|0x0000000080d00000, 0x0000000080e00000, 0x0000000080e00000|100%| O|  |TAMS 0x0000000080e00000, 0x0000000080d00000| Untracked 
|  14|0x0000000080e00000, 0x0000000080f00000, 0x0000000080f00000|100%| O|  |TAMS 0x0000000080f00000, 0x0000000080e00000| Untracked 
|  15|0x0000000080f00000, 0x0000000081000000, 0x0000000081000000|100%| O|  |TAMS 0x0000000081000000, 0x0000000080f00000| Untracked 
|  16|0x0000000081000000, 0x0000000081100000, 0x0000000081100000|100%| O|  |TAMS 0x0000000081100000, 0x0000000081000000| Untracked 
|  17|0x0000000081100000, 0x0000000081200000, 0x0000000081200000|100%| O|  |TAMS 0x0000000081200000, 0x0000000081100000| Untracked 
|  18|0x0000000081200000, 0x0000000081300000, 0x0000000081300000|100%| O|  |TAMS 0x0000000081300000, 0x0000000081200000| Untracked 
|  19|0x0000000081300000, 0x0000000081400000, 0x0000000081400000|100%| O|  |TAMS 0x0000000081400000, 0x0000000081300000| Untracked 
|  20|0x0000000081400000, 0x0000000081500000, 0x0000000081500000|100%| O|  |TAMS 0x0000000081500000, 0x0000000081400000| Untracked 
|  21|0x0000000081500000, 0x0000000081600000, 0x0000000081600000|100%| O|  |TAMS 0x0000000081600000, 0x0000000081500000| Untracked 
|  22|0x0000000081600000, 0x0000000081700000, 0x0000000081700000|100%| O|  |TAMS 0x0000000081700000, 0x0000000081600000| Untracked 
|  23|0x0000000081700000, 0x0000000081800000, 0x0000000081800000|100%| O|  |TAMS 0x0000000081800000, 0x0000000081700000| Untracked 
|  24|0x0000000081800000, 0x0000000081900000, 0x0000000081900000|100%| O|  |TAMS 0x0000000081900000, 0x0000000081800000| Untracked 
|  25|0x0000000081900000, 0x0000000081a00000, 0x0000000081a00000|100%| O|  |TAMS 0x0000000081a00000, 0x0000000081900000| Untracked 
|  26|0x0000000081a00000, 0x0000000081b00000, 0x0000000081b00000|100%| O|  |TAMS 0x0000000081b00000, 0x0000000081a00000| Untracked 
|  27|0x0000000081b00000, 0x0000000081c00000, 0x0000000081c00000|100%| O|  |TAMS 0x0000000081c00000, 0x0000000081b00000| Untracked 
|  28|0x0000000081c00000, 0x0000000081d00000, 0x0000000081d00000|100%| O|  |TAMS 0x0000000081d00000, 0x0000000081c00000| Untracked 
|  29|0x0000000081d00000, 0x0000000081e00000, 0x0000000081e00000|100%| O|  |TAMS 0x0000000081e00000, 0x0000000081d00000| Untracked 
|  30|0x0000000081e00000, 0x0000000081f00000, 0x0000000081f00000|100%| O|  |TAMS 0x0000000081f00000, 0x0000000081e00000| Untracked 
|  31|0x0000000081f00000, 0x0000000082000000, 0x0000000082000000|100%| O|  |TAMS 0x0000000082000000, 0x0000000081f00000| Untracked 
|  32|0x0000000082000000, 0x0000000082100000, 0x0000000082100000|100%| O|  |TAMS 0x0000000082100000, 0x0000000082000000| Untracked 
|  33|0x0000000082100000, 0x0000000082200000, 0x0000000082200000|100%|HS|  |TAMS 0x0000000082200000, 0x0000000082100000| Complete 
|  34|0x0000000082200000, 0x0000000082300000, 0x0000000082300000|100%| O|  |TAMS 0x0000000082300000, 0x0000000082200000| Untracked 
|  35|0x0000000082300000, 0x0000000082400000, 0x0000000082400000|100%| O|  |TAMS 0x0000000082400000, 0x0000000082300000| Untracked 
|  36|0x0000000082400000, 0x0000000082500000, 0x0000000082500000|100%| O|  |TAMS 0x0000000082500000, 0x0000000082400000| Untracked 
|  37|0x0000000082500000, 0x0000000082600000, 0x0000000082600000|100%|HS|  |TAMS 0x0000000082600000, 0x0000000082500000| Complete 
|  38|0x0000000082600000, 0x0000000082700000, 0x0000000082700000|100%|HC|  |TAMS 0x0000000082700000, 0x0000000082600000| Complete 
|  39|0x0000000082700000, 0x0000000082800000, 0x0000000082800000|100%|HS|  |TAMS 0x0000000082800000, 0x0000000082700000| Complete 
|  40|0x0000000082800000, 0x0000000082900000, 0x0000000082900000|100%| O|  |TAMS 0x0000000082900000, 0x0000000082800000| Untracked 
|  41|0x0000000082900000, 0x0000000082a00000, 0x0000000082a00000|100%| O|  |TAMS 0x0000000082a00000, 0x0000000082900000| Untracked 
|  42|0x0000000082a00000, 0x0000000082b00000, 0x0000000082b00000|100%|HS|  |TAMS 0x0000000082b00000, 0x0000000082a00000| Complete 
|  43|0x0000000082b00000, 0x0000000082c00000, 0x0000000082c00000|100%|HC|  |TAMS 0x0000000082c00000, 0x0000000082b00000| Complete 
|  44|0x0000000082c00000, 0x0000000082d00000, 0x0000000082d00000|100%|HC|  |TAMS 0x0000000082d00000, 0x0000000082c00000| Complete 
|  45|0x0000000082d00000, 0x0000000082e00000, 0x0000000082e00000|100%|HC|  |TAMS 0x0000000082e00000, 0x0000000082d00000| Complete 
|  46|0x0000000082e00000, 0x0000000082f00000, 0x0000000082f00000|100%| O|  |TAMS 0x0000000082f00000, 0x0000000082e00000| Untracked 
|  47|0x0000000082f00000, 0x0000000083000000, 0x0000000083000000|100%| O|  |TAMS 0x0000000083000000, 0x0000000082f00000| Untracked 
|  48|0x0000000083000000, 0x0000000083100000, 0x0000000083100000|100%| O|  |TAMS 0x0000000083100000, 0x0000000083000000| Untracked 
|  49|0x0000000083100000, 0x0000000083200000, 0x0000000083200000|100%| O|  |TAMS 0x0000000083200000, 0x0000000083100000| Untracked 
|  50|0x0000000083200000, 0x0000000083300000, 0x0000000083300000|100%| O|  |TAMS 0x0000000083300000, 0x0000000083200000| Untracked 
|  51|0x0000000083300000, 0x0000000083400000, 0x0000000083400000|100%| O|  |TAMS 0x0000000083400000, 0x0000000083300000| Untracked 
|  52|0x0000000083400000, 0x0000000083500000, 0x0000000083500000|100%| O|  |TAMS 0x0000000083500000, 0x0000000083400000| Untracked 
|  53|0x0000000083500000, 0x0000000083600000, 0x0000000083600000|100%| O|  |TAMS 0x0000000083600000, 0x0000000083500000| Untracked 
|  54|0x0000000083600000, 0x0000000083700000, 0x0000000083700000|100%| O|  |TAMS 0x0000000083700000, 0x0000000083600000| Untracked 
|  55|0x0000000083700000, 0x0000000083800000, 0x0000000083800000|100%| O|  |TAMS 0x0000000083800000, 0x0000000083700000| Untracked 
|  56|0x0000000083800000, 0x0000000083900000, 0x0000000083900000|100%| O|  |TAMS 0x0000000083900000, 0x0000000083800000| Untracked 
|  57|0x0000000083900000, 0x0000000083a00000, 0x0000000083a00000|100%| O|  |TAMS 0x0000000083a00000, 0x0000000083900000| Untracked 
|  58|0x0000000083a00000, 0x0000000083b00000, 0x0000000083b00000|100%| O|  |TAMS 0x0000000083b00000, 0x0000000083a00000| Untracked 
|  59|0x0000000083b00000, 0x0000000083c00000, 0x0000000083c00000|100%| O|  |TAMS 0x0000000083c00000, 0x0000000083b00000| Untracked 
|  60|0x0000000083c00000, 0x0000000083d00000, 0x0000000083d00000|100%| O|  |TAMS 0x0000000083d00000, 0x0000000083c00000| Untracked 
|  61|0x0000000083d00000, 0x0000000083e00000, 0x0000000083e00000|100%| O|  |TAMS 0x0000000083e00000, 0x0000000083d00000| Untracked 
|  62|0x0000000083e00000, 0x0000000083f00000, 0x0000000083f00000|100%| O|  |TAMS 0x0000000083f00000, 0x0000000083e00000| Untracked 
|  63|0x0000000083f00000, 0x0000000084000000, 0x0000000084000000|100%| O|  |TAMS 0x0000000084000000, 0x0000000083f00000| Untracked 
|  64|0x0000000084000000, 0x0000000084100000, 0x0000000084100000|100%| O|  |TAMS 0x0000000084100000, 0x0000000084000000| Untracked 
|  65|0x0000000084100000, 0x0000000084200000, 0x0000000084200000|100%| O|  |TAMS 0x0000000084200000, 0x0000000084100000| Untracked 
|  66|0x0000000084200000, 0x0000000084300000, 0x0000000084300000|100%| O|  |TAMS 0x0000000084300000, 0x0000000084200000| Untracked 
|  67|0x0000000084300000, 0x0000000084400000, 0x0000000084400000|100%| O|  |TAMS 0x0000000084400000, 0x0000000084300000| Untracked 
|  68|0x0000000084400000, 0x0000000084500000, 0x0000000084500000|100%| O|  |TAMS 0x0000000084500000, 0x0000000084400000| Untracked 
|  69|0x0000000084500000, 0x0000000084600000, 0x0000000084600000|100%| O|  |TAMS 0x0000000084600000, 0x0000000084500000| Untracked 
|  70|0x0000000084600000, 0x0000000084700000, 0x0000000084700000|100%| O|  |TAMS 0x0000000084700000, 0x0000000084600000| Untracked 
|  71|0x0000000084700000, 0x0000000084800000, 0x0000000084800000|100%| O|  |TAMS 0x0000000084800000, 0x0000000084700000| Untracked 
|  72|0x0000000084800000, 0x0000000084900000, 0x0000000084900000|100%| O|  |TAMS 0x0000000084900000, 0x0000000084800000| Untracked 
|  73|0x0000000084900000, 0x0000000084a00000, 0x0000000084a00000|100%| O|  |TAMS 0x0000000084a00000, 0x0000000084900000| Untracked 
|  74|0x0000000084a00000, 0x0000000084b00000, 0x0000000084b00000|100%| O|  |TAMS 0x0000000084b00000, 0x0000000084a00000| Untracked 
|  75|0x0000000084b00000, 0x0000000084c00000, 0x0000000084c00000|100%| O|  |TAMS 0x0000000084c00000, 0x0000000084b00000| Untracked 
|  76|0x0000000084c00000, 0x0000000084c00000, 0x0000000084d00000|  0%| F|  |TAMS 0x0000000084c00000, 0x0000000084c00000| Untracked 
|  77|0x0000000084d00000, 0x0000000084e00000, 0x0000000084e00000|100%| O|  |TAMS 0x0000000084e00000, 0x0000000084d00000| Untracked 
|  78|0x0000000084e00000, 0x0000000084f00000, 0x0000000084f00000|100%| O|  |TAMS 0x0000000084f00000, 0x0000000084e00000| Untracked 
|  79|0x0000000084f00000, 0x0000000085000000, 0x0000000085000000|100%| O|  |TAMS 0x0000000085000000, 0x0000000084f00000| Untracked 
|  80|0x0000000085000000, 0x0000000085100000, 0x0000000085100000|100%| O|  |TAMS 0x0000000085100000, 0x0000000085000000| Untracked 
|  81|0x0000000085100000, 0x0000000085200000, 0x0000000085200000|100%| O|  |TAMS 0x000000008516e400, 0x0000000085100000| Untracked 
|  82|0x0000000085200000, 0x0000000085300000, 0x0000000085300000|100%| O|  |TAMS 0x0000000085200000, 0x0000000085200000| Untracked 
|  83|0x0000000085300000, 0x0000000085400000, 0x0000000085400000|100%| O|  |TAMS 0x0000000085300000, 0x0000000085300000| Untracked 
|  84|0x0000000085400000, 0x0000000085500000, 0x0000000085500000|100%| O|  |TAMS 0x0000000085400000, 0x0000000085400000| Untracked 
|  85|0x0000000085500000, 0x0000000085600000, 0x0000000085600000|100%| O|  |TAMS 0x0000000085500000, 0x0000000085500000| Untracked 
|  86|0x0000000085600000, 0x0000000085700000, 0x0000000085700000|100%| O|  |TAMS 0x0000000085600000, 0x0000000085600000| Untracked 
|  87|0x0000000085700000, 0x00000000857e0000, 0x0000000085800000| 87%| O|  |TAMS 0x0000000085700000, 0x0000000085700000| Untracked 
|  88|0x0000000085800000, 0x0000000085800000, 0x0000000085900000|  0%| F|  |TAMS 0x0000000085800000, 0x0000000085800000| Untracked 
|  89|0x0000000085900000, 0x0000000085900000, 0x0000000085a00000|  0%| F|  |TAMS 0x0000000085900000, 0x0000000085900000| Untracked 
|  90|0x0000000085a00000, 0x0000000085a00000, 0x0000000085b00000|  0%| F|  |TAMS 0x0000000085a00000, 0x0000000085a00000| Untracked 
|  91|0x0000000085b00000, 0x0000000085b00000, 0x0000000085c00000|  0%| F|  |TAMS 0x0000000085b00000, 0x0000000085b00000| Untracked 
|  92|0x0000000085c00000, 0x0000000085c00000, 0x0000000085d00000|  0%| F|  |TAMS 0x0000000085c00000, 0x0000000085c00000| Untracked 
|  93|0x0000000085d00000, 0x0000000085d00000, 0x0000000085e00000|  0%| F|  |TAMS 0x0000000085d00000, 0x0000000085d00000| Untracked 
|  94|0x0000000085e00000, 0x0000000085e00000, 0x0000000085f00000|  0%| F|  |TAMS 0x0000000085e00000, 0x0000000085e00000| Untracked 
|  95|0x0000000085f00000, 0x0000000085f00000, 0x0000000086000000|  0%| F|  |TAMS 0x0000000085f00000, 0x0000000085f00000| Untracked 
|  96|0x0000000086000000, 0x0000000086000000, 0x0000000086100000|  0%| F|  |TAMS 0x0000000086000000, 0x0000000086000000| Untracked 
|  97|0x0000000086100000, 0x0000000086100000, 0x0000000086200000|  0%| F|  |TAMS 0x0000000086100000, 0x0000000086100000| Untracked 
|  98|0x0000000086200000, 0x0000000086200000, 0x0000000086300000|  0%| F|  |TAMS 0x0000000086200000, 0x0000000086200000| Untracked 
|  99|0x0000000086300000, 0x0000000086300000, 0x0000000086400000|  0%| F|  |TAMS 0x0000000086300000, 0x0000000086300000| Untracked 
| 100|0x0000000086400000, 0x0000000086400000, 0x0000000086500000|  0%| F|  |TAMS 0x0000000086400000, 0x0000000086400000| Untracked 
| 101|0x0000000086500000, 0x0000000086500000, 0x0000000086600000|  0%| F|  |TAMS 0x0000000086500000, 0x0000000086500000| Untracked 
| 102|0x0000000086600000, 0x0000000086600000, 0x0000000086700000|  0%| F|  |TAMS 0x0000000086600000, 0x0000000086600000| Untracked 
| 103|0x0000000086700000, 0x0000000086700000, 0x0000000086800000|  0%| F|  |TAMS 0x0000000086700000, 0x0000000086700000| Untracked 
| 104|0x0000000086800000, 0x0000000086800000, 0x0000000086900000|  0%| F|  |TAMS 0x0000000086800000, 0x0000000086800000| Untracked 
| 105|0x0000000086900000, 0x0000000086900000, 0x0000000086a00000|  0%| F|  |TAMS 0x0000000086900000, 0x0000000086900000| Untracked 
| 106|0x0000000086a00000, 0x0000000086a00000, 0x0000000086b00000|  0%| F|  |TAMS 0x0000000086a00000, 0x0000000086a00000| Untracked 
| 107|0x0000000086b00000, 0x0000000086b00000, 0x0000000086c00000|  0%| F|  |TAMS 0x0000000086b00000, 0x0000000086b00000| Untracked 
| 108|0x0000000086c00000, 0x0000000086c00000, 0x0000000086d00000|  0%| F|  |TAMS 0x0000000086c00000, 0x0000000086c00000| Untracked 
| 109|0x0000000086d00000, 0x0000000086d00000, 0x0000000086e00000|  0%| F|  |TAMS 0x0000000086d00000, 0x0000000086d00000| Untracked 
| 110|0x0000000086e00000, 0x0000000086e00000, 0x0000000086f00000|  0%| F|  |TAMS 0x0000000086e00000, 0x0000000086e00000| Untracked 
| 111|0x0000000086f00000, 0x0000000086f00000, 0x0000000087000000|  0%| F|  |TAMS 0x0000000086f00000, 0x0000000086f00000| Untracked 
| 112|0x0000000087000000, 0x0000000087000000, 0x0000000087100000|  0%| F|  |TAMS 0x0000000087000000, 0x0000000087000000| Untracked 
| 113|0x0000000087100000, 0x0000000087100000, 0x0000000087200000|  0%| F|  |TAMS 0x0000000087100000, 0x0000000087100000| Untracked 
| 114|0x0000000087200000, 0x0000000087200000, 0x0000000087300000|  0%| F|  |TAMS 0x0000000087200000, 0x0000000087200000| Untracked 
| 115|0x0000000087300000, 0x0000000087300000, 0x0000000087400000|  0%| F|  |TAMS 0x0000000087300000, 0x0000000087300000| Untracked 
| 116|0x0000000087400000, 0x0000000087400000, 0x0000000087500000|  0%| F|  |TAMS 0x0000000087400000, 0x0000000087400000| Untracked 
| 117|0x0000000087500000, 0x0000000087500000, 0x0000000087600000|  0%| F|  |TAMS 0x0000000087500000, 0x0000000087500000| Untracked 
| 118|0x0000000087600000, 0x0000000087600000, 0x0000000087700000|  0%| F|  |TAMS 0x0000000087600000, 0x0000000087600000| Untracked 
| 119|0x0000000087700000, 0x0000000087700000, 0x0000000087800000|  0%| F|  |TAMS 0x0000000087700000, 0x0000000087700000| Untracked 
| 120|0x0000000087800000, 0x0000000087800000, 0x0000000087900000|  0%| F|  |TAMS 0x0000000087800000, 0x0000000087800000| Untracked 
| 121|0x0000000087900000, 0x0000000087900000, 0x0000000087a00000|  0%| F|  |TAMS 0x0000000087900000, 0x0000000087900000| Untracked 
| 122|0x0000000087a00000, 0x0000000087a00000, 0x0000000087b00000|  0%| F|  |TAMS 0x0000000087a00000, 0x0000000087a00000| Untracked 
| 123|0x0000000087b00000, 0x0000000087b00000, 0x0000000087c00000|  0%| F|  |TAMS 0x0000000087b00000, 0x0000000087b00000| Untracked 
| 124|0x0000000087c00000, 0x0000000087c00000, 0x0000000087d00000|  0%| F|  |TAMS 0x0000000087c00000, 0x0000000087c00000| Untracked 
| 125|0x0000000087d00000, 0x0000000087d00000, 0x0000000087e00000|  0%| F|  |TAMS 0x0000000087d00000, 0x0000000087d00000| Untracked 
| 126|0x0000000087e00000, 0x0000000087e00000, 0x0000000087f00000|  0%| F|  |TAMS 0x0000000087e00000, 0x0000000087e00000| Untracked 
| 127|0x0000000087f00000, 0x0000000087f00000, 0x0000000088000000|  0%| F|  |TAMS 0x0000000087f00000, 0x0000000087f00000| Untracked 
| 128|0x0000000088000000, 0x0000000088000000, 0x0000000088100000|  0%| F|  |TAMS 0x0000000088000000, 0x0000000088000000| Untracked 
| 129|0x0000000088100000, 0x0000000088100000, 0x0000000088200000|  0%| F|  |TAMS 0x0000000088100000, 0x0000000088100000| Untracked 
| 130|0x0000000088200000, 0x0000000088200000, 0x0000000088300000|  0%| F|  |TAMS 0x0000000088200000, 0x0000000088200000| Untracked 
| 131|0x0000000088300000, 0x0000000088300000, 0x0000000088400000|  0%| F|  |TAMS 0x0000000088300000, 0x0000000088300000| Untracked 
| 132|0x0000000088400000, 0x0000000088400000, 0x0000000088500000|  0%| F|  |TAMS 0x0000000088400000, 0x0000000088400000| Untracked 
| 133|0x0000000088500000, 0x0000000088500000, 0x0000000088600000|  0%| F|  |TAMS 0x0000000088500000, 0x0000000088500000| Untracked 
| 134|0x0000000088600000, 0x0000000088600000, 0x0000000088700000|  0%| F|  |TAMS 0x0000000088600000, 0x0000000088600000| Untracked 
| 135|0x0000000088700000, 0x0000000088700000, 0x0000000088800000|  0%| F|  |TAMS 0x0000000088700000, 0x0000000088700000| Untracked 
| 136|0x0000000088800000, 0x0000000088800000, 0x0000000088900000|  0%| F|  |TAMS 0x0000000088800000, 0x0000000088800000| Untracked 
| 137|0x0000000088900000, 0x0000000088900000, 0x0000000088a00000|  0%| F|  |TAMS 0x0000000088900000, 0x0000000088900000| Untracked 
| 138|0x0000000088a00000, 0x0000000088a00000, 0x0000000088b00000|  0%| F|  |TAMS 0x0000000088a00000, 0x0000000088a00000| Untracked 
| 139|0x0000000088b00000, 0x0000000088b00000, 0x0000000088c00000|  0%| F|  |TAMS 0x0000000088b00000, 0x0000000088b00000| Untracked 
| 140|0x0000000088c00000, 0x0000000088c00000, 0x0000000088d00000|  0%| F|  |TAMS 0x0000000088c00000, 0x0000000088c00000| Untracked 
| 141|0x0000000088d00000, 0x0000000088d6e6b8, 0x0000000088e00000| 43%| S|CS|TAMS 0x0000000088d00000, 0x0000000088d00000| Complete 
| 142|0x0000000088e00000, 0x0000000088e00000, 0x0000000088f00000|  0%| F|  |TAMS 0x0000000088e00000, 0x0000000088e00000| Untracked 
| 143|0x0000000088f00000, 0x0000000088f00000, 0x0000000089000000|  0%| F|  |TAMS 0x0000000088f00000, 0x0000000088f00000| Untracked 
| 144|0x0000000089000000, 0x0000000089000000, 0x0000000089100000|  0%| F|  |TAMS 0x0000000089000000, 0x0000000089000000| Untracked 
| 145|0x0000000089100000, 0x0000000089100000, 0x0000000089200000|  0%| F|  |TAMS 0x0000000089100000, 0x0000000089100000| Untracked 
| 146|0x0000000089200000, 0x0000000089200000, 0x0000000089300000|  0%| F|  |TAMS 0x0000000089200000, 0x0000000089200000| Untracked 
| 147|0x0000000089300000, 0x0000000089300000, 0x0000000089400000|  0%| F|  |TAMS 0x0000000089300000, 0x0000000089300000| Untracked 
| 148|0x0000000089400000, 0x0000000089400000, 0x0000000089500000|  0%| F|  |TAMS 0x0000000089400000, 0x0000000089400000| Untracked 
| 149|0x0000000089500000, 0x0000000089500000, 0x0000000089600000|  0%| F|  |TAMS 0x0000000089500000, 0x0000000089500000| Untracked 
| 150|0x0000000089600000, 0x0000000089600000, 0x0000000089700000|  0%| F|  |TAMS 0x0000000089600000, 0x0000000089600000| Untracked 
| 151|0x0000000089700000, 0x0000000089700000, 0x0000000089800000|  0%| F|  |TAMS 0x0000000089700000, 0x0000000089700000| Untracked 
| 152|0x0000000089800000, 0x0000000089800000, 0x0000000089900000|  0%| F|  |TAMS 0x0000000089800000, 0x0000000089800000| Untracked 
| 153|0x0000000089900000, 0x0000000089900000, 0x0000000089a00000|  0%| F|  |TAMS 0x0000000089900000, 0x0000000089900000| Untracked 
| 154|0x0000000089a00000, 0x0000000089a00000, 0x0000000089b00000|  0%| F|  |TAMS 0x0000000089a00000, 0x0000000089a00000| Untracked 
| 155|0x0000000089b00000, 0x0000000089b00000, 0x0000000089c00000|  0%| F|  |TAMS 0x0000000089b00000, 0x0000000089b00000| Untracked 
| 156|0x0000000089c00000, 0x0000000089c00000, 0x0000000089d00000|  0%| F|  |TAMS 0x0000000089c00000, 0x0000000089c00000| Untracked 
| 157|0x0000000089d00000, 0x0000000089d00000, 0x0000000089e00000|  0%| F|  |TAMS 0x0000000089d00000, 0x0000000089d00000| Untracked 
| 158|0x0000000089e00000, 0x0000000089e00000, 0x0000000089f00000|  0%| F|  |TAMS 0x0000000089e00000, 0x0000000089e00000| Untracked 
| 159|0x0000000089f00000, 0x0000000089f00000, 0x000000008a000000|  0%| F|  |TAMS 0x0000000089f00000, 0x0000000089f00000| Untracked 
| 160|0x000000008a000000, 0x000000008a000000, 0x000000008a100000|  0%| F|  |TAMS 0x000000008a000000, 0x000000008a000000| Untracked 
| 161|0x000000008a100000, 0x000000008a100000, 0x000000008a200000|  0%| F|  |TAMS 0x000000008a100000, 0x000000008a100000| Untracked 
| 162|0x000000008a200000, 0x000000008a200000, 0x000000008a300000|  0%| F|  |TAMS 0x000000008a200000, 0x000000008a200000| Untracked 
| 163|0x000000008a300000, 0x000000008a300000, 0x000000008a400000|  0%| F|  |TAMS 0x000000008a300000, 0x000000008a300000| Untracked 
| 164|0x000000008a400000, 0x000000008a400000, 0x000000008a500000|  0%| F|  |TAMS 0x000000008a400000, 0x000000008a400000| Untracked 
| 165|0x000000008a500000, 0x000000008a500000, 0x000000008a600000|  0%| F|  |TAMS 0x000000008a500000, 0x000000008a500000| Untracked 
| 166|0x000000008a600000, 0x000000008a600000, 0x000000008a700000|  0%| F|  |TAMS 0x000000008a600000, 0x000000008a600000| Untracked 
| 167|0x000000008a700000, 0x000000008a700000, 0x000000008a800000|  0%| F|  |TAMS 0x000000008a700000, 0x000000008a700000| Untracked 
| 168|0x000000008a800000, 0x000000008a800000, 0x000000008a900000|  0%| F|  |TAMS 0x000000008a800000, 0x000000008a800000| Untracked 
| 169|0x000000008a900000, 0x000000008a900000, 0x000000008aa00000|  0%| F|  |TAMS 0x000000008a900000, 0x000000008a900000| Untracked 
| 170|0x000000008aa00000, 0x000000008aa00000, 0x000000008ab00000|  0%| F|  |TAMS 0x000000008aa00000, 0x000000008aa00000| Untracked 
| 171|0x000000008ab00000, 0x000000008ab00000, 0x000000008ac00000|  0%| F|  |TAMS 0x000000008ab00000, 0x000000008ab00000| Untracked 
| 172|0x000000008ac00000, 0x000000008ac00000, 0x000000008ad00000|  0%| F|  |TAMS 0x000000008ac00000, 0x000000008ac00000| Untracked 
| 173|0x000000008ad00000, 0x000000008ad00000, 0x000000008ae00000|  0%| F|  |TAMS 0x000000008ad00000, 0x000000008ad00000| Untracked 
| 174|0x000000008ae00000, 0x000000008ae00000, 0x000000008af00000|  0%| F|  |TAMS 0x000000008ae00000, 0x000000008ae00000| Untracked 
| 175|0x000000008af00000, 0x000000008af00000, 0x000000008b000000|  0%| F|  |TAMS 0x000000008af00000, 0x000000008af00000| Untracked 
| 176|0x000000008b000000, 0x000000008b000000, 0x000000008b100000|  0%| F|  |TAMS 0x000000008b000000, 0x000000008b000000| Untracked 
| 177|0x000000008b100000, 0x000000008b100000, 0x000000008b200000|  0%| F|  |TAMS 0x000000008b100000, 0x000000008b100000| Untracked 
| 178|0x000000008b200000, 0x000000008b200000, 0x000000008b300000|  0%| F|  |TAMS 0x000000008b200000, 0x000000008b200000| Untracked 
| 179|0x000000008b300000, 0x000000008b300000, 0x000000008b400000|  0%| F|  |TAMS 0x000000008b300000, 0x000000008b300000| Untracked 
| 180|0x000000008b400000, 0x000000008b400000, 0x000000008b500000|  0%| F|  |TAMS 0x000000008b400000, 0x000000008b400000| Untracked 
| 181|0x000000008b500000, 0x000000008b500000, 0x000000008b600000|  0%| F|  |TAMS 0x000000008b500000, 0x000000008b500000| Untracked 
| 182|0x000000008b600000, 0x000000008b600000, 0x000000008b700000|  0%| F|  |TAMS 0x000000008b600000, 0x000000008b600000| Untracked 
| 183|0x000000008b700000, 0x000000008b700000, 0x000000008b800000|  0%| F|  |TAMS 0x000000008b700000, 0x000000008b700000| Untracked 
| 184|0x000000008b800000, 0x000000008b800000, 0x000000008b900000|  0%| F|  |TAMS 0x000000008b800000, 0x000000008b800000| Untracked 
| 185|0x000000008b900000, 0x000000008b900000, 0x000000008ba00000|  0%| F|  |TAMS 0x000000008b900000, 0x000000008b900000| Untracked 
| 186|0x000000008ba00000, 0x000000008ba00000, 0x000000008bb00000|  0%| F|  |TAMS 0x000000008ba00000, 0x000000008ba00000| Untracked 
| 187|0x000000008bb00000, 0x000000008bb00000, 0x000000008bc00000|  0%| F|  |TAMS 0x000000008bb00000, 0x000000008bb00000| Untracked 
| 188|0x000000008bc00000, 0x000000008bc00000, 0x000000008bd00000|  0%| F|  |TAMS 0x000000008bc00000, 0x000000008bc00000| Untracked 
| 189|0x000000008bd00000, 0x000000008bde6300, 0x000000008be00000| 89%| E|  |TAMS 0x000000008bd00000, 0x000000008bd00000| Complete 
| 190|0x000000008be00000, 0x000000008bf00000, 0x000000008bf00000|100%| E|CS|TAMS 0x000000008be00000, 0x000000008be00000| Complete 
| 191|0x000000008bf00000, 0x000000008c000000, 0x000000008c000000|100%| E|CS|TAMS 0x000000008bf00000, 0x000000008bf00000| Complete 
| 192|0x000000008c000000, 0x000000008c100000, 0x000000008c100000|100%| E|CS|TAMS 0x000000008c000000, 0x000000008c000000| Complete 
| 193|0x000000008c100000, 0x000000008c200000, 0x000000008c200000|100%| E|CS|TAMS 0x000000008c100000, 0x000000008c100000| Complete 
| 194|0x000000008c200000, 0x000000008c300000, 0x000000008c300000|100%| E|CS|TAMS 0x000000008c200000, 0x000000008c200000| Complete 
| 195|0x000000008c300000, 0x000000008c400000, 0x000000008c400000|100%| E|CS|TAMS 0x000000008c300000, 0x000000008c300000| Complete 
| 196|0x000000008c400000, 0x000000008c500000, 0x000000008c500000|100%| E|CS|TAMS 0x000000008c400000, 0x000000008c400000| Complete 
| 197|0x000000008c500000, 0x000000008c600000, 0x000000008c600000|100%| E|CS|TAMS 0x000000008c500000, 0x000000008c500000| Complete 
| 198|0x000000008c600000, 0x000000008c700000, 0x000000008c700000|100%| E|CS|TAMS 0x000000008c600000, 0x000000008c600000| Complete 
| 199|0x000000008c700000, 0x000000008c800000, 0x000000008c800000|100%| E|CS|TAMS 0x000000008c700000, 0x000000008c700000| Complete 
| 200|0x000000008c800000, 0x000000008c900000, 0x000000008c900000|100%| E|CS|TAMS 0x000000008c800000, 0x000000008c800000| Complete 
| 201|0x000000008c900000, 0x000000008ca00000, 0x000000008ca00000|100%| E|CS|TAMS 0x000000008c900000, 0x000000008c900000| Complete 
| 202|0x000000008ca00000, 0x000000008cb00000, 0x000000008cb00000|100%| E|CS|TAMS 0x000000008ca00000, 0x000000008ca00000| Complete 
| 203|0x000000008cb00000, 0x000000008cc00000, 0x000000008cc00000|100%| E|CS|TAMS 0x000000008cb00000, 0x000000008cb00000| Complete 
| 204|0x000000008cc00000, 0x000000008cd00000, 0x000000008cd00000|100%| E|CS|TAMS 0x000000008cc00000, 0x000000008cc00000| Complete 
| 205|0x000000008cd00000, 0x000000008ce00000, 0x000000008ce00000|100%| E|CS|TAMS 0x000000008cd00000, 0x000000008cd00000| Complete 
| 206|0x000000008ce00000, 0x000000008cf00000, 0x000000008cf00000|100%| E|CS|TAMS 0x000000008ce00000, 0x000000008ce00000| Complete 
| 207|0x000000008cf00000, 0x000000008d000000, 0x000000008d000000|100%| E|CS|TAMS 0x000000008cf00000, 0x000000008cf00000| Complete 
| 208|0x000000008d000000, 0x000000008d100000, 0x000000008d100000|100%| E|CS|TAMS 0x000000008d000000, 0x000000008d000000| Complete 
| 209|0x000000008d100000, 0x000000008d200000, 0x000000008d200000|100%| E|CS|TAMS 0x000000008d100000, 0x000000008d100000| Complete 
| 210|0x000000008d200000, 0x000000008d300000, 0x000000008d300000|100%| E|CS|TAMS 0x000000008d200000, 0x000000008d200000| Complete 
| 211|0x000000008d300000, 0x000000008d400000, 0x000000008d400000|100%| E|CS|TAMS 0x000000008d300000, 0x000000008d300000| Complete 
| 212|0x000000008d400000, 0x000000008d500000, 0x000000008d500000|100%| E|CS|TAMS 0x000000008d400000, 0x000000008d400000| Complete 
| 213|0x000000008d500000, 0x000000008d600000, 0x000000008d600000|100%| E|CS|TAMS 0x000000008d500000, 0x000000008d500000| Complete 
| 214|0x000000008d600000, 0x000000008d700000, 0x000000008d700000|100%| E|CS|TAMS 0x000000008d600000, 0x000000008d600000| Complete 
| 215|0x000000008d700000, 0x000000008d800000, 0x000000008d800000|100%| E|CS|TAMS 0x000000008d700000, 0x000000008d700000| Complete 
| 216|0x000000008d800000, 0x000000008d900000, 0x000000008d900000|100%| E|CS|TAMS 0x000000008d800000, 0x000000008d800000| Complete 
| 217|0x000000008d900000, 0x000000008da00000, 0x000000008da00000|100%| E|CS|TAMS 0x000000008d900000, 0x000000008d900000| Complete 
| 218|0x000000008da00000, 0x000000008db00000, 0x000000008db00000|100%| E|CS|TAMS 0x000000008da00000, 0x000000008da00000| Complete 
| 219|0x000000008db00000, 0x000000008dc00000, 0x000000008dc00000|100%| E|CS|TAMS 0x000000008db00000, 0x000000008db00000| Complete 
| 220|0x000000008dc00000, 0x000000008dd00000, 0x000000008dd00000|100%| E|  |TAMS 0x000000008dc00000, 0x000000008dc00000| Complete 
| 221|0x000000008dd00000, 0x000000008de00000, 0x000000008de00000|100%| E|CS|TAMS 0x000000008dd00000, 0x000000008dd00000| Complete 
| 222|0x000000008de00000, 0x000000008df00000, 0x000000008df00000|100%| E|CS|TAMS 0x000000008de00000, 0x000000008de00000| Complete 
| 223|0x000000008df00000, 0x000000008e000000, 0x000000008e000000|100%| E|CS|TAMS 0x000000008df00000, 0x000000008df00000| Complete 
| 224|0x000000008e000000, 0x000000008e100000, 0x000000008e100000|100%| E|CS|TAMS 0x000000008e000000, 0x000000008e000000| Complete 
| 225|0x000000008e100000, 0x000000008e200000, 0x000000008e200000|100%| E|CS|TAMS 0x000000008e100000, 0x000000008e100000| Complete 
| 226|0x000000008e200000, 0x000000008e300000, 0x000000008e300000|100%| E|CS|TAMS 0x000000008e200000, 0x000000008e200000| Complete 
| 227|0x000000008e300000, 0x000000008e400000, 0x000000008e400000|100%| E|CS|TAMS 0x000000008e300000, 0x000000008e300000| Complete 
| 228|0x000000008e400000, 0x000000008e500000, 0x000000008e500000|100%| E|CS|TAMS 0x000000008e400000, 0x000000008e400000| Complete 
| 229|0x000000008e500000, 0x000000008e600000, 0x000000008e600000|100%| E|CS|TAMS 0x000000008e500000, 0x000000008e500000| Complete 
| 230|0x000000008e600000, 0x000000008e700000, 0x000000008e700000|100%| E|CS|TAMS 0x000000008e600000, 0x000000008e600000| Complete 
| 231|0x000000008e700000, 0x000000008e800000, 0x000000008e800000|100%| E|CS|TAMS 0x000000008e700000, 0x000000008e700000| Complete 
| 232|0x000000008e800000, 0x000000008e900000, 0x000000008e900000|100%| E|CS|TAMS 0x000000008e800000, 0x000000008e800000| Complete 
| 233|0x000000008e900000, 0x000000008ea00000, 0x000000008ea00000|100%| E|CS|TAMS 0x000000008e900000, 0x000000008e900000| Complete 
| 234|0x000000008ea00000, 0x000000008eb00000, 0x000000008eb00000|100%| E|CS|TAMS 0x000000008ea00000, 0x000000008ea00000| Complete 
| 235|0x000000008eb00000, 0x000000008ec00000, 0x000000008ec00000|100%| E|CS|TAMS 0x000000008eb00000, 0x000000008eb00000| Complete 
| 236|0x000000008ec00000, 0x000000008ed00000, 0x000000008ed00000|100%| E|CS|TAMS 0x000000008ec00000, 0x000000008ec00000| Complete 
| 237|0x000000008ed00000, 0x000000008ee00000, 0x000000008ee00000|100%| E|CS|TAMS 0x000000008ed00000, 0x000000008ed00000| Complete 
| 238|0x000000008ee00000, 0x000000008ef00000, 0x000000008ef00000|100%| E|CS|TAMS 0x000000008ee00000, 0x000000008ee00000| Complete 
| 239|0x000000008ef00000, 0x000000008f000000, 0x000000008f000000|100%| E|CS|TAMS 0x000000008ef00000, 0x000000008ef00000| Complete 

Card table byte_map: [0x000001989d400000,0x000001989d800000] _byte_map_base: 0x000001989d000000

Marking Bits (Prev, Next): (CMBitMap*) 0x0000019888fa5630, (CMBitMap*) 0x0000019888fa5670
 Prev Bits: [0x000001989dc00000, 0x000001989fc00000)
 Next Bits: [0x000001989fc00000, 0x00000198a1c00000)

Polling page: 0x0000019889020000

Metaspace:

Usage:
  Non-class:     76.19 MB used.
      Class:     11.98 MB used.
       Both:     88.17 MB used.

Virtual space:
  Non-class space:       80.00 MB reserved,      76.56 MB ( 96%) committed,  10 nodes.
      Class space:        1.00 GB reserved,      12.25 MB (  1%) committed,  1 nodes.
             Both:        1.08 GB reserved,      88.81 MB (  8%) committed. 

Chunk freelists:
   Non-Class:  3.22 MB
       Class:  3.72 MB
        Both:  6.95 MB

MaxMetaspaceSize: unlimited
CompressedClassSpaceSize: 1.00 GB
Initial GC threshold: 21.00 MB
Current GC threshold: 146.38 MB
CDS: off
MetaspaceReclaimPolicy: balanced
 - commit_granule_bytes: 65536.
 - commit_granule_words: 8192.
 - virtual_space_node_default_size: 1048576.
 - enlarge_chunks_in_place: 1.
 - new_chunks_are_fully_committed: 0.
 - uncommit_free_chunks: 1.
 - use_allocation_guard: 0.
 - handle_deallocations: 1.


Internal statistics:

num_allocs_failed_limit: 6.
num_arena_births: 874.
num_arena_deaths: 0.
num_vsnodes_births: 11.
num_vsnodes_deaths: 0.
num_space_committed: 1421.
num_space_uncommitted: 0.
num_chunks_returned_to_freelist: 6.
num_chunks_taken_from_freelist: 4208.
num_chunk_merges: 6.
num_chunk_splits: 2750.
num_chunks_enlarged: 1803.
num_purges: 0.
num_inconsistent_stats: 0.

CodeHeap 'non-profiled nmethods': size=120064Kb used=5568Kb max_used=5575Kb free=114495Kb
 bounds [0x00000198956c0000, 0x0000019895c40000, 0x000001989cc00000]
CodeHeap 'profiled nmethods': size=120000Kb used=19145Kb max_used=19145Kb free=100855Kb
 bounds [0x000001988dc00000, 0x000001988eec0000, 0x0000019895130000]
CodeHeap 'non-nmethods': size=5696Kb used=2369Kb max_used=2420Kb free=3326Kb
 bounds [0x0000019895130000, 0x00000198953a0000, 0x00000198956c0000]
 total_blobs=10507 nmethods=9607 adapters=813
 compilation: enabled
              stopped_count=0, restarted_count=0
 full_count=0

Compilation events (20 events):
Event: 92.055 Thread 0x00000198a4049270 nmethod 11128 0x000001988eeae710 code [0x000001988eeae980, 0x000001988eeaf1f8]
Event: 92.056 Thread 0x00000198a4049270 11129       3       org.gradle.api.internal.artifacts.transform.ConsumerProvidedVariantFinder$ChainState::<init> (20 bytes)
Event: 92.056 Thread 0x00000198a4049270 nmethod 11129 0x000001988eeaf590 code [0x000001988eeaf740, 0x000001988eeaf9b8]
Event: 92.057 Thread 0x00000198a4049270 11130       3       org.gradle.api.internal.artifacts.transform.ConsumerProvidedVariantFinder$$Lambda$1077/0x00000198a501d728::<init> (15 bytes)
Event: 92.058 Thread 0x00000198a4049270 nmethod 11130 0x000001988eeafa90 code [0x000001988eeafc40, 0x000001988eeafe58]
Event: 92.060 Thread 0x00000198a4049270 11131       3       java.util.BitSet::clear (70 bytes)
Event: 92.061 Thread 0x00000198a4049270 nmethod 11131 0x000001988eeaff10 code [0x000001988eeb0180, 0x000001988eeb09b8]
Event: 92.066 Thread 0x00000198a40468b0 nmethod 11126 0x0000019895aecb90 code [0x0000019895aecd40, 0x0000019895aed328]
Event: 92.066 Thread 0x00000198a40468b0 11127       4       org.gradle.api.internal.attributes.DefaultImmutableAttributes::equals (124 bytes)
Event: 92.089 Thread 0x00000198a40468b0 nmethod 11127 0x0000019895aeb610 code [0x0000019895aeb820, 0x0000019895aec1a8]
Event: 92.108 Thread 0x00000198a40468b0 11132       4       org.gradle.internal.instantiation.generator.DependencyInjectingInstantiator::newInstance (8 bytes)
Event: 92.114 Thread 0x00000198a4049270 11133       3       org.apache.commons.lang.StringUtils::lastIndexOf (16 bytes)
Event: 92.115 Thread 0x00000198a4049270 nmethod 11133 0x000001988eeb0d10 code [0x000001988eeb0ee0, 0x000001988eeb1208]
Event: 92.122 Thread 0x00000198a4049270 11135       3       org.gradle.internal.instantiation.generator.AsmBackedClassGenerator$ClassBuilderImpl::mixInDynamicAware (70 bytes)
Event: 92.124 Thread 0x00000198a4049270 nmethod 11135 0x000001988eeb1390 code [0x000001988eeb1640, 0x000001988eeb2438]
Event: 92.130 Thread 0x00000198a4049270 11136       2       java.util.TimSort::countRunAndMakeAscending (128 bytes)
Event: 92.131 Thread 0x00000198a4049270 nmethod 11136 0x000001988eeb2890 code [0x000001988eeb2a80, 0x000001988eeb2e58]
Event: 92.135 Thread 0x00000198a4049270 11137       2       org.gradle.internal.snapshot.AbstractIncompleteFileSystemNode::getSnapshot (15 bytes)
Event: 92.135 Thread 0x00000198a4049270 nmethod 11137 0x000001988eeb3090 code [0x000001988eeb3220, 0x000001988eeb3348]
Event: 92.300 Thread 0x00000198a4049270 11138       3       org.gradle.internal.snapshot.AbstractIncompleteFileSystemNode$2$$Lambda$386/0x00000198a48e2018::apply (15 bytes)

GC Heap History (20 events):
Event: 67.495 GC heap before
{Heap before GC invocations=51 (full 0):
 garbage-first heap   total 116736K, used 94845K [0x0000000080000000, 0x0000000100000000)
  region size 1024K, 26 young (26624K), 1 survivors (1024K)
 Metaspace       used 80399K, committed 81024K, reserved 1122304K
  class space    used 10845K, committed 11136K, reserved 1048576K
}
Event: 67.507 GC heap after
{Heap after GC invocations=52 (full 0):
 garbage-first heap   total 116736K, used 71069K [0x0000000080000000, 0x0000000100000000)
  region size 1024K, 3 young (3072K), 3 survivors (3072K)
 Metaspace       used 80399K, committed 81024K, reserved 1122304K
  class space    used 10845K, committed 11136K, reserved 1048576K
}
Event: 69.683 GC heap before
{Heap before GC invocations=52 (full 0):
 garbage-first heap   total 116736K, used 94621K [0x0000000080000000, 0x0000000100000000)
  region size 1024K, 26 young (26624K), 3 survivors (3072K)
 Metaspace       used 84370K, committed 84992K, reserved 1122304K
  class space    used 11431K, committed 11712K, reserved 1048576K
}
Event: 69.700 GC heap after
{Heap after GC invocations=53 (full 0):
 garbage-first heap   total 116736K, used 72877K [0x0000000080000000, 0x0000000100000000)
  region size 1024K, 2 young (2048K), 2 survivors (2048K)
 Metaspace       used 84370K, committed 84992K, reserved 1122304K
  class space    used 11431K, committed 11712K, reserved 1048576K
}
Event: 71.688 GC heap before
{Heap before GC invocations=53 (full 0):
 garbage-first heap   total 116736K, used 95405K [0x0000000080000000, 0x0000000100000000)
  region size 1024K, 25 young (25600K), 2 survivors (2048K)
 Metaspace       used 86048K, committed 86592K, reserved 1130496K
  class space    used 11646K, committed 11904K, reserved 1048576K
}
Event: 71.705 GC heap after
{Heap after GC invocations=54 (full 0):
 garbage-first heap   total 116736K, used 75477K [0x0000000080000000, 0x0000000100000000)
  region size 1024K, 4 young (4096K), 4 survivors (4096K)
 Metaspace       used 86048K, committed 86592K, reserved 1130496K
  class space    used 11646K, committed 11904K, reserved 1048576K
}
Event: 73.108 GC heap before
{Heap before GC invocations=55 (full 0):
 garbage-first heap   total 128000K, used 95957K [0x0000000080000000, 0x0000000100000000)
  region size 1024K, 24 young (24576K), 4 survivors (4096K)
 Metaspace       used 87016K, committed 87552K, reserved 1130496K
  class space    used 11788K, committed 12032K, reserved 1048576K
}
Event: 73.133 GC heap after
{Heap after GC invocations=56 (full 0):
 garbage-first heap   total 128000K, used 78256K [0x0000000080000000, 0x0000000100000000)
  region size 1024K, 3 young (3072K), 3 survivors (3072K)
 Metaspace       used 87016K, committed 87552K, reserved 1130496K
  class space    used 11788K, committed 12032K, reserved 1048576K
}
Event: 73.230 GC heap before
{Heap before GC invocations=56 (full 0):
 garbage-first heap   total 128000K, used 81328K [0x0000000080000000, 0x0000000100000000)
  region size 1024K, 6 young (6144K), 3 survivors (3072K)
 Metaspace       used 87017K, committed 87552K, reserved 1130496K
  class space    used 11788K, committed 12032K, reserved 1048576K
}
Event: 73.252 GC heap after
{Heap after GC invocations=57 (full 0):
 garbage-first heap   total 128000K, used 78610K [0x0000000080000000, 0x0000000100000000)
  region size 1024K, 1 young (1024K), 1 survivors (1024K)
 Metaspace       used 87017K, committed 87552K, reserved 1130496K
  class space    used 11788K, committed 12032K, reserved 1048576K
}
Event: 74.033 GC heap before
{Heap before GC invocations=57 (full 0):
 garbage-first heap   total 128000K, used 105234K [0x0000000080000000, 0x0000000100000000)
  region size 1024K, 27 young (27648K), 1 survivors (1024K)
 Metaspace       used 87088K, committed 87616K, reserved 1130496K
  class space    used 11793K, committed 12032K, reserved 1048576K
}
Event: 74.049 GC heap after
{Heap after GC invocations=58 (full 0):
 garbage-first heap   total 128000K, used 83248K [0x0000000080000000, 0x0000000100000000)
  region size 1024K, 4 young (4096K), 4 survivors (4096K)
 Metaspace       used 87088K, committed 87616K, reserved 1130496K
  class space    used 11793K, committed 12032K, reserved 1048576K
}
Event: 78.237 GC heap before
{Heap before GC invocations=58 (full 0):
 garbage-first heap   total 128000K, used 105776K [0x0000000080000000, 0x0000000100000000)
  region size 1024K, 26 young (26624K), 4 survivors (4096K)
 Metaspace       used 88869K, committed 89472K, reserved 1130496K
  class space    used 12130K, committed 12416K, reserved 1048576K
}
Event: 78.263 GC heap after
{Heap after GC invocations=59 (full 0):
 garbage-first heap   total 128000K, used 86433K [0x0000000080000000, 0x0000000100000000)
  region size 1024K, 3 young (3072K), 3 survivors (3072K)
 Metaspace       used 88869K, committed 89472K, reserved 1130496K
  class space    used 12130K, committed 12416K, reserved 1048576K
}
Event: 85.098 GC heap before
{Heap before GC invocations=59 (full 0):
 garbage-first heap   total 128000K, used 105889K [0x0000000080000000, 0x0000000100000000)
  region size 1024K, 23 young (23552K), 3 survivors (3072K)
 Metaspace       used 89353K, committed 89920K, reserved 1130496K
  class space    used 12194K, committed 12416K, reserved 1048576K
}
Event: 85.115 GC heap after
{Heap after GC invocations=60 (full 0):
 garbage-first heap   total 128000K, used 88230K [0x0000000080000000, 0x0000000100000000)
  region size 1024K, 2 young (2048K), 2 survivors (2048K)
 Metaspace       used 89353K, committed 89920K, reserved 1130496K
  class space    used 12194K, committed 12416K, reserved 1048576K
}
Event: 86.550 GC heap before
{Heap before GC invocations=61 (full 0):
 garbage-first heap   total 150528K, used 105638K [0x0000000080000000, 0x0000000100000000)
  region size 1024K, 20 young (20480K), 2 survivors (2048K)
 Metaspace       used 89504K, committed 90112K, reserved 1130496K
  class space    used 12200K, committed 12480K, reserved 1048576K
}
Event: 86.569 GC heap after
{Heap after GC invocations=62 (full 0):
 garbage-first heap   total 150528K, used 89469K [0x0000000080000000, 0x0000000100000000)
  region size 1024K, 2 young (2048K), 2 survivors (2048K)
 Metaspace       used 89504K, committed 90112K, reserved 1130496K
  class space    used 12200K, committed 12480K, reserved 1048576K
}
Event: 87.101 GC heap before
{Heap before GC invocations=62 (full 0):
 garbage-first heap   total 150528K, used 93565K [0x0000000080000000, 0x0000000100000000)
  region size 1024K, 7 young (7168K), 2 survivors (2048K)
 Metaspace       used 89583K, committed 90176K, reserved 1130496K
  class space    used 12200K, committed 12480K, reserved 1048576K
}
Event: 87.124 GC heap after
{Heap after GC invocations=63 (full 0):
 garbage-first heap   total 245760K, used 89401K [0x0000000080000000, 0x0000000100000000)
  region size 1024K, 1 young (1024K), 1 survivors (1024K)
 Metaspace       used 89583K, committed 90176K, reserved 1130496K
  class space    used 12200K, committed 12480K, reserved 1048576K
}

Dll operation events (2 events):
Event: 0.096 Loaded shared library D:\AndroidStudio\jbr\bin\java.dll
Event: 1.906 Loaded shared library D:\AndroidStudio\jbr\bin\verify.dll

Deoptimization events (20 events):
Event: 91.504 Thread 0x00000198e753ce70 Uncommon trap: trap_request=0xffffffc6 fr.pc=0x0000019895a5c434 relative=0x0000000000000854
Event: 91.504 Thread 0x00000198e753ce70 Uncommon trap: reason=bimorphic_or_optimized_type_check action=maybe_recompile pc=0x0000019895a5c434 method=java.util.Collections.indexedBinarySearch(Ljava/util/List;Ljava/lang/Object;Ljava/util/Comparator;)I @ 3 c2
Event: 91.504 Thread 0x00000198e753ce70 DEOPT PACKING pc=0x0000019895a5c434 sp=0x000000013fef9dd0
Event: 91.504 Thread 0x00000198e753ce70 DEOPT UNPACKING pc=0x00000198951869a3 sp=0x000000013fef9d80 mode 2
Event: 91.707 Thread 0x00000198e753d340 Uncommon trap: trap_request=0xffffffc6 fr.pc=0x00000198958532d4 relative=0x0000000000000454
Event: 91.708 Thread 0x00000198e753d340 Uncommon trap: reason=bimorphic_or_optimized_type_check action=maybe_recompile pc=0x00000198958532d4 method=java.util.Spliterators$IteratorSpliterator.tryAdvance(Ljava/util/function/Consumer;)Z @ 50 c2
Event: 91.708 Thread 0x00000198e753d340 DEOPT PACKING pc=0x00000198958532d4 sp=0x000000013fffdf60
Event: 91.708 Thread 0x00000198e753d340 DEOPT UNPACKING pc=0x00000198951869a3 sp=0x000000013fffdf00 mode 2
Event: 91.735 Thread 0x00000198e753d340 DEOPT PACKING pc=0x000001988e6d7c14 sp=0x000000013fffa650
Event: 91.735 Thread 0x00000198e753d340 DEOPT UNPACKING pc=0x0000019895187143 sp=0x000000013fff9b58 mode 0
Event: 91.735 Thread 0x00000198e753d340 DEOPT PACKING pc=0x000001988e6d7c14 sp=0x000000013fffaa10
Event: 91.735 Thread 0x00000198e753d340 DEOPT UNPACKING pc=0x0000019895187143 sp=0x000000013fff9f18 mode 0
Event: 91.735 Thread 0x00000198e753d340 DEOPT PACKING pc=0x000001988e6d7c14 sp=0x000000013fffadd0
Event: 91.735 Thread 0x00000198e753d340 DEOPT UNPACKING pc=0x0000019895187143 sp=0x000000013fffa2d8 mode 0
Event: 91.735 Thread 0x00000198e753d340 DEOPT PACKING pc=0x000001988e6d7c14 sp=0x000000013fffb190
Event: 91.736 Thread 0x00000198e753d340 DEOPT UNPACKING pc=0x0000019895187143 sp=0x000000013fffa698 mode 0
Event: 92.047 Thread 0x00000198e753d340 Uncommon trap: trap_request=0xffffffde fr.pc=0x00000198958aff9c relative=0x000000000000327c
Event: 92.047 Thread 0x00000198e753d340 Uncommon trap: reason=class_check action=maybe_recompile pc=0x00000198958aff9c method=org.gradle.internal.snapshot.impl.AbstractValueProcessor.processValue(Ljava/lang/Object;Lorg/gradle/internal/snapshot/impl/AbstractValueProcessor$ValueVisitor;)Ljava/lan
Event: 92.047 Thread 0x00000198e753d340 DEOPT PACKING pc=0x00000198958aff9c sp=0x000000013fffcae0
Event: 92.047 Thread 0x00000198e753d340 DEOPT UNPACKING pc=0x00000198951869a3 sp=0x000000013fffcad8 mode 2

Classes unloaded (0 events):
No events

Classes redefined (0 events):
No events

Internal exceptions (20 events):
Event: 75.613 Thread 0x00000198e588fed0 Exception <a 'java/lang/NoSuchMethodError'{0x0000000086e56d78}: static Lorg/gradle/internal/build/event/types/DefaultTaskSuccessResult;.<clinit>()V> (0x0000000086e56d78) 
thrown [s\src\hotspot\share\prims\jni.cpp, line 1108]
Event: 75.613 Thread 0x00000198e588fed0 Exception <a 'java/lang/NoSuchMethodError'{0x0000000086e58480}: static Lorg/gradle/internal/build/event/types/AbstractTaskResult;.<clinit>()V> (0x0000000086e58480) 
thrown [s\src\hotspot\share\prims\jni.cpp, line 1108]
Event: 75.730 Thread 0x00000198e753ce70 Exception <a 'sun/nio/fs/WindowsException'{0x0000000086d05ac8}> (0x0000000086d05ac8) 
thrown [s\src\hotspot\share\prims\jni.cpp, line 517]
Event: 75.748 Thread 0x00000198e753f020 Exception <a 'java/lang/NoSuchMethodError'{0x0000000086d69260}: static Lcom/android/buildanalyzer/common/AndroidGradlePluginAttributionData$BuildInfo;.<clinit>()V> (0x0000000086d69260) 
thrown [s\src\hotspot\share\prims\jni.cpp, line 1108]
Event: 75.755 Thread 0x00000198e588fed0 Exception <a 'java/lang/NoSuchMethodError'{0x0000000086d7f7f8}: static Lorg/gradle/internal/build/event/types/DefaultTaskSkippedResult;.<clinit>()V> (0x0000000086d7f7f8) 
thrown [s\src\hotspot\share\prims\jni.cpp, line 1108]
Event: 75.787 Thread 0x00000198e753f020 Exception <a 'java/lang/NoSuchMethodError'{0x0000000086d931a0}: static Lcom/android/buildanalyzer/common/AndroidGradlePluginAttributionData$JavaInfo;.<clinit>()V> (0x0000000086d931a0) 
thrown [s\src\hotspot\share\prims\jni.cpp, line 1108]
Event: 75.794 Thread 0x00000198e753f020 Exception <a 'java/lang/NoSuchMethodError'{0x0000000086db4f28}: static [Ljava/lang/String;.<clinit>()V> (0x0000000086db4f28) 
thrown [s\src\hotspot\share\prims\jni.cpp, line 1108]
Event: 75.797 Thread 0x00000198e753f020 Exception <a 'java/lang/NoSuchMethodError'{0x0000000086ddf870}: static Lcom/android/buildanalyzer/common/AndroidGradlePluginAttributionData$TaskInfo;.<clinit>()V> (0x0000000086ddf870) 
thrown [s\src\hotspot\share\prims\jni.cpp, line 1108]
Event: 75.799 Thread 0x00000198e753f020 Exception <a 'java/lang/NoSuchMethodError'{0x0000000086dec1c8}: static Lcom/android/buildanalyzer/common/AndroidGradlePluginAttributionData$TaskCategoryInfo;.<clinit>()V> (0x0000000086dec1c8) 
thrown [s\src\hotspot\share\prims\jni.cpp, line 1108]
Event: 75.846 Thread 0x00000198e753f020 Exception <a 'java/lang/NoSuchMethodError'{0x0000000086c464b0}: 'void java.lang.invoke.DirectMethodHandle$Holder.invokeSpecial(java.lang.Object, java.lang.Object, java.lang.Object, int)'> (0x0000000086c464b0) 
thrown [s\src\hotspot\share\interpreter\linkResolver.cpp, line 771]
Event: 78.412 Thread 0x00000198e753ce70 Exception <a 'java/lang/NoSuchMethodError'{0x0000000087b538c0}: 'void java.lang.invoke.DirectMethodHandle$Holder.invokeStatic(java.lang.Object, java.lang.Object, java.lang.Object, java.lang.Object, int, java.lang.Object, java.lang.Object)'> (0x0000000087b538c0) 
thrown [s\src\hotspot\share\interpreter\linkResolver.cpp, line 771]
Event: 78.501 Thread 0x00000198e4eacfe0 Exception <a 'java/lang/NoSuchMethodError'{0x00000000879014a8}: 'java.lang.Object java.lang.invoke.DirectMethodHandle$Holder.invokeSpecialIFC(java.lang.Object, java.lang.Object, java.lang.Object)'> (0x00000000879014a8) 
thrown [s\src\hotspot\share\interpreter\linkResolver.cpp, line 771]
Event: 85.463 Thread 0x00000198e753ce70 Exception <a 'java/lang/NoSuchMethodError'{0x0000000089224b28}: 'void java.lang.invoke.DirectMethodHandle$Holder.invokeVirtual(java.lang.Object, java.lang.Object)'> (0x0000000089224b28) 
thrown [s\src\hotspot\share\interpreter\linkResolver.cpp, line 771]
Event: 89.068 Thread 0x00000198e753ce70 Exception <a 'java/lang/NoSuchMethodError'{0x000000008dbcd220}: static Lcom/android/build/gradle/internal/scope/InternalArtifactType;.<clinit>()V> (0x000000008dbcd220) 
thrown [s\src\hotspot\share\prims\jni.cpp, line 1108]
Event: 89.069 Thread 0x00000198e753ce70 Exception <a 'java/lang/NoSuchMethodError'{0x000000008dbcec20}: static Lcom/android/build/gradle/internal/scope/InternalArtifactType;.<clinit>()V> (0x000000008dbcec20) 
thrown [s\src\hotspot\share\prims\jni.cpp, line 1108]
Event: 89.069 Thread 0x00000198e753ce70 Exception <a 'java/lang/NoSuchMethodError'{0x000000008dbd2068}: static Lcom/android/build/api/artifact/Artifact$Single;.<clinit>()V> (0x000000008dbd2068) 
thrown [s\src\hotspot\share\prims\jni.cpp, line 1108]
Event: 89.070 Thread 0x00000198e753ce70 Exception <a 'java/lang/NoSuchMethodError'{0x000000008dbd48a0}: static Ljava/lang/Object;.<clinit>()V> (0x000000008dbd48a0) 
thrown [s\src\hotspot\share\prims\jni.cpp, line 1108]
Event: 89.074 Thread 0x00000198e753ce70 Exception <a 'java/lang/NoSuchMethodError'{0x000000008dbedf78}: static Lcom/android/build/api/artifact/ArtifactKind;.<clinit>()V> (0x000000008dbedf78) 
thrown [s\src\hotspot\share\prims\jni.cpp, line 1108]
Event: 89.075 Thread 0x00000198e753ce70 Exception <a 'java/lang/NoSuchMethodError'{0x000000008dbef3e0}: static Lcom/android/build/api/artifact/ArtifactKind;.<clinit>()V> (0x000000008dbef3e0) 
thrown [s\src\hotspot\share\prims\jni.cpp, line 1108]
Event: 91.737 Thread 0x00000198e753d340 Exception <a 'java/lang/NoSuchMethodError'{0x000000008c264f88}: 'int java.lang.invoke.DirectMethodHandle$Holder.invokeSpecial(java.lang.Object, java.lang.Object, java.lang.Object, java.lang.Object, java.lang.Object)'> (0x000000008c264f88) 
thrown [s\src\hotspot\share\interpreter\linkResolver.cpp, line 771]

VM Operations (20 events):
Event: 89.081 Executing VM operation: HandshakeAllThreads
Event: 89.082 Executing VM operation: HandshakeAllThreads done
Event: 89.411 Executing VM operation: HandshakeAllThreads
Event: 89.411 Executing VM operation: HandshakeAllThreads done
Event: 89.411 Executing VM operation: Cleanup
Event: 89.413 Executing VM operation: Cleanup done
Event: 89.413 Executing VM operation: HandshakeAllThreads
Event: 89.414 Executing VM operation: HandshakeAllThreads done
Event: 90.422 Executing VM operation: Cleanup
Event: 90.423 Executing VM operation: Cleanup done
Event: 91.434 Executing VM operation: Cleanup
Event: 91.435 Executing VM operation: Cleanup done
Event: 91.728 Executing VM operation: HandshakeAllThreads
Event: 91.728 Executing VM operation: HandshakeAllThreads done
Event: 91.733 Executing VM operation: HandshakeAllThreads
Event: 91.733 Executing VM operation: HandshakeAllThreads done
Event: 91.735 Executing VM operation: HandshakeAllThreads
Event: 91.735 Executing VM operation: HandshakeAllThreads done
Event: 92.059 Executing VM operation: ICBufferFull
Event: 92.059 Executing VM operation: ICBufferFull done

Events (20 events):
Event: 79.195 Thread 0x00000198e4c7eb80 flushing nmethod 0x000001988eade090
Event: 79.195 Thread 0x00000198e4c7eb80 flushing nmethod 0x000001988eb20090
Event: 79.195 Thread 0x00000198e4c7eb80 flushing nmethod 0x000001988eb20910
Event: 79.196 Thread 0x00000198e4c7eb80 flushing nmethod 0x000001988eb7a110
Event: 79.196 Thread 0x00000198e4c7eb80 flushing nmethod 0x000001988eb7a590
Event: 79.196 Thread 0x00000198e4c7eb80 flushing nmethod 0x000001988eb84090
Event: 79.196 Thread 0x00000198e4c7eb80 flushing nmethod 0x000001988ebc1d10
Event: 79.196 Thread 0x00000198e4c7eb80 flushing nmethod 0x000001988ebd8310
Event: 79.196 Thread 0x00000198e4c7eb80 flushing nmethod 0x000001988ebec510
Event: 79.196 Thread 0x00000198e4c7eb80 flushing nmethod 0x000001988ebff690
Event: 79.196 Thread 0x00000198e4c7eb80 flushing nmethod 0x000001988ec17110
Event: 79.196 Thread 0x00000198e4c7eb80 flushing nmethod 0x000001988ec18490
Event: 79.197 Thread 0x00000198e4c7eb80 flushing nmethod 0x000001988eca3a10
Event: 79.197 Thread 0x00000198e4c7eb80 flushing nmethod 0x000001988ed28d90
Event: 79.197 Thread 0x00000198e4c7eb80 flushing nmethod 0x000001988ed4b790
Event: 79.198 Thread 0x00000198e4c7eb80 flushing nmethod 0x000001988ed90d10
Event: 86.097 loading class jdk/internal/access/foreign/MemorySegmentProxy
Event: 86.097 loading class jdk/internal/access/foreign/MemorySegmentProxy done
Event: 87.332 loading class java/util/stream/SortedOps$SizedRefSortingSink
Event: 87.332 loading class java/util/stream/SortedOps$SizedRefSortingSink done


Dynamic libraries:
0x00007ff635170000 - 0x00007ff63517a000 	D:\AndroidStudio\jbr\bin\java.exe
0x00007ffd7a070000 - 0x00007ffd7a266000 	C:\Windows\SYSTEM32\ntdll.dll
0x00007ffd79ed0000 - 0x00007ffd79f8d000 	C:\Windows\System32\KERNEL32.DLL
0x00007ffd778f0000 - 0x00007ffd77bb9000 	C:\Windows\System32\KERNELBASE.dll
0x00007ffd77e90000 - 0x00007ffd77f90000 	C:\Windows\System32\ucrtbase.dll
0x00007ffd70e90000 - 0x00007ffd70ea7000 	D:\AndroidStudio\jbr\bin\jli.dll
0x00007ffd798c0000 - 0x00007ffd79a60000 	C:\Windows\System32\USER32.dll
0x00007ffd77d00000 - 0x00007ffd77d22000 	C:\Windows\System32\win32u.dll
0x00007ffd79490000 - 0x00007ffd794ba000 	C:\Windows\System32\GDI32.dll
0x00007ffd77bc0000 - 0x00007ffd77cc9000 	C:\Windows\System32\gdi32full.dll
0x00007ffd77850000 - 0x00007ffd778ed000 	C:\Windows\System32\msvcp_win.dll
0x00007ffd68880000 - 0x00007ffd68b1b000 	C:\Windows\WinSxS\amd64_microsoft.windows.common-controls_6595b64144ccf1df_6.0.19041.488_none_ca04af081b815d21\COMCTL32.dll
0x00007ffd79820000 - 0x00007ffd798be000 	C:\Windows\System32\msvcrt.dll
0x00007ffd675f0000 - 0x00007ffd6760b000 	D:\AndroidStudio\jbr\bin\VCRUNTIME140.dll
0x00007ffd78f60000 - 0x00007ffd78f90000 	C:\Windows\System32\IMM32.DLL
0x00007ffd656e0000 - 0x00007ffd656ec000 	D:\AndroidStudio\jbr\bin\vcruntime140_1.dll
0x00007ffd547e0000 - 0x00007ffd5486d000 	D:\AndroidStudio\jbr\bin\msvcp140.dll
0x00007ffd4e030000 - 0x00007ffd4ec9d000 	D:\AndroidStudio\jbr\bin\server\jvm.dll
0x00007ffd78a50000 - 0x00007ffd78afc000 	C:\Windows\System32\ADVAPI32.dll
0x00007ffd79090000 - 0x00007ffd7912c000 	C:\Windows\System32\sechost.dll
0x00007ffd78d20000 - 0x00007ffd78e4b000 	C:\Windows\System32\RPCRT4.dll
0x00007ffd62a70000 - 0x00007ffd62a79000 	C:\Windows\SYSTEM32\WSOCK32.dll
0x00007ffd79f90000 - 0x00007ffd79ffb000 	C:\Windows\System32\WS2_32.dll
0x00007ffd6e120000 - 0x00007ffd6e147000 	C:\Windows\SYSTEM32\WINMM.dll
0x00007ffd6e150000 - 0x00007ffd6e15a000 	C:\Windows\SYSTEM32\VERSION.dll
0x00007ffd75580000 - 0x00007ffd75592000 	C:\Windows\SYSTEM32\kernel.appcore.dll
0x00007ffd6ff40000 - 0x00007ffd6ff4a000 	D:\AndroidStudio\jbr\bin\jimage.dll
0x00007ffd64920000 - 0x00007ffd64b04000 	C:\Windows\SYSTEM32\DBGHELP.DLL
0x00007ffd64360000 - 0x00007ffd6438c000 	C:\Windows\SYSTEM32\dbgcore.DLL
0x00007ffd777d0000 - 0x00007ffd77850000 	C:\Windows\System32\bcryptPrimitives.dll
0x00007ffd67540000 - 0x00007ffd67565000 	D:\AndroidStudio\jbr\bin\java.dll
0x00007ffd675d0000 - 0x00007ffd675e8000 	D:\AndroidStudio\jbr\bin\zip.dll
0x00007ffd78170000 - 0x00007ffd788b2000 	C:\Windows\System32\SHELL32.dll
0x00007ffd75890000 - 0x00007ffd76025000 	C:\Windows\SYSTEM32\windows.storage.dll
0x00007ffd79130000 - 0x00007ffd79486000 	C:\Windows\System32\combase.dll
0x00007ffd77050000 - 0x00007ffd7707c000 	C:\Windows\SYSTEM32\Wldp.dll
0x00007ffd79770000 - 0x00007ffd7981e000 	C:\Windows\System32\SHCORE.dll
0x00007ffd78f90000 - 0x00007ffd78fe5000 	C:\Windows\System32\shlwapi.dll
0x00007ffd776b0000 - 0x00007ffd776d6000 	C:\Windows\SYSTEM32\profapi.dll
0x00007ffd67520000 - 0x00007ffd67539000 	D:\AndroidStudio\jbr\bin\net.dll
0x00007ffd6ec90000 - 0x00007ffd6ed90000 	C:\Windows\SYSTEM32\WINHTTP.dll
0x00007ffd76e40000 - 0x00007ffd76eaa000 	C:\Windows\system32\mswsock.dll
0x00007ffd67500000 - 0x00007ffd67516000 	D:\AndroidStudio\jbr\bin\nio.dll
0x00007ffd67e00000 - 0x00007ffd67e10000 	D:\AndroidStudio\jbr\bin\verify.dll
0x00007ffd67610000 - 0x00007ffd67637000 	D:\.gradle\native\68d5fa5c4cc2d200863cafc0d521ce42e7d3e7ee720ec0a83991735586a16f82\windows-amd64\native-platform.dll
0x00007ffd52500000 - 0x00007ffd52644000 	D:\.gradle\native\e376f236ea51e6404a007f0833ffe2c6e607c4080706a723a18a27aeea778392\windows-amd64\native-platform-file-events.dll
0x00007ffd6f780000 - 0x00007ffd6f789000 	D:\AndroidStudio\jbr\bin\management.dll
0x00007ffd686f0000 - 0x00007ffd686fb000 	D:\AndroidStudio\jbr\bin\management_ext.dll
0x00007ffd79080000 - 0x00007ffd79088000 	C:\Windows\System32\PSAPI.DLL
0x00007ffd77090000 - 0x00007ffd770a8000 	C:\Windows\SYSTEM32\CRYPTSP.dll
0x00007ffd767f0000 - 0x00007ffd76824000 	C:\Windows\system32\rsaenh.dll
0x00007ffd77cd0000 - 0x00007ffd77cf7000 	C:\Windows\System32\bcrypt.dll
0x00007ffd77630000 - 0x00007ffd7765e000 	C:\Windows\SYSTEM32\USERENV.dll
0x00007ffd76fc0000 - 0x00007ffd76fcc000 	C:\Windows\SYSTEM32\CRYPTBASE.dll
0x00007ffd76b50000 - 0x00007ffd76b8b000 	C:\Windows\SYSTEM32\IPHLPAPI.DLL
0x00007ffd78d10000 - 0x00007ffd78d18000 	C:\Windows\System32\NSI.dll
0x00007ffd6a4a0000 - 0x00007ffd6a4b7000 	C:\Windows\SYSTEM32\dhcpcsvc6.DLL
0x00007ffd6d8f0000 - 0x00007ffd6d90d000 	C:\Windows\SYSTEM32\dhcpcsvc.DLL
0x00007ffd76b90000 - 0x00007ffd76c5b000 	C:\Windows\SYSTEM32\DNSAPI.dll
0x00007ffd67640000 - 0x00007ffd67647000 	C:\Windows\system32\wshunix.dll
0x00007ffd6f740000 - 0x00007ffd6f757000 	C:\Windows\system32\napinsp.dll
0x00007ffd687a0000 - 0x00007ffd687bb000 	C:\Windows\system32\pnrpnsp.dll
0x00007ffd72140000 - 0x00007ffd72155000 	C:\Windows\system32\wshbth.dll
0x00007ffd731a0000 - 0x00007ffd731bd000 	C:\Windows\system32\NLAapi.dll
0x00007ffd68360000 - 0x00007ffd68372000 	C:\Windows\System32\winrnr.dll
0x00007ffd6e110000 - 0x00007ffd6e11a000 	C:\Windows\System32\rasadhlp.dll
0x00007ffd67850000 - 0x00007ffd678cf000 	C:\Windows\System32\fwpuclnt.dll

dbghelp: loaded successfully - version: 4.0.5 - missing functions: none
symbol engine: initialized successfully - sym options: 0x614 - pdb path: .;D:\AndroidStudio\jbr\bin;C:\Windows\SYSTEM32;C:\Windows\WinSxS\amd64_microsoft.windows.common-controls_6595b64144ccf1df_6.0.19041.488_none_ca04af081b815d21;D:\AndroidStudio\jbr\bin\server;D:\.gradle\native\68d5fa5c4cc2d200863cafc0d521ce42e7d3e7ee720ec0a83991735586a16f82\windows-amd64;D:\.gradle\native\e376f236ea51e6404a007f0833ffe2c6e607c4080706a723a18a27aeea778392\windows-amd64

VM Arguments:
jvm_args: --add-opens=java.base/java.util=ALL-UNNAMED --add-opens=java.base/java.lang=ALL-UNNAMED --add-opens=java.base/java.lang.invoke=ALL-UNNAMED --add-opens=java.prefs/java.util.prefs=ALL-UNNAMED --add-opens=java.base/java.nio.charset=ALL-UNNAMED --add-opens=java.base/java.net=ALL-UNNAMED --add-opens=java.base/java.util.concurrent.atomic=ALL-UNNAMED -Xmx2048m -Dfile.encoding=UTF-8 -Duser.country=RU -Duser.language=ru -Duser.variant 
java_command: org.gradle.launcher.daemon.bootstrap.GradleDaemon 8.0
java_class_path (initial): D:\.gradle\wrapper\dists\gradle-8.0-bin\ca5e32bp14vu59qr306oxotwh\gradle-8.0\lib\gradle-launcher-8.0.jar
Launcher Type: SUN_STANDARD

[Global flags]
     intx CICompilerCount                          = 2                                         {product} {ergonomic}
     uint ConcGCThreads                            = 1                                         {product} {ergonomic}
     uint G1ConcRefinementThreads                  = 2                                         {product} {ergonomic}
   size_t G1HeapRegionSize                         = 1048576                                   {product} {ergonomic}
    uintx GCDrainStackTargetSize                   = 64                                        {product} {ergonomic}
   size_t InitialHeapSize                          = 117440512                                 {product} {ergonomic}
   size_t MarkStackSize                            = 4194304                                   {product} {ergonomic}
   size_t MaxHeapSize                              = 2147483648                                {product} {command line}
   size_t MaxNewSize                               = 1287651328                                {product} {ergonomic}
   size_t MinHeapDeltaBytes                        = 1048576                                   {product} {ergonomic}
   size_t MinHeapSize                              = 8388608                                   {product} {ergonomic}
    uintx NonNMethodCodeHeapSize                   = 5826188                                {pd product} {ergonomic}
    uintx NonProfiledCodeHeapSize                  = 122916026                              {pd product} {ergonomic}
    uintx ProfiledCodeHeapSize                     = 122916026                              {pd product} {ergonomic}
    uintx ReservedCodeCacheSize                    = 251658240                              {pd product} {ergonomic}
     bool SegmentedCodeCache                       = true                                      {product} {ergonomic}
   size_t SoftMaxHeapSize                          = 2147483648                             {manageable} {ergonomic}
     bool UseCompressedClassPointers               = true                           {product lp64_product} {ergonomic}
     bool UseCompressedOops                        = true                           {product lp64_product} {ergonomic}
     bool UseG1GC                                  = true                                      {product} {ergonomic}
     bool UseLargePagesIndividualAllocation        = false                                  {pd product} {ergonomic}

Logging:
Log output configuration:
 #0: stdout all=warning uptime,level,tags
 #1: stderr all=off uptime,level,tags

Environment Variables:
PATH=C:\ProgramData\Oracle\Java\javapath;C:\Program Files\Common Files\Oracle\Java\javapath;C:\Windows\system32;C:\Windows;C:\Windows\System32\Wbem;C:\Windows\System32\WindowsPowerShell\v1.0\;C:\Program Files\Git\cmd;D:\mingv\bin;C:\Program Files\dotnet\;C:\Program Files (x86)\dotnet\;C:\Program Files\Microsoft SQL Server\150\Tools\Binn\;C:\Program Files (x86)\Microsoft SQL Server\100\Tools\Binn\;C:\Program Files\Microsoft SQL Server\100\Tools\Binn\;C:\Program Files\Microsoft SQL Server\100\DTS\Binn\;D:\nodejs\;C:\Program Files\Docker\Docker\resources\bin;C:\Users\Dmitry\AppData\Local\Programs\Python\Python310\Scripts\;C:\Users\Dmitry\AppData\Local\Programs\Python\Python310\;C:\Users\Dmitry\AppData\Local\Microsoft\WindowsApps;D:\java\IntelliJ IDEA 2021.3.1\bin;;D:\VSCode\Microsoft VS Code\bin;C:\ghcup\bin;C:\Users\Dmitry\.dotnet\tools;C:\Users\Dmitry\AppData\Roaming\npm
USERNAME=Dmitry
OS=Windows_NT
PROCESSOR_IDENTIFIER=AMD64 Family 21 Model 112 Stepping 0, AuthenticAMD
TMP=C:\Temp
TEMP=C:\Temp



---------------  S Y S T E M  ---------------

OS:
 Windows 10 , 64 bit Build 19041 (10.0.19041.662)
OS uptime: 0 days 2:10 hours
Hyper-V role detected

CPU: total 2 (initial active 2) (2 cores per cpu, 1 threads per core) family 21 model 112 stepping 0 microcode 0x0, cx8, cmov, fxsr, mmx, 3dnowpref, sse, sse2, sse3, ssse3, sse4a, sse4.1, sse4.2, popcnt, lzcnt, tsc, tscinvbit, avx, avx2, aes, clmul, bmi1, bmi2, fma, vzeroupper, clflush, hv

Memory: 4k page, system-wide physical 7055M (57M free)
TotalPageFile size 9598M (AvailPageFile size 4M)
current process WorkingSet (physical memory assigned to process): 389M, peak: 389M
current process commit charge ("private bytes"): 484M, peak: 486M

vm_info: OpenJDK 64-Bit Server VM (17.0.6+0-b2043.56-9586694) for windows-amd64 JRE (17.0.6+0-b2043.56-9586694), built on Feb  9 2023 20:06:20 by "androidbuild" with MS VC++ 16.10 / 16.11 (VS2019)

END.
