#
# There is insufficient memory for the Java Runtime Environment to continue.
# Native memory allocation (malloc) failed to allocate 1648608 bytes for Chunk::new
# Possible reasons:
#   The system is out of physical RAM or swap space
#   The process is running with CompressedOops enabled, and the Java Heap may be blocking the growth of the native heap
# Possible solutions:
#   Reduce memory load on the system
#   Increase physical memory or swap space
#   Check if swap backing store is full
#   Decrease Java heap size (-Xmx/-Xms)
#   Decrease number of Java threads
#   Decrease Java thread stack sizes (-Xss)
#   Set larger code cache with -XX:ReservedCodeCacheSize=
#   JVM is running with Unscaled Compressed Oops mode in which the Java heap is
#     placed in the first 4GB address space. The Java Heap base address is the
#     maximum limit for the native heap growth. Please use -XX:HeapBaseMinAddress
#     to set the Java Heap base and to place the Java Heap above 4GB virtual address.
# This output file may be truncated or incomplete.
#
#  Out of Memory Error (arena.cpp:189), pid=9832, tid=5844
#
# JRE version: OpenJDK Runtime Environment (17.0.6) (build 17.0.6+0-b2043.56-9586694)
# Java VM: OpenJDK 64-Bit Server VM (17.0.6+0-b2043.56-9586694, mixed mode, tiered, compressed oops, compressed class ptrs, g1 gc, windows-amd64)
# No core dump will be written. Minidumps are not enabled by default on client versions of Windows
#

---------------  S U M M A R Y ------------

Command Line: --add-opens=java.base/java.util=ALL-UNNAMED --add-opens=java.base/java.lang=ALL-UNNAMED --add-opens=java.base/java.lang.invoke=ALL-UNNAMED --add-opens=java.prefs/java.util.prefs=ALL-UNNAMED --add-opens=java.base/java.nio.charset=ALL-UNNAMED --add-opens=java.base/java.net=ALL-UNNAMED --add-opens=java.base/java.util.concurrent.atomic=ALL-UNNAMED -Xmx2048m -Dfile.encoding=UTF-8 -Duser.country=RU -Duser.language=ru -Duser.variant org.gradle.launcher.daemon.bootstrap.GradleDaemon 8.0

Host: AMD A4-9125 RADEON R3, 4 COMPUTE CORES 2C+2G   , 2 cores, 6G,  Windows 10 , 64 bit Build 19041 (10.0.19041.662)
Time: Wed May  3 23:14:21 2023 RTZ 2 (s 10 , 64 bit Build 19041 (10.0.19041.662) elapsed time: 142.356779 seconds (0d 0h 2m 22s)

---------------  T H R E A D  ---------------

Current thread (0x000001b2cbfa5720):  JavaThread "C2 CompilerThread0" daemon [_thread_in_native, id=5844, stack(0x00000048f3200000,0x00000048f3300000)]


Current CompileTask:
C2: 142356 12239       4       jdk.internal.org.objectweb.asm.MethodWriter::computeAllFrames (510 bytes)

Stack: [0x00000048f3200000,0x00000048f3300000]
Native frames: (J=compiled Java code, j=interpreted, Vv=VM code, C=native code)
V  [jvm.dll+0x683b4a]
V  [jvm.dll+0x842654]
V  [jvm.dll+0x843dfe]
V  [jvm.dll+0x844463]
V  [jvm.dll+0x249b75]
V  [jvm.dll+0xabcac]
V  [jvm.dll+0xac27c]
V  [jvm.dll+0x368857]
V  [jvm.dll+0x332f31]
V  [jvm.dll+0x3323da]
V  [jvm.dll+0x21c201]
V  [jvm.dll+0x21b621]
V  [jvm.dll+0x1a4fdd]
V  [jvm.dll+0x22b098]
V  [jvm.dll+0x229159]
V  [jvm.dll+0x7f809c]
V  [jvm.dll+0x7f25fa]
V  [jvm.dll+0x682985]
C  [ucrtbase.dll+0x214c2]
C  [KERNEL32.DLL+0x17034]
C  [ntdll.dll+0x4d0d1]


---------------  P R O C E S S  ---------------

Threads class SMR info:
_java_thread_list=0x000001b2d35ad6a0, length=62, elements={
0x000001b2b0e5a510, 0x000001b2cbf40630, 0x000001b2cbf747e0, 0x000001b2cbf865f0,
0x000001b2cbf89ed0, 0x000001b2cbf8a790, 0x000001b2cbf8b460, 0x000001b2cbfa5720,
0x000001b2cbfa77d0, 0x000001b2cc98c6a0, 0x000001b2cca8a540, 0x000001b2cca90a30,
0x000001b2cf09a000, 0x000001b2ce14e520, 0x000001b2cd5f7b90, 0x000001b2cd913d30,
0x000001b2cceac780, 0x000001b2ccecc860, 0x000001b2ccdf3400, 0x000001b2ce2487e0,
0x000001b2ce2474a0, 0x000001b2ce249180, 0x000001b2ce249650, 0x000001b2ce249b20,
0x000001b2ce249ff0, 0x000001b2ce247e40, 0x000001b2ce246fd0, 0x000001b2ce24a4c0,
0x000001b2cf8a00a0, 0x000001b2cf8a13e0, 0x000001b2cf8a0570, 0x000001b2cf89a530,
0x000001b2cf89b870, 0x000001b2cf89a060, 0x000001b2cf89d080, 0x000001b2cf89fbd0,
0x000001b2cf89b3a0, 0x000001b2cf89cbb0, 0x000001b2cf89bd40, 0x000001b2cf89e3c0,
0x000001b2cf89f230, 0x000001b2cf89e890, 0x000001b2cf89c210, 0x000001b2cf89d550,
0x000001b2cf89ed60, 0x000001b2cf3b4500, 0x000001b2cf3b7ec0, 0x000001b2cf3b2820,
0x000001b2cf3b5370, 0x000001b2cf3b1e80, 0x000001b2cf3b5d10, 0x000001b2cf3b8390,
0x000001b2cf3b2350, 0x000001b2cf3b2cf0, 0x000001b2cf3b31c0, 0x000001b2cf3b66b0,
0x000001b2cf3b4ea0, 0x000001b2cf3b3b60, 0x000001b2cf3b79f0, 0x000001b2cf3b14e0,
0x000001b2cf3b61e0, 0x000001b2cfdaf0d0
}

Java Threads: ( => current thread )
  0x000001b2b0e5a510 JavaThread "main" [_thread_blocked, id=9908, stack(0x00000048f2500000,0x00000048f2600000)]
  0x000001b2cbf40630 JavaThread "Reference Handler" daemon [_thread_blocked, id=8012, stack(0x00000048f2c00000,0x00000048f2d00000)]
  0x000001b2cbf747e0 JavaThread "Finalizer" daemon [_thread_blocked, id=7980, stack(0x00000048f2d00000,0x00000048f2e00000)]
  0x000001b2cbf865f0 JavaThread "Signal Dispatcher" daemon [_thread_blocked, id=3740, stack(0x00000048f2e00000,0x00000048f2f00000)]
  0x000001b2cbf89ed0 JavaThread "Attach Listener" daemon [_thread_blocked, id=9016, stack(0x00000048f2f00000,0x00000048f3000000)]
  0x000001b2cbf8a790 JavaThread "Service Thread" daemon [_thread_blocked, id=5324, stack(0x00000048f3000000,0x00000048f3100000)]
  0x000001b2cbf8b460 JavaThread "Monitor Deflation Thread" daemon [_thread_blocked, id=6876, stack(0x00000048f3100000,0x00000048f3200000)]
=>0x000001b2cbfa5720 JavaThread "C2 CompilerThread0" daemon [_thread_in_native, id=5844, stack(0x00000048f3200000,0x00000048f3300000)]
  0x000001b2cbfa77d0 JavaThread "C1 CompilerThread0" daemon [_thread_blocked, id=5236, stack(0x00000048f3300000,0x00000048f3400000)]
  0x000001b2cc98c6a0 JavaThread "Sweeper thread" daemon [_thread_blocked, id=7868, stack(0x00000048f3400000,0x00000048f3500000)]
  0x000001b2cca8a540 JavaThread "Common-Cleaner" daemon [_thread_blocked, id=6124, stack(0x00000048f3500000,0x00000048f3600000)]
  0x000001b2cca90a30 JavaThread "Notification Thread" daemon [_thread_blocked, id=2016, stack(0x00000048f3600000,0x00000048f3700000)]
  0x000001b2cf09a000 JavaThread "Daemon health stats" [_thread_blocked, id=6300, stack(0x00000048f3900000,0x00000048f3a00000)]
  0x000001b2ce14e520 JavaThread "Incoming local TCP Connector on port 50981" [_thread_in_native, id=6540, stack(0x00000048f3a00000,0x00000048f3b00000)]
  0x000001b2cd5f7b90 JavaThread "Daemon periodic checks" [_thread_blocked, id=9556, stack(0x00000048f3b00000,0x00000048f3c00000)]
  0x000001b2cd913d30 JavaThread "Daemon" [_thread_blocked, id=9632, stack(0x00000048f3c00000,0x00000048f3d00000)]
  0x000001b2cceac780 JavaThread "Handler for socket connection from /127.0.0.1:50981 to /127.0.0.1:50984" [_thread_in_native, id=4052, stack(0x00000048f3d00000,0x00000048f3e00000)]
  0x000001b2ccecc860 JavaThread "Cancel handler" [_thread_blocked, id=2804, stack(0x00000048f3e00000,0x00000048f3f00000)]
  0x000001b2ccdf3400 JavaThread "Daemon worker" [_thread_blocked, id=7152, stack(0x00000048f3f00000,0x00000048f4000000)]
  0x000001b2ce2487e0 JavaThread "Asynchronous log dispatcher for DefaultDaemonConnection: socket connection from /127.0.0.1:50981 to /127.0.0.1:50984" [_thread_blocked, id=7924, stack(0x00000048f4000000,0x00000048f4100000)]
  0x000001b2ce2474a0 JavaThread "Daemon client event forwarder" [_thread_blocked, id=8220, stack(0x00000048f4200000,0x00000048f4300000)]
  0x000001b2ce249180 JavaThread "Cache worker for journal cache (C:\Users\Dmitry\.gradle\caches\journal-1)" [_thread_blocked, id=8652, stack(0x00000048f4300000,0x00000048f4400000)]
  0x000001b2ce249650 JavaThread "File lock request listener" [_thread_in_native, id=1924, stack(0x00000048f4400000,0x00000048f4500000)]
  0x000001b2ce249b20 JavaThread "Cache worker for file hash cache (C:\Users\Dmitry\.gradle\caches\8.0\fileHashes)" [_thread_blocked, id=4976, stack(0x00000048f4500000,0x00000048f4600000)]
  0x000001b2ce249ff0 JavaThread "File watcher server" daemon [_thread_in_native, id=5248, stack(0x00000048f4600000,0x00000048f4700000)]
  0x000001b2ce247e40 JavaThread "File watcher consumer" daemon [_thread_blocked, id=6456, stack(0x00000048f4700000,0x00000048f4800000)]
  0x000001b2ce246fd0 JavaThread "Cache worker for checksums cache (C:\Disk D\BusinessTripsApp\.gradle\8.0\checksums)" [_thread_blocked, id=5104, stack(0x00000048f4800000,0x00000048f4900000)]
  0x000001b2ce24a4c0 JavaThread "Cache worker for cache directory md-rule (C:\Users\Dmitry\.gradle\caches\8.0\md-rule)" [_thread_blocked, id=7380, stack(0x00000048f4900000,0x00000048f4a00000)]
  0x000001b2cf8a00a0 JavaThread "Cache worker for file content cache (C:\Users\Dmitry\.gradle\caches\8.0\fileContent)" [_thread_blocked, id=5040, stack(0x00000048f4a00000,0x00000048f4b00000)]
  0x000001b2cf8a13e0 JavaThread "Cache worker for file hash cache (C:\Disk D\BusinessTripsApp\.gradle\8.0\fileHashes)" [_thread_blocked, id=1204, stack(0x00000048f4b00000,0x00000048f4c00000)]
  0x000001b2cf8a0570 JavaThread "Cache worker for cache directory md-supplier (C:\Users\Dmitry\.gradle\caches\8.0\md-supplier)" [_thread_blocked, id=10196, stack(0x00000048f4c00000,0x00000048f4d00000)]
  0x000001b2cf89a530 JavaThread "Cache worker for execution history cache (C:\Users\Dmitry\.gradle\caches\8.0\executionHistory)" [_thread_blocked, id=8996, stack(0x00000048f4d00000,0x00000048f4e00000)]
  0x000001b2cf89b870 JavaThread "jar transforms" [_thread_blocked, id=500, stack(0x00000048f4e00000,0x00000048f4f00000)]
  0x000001b2cf89a060 JavaThread "jar transforms Thread 2" [_thread_blocked, id=8968, stack(0x00000048f4f00000,0x00000048f5000000)]
  0x000001b2cf89d080 JavaThread "Cache worker for dependencies-accessors (C:\Disk D\BusinessTripsApp\.gradle\8.0\dependencies-accessors)" [_thread_blocked, id=7912, stack(0x00000048f5000000,0x00000048f5100000)]
  0x000001b2cf89fbd0 JavaThread "Cache worker for Build Output Cleanup Cache (C:\Disk D\BusinessTripsApp\.gradle\buildOutputCleanup)" [_thread_blocked, id=6852, stack(0x00000048f5300000,0x00000048f5400000)]
  0x000001b2cf89b3a0 JavaThread "Unconstrained build operations" [_thread_blocked, id=5440, stack(0x00000048f5400000,0x00000048f5500000)]
  0x000001b2cf89cbb0 JavaThread "Unconstrained build operations Thread 2" [_thread_blocked, id=10000, stack(0x00000048f5500000,0x00000048f5600000)]
  0x000001b2cf89bd40 JavaThread "Unconstrained build operations Thread 3" [_thread_blocked, id=9628, stack(0x00000048f5600000,0x00000048f5700000)]
  0x000001b2cf89e3c0 JavaThread "Unconstrained build operations Thread 4" [_thread_blocked, id=7128, stack(0x00000048f5700000,0x00000048f5800000)]
  0x000001b2cf89f230 JavaThread "Unconstrained build operations Thread 5" [_thread_blocked, id=4304, stack(0x00000048f5800000,0x00000048f5900000)]
  0x000001b2cf89e890 JavaThread "Unconstrained build operations Thread 6" [_thread_blocked, id=9904, stack(0x00000048f5900000,0x00000048f5a00000)]
  0x000001b2cf89c210 JavaThread "Unconstrained build operations Thread 7" [_thread_blocked, id=4724, stack(0x00000048f5a00000,0x00000048f5b00000)]
  0x000001b2cf89d550 JavaThread "Unconstrained build operations Thread 8" [_thread_blocked, id=1476, stack(0x00000048f5b00000,0x00000048f5c00000)]
  0x000001b2cf89ed60 JavaThread "Unconstrained build operations Thread 9" [_thread_blocked, id=1972, stack(0x00000048f5c00000,0x00000048f5d00000)]
  0x000001b2cf3b4500 JavaThread "Unconstrained build operations Thread 10" [_thread_blocked, id=6404, stack(0x00000048f5d00000,0x00000048f5e00000)]
  0x000001b2cf3b7ec0 JavaThread "Unconstrained build operations Thread 11" [_thread_blocked, id=1792, stack(0x00000048f5e00000,0x00000048f5f00000)]
  0x000001b2cf3b2820 JavaThread "Unconstrained build operations Thread 12" [_thread_blocked, id=9892, stack(0x00000048f5f00000,0x00000048f6000000)]
  0x000001b2cf3b5370 JavaThread "Unconstrained build operations Thread 13" [_thread_blocked, id=6900, stack(0x00000048f6000000,0x00000048f6100000)]
  0x000001b2cf3b1e80 JavaThread "Unconstrained build operations Thread 14" [_thread_blocked, id=3128, stack(0x00000048f6100000,0x00000048f6200000)]
  0x000001b2cf3b5d10 JavaThread "Unconstrained build operations Thread 15" [_thread_blocked, id=7228, stack(0x00000048f6200000,0x00000048f6300000)]
  0x000001b2cf3b8390 JavaThread "Unconstrained build operations Thread 16" [_thread_blocked, id=1968, stack(0x00000048f6300000,0x00000048f6400000)]
  0x000001b2cf3b2350 JavaThread "Unconstrained build operations Thread 17" [_thread_blocked, id=7984, stack(0x00000048f6400000,0x00000048f6500000)]
  0x000001b2cf3b2cf0 JavaThread "Unconstrained build operations Thread 18" [_thread_blocked, id=9684, stack(0x00000048f6500000,0x00000048f6600000)]
  0x000001b2cf3b31c0 JavaThread "Unconstrained build operations Thread 19" [_thread_blocked, id=7988, stack(0x00000048f6600000,0x00000048f6700000)]
  0x000001b2cf3b66b0 JavaThread "Unconstrained build operations Thread 20" [_thread_blocked, id=7284, stack(0x00000048f6700000,0x00000048f6800000)]
  0x000001b2cf3b4ea0 JavaThread "build event listener" [_thread_blocked, id=7248, stack(0x00000048f6800000,0x00000048f6900000)]
  0x000001b2cf3b3b60 JavaThread "Memory manager" [_thread_blocked, id=1416, stack(0x00000048f2300000,0x00000048f2400000)]
  0x000001b2cf3b79f0 JavaThread "included builds" [_thread_in_vm, id=8316, stack(0x00000048f2400000,0x00000048f2500000)]
  0x000001b2cf3b14e0 JavaThread "Execution worker" [_thread_blocked, id=2204, stack(0x00000048f4100000,0x00000048f4200000)]
  0x000001b2cf3b61e0 JavaThread "Cache worker for execution history cache (C:\Disk D\BusinessTripsApp\.gradle\8.0\executionHistory)" [_thread_blocked, id=10088, stack(0x00000048f6900000,0x00000048f6a00000)]
  0x000001b2cfdaf0d0 JavaThread "WorkerExecutor Queue" [_thread_in_native, id=7532, stack(0x00000048f5100000,0x00000048f5200000)]

Other Threads:
  0x000001b2cbf3c810 VMThread "VM Thread" [stack: 0x00000048f2b00000,0x00000048f2c00000] [id=9884]
  0x000001b2cca90f00 WatcherThread [stack: 0x00000048f3700000,0x00000048f3800000] [id=7100]
  0x000001b2b0eb7400 GCTaskThread "GC Thread#0" [stack: 0x00000048f2600000,0x00000048f2700000] [id=8740]
  0x000001b2ccb47020 GCTaskThread "GC Thread#1" [stack: 0x00000048f3800000,0x00000048f3900000] [id=8848]
  0x000001b2b0ec8250 ConcurrentGCThread "G1 Main Marker" [stack: 0x00000048f2700000,0x00000048f2800000] [id=3704]
  0x000001b2b0ec8b70 ConcurrentGCThread "G1 Conc#0" [stack: 0x00000048f2800000,0x00000048f2900000] [id=8432]
  0x000001b2b0f20e60 ConcurrentGCThread "G1 Refine#0" [stack: 0x00000048f2900000,0x00000048f2a00000] [id=6080]
  0x000001b2b0f23bb0 ConcurrentGCThread "G1 Service" [stack: 0x00000048f2a00000,0x00000048f2b00000] [id=3868]

Threads with active compile tasks:
C2 CompilerThread0   142423 12239       4       jdk.internal.org.objectweb.asm.MethodWriter::computeAllFrames (510 bytes)

VM state: not at safepoint (normal execution)

VM Mutex/Monitor currently owned by a thread: None

Heap address: 0x0000000080000000, size: 2048 MB, Compressed Oops mode: 32-bit

CDS archive(s) not mapped
Compressed class space mapped at: 0x0000000100000000-0x0000000140000000, reserved size: 1073741824
Narrow klass base: 0x0000000000000000, Narrow klass shift: 3, Narrow klass range: 0x140000000

GC Precious Log:
 CPUs: 2 total, 2 available
 Memory: 7055M
 Large Page Support: Disabled
 NUMA Support: Disabled
 Compressed Oops: Enabled (32-bit)
 Heap Region Size: 1M
 Heap Min Capacity: 8M
 Heap Initial Capacity: 112M
 Heap Max Capacity: 2G
 Pre-touch: Disabled
 Parallel Workers: 2
 Concurrent Workers: 1
 Concurrent Refinement Workers: 2
 Periodic GC: Disabled

Heap:
 garbage-first heap   total 162816K, used 105872K [0x0000000080000000, 0x0000000100000000)
  region size 1024K, 11 young (11264K), 1 survivors (1024K)
 Metaspace       used 98393K, committed 99072K, reserved 1138688K
  class space    used 13269K, committed 13568K, reserved 1048576K

Heap Regions: E=young(eden), S=young(survivor), O=old, HS=humongous(starts), HC=humongous(continues), CS=collection set, F=free, OA=open archive, CA=closed archive, TAMS=top-at-mark-start (previous, next)
|   0|0x0000000080000000, 0x0000000080100000, 0x0000000080100000|100%| O|  |TAMS 0x0000000080100000, 0x0000000080000000| Untracked 
|   1|0x0000000080100000, 0x0000000080200000, 0x0000000080200000|100%| O|  |TAMS 0x0000000080200000, 0x0000000080100000| Untracked 
|   2|0x0000000080200000, 0x0000000080300000, 0x0000000080300000|100%| O|  |TAMS 0x0000000080300000, 0x0000000080200000| Untracked 
|   3|0x0000000080300000, 0x0000000080400000, 0x0000000080400000|100%|HS|  |TAMS 0x0000000080400000, 0x0000000080300000| Complete 
|   4|0x0000000080400000, 0x0000000080500000, 0x0000000080500000|100%|HC|  |TAMS 0x0000000080500000, 0x0000000080400000| Complete 
|   5|0x0000000080500000, 0x0000000080600000, 0x0000000080600000|100%|HC|  |TAMS 0x0000000080600000, 0x0000000080500000| Complete 
|   6|0x0000000080600000, 0x0000000080700000, 0x0000000080700000|100%|HC|  |TAMS 0x0000000080700000, 0x0000000080600000| Complete 
|   7|0x0000000080700000, 0x0000000080800000, 0x0000000080800000|100%| O|  |TAMS 0x0000000080800000, 0x0000000080700000| Untracked 
|   8|0x0000000080800000, 0x0000000080900000, 0x0000000080900000|100%| O|  |TAMS 0x0000000080900000, 0x0000000080800000| Untracked 
|   9|0x0000000080900000, 0x00000000809edc00, 0x0000000080a00000| 92%| O|  |TAMS 0x00000000809edc00, 0x0000000080900000| Untracked 
|  10|0x0000000080a00000, 0x0000000080b00000, 0x0000000080b00000|100%| O|  |TAMS 0x0000000080b00000, 0x0000000080a00000| Untracked 
|  11|0x0000000080b00000, 0x0000000080c00000, 0x0000000080c00000|100%| O|  |TAMS 0x0000000080c00000, 0x0000000080b00000| Untracked 
|  12|0x0000000080c00000, 0x0000000080d00000, 0x0000000080d00000|100%| O|  |TAMS 0x0000000080d00000, 0x0000000080c00000| Untracked 
|  13|0x0000000080d00000, 0x0000000080e00000, 0x0000000080e00000|100%| O|  |TAMS 0x0000000080e00000, 0x0000000080d00000| Untracked 
|  14|0x0000000080e00000, 0x0000000080f00000, 0x0000000080f00000|100%| O|  |TAMS 0x0000000080f00000, 0x0000000080e00000| Untracked 
|  15|0x0000000080f00000, 0x0000000081000000, 0x0000000081000000|100%| O|  |TAMS 0x0000000081000000, 0x0000000080f00000| Untracked 
|  16|0x0000000081000000, 0x0000000081100000, 0x0000000081100000|100%| O|  |TAMS 0x0000000081100000, 0x0000000081000000| Untracked 
|  17|0x0000000081100000, 0x0000000081200000, 0x0000000081200000|100%| O|  |TAMS 0x0000000081200000, 0x0000000081100000| Untracked 
|  18|0x0000000081200000, 0x0000000081300000, 0x0000000081300000|100%| O|  |TAMS 0x0000000081300000, 0x0000000081200000| Untracked 
|  19|0x0000000081300000, 0x0000000081400000, 0x0000000081400000|100%| O|  |TAMS 0x0000000081400000, 0x0000000081300000| Untracked 
|  20|0x0000000081400000, 0x0000000081500000, 0x0000000081500000|100%| O|  |TAMS 0x0000000081500000, 0x0000000081400000| Untracked 
|  21|0x0000000081500000, 0x0000000081600000, 0x0000000081600000|100%| O|  |TAMS 0x0000000081600000, 0x0000000081500000| Untracked 
|  22|0x0000000081600000, 0x0000000081700000, 0x0000000081700000|100%| O|  |TAMS 0x0000000081700000, 0x0000000081600000| Untracked 
|  23|0x0000000081700000, 0x0000000081800000, 0x0000000081800000|100%| O|  |TAMS 0x0000000081800000, 0x0000000081700000| Untracked 
|  24|0x0000000081800000, 0x0000000081900000, 0x0000000081900000|100%| O|  |TAMS 0x0000000081900000, 0x0000000081800000| Untracked 
|  25|0x0000000081900000, 0x0000000081a00000, 0x0000000081a00000|100%| O|  |TAMS 0x0000000081a00000, 0x0000000081900000| Untracked 
|  26|0x0000000081a00000, 0x0000000081b00000, 0x0000000081b00000|100%| O|  |TAMS 0x0000000081b00000, 0x0000000081a00000| Untracked 
|  27|0x0000000081b00000, 0x0000000081c00000, 0x0000000081c00000|100%| O|  |TAMS 0x0000000081c00000, 0x0000000081b00000| Untracked 
|  28|0x0000000081c00000, 0x0000000081d00000, 0x0000000081d00000|100%| O|  |TAMS 0x0000000081d00000, 0x0000000081c00000| Untracked 
|  29|0x0000000081d00000, 0x0000000081e00000, 0x0000000081e00000|100%| O|  |TAMS 0x0000000081e00000, 0x0000000081d00000| Untracked 
|  30|0x0000000081e00000, 0x0000000081f00000, 0x0000000081f00000|100%| O|  |TAMS 0x0000000081f00000, 0x0000000081e00000| Untracked 
|  31|0x0000000081f00000, 0x0000000082000000, 0x0000000082000000|100%| O|  |TAMS 0x0000000082000000, 0x0000000081f00000| Untracked 
|  32|0x0000000082000000, 0x0000000082100000, 0x0000000082100000|100%| O|  |TAMS 0x0000000082100000, 0x0000000082000000| Untracked 
|  33|0x0000000082100000, 0x0000000082200000, 0x0000000082200000|100%| O|  |TAMS 0x0000000082200000, 0x0000000082100000| Untracked 
|  34|0x0000000082200000, 0x0000000082300000, 0x0000000082300000|100%| O|  |TAMS 0x0000000082300000, 0x0000000082200000| Untracked 
|  35|0x0000000082300000, 0x0000000082400000, 0x0000000082400000|100%|HS|  |TAMS 0x0000000082400000, 0x0000000082300000| Complete 
|  36|0x0000000082400000, 0x0000000082500000, 0x0000000082500000|100%|HS|  |TAMS 0x0000000082500000, 0x0000000082400000| Complete 
|  37|0x0000000082500000, 0x0000000082600000, 0x0000000082600000|100%|HC|  |TAMS 0x0000000082600000, 0x0000000082500000| Complete 
|  38|0x0000000082600000, 0x0000000082700000, 0x0000000082700000|100%|HS|  |TAMS 0x0000000082700000, 0x0000000082600000| Complete 
|  39|0x0000000082700000, 0x0000000082800000, 0x0000000082800000|100%| O|  |TAMS 0x0000000082800000, 0x0000000082700000| Untracked 
|  40|0x0000000082800000, 0x0000000082900000, 0x0000000082900000|100%| O|  |TAMS 0x0000000082900000, 0x0000000082800000| Untracked 
|  41|0x0000000082900000, 0x0000000082a00000, 0x0000000082a00000|100%|HS|  |TAMS 0x0000000082a00000, 0x0000000082900000| Complete 
|  42|0x0000000082a00000, 0x0000000082b00000, 0x0000000082b00000|100%|HC|  |TAMS 0x0000000082b00000, 0x0000000082a00000| Complete 
|  43|0x0000000082b00000, 0x0000000082c00000, 0x0000000082c00000|100%|HC|  |TAMS 0x0000000082c00000, 0x0000000082b00000| Complete 
|  44|0x0000000082c00000, 0x0000000082d00000, 0x0000000082d00000|100%|HC|  |TAMS 0x0000000082d00000, 0x0000000082c00000| Complete 
|  45|0x0000000082d00000, 0x0000000082e00000, 0x0000000082e00000|100%| O|  |TAMS 0x0000000082e00000, 0x0000000082d00000| Untracked 
|  46|0x0000000082e00000, 0x0000000082f00000, 0x0000000082f00000|100%| O|  |TAMS 0x0000000082f00000, 0x0000000082e00000| Untracked 
|  47|0x0000000082f00000, 0x0000000083000000, 0x0000000083000000|100%| O|  |TAMS 0x0000000083000000, 0x0000000082f00000| Untracked 
|  48|0x0000000083000000, 0x0000000083100000, 0x0000000083100000|100%| O|  |TAMS 0x0000000083100000, 0x0000000083000000| Untracked 
|  49|0x0000000083100000, 0x0000000083200000, 0x0000000083200000|100%| O|  |TAMS 0x0000000083200000, 0x0000000083100000| Untracked 
|  50|0x0000000083200000, 0x0000000083300000, 0x0000000083300000|100%| O|  |TAMS 0x0000000083300000, 0x0000000083200000| Untracked 
|  51|0x0000000083300000, 0x0000000083400000, 0x0000000083400000|100%| O|  |TAMS 0x0000000083400000, 0x0000000083300000| Untracked 
|  52|0x0000000083400000, 0x0000000083500000, 0x0000000083500000|100%| O|  |TAMS 0x0000000083500000, 0x0000000083400000| Untracked 
|  53|0x0000000083500000, 0x0000000083600000, 0x0000000083600000|100%| O|  |TAMS 0x0000000083600000, 0x0000000083500000| Untracked 
|  54|0x0000000083600000, 0x0000000083700000, 0x0000000083700000|100%| O|  |TAMS 0x0000000083700000, 0x0000000083600000| Untracked 
|  55|0x0000000083700000, 0x0000000083800000, 0x0000000083800000|100%| O|  |TAMS 0x0000000083800000, 0x0000000083700000| Untracked 
|  56|0x0000000083800000, 0x0000000083900000, 0x0000000083900000|100%| O|  |TAMS 0x0000000083900000, 0x0000000083800000| Untracked 
|  57|0x0000000083900000, 0x0000000083a00000, 0x0000000083a00000|100%| O|  |TAMS 0x0000000083a00000, 0x0000000083900000| Untracked 
|  58|0x0000000083a00000, 0x0000000083b00000, 0x0000000083b00000|100%| O|  |TAMS 0x0000000083b00000, 0x0000000083a00000| Untracked 
|  59|0x0000000083b00000, 0x0000000083c00000, 0x0000000083c00000|100%| O|  |TAMS 0x0000000083c00000, 0x0000000083b00000| Untracked 
|  60|0x0000000083c00000, 0x0000000083d00000, 0x0000000083d00000|100%| O|  |TAMS 0x0000000083d00000, 0x0000000083c00000| Untracked 
|  61|0x0000000083d00000, 0x0000000083e00000, 0x0000000083e00000|100%| O|  |TAMS 0x0000000083e00000, 0x0000000083d00000| Untracked 
|  62|0x0000000083e00000, 0x0000000083f00000, 0x0000000083f00000|100%| O|  |TAMS 0x0000000083f00000, 0x0000000083e00000| Untracked 
|  63|0x0000000083f00000, 0x0000000084000000, 0x0000000084000000|100%| O|  |TAMS 0x0000000084000000, 0x0000000083f00000| Untracked 
|  64|0x0000000084000000, 0x0000000084100000, 0x0000000084100000|100%| O|  |TAMS 0x0000000084100000, 0x0000000084000000| Untracked 
|  65|0x0000000084100000, 0x0000000084200000, 0x0000000084200000|100%| O|  |TAMS 0x0000000084200000, 0x0000000084100000| Untracked 
|  66|0x0000000084200000, 0x0000000084300000, 0x0000000084300000|100%| O|  |TAMS 0x0000000084300000, 0x0000000084200000| Untracked 
|  67|0x0000000084300000, 0x0000000084400000, 0x0000000084400000|100%| O|  |TAMS 0x0000000084400000, 0x0000000084300000| Untracked 
|  68|0x0000000084400000, 0x0000000084500000, 0x0000000084500000|100%| O|  |TAMS 0x0000000084500000, 0x0000000084400000| Untracked 
|  69|0x0000000084500000, 0x0000000084600000, 0x0000000084600000|100%| O|  |TAMS 0x0000000084600000, 0x0000000084500000| Untracked 
|  70|0x0000000084600000, 0x0000000084700000, 0x0000000084700000|100%| O|  |TAMS 0x0000000084700000, 0x0000000084600000| Untracked 
|  71|0x0000000084700000, 0x0000000084800000, 0x0000000084800000|100%| O|  |TAMS 0x0000000084800000, 0x0000000084700000| Untracked 
|  72|0x0000000084800000, 0x0000000084900000, 0x0000000084900000|100%| O|  |TAMS 0x0000000084900000, 0x0000000084800000| Untracked 
|  73|0x0000000084900000, 0x0000000084a00000, 0x0000000084a00000|100%| O|  |TAMS 0x0000000084a00000, 0x0000000084900000| Untracked 
|  74|0x0000000084a00000, 0x0000000084b00000, 0x0000000084b00000|100%| O|  |TAMS 0x0000000084b00000, 0x0000000084a00000| Untracked 
|  75|0x0000000084b00000, 0x0000000084c00000, 0x0000000084c00000|100%| O|  |TAMS 0x0000000084c00000, 0x0000000084b00000| Untracked 
|  76|0x0000000084c00000, 0x0000000084d00000, 0x0000000084d00000|100%| O|  |TAMS 0x0000000084d00000, 0x0000000084c00000| Untracked 
|  77|0x0000000084d00000, 0x0000000084e00000, 0x0000000084e00000|100%| O|  |TAMS 0x0000000084d00000, 0x0000000084d00000| Untracked 
|  78|0x0000000084e00000, 0x0000000084f00000, 0x0000000084f00000|100%| O|  |TAMS 0x0000000084f00000, 0x0000000084e00000| Untracked 
|  79|0x0000000084f00000, 0x0000000085000000, 0x0000000085000000|100%| O|  |TAMS 0x0000000085000000, 0x0000000084f00000| Untracked 
|  80|0x0000000085000000, 0x0000000085100000, 0x0000000085100000|100%| O|  |TAMS 0x0000000085100000, 0x0000000085000000| Untracked 
|  81|0x0000000085100000, 0x0000000085200000, 0x0000000085200000|100%| O|  |TAMS 0x0000000085200000, 0x0000000085100000| Untracked 
|  82|0x0000000085200000, 0x0000000085300000, 0x0000000085300000|100%| O|  |TAMS 0x0000000085300000, 0x0000000085200000| Untracked 
|  83|0x0000000085300000, 0x0000000085400000, 0x0000000085400000|100%| O|  |TAMS 0x0000000085400000, 0x0000000085300000| Untracked 
|  84|0x0000000085400000, 0x0000000085500000, 0x0000000085500000|100%| O|  |TAMS 0x0000000085500000, 0x0000000085400000| Untracked 
|  85|0x0000000085500000, 0x0000000085600000, 0x0000000085600000|100%| O|  |TAMS 0x0000000085600000, 0x0000000085500000| Untracked 
|  86|0x0000000085600000, 0x0000000085700000, 0x0000000085700000|100%| O|  |TAMS 0x0000000085700000, 0x0000000085600000| Untracked 
|  87|0x0000000085700000, 0x0000000085700000, 0x0000000085800000|  0%| F|  |TAMS 0x0000000085700000, 0x0000000085700000| Untracked 
|  88|0x0000000085800000, 0x0000000085900000, 0x0000000085900000|100%| O|  |TAMS 0x0000000085900000, 0x0000000085800000| Untracked 
|  89|0x0000000085900000, 0x0000000085a00000, 0x0000000085a00000|100%| O|  |TAMS 0x0000000085a00000, 0x0000000085900000| Untracked 
|  90|0x0000000085a00000, 0x0000000085b00000, 0x0000000085b00000|100%| O|  |TAMS 0x0000000085b00000, 0x0000000085a00000| Untracked 
|  91|0x0000000085b00000, 0x0000000085c00000, 0x0000000085c00000|100%| O|  |TAMS 0x0000000085b52000, 0x0000000085b00000| Untracked 
|  92|0x0000000085c00000, 0x0000000085d00000, 0x0000000085d00000|100%| O|  |TAMS 0x0000000085c00000, 0x0000000085c00000| Untracked 
|  93|0x0000000085d00000, 0x0000000085e00000, 0x0000000085e00000|100%| O|  |TAMS 0x0000000085d00000, 0x0000000085d00000| Untracked 
|  94|0x0000000085e00000, 0x0000000085e7b200, 0x0000000085f00000| 48%| O|  |TAMS 0x0000000085e00000, 0x0000000085e00000| Untracked 
|  95|0x0000000085f00000, 0x0000000085f00000, 0x0000000086000000|  0%| F|  |TAMS 0x0000000085f00000, 0x0000000085f00000| Untracked 
|  96|0x0000000086000000, 0x0000000086000000, 0x0000000086100000|  0%| F|  |TAMS 0x0000000086000000, 0x0000000086000000| Untracked 
|  97|0x0000000086100000, 0x0000000086100000, 0x0000000086200000|  0%| F|  |TAMS 0x0000000086100000, 0x0000000086100000| Untracked 
|  98|0x0000000086200000, 0x0000000086200000, 0x0000000086300000|  0%| F|  |TAMS 0x0000000086200000, 0x0000000086200000| Untracked 
|  99|0x0000000086300000, 0x0000000086300000, 0x0000000086400000|  0%| F|  |TAMS 0x0000000086300000, 0x0000000086300000| Untracked 
| 100|0x0000000086400000, 0x0000000086400000, 0x0000000086500000|  0%| F|  |TAMS 0x0000000086400000, 0x0000000086400000| Untracked 
| 101|0x0000000086500000, 0x0000000086500000, 0x0000000086600000|  0%| F|  |TAMS 0x0000000086500000, 0x0000000086500000| Untracked 
| 102|0x0000000086600000, 0x0000000086600000, 0x0000000086700000|  0%| F|  |TAMS 0x0000000086600000, 0x0000000086600000| Untracked 
| 103|0x0000000086700000, 0x0000000086700000, 0x0000000086800000|  0%| F|  |TAMS 0x0000000086700000, 0x0000000086700000| Untracked 
| 104|0x0000000086800000, 0x0000000086800000, 0x0000000086900000|  0%| F|  |TAMS 0x0000000086800000, 0x0000000086800000| Untracked 
| 105|0x0000000086900000, 0x0000000086900000, 0x0000000086a00000|  0%| F|  |TAMS 0x0000000086900000, 0x0000000086900000| Untracked 
| 106|0x0000000086a00000, 0x0000000086a00000, 0x0000000086b00000|  0%| F|  |TAMS 0x0000000086a00000, 0x0000000086a00000| Untracked 
| 107|0x0000000086b00000, 0x0000000086b00000, 0x0000000086c00000|  0%| F|  |TAMS 0x0000000086b00000, 0x0000000086b00000| Untracked 
| 108|0x0000000086c00000, 0x0000000086c00000, 0x0000000086d00000|  0%| F|  |TAMS 0x0000000086c00000, 0x0000000086c00000| Untracked 
| 109|0x0000000086d00000, 0x0000000086d00000, 0x0000000086e00000|  0%| F|  |TAMS 0x0000000086d00000, 0x0000000086d00000| Untracked 
| 110|0x0000000086e00000, 0x0000000086e00000, 0x0000000086f00000|  0%| F|  |TAMS 0x0000000086e00000, 0x0000000086e00000| Untracked 
| 111|0x0000000086f00000, 0x0000000086f00000, 0x0000000087000000|  0%| F|  |TAMS 0x0000000086f00000, 0x0000000086f00000| Untracked 
| 112|0x0000000087000000, 0x0000000087000000, 0x0000000087100000|  0%| F|  |TAMS 0x0000000087000000, 0x0000000087000000| Untracked 
| 113|0x0000000087100000, 0x0000000087100000, 0x0000000087200000|  0%| F|  |TAMS 0x0000000087100000, 0x0000000087100000| Untracked 
| 114|0x0000000087200000, 0x0000000087200000, 0x0000000087300000|  0%| F|  |TAMS 0x0000000087200000, 0x0000000087200000| Untracked 
| 115|0x0000000087300000, 0x0000000087300000, 0x0000000087400000|  0%| F|  |TAMS 0x0000000087300000, 0x0000000087300000| Untracked 
| 116|0x0000000087400000, 0x0000000087400000, 0x0000000087500000|  0%| F|  |TAMS 0x0000000087400000, 0x0000000087400000| Untracked 
| 117|0x0000000087500000, 0x0000000087500000, 0x0000000087600000|  0%| F|  |TAMS 0x0000000087500000, 0x0000000087500000| Untracked 
| 118|0x0000000087600000, 0x0000000087600000, 0x0000000087700000|  0%| F|  |TAMS 0x0000000087600000, 0x0000000087600000| Untracked 
| 119|0x0000000087700000, 0x0000000087700000, 0x0000000087800000|  0%| F|  |TAMS 0x0000000087700000, 0x0000000087700000| Untracked 
| 120|0x0000000087800000, 0x0000000087800000, 0x0000000087900000|  0%| F|  |TAMS 0x0000000087800000, 0x0000000087800000| Untracked 
| 121|0x0000000087900000, 0x0000000087900000, 0x0000000087a00000|  0%| F|  |TAMS 0x0000000087900000, 0x0000000087900000| Untracked 
| 122|0x0000000087a00000, 0x0000000087a00000, 0x0000000087b00000|  0%| F|  |TAMS 0x0000000087a00000, 0x0000000087a00000| Untracked 
| 123|0x0000000087b00000, 0x0000000087b00000, 0x0000000087c00000|  0%| F|  |TAMS 0x0000000087b00000, 0x0000000087b00000| Untracked 
| 124|0x0000000087c00000, 0x0000000087c00000, 0x0000000087d00000|  0%| F|  |TAMS 0x0000000087c00000, 0x0000000087c00000| Untracked 
| 125|0x0000000087d00000, 0x0000000087d00000, 0x0000000087e00000|  0%| F|  |TAMS 0x0000000087d00000, 0x0000000087d00000| Untracked 
| 126|0x0000000087e00000, 0x0000000087e00000, 0x0000000087f00000|  0%| F|  |TAMS 0x0000000087e00000, 0x0000000087e00000| Untracked 
| 127|0x0000000087f00000, 0x0000000087f00000, 0x0000000088000000|  0%| F|  |TAMS 0x0000000087f00000, 0x0000000087f00000| Untracked 
| 128|0x0000000088000000, 0x0000000088000000, 0x0000000088100000|  0%| F|  |TAMS 0x0000000088000000, 0x0000000088000000| Untracked 
| 129|0x0000000088100000, 0x0000000088100000, 0x0000000088200000|  0%| F|  |TAMS 0x0000000088100000, 0x0000000088100000| Untracked 
| 130|0x0000000088200000, 0x0000000088200000, 0x0000000088300000|  0%| F|  |TAMS 0x0000000088200000, 0x0000000088200000| Untracked 
| 131|0x0000000088300000, 0x0000000088300000, 0x0000000088400000|  0%| F|  |TAMS 0x0000000088300000, 0x0000000088300000| Untracked 
| 132|0x0000000088400000, 0x0000000088400000, 0x0000000088500000|  0%| F|  |TAMS 0x0000000088400000, 0x0000000088400000| Untracked 
| 133|0x0000000088500000, 0x0000000088500000, 0x0000000088600000|  0%| F|  |TAMS 0x0000000088500000, 0x0000000088500000| Untracked 
| 134|0x0000000088600000, 0x0000000088600000, 0x0000000088700000|  0%| F|  |TAMS 0x0000000088600000, 0x0000000088600000| Untracked 
| 135|0x0000000088700000, 0x0000000088700000, 0x0000000088800000|  0%| F|  |TAMS 0x0000000088700000, 0x0000000088700000| Untracked 
| 136|0x0000000088800000, 0x0000000088800000, 0x0000000088900000|  0%| F|  |TAMS 0x0000000088800000, 0x0000000088800000| Untracked 
| 137|0x0000000088900000, 0x0000000088900000, 0x0000000088a00000|  0%| F|  |TAMS 0x0000000088900000, 0x0000000088900000| Untracked 
| 138|0x0000000088a00000, 0x0000000088a00000, 0x0000000088b00000|  0%| F|  |TAMS 0x0000000088a00000, 0x0000000088a00000| Untracked 
| 139|0x0000000088b00000, 0x0000000088b00000, 0x0000000088c00000|  0%| F|  |TAMS 0x0000000088b00000, 0x0000000088b00000| Untracked 
| 140|0x0000000088c00000, 0x0000000088c00000, 0x0000000088d00000|  0%| F|  |TAMS 0x0000000088c00000, 0x0000000088c00000| Untracked 
| 141|0x0000000088d00000, 0x0000000088d00000, 0x0000000088e00000|  0%| F|  |TAMS 0x0000000088d00000, 0x0000000088d00000| Untracked 
| 142|0x0000000088e00000, 0x0000000088e00000, 0x0000000088f00000|  0%| F|  |TAMS 0x0000000088e00000, 0x0000000088e00000| Untracked 
| 143|0x0000000088f00000, 0x0000000088f00000, 0x0000000089000000|  0%| F|  |TAMS 0x0000000088f00000, 0x0000000088f00000| Untracked 
| 144|0x0000000089000000, 0x0000000089000000, 0x0000000089100000|  0%| F|  |TAMS 0x0000000089000000, 0x0000000089000000| Untracked 
| 145|0x0000000089100000, 0x0000000089100000, 0x0000000089200000|  0%| F|  |TAMS 0x0000000089100000, 0x0000000089100000| Untracked 
| 146|0x0000000089200000, 0x0000000089200000, 0x0000000089300000|  0%| F|  |TAMS 0x0000000089200000, 0x0000000089200000| Untracked 
| 147|0x0000000089300000, 0x0000000089300000, 0x0000000089400000|  0%| F|  |TAMS 0x0000000089300000, 0x0000000089300000| Untracked 
| 148|0x0000000089400000, 0x0000000089402820, 0x0000000089500000|  0%| E|  |TAMS 0x0000000089400000, 0x0000000089400000| Complete 
| 149|0x0000000089500000, 0x0000000089600000, 0x0000000089600000|100%| E|CS|TAMS 0x0000000089500000, 0x0000000089500000| Complete 
| 150|0x0000000089600000, 0x0000000089700000, 0x0000000089700000|100%| E|CS|TAMS 0x0000000089600000, 0x0000000089600000| Complete 
| 151|0x0000000089700000, 0x0000000089800000, 0x0000000089800000|100%| E|CS|TAMS 0x0000000089700000, 0x0000000089700000| Complete 
| 152|0x0000000089800000, 0x0000000089900000, 0x0000000089900000|100%| E|CS|TAMS 0x0000000089800000, 0x0000000089800000| Complete 
| 153|0x0000000089900000, 0x0000000089a00000, 0x0000000089a00000|100%| E|CS|TAMS 0x0000000089900000, 0x0000000089900000| Complete 
| 154|0x0000000089a00000, 0x0000000089b00000, 0x0000000089b00000|100%| E|CS|TAMS 0x0000000089a00000, 0x0000000089a00000| Complete 
| 155|0x0000000089b00000, 0x0000000089bfb448, 0x0000000089c00000| 98%| S|CS|TAMS 0x0000000089b00000, 0x0000000089b00000| Complete 
| 156|0x0000000089c00000, 0x0000000089d00000, 0x0000000089d00000|100%| E|CS|TAMS 0x0000000089c00000, 0x0000000089c00000| Complete 
| 157|0x0000000089d00000, 0x0000000089e00000, 0x0000000089e00000|100%| E|CS|TAMS 0x0000000089d00000, 0x0000000089d00000| Complete 
| 158|0x0000000089e00000, 0x0000000089f00000, 0x0000000089f00000|100%| E|CS|TAMS 0x0000000089e00000, 0x0000000089e00000| Complete 

Card table byte_map: [0x000001b2c5330000,0x000001b2c5730000] _byte_map_base: 0x000001b2c4f30000

Marking Bits (Prev, Next): (CMBitMap*) 0x000001b2b0eb7960, (CMBitMap*) 0x000001b2b0eb7920
 Prev Bits: [0x000001b2c7b30000, 0x000001b2c9b30000)
 Next Bits: [0x000001b2c5b30000, 0x000001b2c7b30000)

Polling page: 0x000001b2b0d10000

Metaspace:

Usage:
  Non-class:     83.13 MB used.
      Class:     12.96 MB used.
       Both:     96.09 MB used.

Virtual space:
  Non-class space:       88.00 MB reserved,      83.50 MB ( 95%) committed,  11 nodes.
      Class space:        1.00 GB reserved,      13.25 MB (  1%) committed,  1 nodes.
             Both:        1.09 GB reserved,      96.75 MB (  9%) committed. 

Chunk freelists:
   Non-Class:  3.72 MB
       Class:  2.75 MB
        Both:  6.47 MB

MaxMetaspaceSize: unlimited
CompressedClassSpaceSize: 1.00 GB
Initial GC threshold: 21.00 MB
Current GC threshold: 152.31 MB
CDS: off
MetaspaceReclaimPolicy: balanced
 - commit_granule_bytes: 65536.
 - commit_granule_words: 8192.
 - virtual_space_node_default_size: 1048576.
 - enlarge_chunks_in_place: 1.
 - new_chunks_are_fully_committed: 0.
 - uncommit_free_chunks: 1.
 - use_allocation_guard: 0.
 - handle_deallocations: 1.


Internal statistics:

num_allocs_failed_limit: 6.
num_arena_births: 890.
num_arena_deaths: 0.
num_vsnodes_births: 12.
num_vsnodes_deaths: 0.
num_space_committed: 1548.
num_space_uncommitted: 0.
num_chunks_returned_to_freelist: 6.
num_chunks_taken_from_freelist: 4508.
num_chunk_merges: 6.
num_chunk_splits: 2992.
num_chunks_enlarged: 2027.
num_purges: 0.
num_inconsistent_stats: 0.

CodeHeap 'non-profiled nmethods': size=120064Kb used=6421Kb max_used=6421Kb free=113642Kb
 bounds [0x000001b2bd5f0000, 0x000001b2bdc40000, 0x000001b2c4b30000]
CodeHeap 'profiled nmethods': size=120000Kb used=21219Kb max_used=21219Kb free=98780Kb
 bounds [0x000001b2b5b30000, 0x000001b2b6ff0000, 0x000001b2bd060000]
CodeHeap 'non-nmethods': size=5696Kb used=2388Kb max_used=2414Kb free=3307Kb
 bounds [0x000001b2bd060000, 0x000001b2bd2d0000, 0x000001b2bd5f0000]
 total_blobs=11593 nmethods=10669 adapters=836
 compilation: enabled
              stopped_count=0, restarted_count=0
 full_count=0

Compilation events (20 events):
Event: 142.023 Thread 0x000001b2cbfa5720 12238       4       java.lang.invoke.LambdaForm::useCount (61 bytes)
Event: 142.023 Thread 0x000001b2cbfa77d0 nmethod 12237 0x000001b2b63bf810 code [0x000001b2b63bf9c0, 0x000001b2b63bfbd8]
Event: 142.033 Thread 0x000001b2cbfa5720 nmethod 12238 0x000001b2bdc33c10 code [0x000001b2bdc33da0, 0x000001b2bdc34018]
Event: 142.033 Thread 0x000001b2cbfa5720 12239       4       jdk.internal.org.objectweb.asm.MethodWriter::computeAllFrames (510 bytes)
Event: 142.283 Thread 0x000001b2cbfa77d0 12240       3       java.util.stream.FindOps$FindSink$OfRef::<init> (5 bytes)
Event: 142.283 Thread 0x000001b2cbfa77d0 nmethod 12240 0x000001b2b6864690 code [0x000001b2b6864840, 0x000001b2b68649f8]
Event: 142.283 Thread 0x000001b2cbfa77d0 12241       3       java.util.stream.FindOps$FindSink$OfRef::get (5 bytes)
Event: 142.284 Thread 0x000001b2cbfa77d0 nmethod 12241 0x000001b2b6fe0f10 code [0x000001b2b6fe1100, 0x000001b2b6fe1628]
Event: 142.284 Thread 0x000001b2cbfa77d0 12242       3       java.util.stream.FindOps$FindSink$OfRef$$Lambda$24/0x00000001000f7220::get (8 bytes)
Event: 142.285 Thread 0x000001b2cbfa77d0 nmethod 12242 0x000001b2b6fe1810 code [0x000001b2b6fe19c0, 0x000001b2b6fe1c38]
Event: 142.308 Thread 0x000001b2cbfa77d0 12243       3       org.gradle.execution.plan.ExecutionNodeAccessHierarchy$AbstractNodeAccessVisitor::<init> (5 bytes)
Event: 142.308 Thread 0x000001b2cbfa77d0 nmethod 12243 0x000001b2b6fe1d90 code [0x000001b2b6fe1f40, 0x000001b2b6fe20f8]
Event: 142.308 Thread 0x000001b2cbfa77d0 12244       3       org.gradle.execution.plan.ExecutionNodeAccessHierarchy::visitValues (14 bytes)
Event: 142.309 Thread 0x000001b2cbfa77d0 nmethod 12244 0x000001b2b6fe2210 code [0x000001b2b6fe2440, 0x000001b2b6fe2bc8]
Event: 142.311 Thread 0x000001b2cbfa77d0 12246       3       org.gradle.api.DefaultTask::getState (5 bytes)
Event: 142.312 Thread 0x000001b2cbfa77d0 nmethod 12246 0x000001b2b698bc90 code [0x000001b2b698be20, 0x000001b2b698bf38]
Event: 142.319 Thread 0x000001b2cbfa77d0 12247       2       com.google.common.collect.ImmutableMap::entryOf (10 bytes)
Event: 142.320 Thread 0x000001b2cbfa77d0 nmethod 12247 0x000001b2b6fe2f10 code [0x000001b2b6fe30c0, 0x000001b2b6fe32e8]
Event: 142.321 Thread 0x000001b2cbfa77d0 12248       2       com.google.common.collect.ImmutableMap$Builder::put (35 bytes)
Event: 142.321 Thread 0x000001b2cbfa77d0 nmethod 12248 0x000001b2b6fe3410 code [0x000001b2b6fe35e0, 0x000001b2b6fe3978]

GC Heap History (20 events):
Event: 102.409 GC heap before
{Heap before GC invocations=62 (full 0):
 garbage-first heap   total 134144K, used 108214K [0x0000000080000000, 0x0000000100000000)
  region size 1024K, 36 young (36864K), 4 survivors (4096K)
 Metaspace       used 87144K, committed 87744K, reserved 1130496K
  class space    used 11809K, committed 12096K, reserved 1048576K
}
Event: 102.543 GC heap after
{Heap after GC invocations=63 (full 0):
 garbage-first heap   total 134144K, used 79226K [0x0000000080000000, 0x0000000100000000)
  region size 1024K, 4 young (4096K), 4 survivors (4096K)
 Metaspace       used 87144K, committed 87744K, reserved 1130496K
  class space    used 11809K, committed 12096K, reserved 1048576K
}
Event: 106.524 GC heap before
{Heap before GC invocations=63 (full 0):
 garbage-first heap   total 134144K, used 108922K [0x0000000080000000, 0x0000000100000000)
  region size 1024K, 33 young (33792K), 4 survivors (4096K)
 Metaspace       used 87229K, committed 87808K, reserved 1130496K
  class space    used 11816K, committed 12096K, reserved 1048576K
}
Event: 106.566 GC heap after
{Heap after GC invocations=64 (full 0):
 garbage-first heap   total 134144K, used 84528K [0x0000000080000000, 0x0000000100000000)
  region size 1024K, 5 young (5120K), 5 survivors (5120K)
 Metaspace       used 87229K, committed 87808K, reserved 1130496K
  class space    used 11816K, committed 12096K, reserved 1048576K
}
Event: 112.165 GC heap before
{Heap before GC invocations=65 (full 0):
 garbage-first heap   total 145408K, used 109104K [0x0000000080000000, 0x0000000100000000)
  region size 1024K, 29 young (29696K), 5 survivors (5120K)
 Metaspace       used 89099K, committed 89792K, reserved 1130496K
  class space    used 12152K, committed 12480K, reserved 1048576K
}
Event: 112.198 GC heap after
{Heap after GC invocations=66 (full 0):
 garbage-first heap   total 145408K, used 88628K [0x0000000080000000, 0x0000000100000000)
  region size 1024K, 4 young (4096K), 4 survivors (4096K)
 Metaspace       used 89099K, committed 89792K, reserved 1130496K
  class space    used 12152K, committed 12480K, reserved 1048576K
}
Event: 113.174 GC heap before
{Heap before GC invocations=66 (full 0):
 garbage-first heap   total 145408K, used 91700K [0x0000000080000000, 0x0000000100000000)
  region size 1024K, 7 young (7168K), 4 survivors (4096K)
 Metaspace       used 89394K, committed 89984K, reserved 1130496K
  class space    used 12209K, committed 12480K, reserved 1048576K
}
Event: 113.201 GC heap after
{Heap after GC invocations=67 (full 0):
 garbage-first heap   total 145408K, used 89171K [0x0000000080000000, 0x0000000100000000)
  region size 1024K, 1 young (1024K), 1 survivors (1024K)
 Metaspace       used 89394K, committed 89984K, reserved 1130496K
  class space    used 12209K, committed 12480K, reserved 1048576K
}
Event: 117.745 GC heap before
{Heap before GC invocations=67 (full 0):
 garbage-first heap   total 145408K, used 117843K [0x0000000080000000, 0x0000000100000000)
  region size 1024K, 29 young (29696K), 1 survivors (1024K)
 Metaspace       used 89636K, committed 90240K, reserved 1130496K
  class space    used 12213K, committed 12480K, reserved 1048576K
}
Event: 117.764 GC heap after
{Heap after GC invocations=68 (full 0):
 garbage-first heap   total 145408K, used 90842K [0x0000000080000000, 0x0000000100000000)
  region size 1024K, 3 young (3072K), 3 survivors (3072K)
 Metaspace       used 89636K, committed 90240K, reserved 1130496K
  class space    used 12213K, committed 12480K, reserved 1048576K
}
Event: 122.399 GC heap before
{Heap before GC invocations=69 (full 0):
 garbage-first heap   total 157696K, used 117466K [0x0000000080000000, 0x0000000100000000)
  region size 1024K, 30 young (30720K), 3 survivors (3072K)
 Metaspace       used 90071K, committed 90752K, reserved 1130496K
  class space    used 12248K, committed 12544K, reserved 1048576K
}
Event: 122.434 GC heap after
{Heap after GC invocations=70 (full 0):
 garbage-first heap   total 157696K, used 92913K [0x0000000080000000, 0x0000000100000000)
  region size 1024K, 4 young (4096K), 4 survivors (4096K)
 Metaspace       used 90071K, committed 90752K, reserved 1130496K
  class space    used 12248K, committed 12544K, reserved 1048576K
}
Event: 123.066 GC heap before
{Heap before GC invocations=70 (full 0):
 garbage-first heap   total 157696K, used 95985K [0x0000000080000000, 0x0000000100000000)
  region size 1024K, 7 young (7168K), 4 survivors (4096K)
 Metaspace       used 90095K, committed 90752K, reserved 1130496K
  class space    used 12248K, committed 12544K, reserved 1048576K
}
Event: 123.095 GC heap after
{Heap after GC invocations=71 (full 0):
 garbage-first heap   total 157696K, used 93099K [0x0000000080000000, 0x0000000100000000)
  region size 1024K, 1 young (1024K), 1 survivors (1024K)
 Metaspace       used 90095K, committed 90752K, reserved 1130496K
  class space    used 12248K, committed 12544K, reserved 1048576K
}
Event: 131.687 GC heap before
{Heap before GC invocations=71 (full 0):
 garbage-first heap   total 157696K, used 127915K [0x0000000080000000, 0x0000000100000000)
  region size 1024K, 36 young (36864K), 1 survivors (1024K)
 Metaspace       used 92865K, committed 93568K, reserved 1130496K
  class space    used 12513K, committed 12864K, reserved 1048576K
}
Event: 131.713 GC heap after
{Heap after GC invocations=72 (full 0):
 garbage-first heap   total 157696K, used 94850K [0x0000000080000000, 0x0000000100000000)
  region size 1024K, 3 young (3072K), 3 survivors (3072K)
 Metaspace       used 92865K, committed 93568K, reserved 1130496K
  class space    used 12513K, committed 12864K, reserved 1048576K
}
Event: 139.913 GC heap before
{Heap before GC invocations=73 (full 0):
 garbage-first heap   total 162816K, used 128642K [0x0000000080000000, 0x0000000100000000)
  region size 1024K, 37 young (37888K), 3 survivors (3072K)
 Metaspace       used 97681K, committed 98368K, reserved 1138688K
  class space    used 13164K, committed 13504K, reserved 1048576K
}
Event: 139.938 GC heap after
{Heap after GC invocations=74 (full 0):
 garbage-first heap   total 162816K, used 96459K [0x0000000080000000, 0x0000000100000000)
  region size 1024K, 4 young (4096K), 4 survivors (4096K)
 Metaspace       used 97681K, committed 98368K, reserved 1138688K
  class space    used 13164K, committed 13504K, reserved 1048576K
}
Event: 140.561 GC heap before
{Heap before GC invocations=74 (full 0):
 garbage-first heap   total 162816K, used 99531K [0x0000000080000000, 0x0000000100000000)
  region size 1024K, 7 young (7168K), 4 survivors (4096K)
 Metaspace       used 97855K, committed 98496K, reserved 1138688K
  class space    used 13178K, committed 13504K, reserved 1048576K
}
Event: 140.584 GC heap after
{Heap after GC invocations=75 (full 0):
 garbage-first heap   total 162816K, used 96656K [0x0000000080000000, 0x0000000100000000)
  region size 1024K, 1 young (1024K), 1 survivors (1024K)
 Metaspace       used 97855K, committed 98496K, reserved 1138688K
  class space    used 13178K, committed 13504K, reserved 1048576K
}

Dll operation events (2 events):
Event: 0.021 Loaded shared library C:\Program Files\Android\Android Studio\jbr\bin\java.dll
Event: 2.473 Loaded shared library C:\Program Files\Android\Android Studio\jbr\bin\verify.dll

Deoptimization events (20 events):
Event: 141.849 Thread 0x000001b2cf3b14e0 Uncommon trap: trap_request=0xffffffde fr.pc=0x000001b2bdaf5b04 relative=0x00000000000002e4
Event: 141.849 Thread 0x000001b2cf3b14e0 Uncommon trap: reason=class_check action=maybe_recompile pc=0x000001b2bdaf5b04 method=com.google.common.collect.Multimaps$CustomListMultimap.createCollection()Ljava/util/List; @ 4 c2
Event: 141.849 Thread 0x000001b2cf3b14e0 DEOPT PACKING pc=0x000001b2bdaf5b04 sp=0x00000048f41fc9e0
Event: 141.849 Thread 0x000001b2cf3b14e0 DEOPT UNPACKING pc=0x000001b2bd0b69a3 sp=0x00000048f41fc938 mode 2
Event: 141.849 Thread 0x000001b2cf3b14e0 Uncommon trap: trap_request=0xffffffde fr.pc=0x000001b2bdaf5b04 relative=0x00000000000002e4
Event: 141.849 Thread 0x000001b2cf3b14e0 Uncommon trap: reason=class_check action=maybe_recompile pc=0x000001b2bdaf5b04 method=com.google.common.collect.Multimaps$CustomListMultimap.createCollection()Ljava/util/List; @ 4 c2
Event: 141.849 Thread 0x000001b2cf3b14e0 DEOPT PACKING pc=0x000001b2bdaf5b04 sp=0x00000048f41fc9a0
Event: 141.849 Thread 0x000001b2cf3b14e0 DEOPT UNPACKING pc=0x000001b2bd0b69a3 sp=0x00000048f41fc8f8 mode 2
Event: 141.850 Thread 0x000001b2cf3b14e0 Uncommon trap: trap_request=0xffffffde fr.pc=0x000001b2bdaf2918 relative=0x00000000000000f8
Event: 141.850 Thread 0x000001b2cf3b14e0 Uncommon trap: reason=class_check action=maybe_recompile pc=0x000001b2bdaf2918 method=com.google.common.collect.AbstractMapBasedMultimap.wrapList(Ljava/lang/Object;Ljava/util/List;Lcom/google/common/collect/AbstractMapBasedMultimap$WrappedCollection;)Ljav
Event: 141.850 Thread 0x000001b2cf3b14e0 DEOPT PACKING pc=0x000001b2bdaf2918 sp=0x00000048f41fc930
Event: 141.850 Thread 0x000001b2cf3b14e0 DEOPT UNPACKING pc=0x000001b2bd0b69a3 sp=0x00000048f41fc8e0 mode 2
Event: 141.878 Thread 0x000001b2cf3b14e0 Uncommon trap: trap_request=0xffffffc6 fr.pc=0x000001b2bd712cf4 relative=0x0000000000000334
Event: 141.878 Thread 0x000001b2cf3b14e0 Uncommon trap: reason=bimorphic_or_optimized_type_check action=maybe_recompile pc=0x000001b2bd712cf4 method=java.util.ArrayList$ArrayListSpliterator.tryAdvance(Ljava/util/function/Consumer;)Z @ 48 c2
Event: 141.878 Thread 0x000001b2cf3b14e0 DEOPT PACKING pc=0x000001b2bd712cf4 sp=0x00000048f41fc920
Event: 141.878 Thread 0x000001b2cf3b14e0 DEOPT UNPACKING pc=0x000001b2bd0b69a3 sp=0x00000048f41fc8b0 mode 2
Event: 142.155 Thread 0x000001b2cf3b14e0 Uncommon trap: trap_request=0xffffff45 fr.pc=0x000001b2bdbad680 relative=0x0000000000001de0
Event: 142.155 Thread 0x000001b2cf3b14e0 Uncommon trap: reason=unstable_if action=reinterpret pc=0x000001b2bdbad680 method=org.gradle.internal.snapshot.impl.AbstractValueProcessor.processValue(Ljava/lang/Object;Lorg/gradle/internal/snapshot/impl/AbstractValueProcessor$ValueVisitor;)Ljava/lang/Ob
Event: 142.155 Thread 0x000001b2cf3b14e0 DEOPT PACKING pc=0x000001b2bdbad680 sp=0x00000048f41fa870
Event: 142.155 Thread 0x000001b2cf3b14e0 DEOPT UNPACKING pc=0x000001b2bd0b69a3 sp=0x00000048f41fa850 mode 2

Classes unloaded (0 events):
No events

Classes redefined (0 events):
No events

Internal exceptions (20 events):
Event: 109.746 Thread 0x000001b2cf3b4ea0 Exception <a 'java/lang/NoSuchMethodError'{0x0000000087e80e30}: 'void java.lang.invoke.DirectMethodHandle$Holder.invokeSpecial(java.lang.Object, java.lang.Object, java.lang.Object, int)'> (0x0000000087e80e30) 
thrown [s\src\hotspot\share\interpreter\linkResolver.cpp, line 771]
Event: 112.309 Thread 0x000001b2cf3b79f0 Exception <a 'java/lang/NoSuchMethodError'{0x0000000088ddb390}: 'void java.lang.invoke.DirectMethodHandle$Holder.invokeStatic(java.lang.Object, java.lang.Object, java.lang.Object, java.lang.Object, int, java.lang.Object, java.lang.Object)'> (0x0000000088ddb390) 
thrown [s\src\hotspot\share\interpreter\linkResolver.cpp, line 771]
Event: 112.470 Thread 0x000001b2cf89b3a0 Exception <a 'java/lang/NoSuchMethodError'{0x0000000088cdab98}: 'java.lang.Object java.lang.invoke.DirectMethodHandle$Holder.invokeSpecialIFC(java.lang.Object, java.lang.Object, java.lang.Object)'> (0x0000000088cdab98) 
thrown [s\src\hotspot\share\interpreter\linkResolver.cpp, line 771]
Event: 126.656 Thread 0x000001b2cf3b79f0 Exception <a 'java/lang/NoSuchMethodError'{0x000000008822c608}: 'void java.lang.invoke.DirectMethodHandle$Holder.invokeVirtual(java.lang.Object, java.lang.Object)'> (0x000000008822c608) 
thrown [s\src\hotspot\share\interpreter\linkResolver.cpp, line 771]
Event: 127.061 Thread 0x000001b2cf3b79f0 Exception <a 'sun/nio/fs/WindowsException'{0x0000000088041508}> (0x0000000088041508) 
thrown [s\src\hotspot\share\prims\jni.cpp, line 517]
Event: 127.061 Thread 0x000001b2cf3b79f0 Exception <a 'sun/nio/fs/WindowsException'{0x0000000088041918}> (0x0000000088041918) 
thrown [s\src\hotspot\share\prims\jni.cpp, line 517]
Event: 127.094 Thread 0x000001b2cf3b79f0 Exception <a 'sun/nio/fs/WindowsException'{0x0000000088043da0}> (0x0000000088043da0) 
thrown [s\src\hotspot\share\prims\jni.cpp, line 517]
Event: 127.094 Thread 0x000001b2cf3b79f0 Exception <a 'sun/nio/fs/WindowsException'{0x0000000088044100}> (0x0000000088044100) 
thrown [s\src\hotspot\share\prims\jni.cpp, line 517]
Event: 127.125 Thread 0x000001b2cf3b79f0 Exception <a 'sun/nio/fs/WindowsException'{0x0000000088046558}> (0x0000000088046558) 
thrown [s\src\hotspot\share\prims\jni.cpp, line 517]
Event: 127.125 Thread 0x000001b2cf3b79f0 Exception <a 'sun/nio/fs/WindowsException'{0x0000000088046878}> (0x0000000088046878) 
thrown [s\src\hotspot\share\prims\jni.cpp, line 517]
Event: 132.894 Thread 0x000001b2cf3b79f0 Implicit null exception at 0x000001b2bd9985f2 to 0x000001b2bd998ce8
Event: 134.790 Thread 0x000001b2ce2474a0 Exception <a 'java/lang/NoSuchMethodError'{0x00000000898e4100}: static [Ljava/lang/Object;.<clinit>()V> (0x00000000898e4100) 
thrown [s\src\hotspot\share\prims\jni.cpp, line 1108]
Event: 134.978 Thread 0x000001b2cf3b79f0 Exception <a 'sun/nio/fs/WindowsException'{0x0000000089702e78}> (0x0000000089702e78) 
thrown [s\src\hotspot\share\prims\jni.cpp, line 517]
Event: 134.978 Thread 0x000001b2cf3b79f0 Exception <a 'sun/nio/fs/WindowsException'{0x00000000897031d8}> (0x00000000897031d8) 
thrown [s\src\hotspot\share\prims\jni.cpp, line 517]
Event: 135.320 Thread 0x000001b2cf3b79f0 Exception <a 'sun/nio/fs/WindowsException'{0x0000000089705670}> (0x0000000089705670) 
thrown [s\src\hotspot\share\prims\jni.cpp, line 517]
Event: 135.321 Thread 0x000001b2cf3b79f0 Exception <a 'sun/nio/fs/WindowsException'{0x00000000897059d0}> (0x00000000897059d0) 
thrown [s\src\hotspot\share\prims\jni.cpp, line 517]
Event: 141.949 Thread 0x000001b2cf3b14e0 Exception <a 'sun/nio/fs/WindowsException'{0x000000008979d2c8}> (0x000000008979d2c8) 
thrown [s\src\hotspot\share\prims\jni.cpp, line 517]
Event: 141.950 Thread 0x000001b2cf3b14e0 Exception <a 'sun/nio/fs/WindowsException'{0x000000008979d638}> (0x000000008979d638) 
thrown [s\src\hotspot\share\prims\jni.cpp, line 517]
Event: 141.970 Thread 0x000001b2cf3b14e0 Exception <a 'sun/nio/fs/WindowsException'{0x000000008979f7d0}> (0x000000008979f7d0) 
thrown [s\src\hotspot\share\prims\jni.cpp, line 517]
Event: 141.971 Thread 0x000001b2cf3b14e0 Exception <a 'sun/nio/fs/WindowsException'{0x000000008979fb48}> (0x000000008979fb48) 
thrown [s\src\hotspot\share\prims\jni.cpp, line 517]

VM Operations (20 events):
Event: 134.690 Executing VM operation: HandshakeAllThreads done
Event: 134.759 Executing VM operation: HandshakeAllThreads
Event: 134.764 Executing VM operation: HandshakeAllThreads done
Event: 135.768 Executing VM operation: Cleanup
Event: 135.768 Executing VM operation: Cleanup done
Event: 136.780 Executing VM operation: Cleanup
Event: 136.828 Executing VM operation: Cleanup done
Event: 137.836 Executing VM operation: Cleanup
Event: 137.836 Executing VM operation: Cleanup done
Event: 138.848 Executing VM operation: Cleanup
Event: 138.944 Executing VM operation: Cleanup done
Event: 139.913 Executing VM operation: G1CollectForAllocation
Event: 139.938 Executing VM operation: G1CollectForAllocation done
Event: 140.560 Executing VM operation: G1CollectForAllocation
Event: 140.584 Executing VM operation: G1CollectForAllocation done
Event: 141.594 Executing VM operation: Cleanup
Event: 141.595 Executing VM operation: Cleanup done
Event: 141.715 Executing VM operation: HandshakeAllThreads
Event: 141.715 Executing VM operation: HandshakeAllThreads done
Event: 142.325 Executing VM operation: HandshakeAllThreads

Events (20 events):
Event: 133.348 loading class java/util/TreeMap$NavigableSubMap$EntrySetView
Event: 133.348 loading class java/util/TreeMap$NavigableSubMap$EntrySetView done
Event: 133.348 loading class java/util/TreeMap$DescendingSubMap$DescendingEntrySetView done
Event: 133.348 loading class java/util/TreeMap$NavigableSubMap$DescendingSubMapEntryIterator
Event: 133.348 loading class java/util/TreeMap$NavigableSubMap$SubMapIterator
Event: 133.348 loading class java/util/TreeMap$NavigableSubMap$SubMapIterator done
Event: 133.348 loading class java/util/TreeMap$NavigableSubMap$DescendingSubMapEntryIterator done
Event: 139.875 loading class java/util/ArrayList$SubList$1
Event: 139.877 loading class java/util/ArrayList$SubList$1 done
Event: 141.724 Thread 0x000001b2cc98c6a0 flushing nmethod 0x000001b2b5cceb10
Event: 141.726 Thread 0x000001b2cc98c6a0 flushing nmethod 0x000001b2b5e0d990
Event: 141.728 Thread 0x000001b2cc98c6a0 flushing nmethod 0x000001b2b5fa7810
Event: 141.729 Thread 0x000001b2cc98c6a0 flushing nmethod 0x000001b2b600d910
Event: 141.734 Thread 0x000001b2cc98c6a0 flushing nmethod 0x000001b2b63bf810
Event: 141.740 Thread 0x000001b2cc98c6a0 flushing nmethod 0x000001b2b6864690
Event: 141.742 Thread 0x000001b2cc98c6a0 flushing nmethod 0x000001b2b698bc90
Event: 141.742 Thread 0x000001b2cc98c6a0 flushing nmethod 0x000001b2b69d0890
Event: 141.742 Thread 0x000001b2cc98c6a0 flushing nmethod 0x000001b2b69d3410
Event: 141.742 Thread 0x000001b2cc98c6a0 flushing nmethod 0x000001b2b69db290
Event: 142.162 Thread 0x000001b2cfdaf0d0 Thread added: 0x000001b2cfdaf0d0


Dynamic libraries:
0x00007ff75b890000 - 0x00007ff75b89a000 	C:\Program Files\Android\Android Studio\jbr\bin\java.exe
0x00007fffc0950000 - 0x00007fffc0b46000 	C:\Windows\SYSTEM32\ntdll.dll
0x00007fffbeae0000 - 0x00007fffbeb9d000 	C:\Windows\System32\KERNEL32.DLL
0x00007fffbe580000 - 0x00007fffbe849000 	C:\Windows\System32\KERNELBASE.dll
0x00007fffadba0000 - 0x00007fffadbb7000 	C:\Program Files\Android\Android Studio\jbr\bin\jli.dll
0x00007fffbe850000 - 0x00007fffbe950000 	C:\Windows\System32\ucrtbase.dll
0x00007fffbf9c0000 - 0x00007fffbfb60000 	C:\Windows\System32\USER32.dll
0x00007fffbe4b0000 - 0x00007fffbe4d2000 	C:\Windows\System32\win32u.dll
0x00007fffbeaa0000 - 0x00007fffbeaca000 	C:\Windows\System32\GDI32.dll
0x00007fffbe110000 - 0x00007fffbe219000 	C:\Windows\System32\gdi32full.dll
0x00007fffbe4e0000 - 0x00007fffbe57d000 	C:\Windows\System32\msvcp_win.dll
0x00007fffaec30000 - 0x00007fffaeecb000 	C:\Windows\WinSxS\amd64_microsoft.windows.common-controls_6595b64144ccf1df_6.0.19041.488_none_ca04af081b815d21\COMCTL32.dll
0x00007fffaafd0000 - 0x00007fffaafeb000 	C:\Program Files\Android\Android Studio\jbr\bin\VCRUNTIME140.dll
0x00007fffbfbc0000 - 0x00007fffbfc5e000 	C:\Windows\System32\msvcrt.dll
0x00007fffc0060000 - 0x00007fffc0090000 	C:\Windows\System32\IMM32.DLL
0x00007fffaafc0000 - 0x00007fffaafcc000 	C:\Program Files\Android\Android Studio\jbr\bin\vcruntime140_1.dll
0x00007fff980f0000 - 0x00007fff9817d000 	C:\Program Files\Android\Android Studio\jbr\bin\msvcp140.dll
0x00007fff80140000 - 0x00007fff80dad000 	C:\Program Files\Android\Android Studio\jbr\bin\server\jvm.dll
0x00007fffbeba0000 - 0x00007fffbec4c000 	C:\Windows\System32\ADVAPI32.dll
0x00007fffbffc0000 - 0x00007fffc005c000 	C:\Windows\System32\sechost.dll
0x00007fffc01b0000 - 0x00007fffc02db000 	C:\Windows\System32\RPCRT4.dll
0x00007fffb6c40000 - 0x00007fffb6c49000 	C:\Windows\SYSTEM32\WSOCK32.dll
0x00007fffbf830000 - 0x00007fffbf89b000 	C:\Windows\System32\WS2_32.dll
0x00007fffb5920000 - 0x00007fffb5947000 	C:\Windows\SYSTEM32\WINMM.dll
0x00007fffb5950000 - 0x00007fffb595a000 	C:\Windows\SYSTEM32\VERSION.dll
0x00007fffbbe60000 - 0x00007fffbbe72000 	C:\Windows\SYSTEM32\kernel.appcore.dll
0x00007fffb3d50000 - 0x00007fffb3d5a000 	C:\Program Files\Android\Android Studio\jbr\bin\jimage.dll
0x00007fffaacf0000 - 0x00007fffaaed4000 	C:\Windows\SYSTEM32\DBGHELP.DLL
0x00007fffaa520000 - 0x00007fffaa54c000 	C:\Windows\SYSTEM32\dbgcore.DLL
0x00007fffbe430000 - 0x00007fffbe4b0000 	C:\Windows\System32\bcryptPrimitives.dll
0x00007fffb05e0000 - 0x00007fffb0605000 	C:\Program Files\Android\Android Studio\jbr\bin\java.dll
0x00007fffaeee0000 - 0x00007fffaeef8000 	C:\Program Files\Android\Android Studio\jbr\bin\zip.dll
0x00007fffbf0e0000 - 0x00007fffbf822000 	C:\Windows\System32\SHELL32.dll
0x00007fffbc170000 - 0x00007fffbc905000 	C:\Windows\SYSTEM32\windows.storage.dll
0x00007fffbfc60000 - 0x00007fffbffb6000 	C:\Windows\System32\combase.dll
0x00007fffbd930000 - 0x00007fffbd95c000 	C:\Windows\SYSTEM32\Wldp.dll
0x00007fffbf910000 - 0x00007fffbf9be000 	C:\Windows\System32\SHCORE.dll
0x00007fffc0710000 - 0x00007fffc0765000 	C:\Windows\System32\shlwapi.dll
0x00007fffbdf90000 - 0x00007fffbdfb6000 	C:\Windows\SYSTEM32\profapi.dll
0x00007fffaec10000 - 0x00007fffaec29000 	C:\Program Files\Android\Android Studio\jbr\bin\net.dll
0x00007fffb2f90000 - 0x00007fffb3090000 	C:\Windows\SYSTEM32\WINHTTP.dll
0x00007fffbd720000 - 0x00007fffbd78a000 	C:\Windows\system32\mswsock.dll
0x00007fffae800000 - 0x00007fffae816000 	C:\Program Files\Android\Android Studio\jbr\bin\nio.dll
0x00007fffaebd0000 - 0x00007fffaebe0000 	C:\Program Files\Android\Android Studio\jbr\bin\verify.dll
0x00007fffa5e10000 - 0x00007fffa5e37000 	C:\Users\Dmitry\.gradle\native\68d5fa5c4cc2d200863cafc0d521ce42e7d3e7ee720ec0a83991735586a16f82\windows-amd64\native-platform.dll
0x00007fff89590000 - 0x00007fff896d4000 	C:\Users\Dmitry\.gradle\native\e376f236ea51e6404a007f0833ffe2c6e607c4080706a723a18a27aeea778392\windows-amd64\native-platform-file-events.dll
0x00007fffb05d0000 - 0x00007fffb05d9000 	C:\Program Files\Android\Android Studio\jbr\bin\management.dll
0x00007fffb05b0000 - 0x00007fffb05bb000 	C:\Program Files\Android\Android Studio\jbr\bin\management_ext.dll
0x00007fffbead0000 - 0x00007fffbead8000 	C:\Windows\System32\PSAPI.DLL
0x00007fffbd970000 - 0x00007fffbd988000 	C:\Windows\SYSTEM32\CRYPTSP.dll
0x00007fffbd0d0000 - 0x00007fffbd104000 	C:\Windows\system32\rsaenh.dll
0x00007fffbe950000 - 0x00007fffbe977000 	C:\Windows\System32\bcrypt.dll
0x00007fffbdf50000 - 0x00007fffbdf7e000 	C:\Windows\SYSTEM32\USERENV.dll
0x00007fffbd8a0000 - 0x00007fffbd8ac000 	C:\Windows\SYSTEM32\CRYPTBASE.dll
0x00007fffbd430000 - 0x00007fffbd46b000 	C:\Windows\SYSTEM32\IPHLPAPI.DLL
0x00007fffbe980000 - 0x00007fffbe988000 	C:\Windows\System32\NSI.dll
0x00007fffb3fc0000 - 0x00007fffb3fd7000 	C:\Windows\SYSTEM32\dhcpcsvc6.DLL
0x00007fffb3fa0000 - 0x00007fffb3fbd000 	C:\Windows\SYSTEM32\dhcpcsvc.DLL
0x00007fffbd470000 - 0x00007fffbd53b000 	C:\Windows\SYSTEM32\DNSAPI.dll
0x00007fffaeb90000 - 0x00007fffaeb97000 	C:\Windows\system32\wshunix.dll
0x00007fffa5d90000 - 0x00007fffa5da7000 	C:\Windows\system32\napinsp.dll
0x00007fffa55d0000 - 0x00007fffa55eb000 	C:\Windows\system32\pnrpnsp.dll
0x00007fffb8770000 - 0x00007fffb8785000 	C:\Windows\system32\wshbth.dll
0x00007fffb9a80000 - 0x00007fffb9a9d000 	C:\Windows\system32\NLAapi.dll
0x00007fff868a0000 - 0x00007fff868b2000 	C:\Windows\System32\winrnr.dll
0x00007fffaf360000 - 0x00007fffaf36a000 	C:\Windows\System32\rasadhlp.dll
0x00007fffaf490000 - 0x00007fffaf50f000 	C:\Windows\System32\fwpuclnt.dll

dbghelp: loaded successfully - version: 4.0.5 - missing functions: none
symbol engine: initialized successfully - sym options: 0x614 - pdb path: .;C:\Program Files\Android\Android Studio\jbr\bin;C:\Windows\SYSTEM32;C:\Windows\WinSxS\amd64_microsoft.windows.common-controls_6595b64144ccf1df_6.0.19041.488_none_ca04af081b815d21;C:\Program Files\Android\Android Studio\jbr\bin\server;C:\Users\Dmitry\.gradle\native\68d5fa5c4cc2d200863cafc0d521ce42e7d3e7ee720ec0a83991735586a16f82\windows-amd64;C:\Users\Dmitry\.gradle\native\e376f236ea51e6404a007f0833ffe2c6e607c4080706a723a18a27aeea778392\windows-amd64

VM Arguments:
jvm_args: --add-opens=java.base/java.util=ALL-UNNAMED --add-opens=java.base/java.lang=ALL-UNNAMED --add-opens=java.base/java.lang.invoke=ALL-UNNAMED --add-opens=java.prefs/java.util.prefs=ALL-UNNAMED --add-opens=java.base/java.nio.charset=ALL-UNNAMED --add-opens=java.base/java.net=ALL-UNNAMED --add-opens=java.base/java.util.concurrent.atomic=ALL-UNNAMED -Xmx2048m -Dfile.encoding=UTF-8 -Duser.country=RU -Duser.language=ru -Duser.variant 
java_command: org.gradle.launcher.daemon.bootstrap.GradleDaemon 8.0
java_class_path (initial): C:\Users\Dmitry\.gradle\wrapper\dists\gradle-8.0-bin\ca5e32bp14vu59qr306oxotwh\gradle-8.0\lib\gradle-launcher-8.0.jar
Launcher Type: SUN_STANDARD

[Global flags]
     intx CICompilerCount                          = 2                                         {product} {ergonomic}
     uint ConcGCThreads                            = 1                                         {product} {ergonomic}
     uint G1ConcRefinementThreads                  = 2                                         {product} {ergonomic}
   size_t G1HeapRegionSize                         = 1048576                                   {product} {ergonomic}
    uintx GCDrainStackTargetSize                   = 64                                        {product} {ergonomic}
   size_t InitialHeapSize                          = 117440512                                 {product} {ergonomic}
   size_t MarkStackSize                            = 4194304                                   {product} {ergonomic}
   size_t MaxHeapSize                              = 2147483648                                {product} {command line}
   size_t MaxNewSize                               = 1287651328                                {product} {ergonomic}
   size_t MinHeapDeltaBytes                        = 1048576                                   {product} {ergonomic}
   size_t MinHeapSize                              = 8388608                                   {product} {ergonomic}
    uintx NonNMethodCodeHeapSize                   = 5826188                                {pd product} {ergonomic}
    uintx NonProfiledCodeHeapSize                  = 122916026                              {pd product} {ergonomic}
    uintx ProfiledCodeHeapSize                     = 122916026                              {pd product} {ergonomic}
    uintx ReservedCodeCacheSize                    = 251658240                              {pd product} {ergonomic}
     bool SegmentedCodeCache                       = true                                      {product} {ergonomic}
   size_t SoftMaxHeapSize                          = 2147483648                             {manageable} {ergonomic}
     bool UseCompressedClassPointers               = true                           {product lp64_product} {ergonomic}
     bool UseCompressedOops                        = true                           {product lp64_product} {ergonomic}
     bool UseG1GC                                  = true                                      {product} {ergonomic}
     bool UseLargePagesIndividualAllocation        = false                                  {pd product} {ergonomic}

Logging:
Log output configuration:
 #0: stdout all=warning uptime,level,tags
 #1: stderr all=off uptime,level,tags

Environment Variables:
PATH=C:\ProgramData\Oracle\Java\javapath;C:\Program Files\Common Files\Oracle\Java\javapath;C:\Windows\system32;C:\Windows;C:\Windows\System32\Wbem;C:\Windows\System32\WindowsPowerShell\v1.0\;C:\Program Files\Git\cmd;D:\mingv\bin;C:\Program Files\dotnet\;C:\Program Files (x86)\dotnet\;C:\Program Files\Microsoft SQL Server\150\Tools\Binn\;C:\Program Files (x86)\Microsoft SQL Server\100\Tools\Binn\;C:\Program Files\Microsoft SQL Server\100\Tools\Binn\;C:\Program Files\Microsoft SQL Server\100\DTS\Binn\;D:\nodejs\;D:\arc labs\toolchain\make-3.81\bin;;C:\Program Files\Docker\Docker\resources\bin;C:\Users\Dmitry\AppData\Local\Microsoft\WindowsApps;D:\java\IntelliJ IDEA 2021.3.1\bin;;D:\VSCode\Microsoft VS Code\bin;C:\ghcup\bin;C:\Users\Dmitry\.dotnet\tools;C:\Users\Dmitry\AppData\Roaming\npm;D:\arc labs\toolchain;
USERNAME=Dmitry
OS=Windows_NT
PROCESSOR_IDENTIFIER=AMD64 Family 21 Model 112 Stepping 0, AuthenticAMD
TMP=C:\Temp
TEMP=C:\Temp



---------------  S Y S T E M  ---------------

OS:
 Windows 10 , 64 bit Build 19041 (10.0.19041.662)
OS uptime: 3 days 2:27 hours
Hyper-V role detected

CPU: total 2 (initial active 2) (2 cores per cpu, 1 threads per core) family 21 model 112 stepping 0 microcode 0x0, cx8, cmov, fxsr, mmx, 3dnowpref, sse, sse2, sse3, ssse3, sse4a, sse4.1, sse4.2, popcnt, lzcnt, tsc, tscinvbit, avx, avx2, aes, clmul, bmi1, bmi2, fma, vzeroupper, clflush, hv

Memory: 4k page, system-wide physical 7055M (182M free)
TotalPageFile size 12161M (AvailPageFile size 19M)
current process WorkingSet (physical memory assigned to process): 395M, peak: 396M
current process commit charge ("private bytes"): 418M, peak: 419M

vm_info: OpenJDK 64-Bit Server VM (17.0.6+0-b2043.56-9586694) for windows-amd64 JRE (17.0.6+0-b2043.56-9586694), built on Feb  9 2023 20:06:20 by "androidbuild" with MS VC++ 16.10 / 16.11 (VS2019)

END.
